2024-03-20 17:25:02,330 [ERROR] LogOutputStream:75 - [STDERR_REDIRECT] 
2024-03-20 17:32:07,131 [INFO] Activator:176 - 


2024-03-20 17:32:07,135 [INFO] Activator:177 - !SESSION log4j initialized
2024-03-20 17:32:30,672 [INFO] LogOutputStream:77 - [STDOUT_REDIRECT] 
2024-03-20 17:32:48,143 [INFO] ApplicationProperties:184 - Using Application install path: C:\ST\STM32CubeIDE_1.14.0\STM32CubeIDE\plugins\com.st.stm32cube.common.mx_6.10.0.202311202037
2024-03-20 17:32:48,246 [INFO] DbMcusXml:78 - Set database path to: C:\ST\STM32CubeIDE_1.14.0\STM32CubeIDE\plugins\com.st.stm32cube.common.mx_6.10.0.202311202037\\db\/mcu/
2024-03-20 17:32:48,247 [INFO] ApiDb:274 - Set plugin database path to: C:\ST\STM32CubeIDE_1.14.0\STM32CubeIDE\plugins\com.st.stm32cube.common.mx_6.10.0.202311202037\\db\/plugins/boardmanager/
2024-03-20 17:32:48,249 [WARN] ApiDb:259 - Overriding images path with different value:  => C:\ST\STM32CubeIDE_1.14.0\STM32CubeIDE\plugins\com.st.stm32cube.common.mx_6.10.0.202311202037\\db\/plugins/mcufinder/images/
2024-03-20 17:32:48,307 [INFO] ApiDb:250 - Set database path to: C:\Users\pyrga\.stmcufinder\plugins\mcufinder//mcu/
2024-03-20 17:32:48,311 [INFO] DbMcusAds:125 - Set database path to: C:\Users\pyrga\.stmcufinder\plugins\mcufinder//mcu/
2024-03-20 17:32:48,328 [INFO] CrossReferenceDbSqlite:203 - Set database path to: C:\Users\pyrga\.stmcufinder\plugins\mcufinder//mcu/cs/
2024-03-20 17:32:49,030 [INFO] RulesReader:64 - Compatibility file has been processed (297 Rules)
2024-03-20 17:32:49,581 [INFO] DbMcusXml:78 - Set database path to: C:\ST\STM32CubeIDE_1.14.0\STM32CubeIDE\plugins\com.st.stm32cube.common.mx_6.10.0.202311202037\\db\/mcu/
2024-03-20 17:32:49,582 [INFO] ApiDb:274 - Set plugin database path to: C:\ST\STM32CubeIDE_1.14.0\STM32CubeIDE\plugins\com.st.stm32cube.common.mx_6.10.0.202311202037\\db\/plugins/boardmanager/
2024-03-20 17:32:49,582 [INFO] ApiDb:261 - Set plugin images path to: C:\ST\STM32CubeIDE_1.14.0\STM32CubeIDE\plugins\com.st.stm32cube.common.mx_6.10.0.202311202037\\db\/plugins/mcufinder/images/
2024-03-20 17:32:49,584 [WARN] DbFile:41 - Overriding database path with different value: C:\Users\pyrga\.stmcufinder\plugins\mcufinder/ => C:\Users\pyrga\.stmcufinder\plugins\mcufinder
2024-03-20 17:32:49,585 [INFO] ApiDb:250 - Set database path to: C:\Users\pyrga\.stmcufinder\plugins\mcufinder//mcu/
2024-03-20 17:32:49,585 [WARN] DbFile:41 - Overriding database path with different value: C:\Users\pyrga\.stmcufinder\plugins\mcufinder/ => C:\Users\pyrga\.stmcufinder\plugins\mcufinder
2024-03-20 17:32:49,588 [INFO] DbMcusAds:125 - Set database path to: C:\Users\pyrga\.stmcufinder\plugins\mcufinder//mcu/
2024-03-20 17:32:49,589 [WARN] DbFile:41 - Overriding database path with different value: C:\Users\pyrga\.stmcufinder\plugins\mcufinder/ => C:\Users\pyrga\.stmcufinder\plugins\mcufinder
2024-03-20 17:32:49,590 [WARN] DbFile:41 - Overriding database path with different value: C:\Users\pyrga\.stmcufinder\plugins\mcufinder/ => C:\Users\pyrga\.stmcufinder\plugins\mcufinder
2024-03-20 17:32:49,590 [INFO] CrossReferenceDbSqlite:203 - Set database path to: C:\Users\pyrga\.stmcufinder\plugins\mcufinder//mcu/cs/
2024-03-20 17:32:50,001 [INFO] MainPanel:264 - HeapMemory: 268435456
2024-03-20 17:32:50,522 [INFO] DbMcusXml:78 - Set database path to: C:\ST\STM32CubeIDE_1.14.0\STM32CubeIDE\plugins\com.st.stm32cube.common.mx_6.10.0.202311202037\\db\/mcu/
2024-03-20 17:32:50,523 [INFO] ApiDb:274 - Set plugin database path to: C:\ST\STM32CubeIDE_1.14.0\STM32CubeIDE\plugins\com.st.stm32cube.common.mx_6.10.0.202311202037\\db\/plugins/boardmanager/
2024-03-20 17:32:50,523 [INFO] ApiDb:261 - Set plugin images path to: C:\ST\STM32CubeIDE_1.14.0\STM32CubeIDE\plugins\com.st.stm32cube.common.mx_6.10.0.202311202037\\db\/plugins/mcufinder/images/
2024-03-20 17:32:50,525 [WARN] DbFile:41 - Overriding database path with different value: C:\Users\pyrga\.stmcufinder\plugins\mcufinder/ => C:\Users\pyrga\.stmcufinder\plugins\mcufinder
2024-03-20 17:32:50,526 [INFO] ApiDb:250 - Set database path to: C:\Users\pyrga\.stmcufinder\plugins\mcufinder//mcu/
2024-03-20 17:32:50,527 [WARN] DbFile:41 - Overriding database path with different value: C:\Users\pyrga\.stmcufinder\plugins\mcufinder/ => C:\Users\pyrga\.stmcufinder\plugins\mcufinder
2024-03-20 17:32:50,527 [INFO] DbMcusAds:125 - Set database path to: C:\Users\pyrga\.stmcufinder\plugins\mcufinder//mcu/
2024-03-20 17:32:50,527 [WARN] DbFile:41 - Overriding database path with different value: C:\Users\pyrga\.stmcufinder\plugins\mcufinder/ => C:\Users\pyrga\.stmcufinder\plugins\mcufinder
2024-03-20 17:32:50,527 [WARN] DbFile:41 - Overriding database path with different value: C:\Users\pyrga\.stmcufinder\plugins\mcufinder/ => C:\Users\pyrga\.stmcufinder\plugins\mcufinder
2024-03-20 17:32:50,527 [INFO] CrossReferenceDbSqlite:203 - Set database path to: C:\Users\pyrga\.stmcufinder\plugins\mcufinder//mcu/cs/
2024-03-20 17:32:50,601 [INFO] ApplicationProperties:184 - Using Application install path: C:\ST\STM32CubeIDE_1.14.0\STM32CubeIDE\plugins\com.st.stm32cube.common.mx_6.10.0.202311202037
2024-03-20 17:32:50,609 [INFO] PluginManage:196 - Search for loadable plugins [exclusion list=, ]
2024-03-20 17:32:50,615 [INFO] PluginManage:310 - Check plugin analytics
2024-03-20 17:32:56,132 [INFO] AnalyticsPlugin:253 - Accepted Software Licenses: 
2024-03-20 17:32:56,132 [INFO] AnalyticsPlugin:255 - Accepted CMSIS Pack Licenses: 
2024-03-20 17:32:56,133 [INFO] AnalyticsPlugin:257 - Accepted Firmware Licenses: 
2024-03-20 17:32:56,137 [INFO] PluginManage:359 - Loaded plugin analytics (category:tool,tabindex:-1)
2024-03-20 17:32:56,138 [INFO] PluginManage:310 - Check plugin cadmodel
2024-03-20 17:32:56,157 [INFO] CADModel:105 - Init CAD model plugin
2024-03-20 17:32:56,157 [INFO] PluginManage:359 - Loaded plugin cadmodel (category:power,tabindex:5)
2024-03-20 17:32:56,158 [INFO] PluginManage:310 - Check plugin clock
2024-03-20 17:32:56,184 [INFO] PluginManage:359 - Loaded plugin clock (category:base,tabindex:2)
2024-03-20 17:32:56,184 [INFO] PluginManage:310 - Check plugin ddr
2024-03-20 17:32:56,188 [INFO] PluginManage:359 - Loaded plugin ddr (category:tool,tabindex:6)
2024-03-20 17:32:56,189 [INFO] PluginManage:310 - Check plugin filemanager
2024-03-20 17:32:56,377 [INFO] PluginManage:359 - Loaded plugin filemanager (category:base,tabindex:10)
2024-03-20 17:32:56,377 [INFO] PluginManage:310 - Check plugin ipmanager
2024-03-20 17:32:56,387 [INFO] PluginManage:359 - Loaded plugin ipmanager (category:base,tabindex:5)
2024-03-20 17:32:56,387 [INFO] PluginManage:310 - Check plugin lpbam
2024-03-20 17:32:56,410 [INFO] PluginManage:359 - Loaded plugin lpbam (category:base,tabindex:0)
2024-03-20 17:32:56,410 [INFO] PluginManage:310 - Check plugin memorymap
2024-03-20 17:32:56,442 [INFO] PluginManage:359 - Loaded plugin memorymap (category:base,tabindex:4)
2024-03-20 17:32:56,442 [INFO] PluginManage:310 - Check plugin pinoutandconfiguration
2024-03-20 17:32:56,464 [INFO] PluginManage:359 - Loaded plugin pinoutandconfiguration (category:base,tabindex:1)
2024-03-20 17:32:56,464 [INFO] PluginManage:310 - Check plugin pinoutconfig
2024-03-20 17:32:56,597 [WARN] SupportedApi:132 - Cannot load RTOS API schema: s4s-elt-must-match.1: The content of 'definitions' must match (annotation?, (simpleType | complexType)?, (unique | key | keyref)*)). A problem was found starting at: attribute.
2024-03-20 17:32:56,790 [INFO] PluginManage:359 - Loaded plugin pinoutconfig (category:base,tabindex:0)
2024-03-20 17:32:56,790 [INFO] PluginManage:310 - Check plugin power
2024-03-20 17:32:56,813 [INFO] PluginManage:359 - Loaded plugin power (category:power,tabindex:4)
2024-03-20 17:32:56,813 [INFO] PluginManage:310 - Check plugin projectmanager
2024-03-20 17:32:56,831 [INFO] PluginManage:359 - Loaded plugin projectmanager (category:projectmanager,tabindex:3)
2024-03-20 17:32:56,832 [INFO] PluginManage:310 - Check plugin thirdparty
2024-03-20 17:32:57,164 [INFO] PluginManage:359 - Loaded plugin thirdparty (category:base,tabindex:-1)
2024-03-20 17:32:57,164 [WARN] IntegrityCheckThread:84 - waiting for thirdparty lock release [integrity check]
2024-03-20 17:32:57,164 [INFO] PluginManage:310 - Check plugin tools
2024-03-20 17:32:57,164 [INFO] IntegrityCheckThread:86 - entering critical section [integrity check]
2024-03-20 17:32:57,166 [INFO] ThirdPartyUpdaterWithRetryManager:70 - Updater plugin not ready yet. [1/15]
2024-03-20 17:32:57,200 [INFO] PluginManage:359 - Loaded plugin tools (category:base,tabindex:7)
2024-03-20 17:32:57,200 [INFO] PluginManage:310 - Check plugin tutovideos
2024-03-20 17:32:57,449 [INFO] PluginManage:359 - Loaded plugin tutovideos (category:base,tabindex:-1)
2024-03-20 17:32:57,449 [INFO] PluginManage:310 - Check plugin updater
2024-03-20 17:32:57,467 [INFO] PluginManage:359 - Loaded plugin updater (category:base,tabindex:12)
2024-03-20 17:32:57,467 [INFO] PluginManage:310 - Check plugin userauth
2024-03-20 17:32:57,475 [INFO] UserAuth:114 - Init User Auth plugin
2024-03-20 17:32:57,476 [INFO] PluginManage:359 - Loaded plugin userauth (category:base,tabindex:14)
2024-03-20 17:32:57,477 [INFO] PluginManage:283 - PluginManage : Loaded plugins [17]
2024-03-20 17:32:57,768 [INFO] PinOutPanel:1499 - setPackage(No Configuration,No Configuration)
2024-03-20 17:32:57,873 [INFO] CADModel:165 - CPN selected for project level
2024-03-20 17:32:57,873 [INFO] CADModel:114 - Register for checkConnection events
2024-03-20 17:32:57,905 [INFO] IPUIPlugin:80 - create IPUIPlugin
2024-03-20 17:32:57,905 [INFO] PluginManager:220 - loadIPPluginJar : add adc
2024-03-20 17:32:57,941 [INFO] IPUIPlugin:80 - create IPUIPlugin
2024-03-20 17:32:57,941 [INFO] PluginManager:220 - loadIPPluginJar : add aes
2024-03-20 17:32:57,980 [INFO] IPUIPlugin:80 - create IPUIPlugin
2024-03-20 17:32:57,981 [INFO] PluginManager:220 - loadIPPluginJar : add can
2024-03-20 17:32:58,002 [INFO] IPUIPlugin:80 - create IPUIPlugin
2024-03-20 17:32:58,003 [INFO] PluginManager:220 - loadIPPluginJar : add comp
2024-03-20 17:32:58,036 [INFO] IPUIPlugin:80 - create IPUIPlugin
2024-03-20 17:32:58,037 [INFO] PluginManager:220 - loadIPPluginJar : add cryp
2024-03-20 17:32:58,067 [INFO] IPUIPlugin:80 - create IPUIPlugin
2024-03-20 17:32:58,067 [INFO] PluginManager:220 - loadIPPluginJar : add dfsdm
2024-03-20 17:32:58,082 [INFO] IPUIPlugin:80 - create IPUIPlugin
2024-03-20 17:32:58,083 [INFO] PluginManager:220 - loadIPPluginJar : add dma
2024-03-20 17:32:58,123 [INFO] IPUIPlugin:80 - create IPUIPlugin
2024-03-20 17:32:58,123 [INFO] PluginManager:220 - loadIPPluginJar : add dma3
2024-03-20 17:32:58,145 [INFO] IPUIPlugin:80 - create IPUIPlugin
2024-03-20 17:32:58,145 [INFO] PluginManager:220 - loadIPPluginJar : add fatfs
2024-03-20 17:32:58,191 [INFO] IPUIPlugin:80 - create IPUIPlugin
2024-03-20 17:32:58,191 [INFO] PluginManager:220 - loadIPPluginJar : add fmc
2024-03-20 17:32:58,207 [INFO] IPUIPlugin:80 - create IPUIPlugin
2024-03-20 17:32:58,207 [INFO] PluginManager:220 - loadIPPluginJar : add freertos
2024-03-20 17:32:58,226 [INFO] IPUIPlugin:80 - create IPUIPlugin
2024-03-20 17:32:58,226 [INFO] PluginManager:220 - loadIPPluginJar : add genericplugin
2024-03-20 17:32:58,319 [INFO] IPUIPlugin:80 - create IPUIPlugin
2024-03-20 17:32:58,319 [INFO] PluginManager:220 - loadIPPluginJar : add gfxmmu
2024-03-20 17:32:58,445 [INFO] IPUIPlugin:80 - create IPUIPlugin
2024-03-20 17:32:58,445 [INFO] PluginManager:220 - loadIPPluginJar : add gic
2024-03-20 17:32:58,459 [INFO] IPUIPlugin:80 - create IPUIPlugin
2024-03-20 17:32:58,459 [INFO] PluginManager:220 - loadIPPluginJar : add gpio
2024-03-20 17:32:58,545 [INFO] IPUIPlugin:80 - create IPUIPlugin
2024-03-20 17:32:58,546 [INFO] PluginManager:220 - loadIPPluginJar : add gtzc
2024-03-20 17:32:58,578 [INFO] IPUIPlugin:80 - create IPUIPlugin
2024-03-20 17:32:58,578 [INFO] PluginManager:220 - loadIPPluginJar : add hash
2024-03-20 17:32:58,640 [INFO] IPUIPlugin:80 - create IPUIPlugin
2024-03-20 17:32:58,640 [INFO] PluginManager:220 - loadIPPluginJar : add i2c
2024-03-20 17:32:58,677 [INFO] IPUIPlugin:80 - create IPUIPlugin
2024-03-20 17:32:58,677 [INFO] PluginManager:220 - loadIPPluginJar : add i2s
2024-03-20 17:32:58,729 [INFO] IPUIPlugin:80 - create IPUIPlugin
2024-03-20 17:32:58,729 [INFO] PluginManager:220 - loadIPPluginJar : add i3c
2024-03-20 17:32:58,828 [INFO] IPUIPlugin:80 - create IPUIPlugin
2024-03-20 17:32:58,828 [INFO] PluginManager:220 - loadIPPluginJar : add ipddr
2024-03-20 17:32:58,919 [INFO] IPUIPlugin:80 - create IPUIPlugin
2024-03-20 17:32:58,919 [INFO] PluginManager:220 - loadIPPluginJar : add linkedlist
2024-03-20 17:32:58,952 [INFO] IPUIPlugin:80 - create IPUIPlugin
2024-03-20 17:32:58,952 [INFO] PluginManager:220 - loadIPPluginJar : add lorawan
2024-03-20 17:32:58,989 [INFO] IPUIPlugin:80 - create IPUIPlugin
2024-03-20 17:32:58,989 [INFO] PluginManager:220 - loadIPPluginJar : add ltdc
2024-03-20 17:32:59,010 [INFO] IPUIPlugin:80 - create IPUIPlugin
2024-03-20 17:32:59,010 [INFO] PluginManager:220 - loadIPPluginJar : add mdma
2024-03-20 17:32:59,023 [INFO] IPUIPlugin:80 - create IPUIPlugin
2024-03-20 17:32:59,024 [INFO] PluginManager:220 - loadIPPluginJar : add nvic
2024-03-20 17:32:59,065 [INFO] IPUIPlugin:80 - create IPUIPlugin
2024-03-20 17:32:59,066 [INFO] PluginManager:220 - loadIPPluginJar : add opamp
2024-03-20 17:32:59,125 [INFO] IPUIPlugin:80 - create IPUIPlugin
2024-03-20 17:32:59,125 [INFO] PluginManager:220 - loadIPPluginJar : add openamp
2024-03-20 17:32:59,167 [INFO] IPUIPlugin:80 - create IPUIPlugin
2024-03-20 17:32:59,167 [INFO] PluginManager:220 - loadIPPluginJar : add pdm2pcm
2024-03-20 17:32:59,181 [INFO] IPUIPlugin:80 - create IPUIPlugin
2024-03-20 17:32:59,185 [INFO] PluginManager:220 - loadIPPluginJar : add plateformsettings
2024-03-20 17:32:59,208 [INFO] IPUIPlugin:80 - create IPUIPlugin
2024-03-20 17:32:59,208 [INFO] PluginManager:220 - loadIPPluginJar : add quadspi
2024-03-20 17:32:59,221 [INFO] IPUIPlugin:80 - create IPUIPlugin
2024-03-20 17:32:59,221 [INFO] PluginManager:220 - loadIPPluginJar : add resmgrutility
2024-03-20 17:32:59,268 [INFO] IPUIPlugin:80 - create IPUIPlugin
2024-03-20 17:32:59,268 [INFO] PluginManager:220 - loadIPPluginJar : add sai
2024-03-20 17:32:59,310 [INFO] IPUIPlugin:80 - create IPUIPlugin
2024-03-20 17:32:59,310 [INFO] PluginManager:220 - loadIPPluginJar : add spi
2024-03-20 17:32:59,392 [INFO] IPUIPlugin:80 - create IPUIPlugin
2024-03-20 17:32:59,392 [INFO] PluginManager:220 - loadIPPluginJar : add stm32_wpan
2024-03-20 17:32:59,414 [INFO] IPUIPlugin:80 - create IPUIPlugin
2024-03-20 17:32:59,414 [INFO] PluginManager:220 - loadIPPluginJar : add tim
2024-03-20 17:32:59,470 [INFO] IPUIPlugin:80 - create IPUIPlugin
2024-03-20 17:32:59,471 [INFO] PluginManager:220 - loadIPPluginJar : add touchsensing
2024-03-20 17:32:59,494 [INFO] IPUIPlugin:80 - create IPUIPlugin
2024-03-20 17:32:59,495 [INFO] PluginManager:220 - loadIPPluginJar : add tracer_emb
2024-03-20 17:32:59,519 [INFO] IPUIPlugin:80 - create IPUIPlugin
2024-03-20 17:32:59,520 [INFO] PluginManager:220 - loadIPPluginJar : add ts
2024-03-20 17:32:59,545 [INFO] IPUIPlugin:80 - create IPUIPlugin
2024-03-20 17:32:59,545 [INFO] PluginManager:220 - loadIPPluginJar : add tsc
2024-03-20 17:32:59,577 [INFO] IPUIPlugin:80 - create IPUIPlugin
2024-03-20 17:32:59,577 [INFO] PluginManager:220 - loadIPPluginJar : add ucpd
2024-03-20 17:32:59,630 [INFO] IPUIPlugin:80 - create IPUIPlugin
2024-03-20 17:32:59,631 [INFO] PluginManager:220 - loadIPPluginJar : add usart
2024-03-20 17:32:59,677 [INFO] IPUIPlugin:80 - create IPUIPlugin
2024-03-20 17:32:59,677 [INFO] PluginManager:220 - loadIPPluginJar : add usbx
2024-03-20 17:32:59,834 [INFO] CADModel:165 - CPN selected for project level
2024-03-20 17:32:59,834 [INFO] CADModel:114 - Register for checkConnection events
2024-03-20 17:32:59,835 [FATAL] Updater:308 - Updater called before beeing initialized
2024-03-20 17:32:59,835 [ERROR] CADModel:125 - Updater not yet initialized, retry later 
2024-03-20 17:33:00,057 [INFO] CADModel:165 - CPN selected for project level
2024-03-20 17:33:00,057 [INFO] CADModel:114 - Register for checkConnection events
2024-03-20 17:33:00,057 [FATAL] Updater:308 - Updater called before beeing initialized
2024-03-20 17:33:00,058 [ERROR] CADModel:125 - Updater not yet initialized, retry later 
2024-03-20 17:33:00,063 [FATAL] Updater:308 - Updater called before beeing initialized
2024-03-20 17:33:00,172 [INFO] ThirdPartyUpdaterWithRetryManager:70 - Updater plugin not ready yet. [2/15]
2024-03-20 17:33:00,220 [FATAL] Updater:308 - Updater called before beeing initialized
2024-03-20 17:33:00,231 [INFO] DbMcusAds:53 - JSON generation date=Wed Nov 29 12:52:27 EET 2023 (1701255147349)
2024-03-20 17:33:00,232 [FATAL] Updater:308 - Updater called before beeing initialized
2024-03-20 17:33:00,323 [WARN] DetailPanel:346 - Failed to get advertising image, set to default
2024-03-20 17:33:00,413 [FATAL] Updater:308 - Updater called before beeing initialized
2024-03-20 17:33:00,416 [FATAL] Updater:308 - Updater called before beeing initialized
2024-03-20 17:33:00,416 [FATAL] Updater:308 - Updater called before beeing initialized
2024-03-20 17:33:00,417 [WARN] DetailPanel:346 - Failed to get advertising image, set to default
2024-03-20 17:33:00,417 [FATAL] Updater:308 - Updater called before beeing initialized
2024-03-20 17:33:00,493 [ERROR] Updater:1120 - MainUpdater not yet initialized. External WinMGr cannot be set.
2024-03-20 17:33:00,505 [INFO] Updater:1056 - Updater Version found : 6.10.0
2024-03-20 17:33:00,535 [INFO] ApplicationProperties:184 - Using Application install path: C:\ST\STM32CubeIDE_1.14.0\STM32CubeIDE\plugins\com.st.stm32cube.common.mx_6.10.0.202311202037
2024-03-20 17:33:02,155 [ERROR] LogOutputStream:75 - [STDERR_REDIRECT] Mar 20, 2024 5:33:02 PM java.util.prefs.WindowsPreferences <init>
2024-03-20 17:33:02,157 [ERROR] LogOutputStream:75 - [STDERR_REDIRECT] WARNING: Could not open/create prefs root node Software\JavaSoft\Prefs at root 0xffffffff80000002. Windows RegCreateKeyEx(...) returned error code 5.
2024-03-20 17:33:02,158 [ERROR] LogOutputStream:75 - [STDERR_REDIRECT] 
2024-03-20 17:33:03,021 [INFO] MainUpdater:2873 - connection check result : 10
2024-03-20 17:33:03,023 [INFO] MainUpdater:290 - Updater Check For Update Now.
2024-03-20 17:33:03,023 [INFO] MicroXplorer:498 - Change Database Version : DB.6.0.100
2024-03-20 17:33:03,042 [INFO] McuFinderGlobals:63 - Set McuFinder mode to 2 (CubeIDE integrated)
2024-03-20 17:33:03,042 [INFO] UserAuth:180 - activating auth plugin
2024-03-20 17:33:03,046 [INFO] UserAuth:404 - Internet connection configuration mode: 1
2024-03-20 17:33:03,090 [INFO] JxBrowserEngine:152 - Initiate JxBrowser Engine with user profile folder
2024-03-20 17:33:03,179 [WARN] MainUpdater:1194 - Updater busy. Cannot search thirdparties
2024-03-20 17:33:03,179 [INFO] ThirdPartyUpdaterWithRetryManager:96 - Updater plugin is busy. [1/15]
2024-03-20 17:33:03,259 [INFO] CheckServerUpdateThread:120 - End of CheckServer Thread
2024-03-20 17:33:03,396 [ERROR] LogOutputStream:75 - [STDERR_REDIRECT] SLF4J: Failed to load class "org.slf4j.impl.StaticLoggerBinder".
2024-03-20 17:33:03,398 [ERROR] LogOutputStream:75 - [STDERR_REDIRECT] SLF4J: Defaulting to no-operation (NOP) logger implementation
2024-03-20 17:33:03,400 [ERROR] LogOutputStream:75 - [STDERR_REDIRECT] SLF4J: See http://www.slf4j.org/codes.html#StaticLoggerBinder for further details.
2024-03-20 17:33:06,213 [INFO] WebApp:161 - Instantiating new browser for Auth
2024-03-20 17:33:06,545 [WARN] PackLoader:240 - Cannot read IP mode file for STMicroelectronics.X-CUBE-SMBUS.2.1.0
2024-03-20 17:33:06,567 [WARN] PackLoader:240 - Cannot read IP mode file for STMicroelectronics.X-CUBE-TOUCHGFX.4.23.0
2024-03-20 17:33:06,627 [WARN] PackLoader:240 - Cannot read IP mode file for STMicroelectronics.X-CUBE-AZRTOS-F7.1.1.0
2024-03-20 17:33:06,647 [WARN] PackLoader:240 - Cannot read IP mode file for STMicroelectronics.FP-SNS-MOTENV1.4.3.2
2024-03-20 17:33:06,663 [WARN] PackLoader:240 - Cannot read IP mode file for STMicroelectronics.FP-SNS-FLIGHT1.5.0.2
2024-03-20 17:33:06,682 [WARN] PackLoader:240 - Cannot read IP mode file for STMicroelectronics.X-CUBE-DISPLAY.3.0.0
2024-03-20 17:33:06,706 [WARN] PackLoader:240 - Cannot read IP mode file for STMicroelectronics.X-CUBE-BLE1.7.0.0
2024-03-20 17:33:06,721 [WARN] PackLoader:240 - Cannot read IP mode file for emotas.I-CUBE-CANOPEN.1.3.0
2024-03-20 17:33:06,743 [WARN] PackLoader:240 - Cannot read IP mode file for STMicroelectronics.X-CUBE-BLEMGR.3.1.0
2024-03-20 17:33:06,762 [WARN] PackLoader:240 - Cannot read IP mode file for STMicroelectronics.FP-SNS-SMARTAG2.1.2.0
2024-03-20 17:33:06,788 [INFO] LogOutputStream:77 - [STDOUT_REDIRECT] 1 : Invalid condition id : UX_CORESTACK_Condition cause : null
2024-03-20 17:33:06,789 [INFO] LogOutputStream:77 - [STDOUT_REDIRECT] 1 : Invalid condition id : UX_CORESTACK_Condition cause : null
2024-03-20 17:33:06,790 [INFO] LogOutputStream:77 - [STDOUT_REDIRECT] 1 : Invalid condition id : UX_CORESTACK_Condition cause : null
2024-03-20 17:33:06,791 [INFO] LogOutputStream:77 - [STDOUT_REDIRECT] 1 : Invalid condition id : UX_CORESTACK_Condition cause : null
2024-03-20 17:33:06,793 [INFO] LogOutputStream:77 - [STDOUT_REDIRECT] 1 : Invalid condition id : UX_CORESTACK_Condition cause : null
2024-03-20 17:33:06,797 [WARN] PackLoader:240 - Cannot read IP mode file for STMicroelectronics.X-CUBE-AZRTOS-WL.2.0.0
2024-03-20 17:33:06,815 [WARN] PackLoader:240 - Cannot read IP mode file for WES.I-CUBE-Cesium.1.3.0
2024-03-20 17:33:06,828 [WARN] PackLoader:240 - Cannot read IP mode file for STMicroelectronics.X-CUBE-BLE2.3.3.0
2024-03-20 17:33:06,845 [WARN] PackLoader:240 - Cannot read IP mode file for STMicroelectronics.X-CUBE-ALGOBUILD.1.3.0
2024-03-20 17:33:06,879 [WARN] PackLoader:240 - Cannot read IP mode file for STMicroelectronics.X-CUBE-AZRTOS-G0.1.1.0
2024-03-20 17:33:06,896 [WARN] PackLoader:240 - Cannot read IP mode file for STMicroelectronics.X-CUBE-NFC4.3.0.0
2024-03-20 17:33:06,922 [WARN] PackLoader:240 - Cannot read IP mode file for STMicroelectronics.X-CUBE-BLEMGR.3.0.0
2024-03-20 17:33:06,936 [WARN] PackLoader:240 - Cannot read IP mode file for STMicroelectronics.FP-ATR-SIGFOX1.3.2.0
2024-03-20 17:33:06,965 [WARN] PackLoader:240 - Cannot read IP mode file for STMicroelectronics.X-CUBE-EEPRMA1.5.1.0
2024-03-20 17:33:07,018 [WARN] PackLoader:240 - Cannot read IP mode file for SEGGER.I-CUBE-embOS.1.3.1
2024-03-20 17:33:07,090 [WARN] PackLoader:240 - Cannot read IP mode file for STMicroelectronics.X-CUBE-GNSS1.6.0.0
2024-03-20 17:33:07,128 [WARN] PackLoader:240 - Cannot read IP mode file for STMicroelectronics.X-CUBE-AZRTOS-F4.1.1.0
2024-03-20 17:33:07,147 [WARN] PackLoader:240 - Cannot read IP mode file for wolfSSL.I-CUBE-wolfSSL.5.6.6
2024-03-20 17:33:07,178 [WARN] PackLoader:240 - Cannot read IP mode file for STMicroelectronics.X-CUBE-AZRTOS-L5.2.0.0
2024-03-20 17:33:07,194 [WARN] PackLoader:240 - Cannot read IP mode file for STMicroelectronics.X-CUBE-EEPRMA1.4.2.0
2024-03-20 17:33:07,209 [WARN] PackLoader:240 - Cannot read IP mode file for ITTIA_DB.I-CUBE-ITTIADB.8.8.0
2024-03-20 17:33:07,222 [WARN] PackLoader:240 - Cannot read IP mode file for STMicroelectronics.X-CUBE-NFC7.1.0.1
2024-03-20 17:33:07,237 [WARN] PackLoader:240 - Cannot read IP mode file for STMicroelectronics.X-CUBE-NFC6.3.0.0
2024-03-20 17:33:07,251 [WARN] PackLoader:240 - Cannot read IP mode file for STMicroelectronics.X-CUBE-AI.8.1.0
2024-03-20 17:33:07,287 [WARN] ConditionMgr:438 - getConditionDescription Invalid condition id : LAN8742 Phy interface Condition cause : null
2024-03-20 17:33:07,288 [WARN] PackLoader:240 - Cannot read IP mode file for STMicroelectronics.X-CUBE-AZRTOS-L4.2.0.0
2024-03-20 17:33:07,291 [WARN] ConditionMgr:1039 - genDependencies : Invalid condition id : LAN8742 Phy interface Condition cause : null
2024-03-20 17:33:07,291 [WARN] ConditionMgr:1039 - genDependencies : Invalid condition id : LAN8742 Phy interface Condition cause : null
2024-03-20 17:33:07,292 [WARN] ConditionMgr:1039 - genDependencies : Invalid condition id : LAN8742 Phy interface Condition cause : null
2024-03-20 17:33:07,313 [WARN] PackLoader:240 - Cannot read IP mode file for STMicroelectronics.X-CUBE-SFXS2LP1.4.0.0
2024-03-20 17:33:07,345 [WARN] ConditionMgr:438 - getConditionDescription Invalid condition id : UX DEVICE CLASS RTOS Condition cause : null
2024-03-20 17:33:07,346 [WARN] ConditionMgr:438 - getConditionDescription Invalid condition id : UX DEVICE CLASS RTOS Condition cause : null
2024-03-20 17:33:07,348 [INFO] WebApp:780 - Register for checkConnection events
2024-03-20 17:33:07,349 [INFO] WebApp:414 - Apply proxy settings
2024-03-20 17:33:07,349 [WARN] PackLoader:240 - Cannot read IP mode file for STMicroelectronics.X-CUBE-AZRTOS-WB.2.0.0
2024-03-20 17:33:07,349 [INFO] WebApp:499 - Chromium requires no authentication
2024-03-20 17:33:07,350 [WARN] ConditionMgr:1039 - genDependencies : Invalid condition id : UX DEVICE CLASS RTOS Condition cause : null
2024-03-20 17:33:07,350 [WARN] ConditionMgr:1039 - genDependencies : Invalid condition id : UX DEVICE CLASS RTOS Condition cause : null
2024-03-20 17:33:07,351 [WARN] ConditionMgr:1039 - genDependencies : Invalid condition id : UX DEVICE CLASS RTOS Condition cause : null
2024-03-20 17:33:07,351 [WARN] ConditionMgr:1039 - genDependencies : Invalid condition id : UX DEVICE CLASS RTOS Condition cause : null
2024-03-20 17:33:07,351 [WARN] ConditionMgr:1039 - genDependencies : Invalid condition id : UX DEVICE CLASS RTOS Condition cause : null
2024-03-20 17:33:07,364 [INFO] WebApp:442 - Direct internet connection detected
2024-03-20 17:33:07,374 [WARN] PackLoader:240 - Cannot read IP mode file for STMicroelectronics.X-CUBE-SUBG2.5.0.0
2024-03-20 17:33:07,439 [WARN] PackLoader:240 - Cannot read IP mode file for STMicroelectronics.X-CUBE-AZRTOS-G4.2.0.0
2024-03-20 17:33:07,480 [WARN] PackLoader:240 - Cannot read IP mode file for Infineon.AIROC-Wi-Fi-Bluetooth-STM32.1.5.1
2024-03-20 17:33:07,501 [WARN] PackLoader:240 - Cannot read IP mode file for STMicroelectronics.FP-SNS-MOTENVWB1.1.3.1
2024-03-20 17:33:07,516 [WARN] PackLoader:240 - Cannot read IP mode file for STMicroelectronics.X-CUBE-ISPU.2.0.0
2024-03-20 17:33:07,580 [WARN] PackLoader:240 - Cannot read IP mode file for STMicroelectronics.X-CUBE-MEMS1.10.0.0
2024-03-20 17:33:07,736 [WARN] PackLoader:240 - Cannot read IP mode file for STMicroelectronics.X-CUBE-FREERTOS.1.1.0
2024-03-20 17:33:07,753 [WARN] PackLoader:240 - Cannot read IP mode file for portGmbH.I-Cube-SoM-uGOAL.1.1.0
2024-03-20 17:33:07,767 [WARN] PackLoader:240 - Cannot read IP mode file for STMicroelectronics.X-CUBE-ALS.1.0.1
2024-03-20 17:33:07,780 [WARN] PackLoader:240 - Cannot read IP mode file for STMicroelectronics.FP-ATR-ASTRA1.2.0.0
2024-03-20 17:33:07,781 [INFO] WebApp:192 - Starting web application
2024-03-20 17:33:07,781 [INFO] WebApp:544 - Web application path used C:\ST\STM32CubeIDE_1.14.0\STM32CubeIDE\plugins\com.st.stm32cube.common.mx_6.10.0.202311202037\db\plugins\mcufinder\reactClient1\index.html
2024-03-20 17:33:07,801 [WARN] PackLoader:240 - Cannot read IP mode file for STMicroelectronics.X-CUBE-TOF1.3.4.0
2024-03-20 17:33:07,834 [WARN] PackLoader:240 - Cannot read IP mode file for STMicroelectronics.X-CUBE-TOF1.3.4.1
2024-03-20 17:33:07,883 [WARN] PackLoader:240 - Cannot read IP mode file for STMicroelectronics.X-CUBE-AZRTOS-H7.3.2.0
2024-03-20 17:33:07,887 [INFO] ThirdParty:978 - Integrity check success = true
2024-03-20 17:33:07,889 [INFO] IntegrityCheckThread:100 - exiting critical section [integrity check]
2024-03-20 17:33:07,889 [INFO] IntegrityCheckThread:103 - End integrity checks thread
