2024-01-11 13:13:11,446 [ERROR] LogOutputStream:75 - [STDERR_REDIRECT] 
2024-01-11 13:14:11,021 [INFO] Activator:176 - 


2024-01-11 13:14:11,024 [INFO] Activator:177 - !SESSION log4j initialized
2024-01-11 13:14:19,326 [INFO] LogOutputStream:77 - [STDOUT_REDIRECT] 
2024-01-11 13:14:26,551 [INFO] ApplicationProperties:184 - Using Application install path: C:\ST\STM32CubeIDE_1.14.0\STM32CubeIDE\plugins\com.st.stm32cube.common.mx_6.10.0.202311202037
2024-01-11 13:14:26,592 [INFO] DbMcusXml:78 - Set database path to: C:\ST\STM32CubeIDE_1.14.0\STM32CubeIDE\plugins\com.st.stm32cube.common.mx_6.10.0.202311202037\\db\/mcu/
2024-01-11 13:14:26,593 [INFO] ApiDb:274 - Set plugin database path to: C:\ST\STM32CubeIDE_1.14.0\STM32CubeIDE\plugins\com.st.stm32cube.common.mx_6.10.0.202311202037\\db\/plugins/boardmanager/
2024-01-11 13:14:26,594 [WARN] ApiDb:259 - Overriding images path with different value:  => C:\ST\STM32CubeIDE_1.14.0\STM32CubeIDE\plugins\com.st.stm32cube.common.mx_6.10.0.202311202037\\db\/plugins/mcufinder/images/
2024-01-11 13:14:26,608 [INFO] ApiDb:250 - Set database path to: C:\Users\pyrga\.stmcufinder\plugins\mcufinder//mcu/
2024-01-11 13:14:26,611 [INFO] DbMcusAds:125 - Set database path to: C:\Users\pyrga\.stmcufinder\plugins\mcufinder//mcu/
2024-01-11 13:14:26,615 [INFO] CrossReferenceDbSqlite:203 - Set database path to: C:\Users\pyrga\.stmcufinder\plugins\mcufinder//mcu/cs/
2024-01-11 13:14:26,838 [INFO] RulesReader:64 - Compatibility file has been processed (297 Rules)
2024-01-11 13:14:26,980 [INFO] DbMcusXml:78 - Set database path to: C:\ST\STM32CubeIDE_1.14.0\STM32CubeIDE\plugins\com.st.stm32cube.common.mx_6.10.0.202311202037\\db\/mcu/
2024-01-11 13:14:26,980 [INFO] ApiDb:274 - Set plugin database path to: C:\ST\STM32CubeIDE_1.14.0\STM32CubeIDE\plugins\com.st.stm32cube.common.mx_6.10.0.202311202037\\db\/plugins/boardmanager/
2024-01-11 13:14:26,980 [INFO] ApiDb:261 - Set plugin images path to: C:\ST\STM32CubeIDE_1.14.0\STM32CubeIDE\plugins\com.st.stm32cube.common.mx_6.10.0.202311202037\\db\/plugins/mcufinder/images/
2024-01-11 13:14:26,981 [WARN] DbFile:41 - Overriding database path with different value: C:\Users\pyrga\.stmcufinder\plugins\mcufinder/ => C:\Users\pyrga\.stmcufinder\plugins\mcufinder
2024-01-11 13:14:26,981 [INFO] ApiDb:250 - Set database path to: C:\Users\pyrga\.stmcufinder\plugins\mcufinder//mcu/
2024-01-11 13:14:26,981 [WARN] DbFile:41 - Overriding database path with different value: C:\Users\pyrga\.stmcufinder\plugins\mcufinder/ => C:\Users\pyrga\.stmcufinder\plugins\mcufinder
2024-01-11 13:14:26,981 [INFO] DbMcusAds:125 - Set database path to: C:\Users\pyrga\.stmcufinder\plugins\mcufinder//mcu/
2024-01-11 13:14:26,981 [WARN] DbFile:41 - Overriding database path with different value: C:\Users\pyrga\.stmcufinder\plugins\mcufinder/ => C:\Users\pyrga\.stmcufinder\plugins\mcufinder
2024-01-11 13:14:26,981 [WARN] DbFile:41 - Overriding database path with different value: C:\Users\pyrga\.stmcufinder\plugins\mcufinder/ => C:\Users\pyrga\.stmcufinder\plugins\mcufinder
2024-01-11 13:14:26,982 [INFO] CrossReferenceDbSqlite:203 - Set database path to: C:\Users\pyrga\.stmcufinder\plugins\mcufinder//mcu/cs/
2024-01-11 13:14:27,111 [INFO] MainPanel:264 - HeapMemory: 268435456
2024-01-11 13:14:27,269 [INFO] DbMcusXml:78 - Set database path to: C:\ST\STM32CubeIDE_1.14.0\STM32CubeIDE\plugins\com.st.stm32cube.common.mx_6.10.0.202311202037\\db\/mcu/
2024-01-11 13:14:27,269 [INFO] ApiDb:274 - Set plugin database path to: C:\ST\STM32CubeIDE_1.14.0\STM32CubeIDE\plugins\com.st.stm32cube.common.mx_6.10.0.202311202037\\db\/plugins/boardmanager/
2024-01-11 13:14:27,269 [INFO] ApiDb:261 - Set plugin images path to: C:\ST\STM32CubeIDE_1.14.0\STM32CubeIDE\plugins\com.st.stm32cube.common.mx_6.10.0.202311202037\\db\/plugins/mcufinder/images/
2024-01-11 13:14:27,270 [WARN] DbFile:41 - Overriding database path with different value: C:\Users\pyrga\.stmcufinder\plugins\mcufinder/ => C:\Users\pyrga\.stmcufinder\plugins\mcufinder
2024-01-11 13:14:27,270 [INFO] ApiDb:250 - Set database path to: C:\Users\pyrga\.stmcufinder\plugins\mcufinder//mcu/
2024-01-11 13:14:27,270 [WARN] DbFile:41 - Overriding database path with different value: C:\Users\pyrga\.stmcufinder\plugins\mcufinder/ => C:\Users\pyrga\.stmcufinder\plugins\mcufinder
2024-01-11 13:14:27,270 [INFO] DbMcusAds:125 - Set database path to: C:\Users\pyrga\.stmcufinder\plugins\mcufinder//mcu/
2024-01-11 13:14:27,270 [WARN] DbFile:41 - Overriding database path with different value: C:\Users\pyrga\.stmcufinder\plugins\mcufinder/ => C:\Users\pyrga\.stmcufinder\plugins\mcufinder
2024-01-11 13:14:27,270 [WARN] DbFile:41 - Overriding database path with different value: C:\Users\pyrga\.stmcufinder\plugins\mcufinder/ => C:\Users\pyrga\.stmcufinder\plugins\mcufinder
2024-01-11 13:14:27,271 [INFO] CrossReferenceDbSqlite:203 - Set database path to: C:\Users\pyrga\.stmcufinder\plugins\mcufinder//mcu/cs/
2024-01-11 13:14:27,301 [INFO] ApplicationProperties:184 - Using Application install path: C:\ST\STM32CubeIDE_1.14.0\STM32CubeIDE\plugins\com.st.stm32cube.common.mx_6.10.0.202311202037
2024-01-11 13:14:27,304 [INFO] PluginManage:196 - Search for loadable plugins [exclusion list=, ]
2024-01-11 13:14:27,306 [INFO] PluginManage:310 - Check plugin analytics
2024-01-11 13:14:32,518 [INFO] AnalyticsPlugin:253 - Accepted Software Licenses: 
2024-01-11 13:14:32,519 [INFO] AnalyticsPlugin:255 - Accepted CMSIS Pack Licenses: 
2024-01-11 13:14:32,519 [INFO] AnalyticsPlugin:257 - Accepted Firmware Licenses: 
2024-01-11 13:14:32,522 [INFO] PluginManage:359 - Loaded plugin analytics (category:tool,tabindex:-1)
2024-01-11 13:14:32,523 [INFO] PluginManage:310 - Check plugin cadmodel
2024-01-11 13:14:32,543 [INFO] CADModel:105 - Init CAD model plugin
2024-01-11 13:14:32,544 [INFO] PluginManage:359 - Loaded plugin cadmodel (category:power,tabindex:5)
2024-01-11 13:14:32,544 [INFO] PluginManage:310 - Check plugin clock
2024-01-11 13:14:32,575 [INFO] PluginManage:359 - Loaded plugin clock (category:base,tabindex:2)
2024-01-11 13:14:32,575 [INFO] PluginManage:310 - Check plugin ddr
2024-01-11 13:14:32,580 [INFO] PluginManage:359 - Loaded plugin ddr (category:tool,tabindex:6)
2024-01-11 13:14:32,580 [INFO] PluginManage:310 - Check plugin filemanager
2024-01-11 13:14:32,854 [INFO] PluginManage:359 - Loaded plugin filemanager (category:base,tabindex:10)
2024-01-11 13:14:32,854 [INFO] PluginManage:310 - Check plugin ipmanager
2024-01-11 13:14:32,869 [INFO] PluginManage:359 - Loaded plugin ipmanager (category:base,tabindex:5)
2024-01-11 13:14:32,870 [INFO] PluginManage:310 - Check plugin lpbam
2024-01-11 13:14:32,896 [INFO] PluginManage:359 - Loaded plugin lpbam (category:base,tabindex:0)
2024-01-11 13:14:32,896 [INFO] PluginManage:310 - Check plugin memorymap
2024-01-11 13:14:32,943 [INFO] PluginManage:359 - Loaded plugin memorymap (category:base,tabindex:4)
2024-01-11 13:14:32,943 [INFO] PluginManage:310 - Check plugin pinoutandconfiguration
2024-01-11 13:14:32,967 [INFO] PluginManage:359 - Loaded plugin pinoutandconfiguration (category:base,tabindex:1)
2024-01-11 13:14:32,968 [INFO] PluginManage:310 - Check plugin pinoutconfig
2024-01-11 13:14:33,146 [WARN] SupportedApi:132 - Cannot load RTOS API schema: s4s-elt-must-match.1: The content of 'definitions' must match (annotation?, (simpleType | complexType)?, (unique | key | keyref)*)). A problem was found starting at: attribute.
2024-01-11 13:14:33,425 [INFO] PluginManage:359 - Loaded plugin pinoutconfig (category:base,tabindex:0)
2024-01-11 13:14:33,426 [INFO] PluginManage:310 - Check plugin power
2024-01-11 13:14:33,469 [INFO] PluginManage:359 - Loaded plugin power (category:power,tabindex:4)
2024-01-11 13:14:33,469 [INFO] PluginManage:310 - Check plugin projectmanager
2024-01-11 13:14:33,506 [INFO] PluginManage:359 - Loaded plugin projectmanager (category:projectmanager,tabindex:3)
2024-01-11 13:14:33,506 [INFO] PluginManage:310 - Check plugin thirdparty
2024-01-11 13:14:33,945 [INFO] PluginManage:359 - Loaded plugin thirdparty (category:base,tabindex:-1)
2024-01-11 13:14:33,947 [INFO] PluginManage:310 - Check plugin tools
2024-01-11 13:14:33,945 [WARN] IntegrityCheckThread:84 - waiting for thirdparty lock release [integrity check]
2024-01-11 13:14:33,947 [INFO] IntegrityCheckThread:86 - entering critical section [integrity check]
2024-01-11 13:14:33,948 [INFO] ThirdPartyUpdaterWithRetryManager:70 - Updater plugin not ready yet. [1/15]
2024-01-11 13:14:34,002 [INFO] PluginManage:359 - Loaded plugin tools (category:base,tabindex:7)
2024-01-11 13:14:34,002 [INFO] PluginManage:310 - Check plugin tutovideos
2024-01-11 13:14:34,374 [INFO] PluginManage:359 - Loaded plugin tutovideos (category:base,tabindex:-1)
2024-01-11 13:14:34,375 [INFO] PluginManage:310 - Check plugin updater
2024-01-11 13:14:34,394 [INFO] PluginManage:359 - Loaded plugin updater (category:base,tabindex:12)
2024-01-11 13:14:34,394 [INFO] PluginManage:310 - Check plugin userauth
2024-01-11 13:14:34,403 [INFO] UserAuth:114 - Init User Auth plugin
2024-01-11 13:14:34,404 [INFO] PluginManage:359 - Loaded plugin userauth (category:base,tabindex:14)
2024-01-11 13:14:34,404 [INFO] PluginManage:283 - PluginManage : Loaded plugins [17]
2024-01-11 13:14:34,752 [INFO] PinOutPanel:1499 - setPackage(No Configuration,No Configuration)
2024-01-11 13:14:34,864 [INFO] CADModel:165 - CPN selected for project level
2024-01-11 13:14:34,864 [INFO] CADModel:114 - Register for checkConnection events
2024-01-11 13:14:34,906 [INFO] IPUIPlugin:80 - create IPUIPlugin
2024-01-11 13:14:34,906 [INFO] PluginManager:220 - loadIPPluginJar : add adc
2024-01-11 13:14:34,958 [INFO] IPUIPlugin:80 - create IPUIPlugin
2024-01-11 13:14:34,958 [INFO] PluginManager:220 - loadIPPluginJar : add aes
2024-01-11 13:14:35,018 [INFO] IPUIPlugin:80 - create IPUIPlugin
2024-01-11 13:14:35,019 [INFO] PluginManager:220 - loadIPPluginJar : add can
2024-01-11 13:14:35,049 [INFO] IPUIPlugin:80 - create IPUIPlugin
2024-01-11 13:14:35,049 [INFO] PluginManager:220 - loadIPPluginJar : add comp
2024-01-11 13:14:35,106 [INFO] IPUIPlugin:80 - create IPUIPlugin
2024-01-11 13:14:35,107 [INFO] PluginManager:220 - loadIPPluginJar : add cryp
2024-01-11 13:14:35,148 [INFO] IPUIPlugin:80 - create IPUIPlugin
2024-01-11 13:14:35,148 [INFO] PluginManager:220 - loadIPPluginJar : add dfsdm
2024-01-11 13:14:35,166 [INFO] IPUIPlugin:80 - create IPUIPlugin
2024-01-11 13:14:35,167 [INFO] PluginManager:220 - loadIPPluginJar : add dma
2024-01-11 13:14:35,225 [INFO] IPUIPlugin:80 - create IPUIPlugin
2024-01-11 13:14:35,226 [INFO] PluginManager:220 - loadIPPluginJar : add dma3
2024-01-11 13:14:35,253 [INFO] IPUIPlugin:80 - create IPUIPlugin
2024-01-11 13:14:35,253 [INFO] PluginManager:220 - loadIPPluginJar : add fatfs
2024-01-11 13:14:35,319 [INFO] IPUIPlugin:80 - create IPUIPlugin
2024-01-11 13:14:35,319 [INFO] PluginManager:220 - loadIPPluginJar : add fmc
2024-01-11 13:14:35,340 [INFO] IPUIPlugin:80 - create IPUIPlugin
2024-01-11 13:14:35,340 [INFO] PluginManager:220 - loadIPPluginJar : add freertos
2024-01-11 13:14:35,369 [INFO] IPUIPlugin:80 - create IPUIPlugin
2024-01-11 13:14:35,369 [INFO] PluginManager:220 - loadIPPluginJar : add genericplugin
2024-01-11 13:14:35,499 [INFO] IPUIPlugin:80 - create IPUIPlugin
2024-01-11 13:14:35,499 [INFO] PluginManager:220 - loadIPPluginJar : add gfxmmu
2024-01-11 13:14:35,691 [INFO] IPUIPlugin:80 - create IPUIPlugin
2024-01-11 13:14:35,691 [INFO] PluginManager:220 - loadIPPluginJar : add gic
2024-01-11 13:14:35,709 [INFO] IPUIPlugin:80 - create IPUIPlugin
2024-01-11 13:14:35,710 [INFO] PluginManager:220 - loadIPPluginJar : add gpio
2024-01-11 13:14:35,838 [INFO] IPUIPlugin:80 - create IPUIPlugin
2024-01-11 13:14:35,838 [INFO] PluginManager:220 - loadIPPluginJar : add gtzc
2024-01-11 13:14:35,893 [INFO] IPUIPlugin:80 - create IPUIPlugin
2024-01-11 13:14:35,893 [INFO] PluginManager:220 - loadIPPluginJar : add hash
2024-01-11 13:14:35,965 [INFO] IPUIPlugin:80 - create IPUIPlugin
2024-01-11 13:14:35,966 [INFO] PluginManager:220 - loadIPPluginJar : add i2c
2024-01-11 13:14:36,019 [INFO] IPUIPlugin:80 - create IPUIPlugin
2024-01-11 13:14:36,020 [INFO] PluginManager:220 - loadIPPluginJar : add i2s
2024-01-11 13:14:36,077 [INFO] IPUIPlugin:80 - create IPUIPlugin
2024-01-11 13:14:36,077 [INFO] PluginManager:220 - loadIPPluginJar : add i3c
2024-01-11 13:14:36,226 [INFO] IPUIPlugin:80 - create IPUIPlugin
2024-01-11 13:14:36,226 [INFO] PluginManager:220 - loadIPPluginJar : add ipddr
2024-01-11 13:14:36,353 [INFO] IPUIPlugin:80 - create IPUIPlugin
2024-01-11 13:14:36,353 [INFO] PluginManager:220 - loadIPPluginJar : add linkedlist
2024-01-11 13:14:36,403 [INFO] IPUIPlugin:80 - create IPUIPlugin
2024-01-11 13:14:36,404 [INFO] PluginManager:220 - loadIPPluginJar : add lorawan
2024-01-11 13:14:36,455 [INFO] IPUIPlugin:80 - create IPUIPlugin
2024-01-11 13:14:36,455 [INFO] PluginManager:220 - loadIPPluginJar : add ltdc
2024-01-11 13:14:36,477 [INFO] IPUIPlugin:80 - create IPUIPlugin
2024-01-11 13:14:36,477 [INFO] PluginManager:220 - loadIPPluginJar : add mdma
2024-01-11 13:14:36,495 [INFO] IPUIPlugin:80 - create IPUIPlugin
2024-01-11 13:14:36,497 [INFO] PluginManager:220 - loadIPPluginJar : add nvic
2024-01-11 13:14:36,542 [INFO] IPUIPlugin:80 - create IPUIPlugin
2024-01-11 13:14:36,544 [INFO] PluginManager:220 - loadIPPluginJar : add opamp
2024-01-11 13:14:36,626 [INFO] IPUIPlugin:80 - create IPUIPlugin
2024-01-11 13:14:36,627 [INFO] PluginManager:220 - loadIPPluginJar : add openamp
2024-01-11 13:14:36,685 [INFO] IPUIPlugin:80 - create IPUIPlugin
2024-01-11 13:14:36,685 [INFO] PluginManager:220 - loadIPPluginJar : add pdm2pcm
2024-01-11 13:14:36,705 [INFO] IPUIPlugin:80 - create IPUIPlugin
2024-01-11 13:14:36,710 [INFO] PluginManager:220 - loadIPPluginJar : add plateformsettings
2024-01-11 13:14:36,739 [INFO] IPUIPlugin:80 - create IPUIPlugin
2024-01-11 13:14:36,739 [INFO] PluginManager:220 - loadIPPluginJar : add quadspi
2024-01-11 13:14:36,757 [INFO] IPUIPlugin:80 - create IPUIPlugin
2024-01-11 13:14:36,757 [INFO] PluginManager:220 - loadIPPluginJar : add resmgrutility
2024-01-11 13:14:36,827 [INFO] IPUIPlugin:80 - create IPUIPlugin
2024-01-11 13:14:36,827 [INFO] PluginManager:220 - loadIPPluginJar : add sai
2024-01-11 13:14:36,880 [INFO] IPUIPlugin:80 - create IPUIPlugin
2024-01-11 13:14:36,880 [INFO] PluginManager:220 - loadIPPluginJar : add spi
2024-01-11 13:14:36,950 [INFO] ThirdPartyUpdaterWithRetryManager:70 - Updater plugin not ready yet. [2/15]
2024-01-11 13:14:36,976 [INFO] IPUIPlugin:80 - create IPUIPlugin
2024-01-11 13:14:36,976 [INFO] PluginManager:220 - loadIPPluginJar : add stm32_wpan
2024-01-11 13:14:37,019 [INFO] IPUIPlugin:80 - create IPUIPlugin
2024-01-11 13:14:37,019 [INFO] PluginManager:220 - loadIPPluginJar : add tim
2024-01-11 13:14:37,102 [INFO] IPUIPlugin:80 - create IPUIPlugin
2024-01-11 13:14:37,103 [INFO] PluginManager:220 - loadIPPluginJar : add touchsensing
2024-01-11 13:14:37,162 [INFO] IPUIPlugin:80 - create IPUIPlugin
2024-01-11 13:14:37,164 [INFO] PluginManager:220 - loadIPPluginJar : add tracer_emb
2024-01-11 13:14:37,194 [INFO] IPUIPlugin:80 - create IPUIPlugin
2024-01-11 13:14:37,194 [INFO] PluginManager:220 - loadIPPluginJar : add ts
2024-01-11 13:14:37,224 [INFO] IPUIPlugin:80 - create IPUIPlugin
2024-01-11 13:14:37,224 [INFO] PluginManager:220 - loadIPPluginJar : add tsc
2024-01-11 13:14:37,256 [INFO] IPUIPlugin:80 - create IPUIPlugin
2024-01-11 13:14:37,256 [INFO] PluginManager:220 - loadIPPluginJar : add ucpd
2024-01-11 13:14:37,317 [INFO] IPUIPlugin:80 - create IPUIPlugin
2024-01-11 13:14:37,317 [INFO] PluginManager:220 - loadIPPluginJar : add usart
2024-01-11 13:14:37,374 [INFO] IPUIPlugin:80 - create IPUIPlugin
2024-01-11 13:14:37,375 [INFO] PluginManager:220 - loadIPPluginJar : add usbx
2024-01-11 13:14:37,553 [INFO] CADModel:165 - CPN selected for project level
2024-01-11 13:14:37,553 [INFO] CADModel:114 - Register for checkConnection events
2024-01-11 13:14:37,553 [FATAL] Updater:308 - Updater called before beeing initialized
2024-01-11 13:14:37,553 [ERROR] CADModel:125 - Updater not yet initialized, retry later 
2024-01-11 13:14:37,811 [INFO] CADModel:165 - CPN selected for project level
2024-01-11 13:14:37,811 [INFO] CADModel:114 - Register for checkConnection events
2024-01-11 13:14:37,811 [FATAL] Updater:308 - Updater called before beeing initialized
2024-01-11 13:14:37,811 [ERROR] CADModel:125 - Updater not yet initialized, retry later 
2024-01-11 13:14:37,817 [FATAL] Updater:308 - Updater called before beeing initialized
2024-01-11 13:14:37,979 [FATAL] Updater:308 - Updater called before beeing initialized
2024-01-11 13:14:37,991 [INFO] DbMcusAds:53 - JSON generation date=Wed Nov 29 12:52:27 EET 2023 (1701255147349)
2024-01-11 13:14:37,992 [FATAL] Updater:308 - Updater called before beeing initialized
2024-01-11 13:14:38,103 [WARN] DetailPanel:346 - Failed to get advertising image, set to default
2024-01-11 13:14:38,249 [FATAL] Updater:308 - Updater called before beeing initialized
2024-01-11 13:14:38,252 [FATAL] Updater:308 - Updater called before beeing initialized
2024-01-11 13:14:38,252 [FATAL] Updater:308 - Updater called before beeing initialized
2024-01-11 13:14:38,252 [WARN] DetailPanel:346 - Failed to get advertising image, set to default
2024-01-11 13:14:38,253 [FATAL] Updater:308 - Updater called before beeing initialized
2024-01-11 13:14:38,345 [ERROR] Updater:1120 - MainUpdater not yet initialized. External WinMGr cannot be set.
2024-01-11 13:14:38,360 [INFO] Updater:1056 - Updater Version found : 6.10.0
2024-01-11 13:14:38,385 [INFO] ApplicationProperties:184 - Using Application install path: C:\ST\STM32CubeIDE_1.14.0\STM32CubeIDE\plugins\com.st.stm32cube.common.mx_6.10.0.202311202037
2024-01-11 13:14:39,951 [INFO] ThirdPartyUpdaterWithRetryManager:70 - Updater plugin not ready yet. [3/15]
2024-01-11 13:14:39,973 [ERROR] LogOutputStream:75 - [STDERR_REDIRECT] Jan 11, 2024 1:14:39 PM java.util.prefs.WindowsPreferences <init>
2024-01-11 13:14:39,976 [ERROR] LogOutputStream:75 - [STDERR_REDIRECT] WARNING: Could not open/create prefs root node Software\JavaSoft\Prefs at root 0xffffffff80000002. Windows RegCreateKeyEx(...) returned error code 5.
2024-01-11 13:14:39,977 [ERROR] LogOutputStream:75 - [STDERR_REDIRECT] 
2024-01-11 13:14:40,693 [INFO] MainUpdater:2873 - connection check result : 10
2024-01-11 13:14:40,696 [INFO] MainUpdater:290 - Updater Check For Update Now.
2024-01-11 13:14:40,696 [INFO] MicroXplorer:498 - Change Database Version : DB.6.0.100
2024-01-11 13:14:40,736 [INFO] McuFinderGlobals:63 - Set McuFinder mode to 2 (CubeIDE integrated)
2024-01-11 13:14:40,736 [INFO] UserAuth:180 - activating auth plugin
2024-01-11 13:14:40,745 [INFO] UserAuth:404 - Internet connection configuration mode: 1
2024-01-11 13:14:40,801 [INFO] JxBrowserEngine:152 - Initiate JxBrowser Engine with user profile folder
2024-01-11 13:14:40,978 [INFO] CheckServerUpdateThread:120 - End of CheckServer Thread
2024-01-11 13:14:43,215 [WARN] PackLoader:240 - Cannot read IP mode file for STMicroelectronics.X-CUBE-SMBUS.2.1.0
2024-01-11 13:14:43,236 [WARN] PackLoader:240 - Cannot read IP mode file for STMicroelectronics.X-CUBE-TOUCHGFX.4.23.0
2024-01-11 13:14:43,303 [WARN] PackLoader:240 - Cannot read IP mode file for STMicroelectronics.X-CUBE-AZRTOS-F7.1.1.0
2024-01-11 13:14:43,329 [WARN] PackLoader:240 - Cannot read IP mode file for STMicroelectronics.FP-SNS-MOTENV1.4.3.2
2024-01-11 13:14:43,355 [WARN] PackLoader:240 - Cannot read IP mode file for STMicroelectronics.FP-SNS-FLIGHT1.5.0.2
2024-01-11 13:14:43,379 [WARN] PackLoader:240 - Cannot read IP mode file for STMicroelectronics.X-CUBE-DISPLAY.3.0.0
2024-01-11 13:14:43,410 [WARN] PackLoader:240 - Cannot read IP mode file for STMicroelectronics.X-CUBE-BLE1.7.0.0
2024-01-11 13:14:43,429 [WARN] PackLoader:240 - Cannot read IP mode file for emotas.I-CUBE-CANOPEN.1.3.0
2024-01-11 13:14:43,448 [WARN] PackLoader:240 - Cannot read IP mode file for STMicroelectronics.FP-SNS-SMARTAG2.1.2.0
2024-01-11 13:14:43,488 [INFO] LogOutputStream:77 - [STDOUT_REDIRECT] 1 : Invalid condition id : UX_CORESTACK_Condition cause : null
2024-01-11 13:14:43,488 [INFO] LogOutputStream:77 - [STDOUT_REDIRECT] 1 : Invalid condition id : UX_CORESTACK_Condition cause : null
2024-01-11 13:14:43,490 [INFO] LogOutputStream:77 - [STDOUT_REDIRECT] 1 : Invalid condition id : UX_CORESTACK_Condition cause : null
2024-01-11 13:14:43,492 [INFO] LogOutputStream:77 - [STDOUT_REDIRECT] 1 : Invalid condition id : UX_CORESTACK_Condition cause : null
2024-01-11 13:14:43,494 [INFO] LogOutputStream:77 - [STDOUT_REDIRECT] 1 : Invalid condition id : UX_CORESTACK_Condition cause : null
2024-01-11 13:14:43,500 [WARN] PackLoader:240 - Cannot read IP mode file for STMicroelectronics.X-CUBE-AZRTOS-WL.2.0.0
2024-01-11 13:14:43,526 [WARN] PackLoader:240 - Cannot read IP mode file for WES.I-CUBE-Cesium.1.3.0
2024-01-11 13:14:43,543 [WARN] PackLoader:240 - Cannot read IP mode file for STMicroelectronics.X-CUBE-BLE2.3.3.0
2024-01-11 13:14:43,565 [WARN] PackLoader:240 - Cannot read IP mode file for STMicroelectronics.X-CUBE-ALGOBUILD.1.3.0
2024-01-11 13:14:43,610 [WARN] PackLoader:240 - Cannot read IP mode file for STMicroelectronics.X-CUBE-AZRTOS-G0.1.1.0
2024-01-11 13:14:43,632 [WARN] PackLoader:240 - Cannot read IP mode file for STMicroelectronics.X-CUBE-NFC4.3.0.0
2024-01-11 13:14:43,658 [WARN] PackLoader:240 - Cannot read IP mode file for STMicroelectronics.X-CUBE-BLEMGR.3.0.0
2024-01-11 13:14:43,677 [WARN] PackLoader:240 - Cannot read IP mode file for STMicroelectronics.FP-ATR-SIGFOX1.3.2.0
2024-01-11 13:14:43,732 [WARN] PackLoader:240 - Cannot read IP mode file for SEGGER.I-CUBE-embOS.1.3.1
2024-01-11 13:14:43,806 [WARN] PackLoader:240 - Cannot read IP mode file for STMicroelectronics.X-CUBE-GNSS1.6.0.0
2024-01-11 13:14:43,848 [WARN] PackLoader:240 - Cannot read IP mode file for STMicroelectronics.X-CUBE-AZRTOS-F4.1.1.0
2024-01-11 13:14:43,869 [WARN] PackLoader:240 - Cannot read IP mode file for wolfSSL.I-CUBE-wolfSSL.5.6.6
2024-01-11 13:14:43,909 [WARN] PackLoader:240 - Cannot read IP mode file for STMicroelectronics.X-CUBE-AZRTOS-L5.2.0.0
2024-01-11 13:14:43,931 [WARN] PackLoader:240 - Cannot read IP mode file for STMicroelectronics.X-CUBE-EEPRMA1.4.2.0
2024-01-11 13:14:43,953 [WARN] PackLoader:240 - Cannot read IP mode file for ITTIA_DB.I-CUBE-ITTIADB.8.8.0
2024-01-11 13:14:43,971 [WARN] PackLoader:240 - Cannot read IP mode file for STMicroelectronics.X-CUBE-NFC7.1.0.1
2024-01-11 13:14:43,995 [WARN] PackLoader:240 - Cannot read IP mode file for STMicroelectronics.X-CUBE-NFC6.3.0.0
2024-01-11 13:14:44,012 [WARN] PackLoader:240 - Cannot read IP mode file for STMicroelectronics.X-CUBE-AI.8.1.0
2024-01-11 13:14:44,054 [WARN] ConditionMgr:438 - getConditionDescription Invalid condition id : LAN8742 Phy interface Condition cause : null
2024-01-11 13:14:44,054 [WARN] PackLoader:240 - Cannot read IP mode file for STMicroelectronics.X-CUBE-AZRTOS-L4.2.0.0
2024-01-11 13:14:44,057 [WARN] ConditionMgr:1039 - genDependencies : Invalid condition id : LAN8742 Phy interface Condition cause : null
2024-01-11 13:14:44,057 [WARN] ConditionMgr:1039 - genDependencies : Invalid condition id : LAN8742 Phy interface Condition cause : null
2024-01-11 13:14:44,058 [WARN] ConditionMgr:1039 - genDependencies : Invalid condition id : LAN8742 Phy interface Condition cause : null
2024-01-11 13:14:44,078 [WARN] PackLoader:240 - Cannot read IP mode file for STMicroelectronics.X-CUBE-SFXS2LP1.4.0.0
2024-01-11 13:14:44,112 [WARN] ConditionMgr:438 - getConditionDescription Invalid condition id : UX DEVICE CLASS RTOS Condition cause : null
2024-01-11 13:14:44,113 [WARN] ConditionMgr:438 - getConditionDescription Invalid condition id : UX DEVICE CLASS RTOS Condition cause : null
2024-01-11 13:14:44,115 [WARN] PackLoader:240 - Cannot read IP mode file for STMicroelectronics.X-CUBE-AZRTOS-WB.2.0.0
2024-01-11 13:14:44,116 [WARN] ConditionMgr:1039 - genDependencies : Invalid condition id : UX DEVICE CLASS RTOS Condition cause : null
2024-01-11 13:14:44,116 [WARN] ConditionMgr:1039 - genDependencies : Invalid condition id : UX DEVICE CLASS RTOS Condition cause : null
2024-01-11 13:14:44,117 [WARN] ConditionMgr:1039 - genDependencies : Invalid condition id : UX DEVICE CLASS RTOS Condition cause : null
2024-01-11 13:14:44,117 [WARN] ConditionMgr:1039 - genDependencies : Invalid condition id : UX DEVICE CLASS RTOS Condition cause : null
2024-01-11 13:14:44,118 [WARN] ConditionMgr:1039 - genDependencies : Invalid condition id : UX DEVICE CLASS RTOS Condition cause : null
2024-01-11 13:14:44,148 [WARN] PackLoader:240 - Cannot read IP mode file for STMicroelectronics.X-CUBE-SUBG2.5.0.0
2024-01-11 13:14:44,199 [WARN] PackLoader:240 - Cannot read IP mode file for STMicroelectronics.X-CUBE-AZRTOS-G4.2.0.0
2024-01-11 13:14:44,266 [WARN] PackLoader:240 - Cannot read IP mode file for Infineon.AIROC-Wi-Fi-Bluetooth-STM32.1.5.1
2024-01-11 13:14:44,294 [WARN] PackLoader:240 - Cannot read IP mode file for STMicroelectronics.FP-SNS-MOTENVWB1.1.3.1
2024-01-11 13:14:44,312 [WARN] PackLoader:240 - Cannot read IP mode file for STMicroelectronics.X-CUBE-ISPU.2.0.0
2024-01-11 13:14:44,376 [WARN] PackLoader:240 - Cannot read IP mode file for STMicroelectronics.X-CUBE-MEMS1.10.0.0
2024-01-11 13:14:44,557 [WARN] PackLoader:240 - Cannot read IP mode file for STMicroelectronics.X-CUBE-FREERTOS.1.1.0
2024-01-11 13:14:44,575 [WARN] PackLoader:240 - Cannot read IP mode file for portGmbH.I-Cube-SoM-uGOAL.1.1.0
2024-01-11 13:14:44,592 [WARN] PackLoader:240 - Cannot read IP mode file for STMicroelectronics.X-CUBE-ALS.1.0.1
2024-01-11 13:14:44,609 [WARN] PackLoader:240 - Cannot read IP mode file for STMicroelectronics.FP-ATR-ASTRA1.2.0.0
2024-01-11 13:14:44,639 [WARN] PackLoader:240 - Cannot read IP mode file for STMicroelectronics.X-CUBE-TOF1.3.4.0
2024-01-11 13:14:44,697 [WARN] PackLoader:240 - Cannot read IP mode file for STMicroelectronics.X-CUBE-AZRTOS-H7.3.2.0
2024-01-11 13:14:44,701 [INFO] ThirdParty:978 - Integrity check success = true
2024-01-11 13:14:44,702 [INFO] IntegrityCheckThread:100 - exiting critical section [integrity check]
2024-01-11 13:14:44,702 [INFO] IntegrityCheckThread:103 - End integrity checks thread
2024-01-11 13:14:45,399 [INFO] WebApp:161 - Instantiating new browser for Auth
2024-01-11 13:14:46,345 [INFO] WebApp:780 - Register for checkConnection events
2024-01-11 13:14:46,346 [INFO] WebApp:414 - Apply proxy settings
2024-01-11 13:14:46,346 [INFO] WebApp:499 - Chromium requires no authentication
2024-01-11 13:14:46,361 [INFO] WebApp:442 - Direct internet connection detected
2024-01-11 13:14:46,677 [INFO] WebApp:192 - Starting web application
2024-01-11 13:14:46,678 [INFO] WebApp:544 - Web application path used C:\ST\STM32CubeIDE_1.14.0\STM32CubeIDE\plugins\com.st.stm32cube.common.mx_6.10.0.202311202037\db\plugins\mcufinder\reactClient1\index.html
2024-01-11 13:15:08,214 [ERROR] LogOutputStream:75 - [STDERR_REDIRECT] SLF4J: Failed to load class "org.slf4j.impl.StaticLoggerBinder".
2024-01-11 13:15:08,216 [ERROR] LogOutputStream:75 - [STDERR_REDIRECT] SLF4J: Defaulting to no-operation (NOP) logger implementation
2024-01-11 13:15:08,218 [ERROR] LogOutputStream:75 - [STDERR_REDIRECT] SLF4J: See http://www.slf4j.org/codes.html#StaticLoggerBinder for further details.
2024-01-11 14:22:07,789 [INFO] McuFinderGlobals:63 - Set McuFinder mode to 2 (CubeIDE integrated)
2024-01-11 14:22:07,817 [INFO] MainUpdater:2873 - connection check result : 10
2024-01-11 14:22:08,406 [INFO] ApiDb:581 - Connected to CubeFinder SQLite database (C:\Users\pyrga\.stmcufinder\plugins\mcufinder\mcu\cube-finder-db.db)
2024-01-11 14:22:08,492 [INFO] ApiDb:668 - CubeFinder database Data Model version=2.1
2024-01-11 14:22:08,492 [INFO] ApiDb:669 - CubeFinder database Configuration version=3.0.39
2024-01-11 14:22:08,493 [INFO] ApiDb:670 - CubeFinder database generation date=2023-12-08 (1702028721)
2024-01-11 14:22:08,493 [INFO] ApiDb:671 - CubeFinder database FW Pack versions=[FP-ATR-ASTRA1_V2.0.0, FP-SNS-FLIGHT1_V5.0.1, FP-SNS-FLIGHT1_V5.0.2, FP-SNS-MOTENV1_V4.3.1, FP-SNS-MOTENV1_V4.3.2, FP-SNS-MOTENVWB1_V1.3.1, FP-SNS-SMARTAG2_V1.2.0, STM32Cube_FW_C0_V1.1.0, STM32Cube_FW_F4_V1.28.0, STM32Cube_FW_F7_V1.17.0, STM32Cube_FW_G0_V1.6.1, STM32Cube_FW_G4_V1.5.1, STM32Cube_FW_H5_V0.5.1, STM32Cube_FW_H5_V1.1.1, STM32Cube_FW_H5_V1.2.0RC2, STM32Cube_FW_H7_V1.11.0, STM32Cube_FW_L0_V1.12.2, STM32Cube_FW_L5_V1.5.0, STM32Cube_FW_U5_V1.3.0RC4, STM32Cube_FW_U5_V1.4.0, STM32Cube_FW_WBA_V1.0.0RC1, STM32Cube_FW_WBA_V1.1.0RC1, STM32Cube_FW_WBA_V1.2.0, STM32Cube_FW_WBA_V1.2.0RC2, STM32Cube_FW_WB_V1.15.0RC1, STM32Cube_FW_WB_V1.16.0, STM32Cube_FW_WB_V1.16.0RC2, STM32Cube_FW_WB_V1.18.0, STM32Cube_FW_WL_V1.3.0, X-CUBE-ALGOBUILD_V1.3.0, X-CUBE-ALS_V1.0.1, X-CUBE-AZRTOS-F4_V1.1.0, X-CUBE-AZRTOS-F7_V1.1.0, X-CUBE-AZRTOS-G0_V1.1.0, X-CUBE-AZRTOS-G4_V2.0.0, X-CUBE-AZRTOS-H7_V3.1.0, X-CUBE-AZRTOS-L4_V1.0.0, X-CUBE-AZRTOS-L4_V2.0.0, X-CUBE-AZRTOS-L5_V1.1.0, X-CUBE-AZRTOS-WB_V2.0.0, X-CUBE-AZRTOS-WL_V2.0.0, X-CUBE-BLE1_V7.0.0, X-CUBE-BLE2_V3.3.0, X-CUBE-BLEMGR_V3.0.0, X-CUBE-EEPRMA1_V4.1.0, X-CUBE-EEPRMA1_V4.2.0, X-CUBE-FREERTOS_V1.1.0, X-CUBE-GNSS1_V6.0.0, X-CUBE-MEMS1_V10.0.0, X-CUBE-MEMS1_V9.1.0, X-CUBE-MEMS1_V9.4.0, X-CUBE-MEMS1_V9.6.0, X-CUBE-NFC4_V3.0.0, X-CUBE-NFC7_V1.0.1, X-CUBE-SFXS2LP1_V4.0.0, X-CUBE-SUBG2_V5.0.0, X-CUBE-TOF1_V3.4.0]
2024-01-11 14:22:08,643 [INFO] DbBoardsSqlite:226 - include board P-NUCLEO-WB55-NUCLEO as a kit item of type 'Nucleo-64'
2024-01-11 14:22:08,643 [INFO] DbBoardsSqlite:226 - include board P-NUCLEO-WB55-USBDONGLE as a kit item of type 'Nucleo USB Dongle'
2024-01-11 14:22:08,644 [INFO] DbBoardsSqlite:226 - include board STEVAL-IDP005V1 as a kit item of type 'Evaluation Board'
2024-01-11 14:22:08,645 [INFO] DbBoardsSqlite:226 - include board STEVAL-IDP005V2 as a kit item of type 'Evaluation Board'
2024-01-11 14:22:09,150 [INFO] ApiDb:240 - Found 371 in-development CPN: [B-G473E-ZEST1S, B-WB1M-WPAN1, B-WL5M-SUBG1, NUCLEO-C031C6, NUCLEO-H503RB, NUCLEO-H563ZI, NUCLEO-U545RE-Q, NUCLEO-U5A5ZJ-Q, NUCLEO-WBA52CG, NUCLEO-WBA55CG, STEVAL-MKBOXPRO, STEVAL-PROTEUS1, STEVAL-STWINBX1, STM320518-EVAL, STM32C0116-DK, STM32C011D6Y3TR, STM32C011D6Y6TR, STM32C011F4P3, STM32C011F4P6, STM32C011F4U3, STM32C011F4U6TR, STM32C011F6P3, STM32C011F6P6, STM32C011F6U3, STM32C011F6U6TR, STM32C011J4M3, STM32C011J4M6, STM32C011J6M3, STM32C011J6M6, STM32C0316-DK, STM32C031C4T3, STM32C031C4T6, STM32C031C4U3, STM32C031C4U6, STM32C031C6T3, STM32C031C6T6, STM32C031C6U3, STM32C031C6U6, STM32C031F4P3, STM32C031F4P6, STM32C031F6P3, STM32C031F6P6, STM32C031G4U3, STM32C031G4U6, STM32C031G6U3, STM32C031G6U6, STM32C031K4T3, STM32C031K4T6, STM32C031K4U3, STM32C031K4U6, STM32C031K6T3, STM32C031K6T6, STM32C031K6U3, STM32C031K6U6, STM32G071K8TXN, STM32G071K8UXN, STM32G081GBU6N, STM32G081KBT6N, STM32G081KBUXN, STM32G0B1CCT6N, STM32G0B1KCT6, STM32G0B1NEY6TR, STM32G0B1RCT6N, STM32G0C1CCT6, STM32G0C1CCT6N, STM32G0C1CCU6N, STM32G0C1CET6N, STM32G0C1CEU6N, STM32G0C1KCT6, STM32G0C1NEY6TR, STM32G0C1RCI6N, STM32G0C1RCT6N, STM32G0C1REI6N, STM32G0C1RET6N, STM32G0C1VCI6, STM32G0C1VEI6, STM32G471CCT6, STM32G471CCU6, STM32G471CET3, STM32G471CET6, STM32G471CEU3, STM32G471CEU6, STM32G471MCT6, STM32G471MET3, STM32G471MET6, STM32G471MEY6TR, STM32G471QCT6, STM32G471QET3, STM32G471RCT6, STM32G471RET3, STM32G471RET6, STM32G471VCH6, STM32G471VCI6, STM32G471VCT6, STM32G471VEH3, STM32G471VEH6, STM32G471VEI3, STM32G471VEI6, STM32G471VET3, STM32G471VET6, STM32G474CCT6, STM32H503CBT6, STM32H503CBU6, STM32H503EBY6TR, STM32H503KBU6, STM32H503RBT6, STM32H562AGI6, STM32H562AII6, STM32H562IGK6, STM32H562IGT6, STM32H562IIK6, STM32H562IIT6, STM32H562RGT6, STM32H562RGV6, STM32H562RIT6, STM32H562RIV6, STM32H562VGT6, STM32H562VIT6, STM32H562ZGT6, STM32H562ZIT6, STM32H563AGI6, STM32H563AII3Q, STM32H563AII6, STM32H563IGK6, STM32H563IGT6, STM32H563IIK3Q, STM32H563IIK6, STM32H563IIT3Q, STM32H563IIT6, STM32H563MIY3QTR, STM32H563RGT6, STM32H563RGV6, STM32H563RIT6, STM32H563RIV6, STM32H563VGT6, STM32H563VIT3Q, STM32H563VIT6, STM32H563ZGT6, STM32H563ZIT3Q, STM32H563ZIT6, STM32H573AII3Q, STM32H573AII6, STM32H573I-DK, STM32H573IIK3Q, STM32H573IIK6, STM32H573IIT3Q, STM32H573IIT6, STM32H573MIY3QTR, STM32H573RIT6, STM32H573RIV6, STM32H573VIT3Q, STM32H573VIT6, STM32H573ZIT3Q, STM32H573ZIT6, STM32L4R5QGI6STR, STM32MP131AAE3, STM32MP131AAF3, STM32MP131AAG3, STM32MP131CAE3, STM32MP131CAF3, STM32MP131CAG3, STM32MP131DAE7, STM32MP131DAF7, STM32MP131DAG7, STM32MP131FAE7, STM32MP131FAF7, STM32MP131FAG7, STM32MP133AAE3, STM32MP133AAF3, STM32MP133AAG3, STM32MP133CAE3, STM32MP133CAF3, STM32MP133CAG3, STM32MP133DAE7, STM32MP133DAF7, STM32MP133DAG7, STM32MP133FAE7, STM32MP133FAF7, STM32MP133FAG7, STM32MP135AAE3, STM32MP135AAF3, STM32MP135AAG3, STM32MP135CAE3, STM32MP135CAF3, STM32MP135CAG3, STM32MP135DAE7, STM32MP135DAF7, STM32MP135DAG7, STM32MP135F-DK, STM32MP135FAE7, STM32MP135FAF7, STM32MP135FAF7T, STM32MP135FAF7U, STM32MP135FAG7, STM32U535CBT6, STM32U535CBT6Q, STM32U535CBU6, STM32U535CBU6Q, STM32U535CCT6, STM32U535CCT6Q, STM32U535CCU6, STM32U535CCU6Q, STM32U535CET6, STM32U535CET6Q, STM32U535CEU6, STM32U535CEU6Q, STM32U535JEY6QTR, STM32U535NCY6QTR, STM32U535NEY6QTR, STM32U535RBI6, STM32U535RBI6Q, STM32U535RBT6, STM32U535RBT6Q, STM32U535RCI6, STM32U535RCI6Q, STM32U535RCT6, STM32U535RCT6Q, STM32U535REI6, STM32U535REI6Q, STM32U535RET6, STM32U535RET6Q, STM32U535VCI6, STM32U535VCI6Q, STM32U535VCT6, STM32U535VCT6Q, STM32U535VEI6, STM32U535VEI6Q, STM32U535VET6, STM32U535VET6Q, STM32U545CET6, STM32U545CET6Q, STM32U545CEU6, STM32U545CEU6Q, STM32U545JEY6QTR, STM32U545NEY6QTR, STM32U545REI6, STM32U545REI6Q, STM32U545RET6, STM32U545RET6Q, STM32U545VEI6, STM32U545VEI6Q, STM32U545VET6, STM32U545VET6Q, STM32U595AIH6, STM32U595AIH6Q, STM32U595AJH6, STM32U595AJH6Q, STM32U595QII6, STM32U595QII6Q, STM32U595QJI6, STM32U595QJI6Q, STM32U595RIT6, STM32U595RIT6Q, STM32U595RJT6, STM32U595RJT6Q, STM32U595VIT6, STM32U595VIT6Q, STM32U595VJT6, STM32U595VJT6Q, STM32U595ZIT6, STM32U595ZIT6Q, STM32U595ZIY6QTR, STM32U595ZJT6, STM32U595ZJT6Q, STM32U595ZJY6QTR, STM32U599BJY6QTR, STM32U599NIH6Q, STM32U599NJH6Q, STM32U599VIT6Q, STM32U599VJT6, STM32U599VJT6Q, STM32U599ZIT6Q, STM32U599ZIY6QTR, STM32U599ZJT6Q, STM32U599ZJY6QTR, STM32U5A5AJH6, STM32U5A5AJH6Q, STM32U5A5QJI6, STM32U5A5QJI6Q, STM32U5A5RJT6, STM32U5A5RJT6Q, STM32U5A5VJT6, STM32U5A5VJT6Q, STM32U5A5ZJT6, STM32U5A5ZJT6Q, STM32U5A5ZJY6QTR, STM32U5A9BJY6QTR, STM32U5A9J-DK, STM32U5A9NJH6Q, STM32U5A9VJT6Q, STM32U5A9ZJT6Q, STM32U5A9ZJY6QTR, STM32U5F7VIT6, STM32U5F7VIT6Q, STM32U5F7VJT6, STM32U5F7VJT6Q, STM32U5F9BJY6QTR, STM32U5F9NJH6Q, STM32U5F9VIT6Q, STM32U5F9VJT6Q, STM32U5F9ZIJ6QTR, STM32U5F9ZIT6Q, STM32U5F9ZJJ6QTR, STM32U5F9ZJT6Q, STM32U5G7VJT6, STM32U5G7VJT6Q, STM32U5G9BJY6QTR, STM32U5G9J-DK1, STM32U5G9J-DK2, STM32U5G9NJH6Q, STM32U5G9VJT6Q, STM32U5G9ZJJ6QTR, STM32U5G9ZJT6Q, STM32WB1MMCH6, STM32WBA50KEU6, STM32WBA50KEU6TR, STM32WBA50KGU6, STM32WBA50KGU6TR, STM32WBA52CEU6, STM32WBA52CEU6TR, STM32WBA52CEU7, STM32WBA52CEU7TR, STM32WBA52CGU6, STM32WBA52CGU6TR, STM32WBA52CGU6U, STM32WBA52CGU7, STM32WBA52CGU7TR, STM32WBA52KEU6, STM32WBA52KEU6TR, STM32WBA52KGU6, STM32WBA52KGU6TR, STM32WBA54CEU6, STM32WBA54CEU6TR, STM32WBA54CEU7, STM32WBA54CEU7TR, STM32WBA54CGU6, STM32WBA54CGU6TR, STM32WBA54CGU7, STM32WBA54CGU7TR, STM32WBA54KEU6, STM32WBA54KEU6TR, STM32WBA54KEU7, STM32WBA54KEU7TR, STM32WBA54KGU6, STM32WBA54KGU6TR, STM32WBA54KGU7, STM32WBA54KGU7TR, STM32WBA55CEU6, STM32WBA55CEU6TR, STM32WBA55CEU7, STM32WBA55CEU7TR, STM32WBA55CGU6, STM32WBA55CGU6TR, STM32WBA55CGU6U, STM32WBA55CGU7, STM32WBA55CGU7TR, STM32WBA55G-DK1, STM32WBA55HEF6, STM32WBA55HEF7, STM32WBA55HGF6, STM32WBA55HGF7, STM32WBA55UEI6, STM32WBA55UEI6TR, STM32WBA55UEI7, STM32WBA55UEI7TR, STM32WBA55UGI6, STM32WBA55UGI6TR, STM32WBA55UGI7, STM32WBA55UGI7TR, STM32WL5MOCH6, STM32WL5MOCH6TR]
2024-01-11 14:22:09,251 [INFO] BoardInfo:889 - No configuration file found for board P-NUCLEO-WB55
2024-01-11 14:22:09,251 [INFO] DbBoards:161 - Kit is not supported: P-NUCLEO-WB55
2024-01-11 14:22:09,255 [INFO] BoardInfo:889 - No configuration file found for board STEVAL-BFA001V1B
2024-01-11 14:22:09,255 [INFO] DbBoards:161 - Kit is not supported: STEVAL-BFA001V1B
2024-01-11 14:22:09,256 [INFO] BoardInfo:889 - No configuration file found for board STEVAL-BFA001V2B
2024-01-11 14:22:09,256 [INFO] DbBoards:161 - Kit is not supported: STEVAL-BFA001V2B
2024-01-11 14:22:09,441 [INFO] DbBoards:168 - Found 193 boards, 190 are supported
2024-01-11 14:22:09,441 [INFO] DbBoards:169 - Found 193 boards, 3 of them is supported for  Bsp
2024-01-11 14:22:09,448 [INFO] ApiDb:668 - CubeFinder database Data Model version=2.1
2024-01-11 14:22:09,448 [INFO] ApiDb:669 - CubeFinder database Configuration version=3.0.39
2024-01-11 14:22:09,448 [INFO] ApiDb:670 - CubeFinder database generation date=2023-12-08 (1702028721)
2024-01-11 14:22:09,448 [INFO] ApiDb:671 - CubeFinder database FW Pack versions=[FP-ATR-ASTRA1_V2.0.0, FP-SNS-FLIGHT1_V5.0.1, FP-SNS-FLIGHT1_V5.0.2, FP-SNS-MOTENV1_V4.3.1, FP-SNS-MOTENV1_V4.3.2, FP-SNS-MOTENVWB1_V1.3.1, FP-SNS-SMARTAG2_V1.2.0, STM32Cube_FW_C0_V1.1.0, STM32Cube_FW_F4_V1.28.0, STM32Cube_FW_F7_V1.17.0, STM32Cube_FW_G0_V1.6.1, STM32Cube_FW_G4_V1.5.1, STM32Cube_FW_H5_V0.5.1, STM32Cube_FW_H5_V1.1.1, STM32Cube_FW_H5_V1.2.0RC2, STM32Cube_FW_H7_V1.11.0, STM32Cube_FW_L0_V1.12.2, STM32Cube_FW_L5_V1.5.0, STM32Cube_FW_U5_V1.3.0RC4, STM32Cube_FW_U5_V1.4.0, STM32Cube_FW_WBA_V1.0.0RC1, STM32Cube_FW_WBA_V1.1.0RC1, STM32Cube_FW_WBA_V1.2.0, STM32Cube_FW_WBA_V1.2.0RC2, STM32Cube_FW_WB_V1.15.0RC1, STM32Cube_FW_WB_V1.16.0, STM32Cube_FW_WB_V1.16.0RC2, STM32Cube_FW_WB_V1.18.0, STM32Cube_FW_WL_V1.3.0, X-CUBE-ALGOBUILD_V1.3.0, X-CUBE-ALS_V1.0.1, X-CUBE-AZRTOS-F4_V1.1.0, X-CUBE-AZRTOS-F7_V1.1.0, X-CUBE-AZRTOS-G0_V1.1.0, X-CUBE-AZRTOS-G4_V2.0.0, X-CUBE-AZRTOS-H7_V3.1.0, X-CUBE-AZRTOS-L4_V1.0.0, X-CUBE-AZRTOS-L4_V2.0.0, X-CUBE-AZRTOS-L5_V1.1.0, X-CUBE-AZRTOS-WB_V2.0.0, X-CUBE-AZRTOS-WL_V2.0.0, X-CUBE-BLE1_V7.0.0, X-CUBE-BLE2_V3.3.0, X-CUBE-BLEMGR_V3.0.0, X-CUBE-EEPRMA1_V4.1.0, X-CUBE-EEPRMA1_V4.2.0, X-CUBE-FREERTOS_V1.1.0, X-CUBE-GNSS1_V6.0.0, X-CUBE-MEMS1_V10.0.0, X-CUBE-MEMS1_V9.1.0, X-CUBE-MEMS1_V9.4.0, X-CUBE-MEMS1_V9.6.0, X-CUBE-NFC4_V3.0.0, X-CUBE-NFC7_V1.0.1, X-CUBE-SFXS2LP1_V4.0.0, X-CUBE-SUBG2_V5.0.0, X-CUBE-TOF1_V3.4.0]
2024-01-11 14:22:11,409 [INFO] ApiDb:240 - Found 371 in-development CPN: [B-G473E-ZEST1S, B-WB1M-WPAN1, B-WL5M-SUBG1, NUCLEO-C031C6, NUCLEO-H503RB, NUCLEO-H563ZI, NUCLEO-U545RE-Q, NUCLEO-U5A5ZJ-Q, NUCLEO-WBA52CG, NUCLEO-WBA55CG, STEVAL-MKBOXPRO, STEVAL-PROTEUS1, STEVAL-STWINBX1, STM320518-EVAL, STM32C0116-DK, STM32C011D6Y3TR, STM32C011D6Y6TR, STM32C011F4P3, STM32C011F4P6, STM32C011F4U3, STM32C011F4U6TR, STM32C011F6P3, STM32C011F6P6, STM32C011F6U3, STM32C011F6U6TR, STM32C011J4M3, STM32C011J4M6, STM32C011J6M3, STM32C011J6M6, STM32C0316-DK, STM32C031C4T3, STM32C031C4T6, STM32C031C4U3, STM32C031C4U6, STM32C031C6T3, STM32C031C6T6, STM32C031C6U3, STM32C031C6U6, STM32C031F4P3, STM32C031F4P6, STM32C031F6P3, STM32C031F6P6, STM32C031G4U3, STM32C031G4U6, STM32C031G6U3, STM32C031G6U6, STM32C031K4T3, STM32C031K4T6, STM32C031K4U3, STM32C031K4U6, STM32C031K6T3, STM32C031K6T6, STM32C031K6U3, STM32C031K6U6, STM32G071K8TXN, STM32G071K8UXN, STM32G081GBU6N, STM32G081KBT6N, STM32G081KBUXN, STM32G0B1CCT6N, STM32G0B1KCT6, STM32G0B1NEY6TR, STM32G0B1RCT6N, STM32G0C1CCT6, STM32G0C1CCT6N, STM32G0C1CCU6N, STM32G0C1CET6N, STM32G0C1CEU6N, STM32G0C1KCT6, STM32G0C1NEY6TR, STM32G0C1RCI6N, STM32G0C1RCT6N, STM32G0C1REI6N, STM32G0C1RET6N, STM32G0C1VCI6, STM32G0C1VEI6, STM32G471CCT6, STM32G471CCU6, STM32G471CET3, STM32G471CET6, STM32G471CEU3, STM32G471CEU6, STM32G471MCT6, STM32G471MET3, STM32G471MET6, STM32G471MEY6TR, STM32G471QCT6, STM32G471QET3, STM32G471RCT6, STM32G471RET3, STM32G471RET6, STM32G471VCH6, STM32G471VCI6, STM32G471VCT6, STM32G471VEH3, STM32G471VEH6, STM32G471VEI3, STM32G471VEI6, STM32G471VET3, STM32G471VET6, STM32G474CCT6, STM32H503CBT6, STM32H503CBU6, STM32H503EBY6TR, STM32H503KBU6, STM32H503RBT6, STM32H562AGI6, STM32H562AII6, STM32H562IGK6, STM32H562IGT6, STM32H562IIK6, STM32H562IIT6, STM32H562RGT6, STM32H562RGV6, STM32H562RIT6, STM32H562RIV6, STM32H562VGT6, STM32H562VIT6, STM32H562ZGT6, STM32H562ZIT6, STM32H563AGI6, STM32H563AII3Q, STM32H563AII6, STM32H563IGK6, STM32H563IGT6, STM32H563IIK3Q, STM32H563IIK6, STM32H563IIT3Q, STM32H563IIT6, STM32H563MIY3QTR, STM32H563RGT6, STM32H563RGV6, STM32H563RIT6, STM32H563RIV6, STM32H563VGT6, STM32H563VIT3Q, STM32H563VIT6, STM32H563ZGT6, STM32H563ZIT3Q, STM32H563ZIT6, STM32H573AII3Q, STM32H573AII6, STM32H573I-DK, STM32H573IIK3Q, STM32H573IIK6, STM32H573IIT3Q, STM32H573IIT6, STM32H573MIY3QTR, STM32H573RIT6, STM32H573RIV6, STM32H573VIT3Q, STM32H573VIT6, STM32H573ZIT3Q, STM32H573ZIT6, STM32L4R5QGI6STR, STM32MP131AAE3, STM32MP131AAF3, STM32MP131AAG3, STM32MP131CAE3, STM32MP131CAF3, STM32MP131CAG3, STM32MP131DAE7, STM32MP131DAF7, STM32MP131DAG7, STM32MP131FAE7, STM32MP131FAF7, STM32MP131FAG7, STM32MP133AAE3, STM32MP133AAF3, STM32MP133AAG3, STM32MP133CAE3, STM32MP133CAF3, STM32MP133CAG3, STM32MP133DAE7, STM32MP133DAF7, STM32MP133DAG7, STM32MP133FAE7, STM32MP133FAF7, STM32MP133FAG7, STM32MP135AAE3, STM32MP135AAF3, STM32MP135AAG3, STM32MP135CAE3, STM32MP135CAF3, STM32MP135CAG3, STM32MP135DAE7, STM32MP135DAF7, STM32MP135DAG7, STM32MP135F-DK, STM32MP135FAE7, STM32MP135FAF7, STM32MP135FAF7T, STM32MP135FAF7U, STM32MP135FAG7, STM32U535CBT6, STM32U535CBT6Q, STM32U535CBU6, STM32U535CBU6Q, STM32U535CCT6, STM32U535CCT6Q, STM32U535CCU6, STM32U535CCU6Q, STM32U535CET6, STM32U535CET6Q, STM32U535CEU6, STM32U535CEU6Q, STM32U535JEY6QTR, STM32U535NCY6QTR, STM32U535NEY6QTR, STM32U535RBI6, STM32U535RBI6Q, STM32U535RBT6, STM32U535RBT6Q, STM32U535RCI6, STM32U535RCI6Q, STM32U535RCT6, STM32U535RCT6Q, STM32U535REI6, STM32U535REI6Q, STM32U535RET6, STM32U535RET6Q, STM32U535VCI6, STM32U535VCI6Q, STM32U535VCT6, STM32U535VCT6Q, STM32U535VEI6, STM32U535VEI6Q, STM32U535VET6, STM32U535VET6Q, STM32U545CET6, STM32U545CET6Q, STM32U545CEU6, STM32U545CEU6Q, STM32U545JEY6QTR, STM32U545NEY6QTR, STM32U545REI6, STM32U545REI6Q, STM32U545RET6, STM32U545RET6Q, STM32U545VEI6, STM32U545VEI6Q, STM32U545VET6, STM32U545VET6Q, STM32U595AIH6, STM32U595AIH6Q, STM32U595AJH6, STM32U595AJH6Q, STM32U595QII6, STM32U595QII6Q, STM32U595QJI6, STM32U595QJI6Q, STM32U595RIT6, STM32U595RIT6Q, STM32U595RJT6, STM32U595RJT6Q, STM32U595VIT6, STM32U595VIT6Q, STM32U595VJT6, STM32U595VJT6Q, STM32U595ZIT6, STM32U595ZIT6Q, STM32U595ZIY6QTR, STM32U595ZJT6, STM32U595ZJT6Q, STM32U595ZJY6QTR, STM32U599BJY6QTR, STM32U599NIH6Q, STM32U599NJH6Q, STM32U599VIT6Q, STM32U599VJT6, STM32U599VJT6Q, STM32U599ZIT6Q, STM32U599ZIY6QTR, STM32U599ZJT6Q, STM32U599ZJY6QTR, STM32U5A5AJH6, STM32U5A5AJH6Q, STM32U5A5QJI6, STM32U5A5QJI6Q, STM32U5A5RJT6, STM32U5A5RJT6Q, STM32U5A5VJT6, STM32U5A5VJT6Q, STM32U5A5ZJT6, STM32U5A5ZJT6Q, STM32U5A5ZJY6QTR, STM32U5A9BJY6QTR, STM32U5A9J-DK, STM32U5A9NJH6Q, STM32U5A9VJT6Q, STM32U5A9ZJT6Q, STM32U5A9ZJY6QTR, STM32U5F7VIT6, STM32U5F7VIT6Q, STM32U5F7VJT6, STM32U5F7VJT6Q, STM32U5F9BJY6QTR, STM32U5F9NJH6Q, STM32U5F9VIT6Q, STM32U5F9VJT6Q, STM32U5F9ZIJ6QTR, STM32U5F9ZIT6Q, STM32U5F9ZJJ6QTR, STM32U5F9ZJT6Q, STM32U5G7VJT6, STM32U5G7VJT6Q, STM32U5G9BJY6QTR, STM32U5G9J-DK1, STM32U5G9J-DK2, STM32U5G9NJH6Q, STM32U5G9VJT6Q, STM32U5G9ZJJ6QTR, STM32U5G9ZJT6Q, STM32WB1MMCH6, STM32WBA50KEU6, STM32WBA50KEU6TR, STM32WBA50KGU6, STM32WBA50KGU6TR, STM32WBA52CEU6, STM32WBA52CEU6TR, STM32WBA52CEU7, STM32WBA52CEU7TR, STM32WBA52CGU6, STM32WBA52CGU6TR, STM32WBA52CGU6U, STM32WBA52CGU7, STM32WBA52CGU7TR, STM32WBA52KEU6, STM32WBA52KEU6TR, STM32WBA52KGU6, STM32WBA52KGU6TR, STM32WBA54CEU6, STM32WBA54CEU6TR, STM32WBA54CEU7, STM32WBA54CEU7TR, STM32WBA54CGU6, STM32WBA54CGU6TR, STM32WBA54CGU7, STM32WBA54CGU7TR, STM32WBA54KEU6, STM32WBA54KEU6TR, STM32WBA54KEU7, STM32WBA54KEU7TR, STM32WBA54KGU6, STM32WBA54KGU6TR, STM32WBA54KGU7, STM32WBA54KGU7TR, STM32WBA55CEU6, STM32WBA55CEU6TR, STM32WBA55CEU7, STM32WBA55CEU7TR, STM32WBA55CGU6, STM32WBA55CGU6TR, STM32WBA55CGU6U, STM32WBA55CGU7, STM32WBA55CGU7TR, STM32WBA55G-DK1, STM32WBA55HEF6, STM32WBA55HEF7, STM32WBA55HGF6, STM32WBA55HGF7, STM32WBA55UEI6, STM32WBA55UEI6TR, STM32WBA55UEI7, STM32WBA55UEI7TR, STM32WBA55UGI6, STM32WBA55UGI6TR, STM32WBA55UGI7, STM32WBA55UGI7TR, STM32WL5MOCH6, STM32WL5MOCH6TR]
2024-01-11 14:22:11,413 [INFO] DbMcus:218 - Found 3930 MCUs, 3930 are supported
2024-01-11 14:22:11,416 [INFO] ApiDb:423 - Load user favorites file C:\Users\pyrga/.stm32cubeide/favorites.mcus.txt: 0 item(s)
2024-01-11 14:22:11,416 [INFO] ApiDb:427 - User favorites MCUs=[]
2024-01-11 14:22:11,417 [INFO] DbMcus:224 - Set 0 / 0 favorites MCUs
2024-01-11 14:22:11,629 [INFO] ApiDb:423 - Load user favorites file C:\Users\pyrga/.stm32cubeide/favorites.boards.txt: 0 item(s)
2024-01-11 14:22:11,629 [INFO] ApiDb:427 - User favorites Boards=[]
2024-01-11 14:22:11,629 [INFO] DbBoards:198 - Set 0 / 0 favorites Boards
2024-01-11 14:22:11,629 [INFO] McuFinderGlobals:76 - Set McuFinderConnectedMode to true
2024-01-11 14:22:11,652 [INFO] MultiScanPanel:200 - Auto-refresh data requested => check proxy status ongoing
2024-01-11 14:22:11,655 [INFO] FinderPluginLoader:95 - Searching for filters in installed packs
2024-01-11 14:22:13,223 [INFO] LoadUrlFilesThread:185 - End of LoadServerUrlFiles without Thread
2024-01-11 14:22:13,239 [INFO] DetailPanel:341 - Set advertising image to C:/Users/pyrga/STM32Cube/Repository/\en.prom-stm32wl3-mcu-finder.jpg
2024-01-11 14:22:38,542 [INFO] MultiScanPanel:200 - Auto-refresh data requested => check proxy status ongoing
2024-01-11 14:22:38,704 [INFO] LoadUrlFilesThread:185 - End of LoadServerUrlFiles without Thread
2024-01-11 14:22:38,704 [INFO] DetailPanel:341 - Set advertising image to C:/Users/pyrga/STM32Cube/Repository/\en.prom-stm32wl3-mcu-finder.jpg
2024-01-11 14:22:38,717 [INFO] DbBoards:642 - Loading board mini-images...
2024-01-11 14:22:40,160 [ERROR] DbBoards:659 - Image file not found for board NUCLEO-WBA55CG: C:\Users\pyrga\.stmcufinder\plugins\mcufinder//mcu//boards_images/NUCLEO-WBA55CG.jpg
2024-01-11 14:22:41,747 [ERROR] DbBoards:659 - Image file not found for board STM32WBA55G-DK1: C:\Users\pyrga\.stmcufinder\plugins\mcufinder//mcu//boards_images/STM32WBA55G-DK1.jpg
2024-01-11 14:22:41,747 [INFO] DbBoards:665 - Loaded 191 board mini-images
2024-01-11 14:23:42,136 [INFO] McuFinderGlobals:76 - Set McuFinderConnectedMode to true
2024-01-11 14:23:42,141 [INFO] ApiDb:448 - Save user favorites file C:\Users\pyrga/.stm32cubeide/favorites.mcus.txt: 0 item(s)
2024-01-11 14:23:42,141 [INFO] ApiDb:452 - User favorites MCUs=[]
2024-01-11 14:23:42,142 [INFO] ApiDb:448 - Save user favorites file C:\Users\pyrga/.stm32cubeide/favorites.boards.txt: 0 item(s)
2024-01-11 14:23:42,143 [INFO] ApiDb:452 - User favorites Boards=[]
