2024-03-13 13:37:52,602 [INFO] Activator:176 - 


2024-03-13 13:37:52,607 [INFO] Activator:177 - !SESSION log4j initialized
2024-03-13 13:38:02,373 [INFO] LogOutputStream:77 - [STDOUT_REDIRECT] 
2024-03-13 13:38:10,499 [INFO] ApplicationProperties:184 - Using Application install path: C:\ST\STM32CubeIDE_1.14.0\STM32CubeIDE\plugins\com.st.stm32cube.common.mx_6.10.0.202311202037
2024-03-13 13:38:10,523 [INFO] DbMcusXml:78 - Set database path to: C:\ST\STM32CubeIDE_1.14.0\STM32CubeIDE\plugins\com.st.stm32cube.common.mx_6.10.0.202311202037\\db\/mcu/
2024-03-13 13:38:10,523 [INFO] ApiDb:274 - Set plugin database path to: C:\ST\STM32CubeIDE_1.14.0\STM32CubeIDE\plugins\com.st.stm32cube.common.mx_6.10.0.202311202037\\db\/plugins/boardmanager/
2024-03-13 13:38:10,524 [WARN] ApiDb:259 - Overriding images path with different value:  => C:\ST\STM32CubeIDE_1.14.0\STM32CubeIDE\plugins\com.st.stm32cube.common.mx_6.10.0.202311202037\\db\/plugins/mcufinder/images/
2024-03-13 13:38:10,539 [INFO] ApiDb:250 - Set database path to: C:\Users\pyrga\.stmcufinder\plugins\mcufinder//mcu/
2024-03-13 13:38:10,540 [INFO] DbMcusAds:125 - Set database path to: C:\Users\pyrga\.stmcufinder\plugins\mcufinder//mcu/
2024-03-13 13:38:10,542 [INFO] CrossReferenceDbSqlite:203 - Set database path to: C:\Users\pyrga\.stmcufinder\plugins\mcufinder//mcu/cs/
2024-03-13 13:38:10,686 [INFO] RulesReader:64 - Compatibility file has been processed (297 Rules)
2024-03-13 13:38:10,799 [INFO] DbMcusXml:78 - Set database path to: C:\ST\STM32CubeIDE_1.14.0\STM32CubeIDE\plugins\com.st.stm32cube.common.mx_6.10.0.202311202037\\db\/mcu/
2024-03-13 13:38:10,799 [INFO] ApiDb:274 - Set plugin database path to: C:\ST\STM32CubeIDE_1.14.0\STM32CubeIDE\plugins\com.st.stm32cube.common.mx_6.10.0.202311202037\\db\/plugins/boardmanager/
2024-03-13 13:38:10,799 [INFO] ApiDb:261 - Set plugin images path to: C:\ST\STM32CubeIDE_1.14.0\STM32CubeIDE\plugins\com.st.stm32cube.common.mx_6.10.0.202311202037\\db\/plugins/mcufinder/images/
2024-03-13 13:38:10,799 [WARN] DbFile:41 - Overriding database path with different value: C:\Users\pyrga\.stmcufinder\plugins\mcufinder/ => C:\Users\pyrga\.stmcufinder\plugins\mcufinder
2024-03-13 13:38:10,799 [INFO] ApiDb:250 - Set database path to: C:\Users\pyrga\.stmcufinder\plugins\mcufinder//mcu/
2024-03-13 13:38:10,799 [WARN] DbFile:41 - Overriding database path with different value: C:\Users\pyrga\.stmcufinder\plugins\mcufinder/ => C:\Users\pyrga\.stmcufinder\plugins\mcufinder
2024-03-13 13:38:10,799 [INFO] DbMcusAds:125 - Set database path to: C:\Users\pyrga\.stmcufinder\plugins\mcufinder//mcu/
2024-03-13 13:38:10,799 [WARN] DbFile:41 - Overriding database path with different value: C:\Users\pyrga\.stmcufinder\plugins\mcufinder/ => C:\Users\pyrga\.stmcufinder\plugins\mcufinder
2024-03-13 13:38:10,799 [WARN] DbFile:41 - Overriding database path with different value: C:\Users\pyrga\.stmcufinder\plugins\mcufinder/ => C:\Users\pyrga\.stmcufinder\plugins\mcufinder
2024-03-13 13:38:10,799 [INFO] CrossReferenceDbSqlite:203 - Set database path to: C:\Users\pyrga\.stmcufinder\plugins\mcufinder//mcu/cs/
2024-03-13 13:38:10,910 [INFO] MainPanel:264 - HeapMemory: 268435456
2024-03-13 13:38:11,029 [INFO] DbMcusXml:78 - Set database path to: C:\ST\STM32CubeIDE_1.14.0\STM32CubeIDE\plugins\com.st.stm32cube.common.mx_6.10.0.202311202037\\db\/mcu/
2024-03-13 13:38:11,030 [INFO] ApiDb:274 - Set plugin database path to: C:\ST\STM32CubeIDE_1.14.0\STM32CubeIDE\plugins\com.st.stm32cube.common.mx_6.10.0.202311202037\\db\/plugins/boardmanager/
2024-03-13 13:38:11,030 [INFO] ApiDb:261 - Set plugin images path to: C:\ST\STM32CubeIDE_1.14.0\STM32CubeIDE\plugins\com.st.stm32cube.common.mx_6.10.0.202311202037\\db\/plugins/mcufinder/images/
2024-03-13 13:38:11,030 [WARN] DbFile:41 - Overriding database path with different value: C:\Users\pyrga\.stmcufinder\plugins\mcufinder/ => C:\Users\pyrga\.stmcufinder\plugins\mcufinder
2024-03-13 13:38:11,030 [INFO] ApiDb:250 - Set database path to: C:\Users\pyrga\.stmcufinder\plugins\mcufinder//mcu/
2024-03-13 13:38:11,030 [WARN] DbFile:41 - Overriding database path with different value: C:\Users\pyrga\.stmcufinder\plugins\mcufinder/ => C:\Users\pyrga\.stmcufinder\plugins\mcufinder
2024-03-13 13:38:11,030 [INFO] DbMcusAds:125 - Set database path to: C:\Users\pyrga\.stmcufinder\plugins\mcufinder//mcu/
2024-03-13 13:38:11,030 [WARN] DbFile:41 - Overriding database path with different value: C:\Users\pyrga\.stmcufinder\plugins\mcufinder/ => C:\Users\pyrga\.stmcufinder\plugins\mcufinder
2024-03-13 13:38:11,030 [WARN] DbFile:41 - Overriding database path with different value: C:\Users\pyrga\.stmcufinder\plugins\mcufinder/ => C:\Users\pyrga\.stmcufinder\plugins\mcufinder
2024-03-13 13:38:11,030 [INFO] CrossReferenceDbSqlite:203 - Set database path to: C:\Users\pyrga\.stmcufinder\plugins\mcufinder//mcu/cs/
2024-03-13 13:38:11,053 [INFO] ApplicationProperties:184 - Using Application install path: C:\ST\STM32CubeIDE_1.14.0\STM32CubeIDE\plugins\com.st.stm32cube.common.mx_6.10.0.202311202037
2024-03-13 13:38:11,055 [INFO] PluginManage:196 - Search for loadable plugins [exclusion list=, ]
2024-03-13 13:38:11,057 [INFO] PluginManage:310 - Check plugin analytics
2024-03-13 13:38:13,239 [ERROR] LogOutputStream:75 - [STDERR_REDIRECT] Warning: NLS missing message: GotoMatchingBracket_error_noMatchingBracket in: org.eclipse.ui.internal.genericeditor.messages
2024-03-13 13:38:13,241 [ERROR] LogOutputStream:75 - [STDERR_REDIRECT] Warning: NLS missing message: GotoMatchingBracket_error_bracketOutsideSelectedElement in: org.eclipse.ui.internal.genericeditor.messages
2024-03-13 13:38:16,192 [INFO] AnalyticsPlugin:253 - Accepted Software Licenses: 
2024-03-13 13:38:16,192 [INFO] AnalyticsPlugin:255 - Accepted CMSIS Pack Licenses: 
2024-03-13 13:38:16,193 [INFO] AnalyticsPlugin:257 - Accepted Firmware Licenses: 
2024-03-13 13:38:16,194 [INFO] PluginManage:359 - Loaded plugin analytics (category:tool,tabindex:-1)
2024-03-13 13:38:16,195 [INFO] PluginManage:310 - Check plugin cadmodel
2024-03-13 13:38:16,210 [INFO] CADModel:105 - Init CAD model plugin
2024-03-13 13:38:16,211 [INFO] PluginManage:359 - Loaded plugin cadmodel (category:power,tabindex:5)
2024-03-13 13:38:16,211 [INFO] PluginManage:310 - Check plugin clock
2024-03-13 13:38:16,236 [INFO] PluginManage:359 - Loaded plugin clock (category:base,tabindex:2)
2024-03-13 13:38:16,236 [INFO] PluginManage:310 - Check plugin ddr
2024-03-13 13:38:16,241 [INFO] PluginManage:359 - Loaded plugin ddr (category:tool,tabindex:6)
2024-03-13 13:38:16,241 [INFO] PluginManage:310 - Check plugin filemanager
2024-03-13 13:38:16,390 [INFO] PluginManage:359 - Loaded plugin filemanager (category:base,tabindex:10)
2024-03-13 13:38:16,390 [INFO] PluginManage:310 - Check plugin ipmanager
2024-03-13 13:38:16,398 [INFO] PluginManage:359 - Loaded plugin ipmanager (category:base,tabindex:5)
2024-03-13 13:38:16,399 [INFO] PluginManage:310 - Check plugin lpbam
2024-03-13 13:38:16,420 [INFO] PluginManage:359 - Loaded plugin lpbam (category:base,tabindex:0)
2024-03-13 13:38:16,421 [INFO] PluginManage:310 - Check plugin memorymap
2024-03-13 13:38:16,453 [INFO] PluginManage:359 - Loaded plugin memorymap (category:base,tabindex:4)
2024-03-13 13:38:16,453 [INFO] PluginManage:310 - Check plugin pinoutandconfiguration
2024-03-13 13:38:16,470 [INFO] PluginManage:359 - Loaded plugin pinoutandconfiguration (category:base,tabindex:1)
2024-03-13 13:38:16,470 [INFO] PluginManage:310 - Check plugin pinoutconfig
2024-03-13 13:38:16,575 [WARN] SupportedApi:132 - Cannot load RTOS API schema: s4s-elt-must-match.1: The content of 'definitions' must match (annotation?, (simpleType | complexType)?, (unique | key | keyref)*)). A problem was found starting at: attribute.
2024-03-13 13:38:16,745 [INFO] PluginManage:359 - Loaded plugin pinoutconfig (category:base,tabindex:0)
2024-03-13 13:38:16,745 [INFO] PluginManage:310 - Check plugin power
2024-03-13 13:38:16,770 [INFO] PluginManage:359 - Loaded plugin power (category:power,tabindex:4)
2024-03-13 13:38:16,770 [INFO] PluginManage:310 - Check plugin projectmanager
2024-03-13 13:38:16,788 [INFO] PluginManage:359 - Loaded plugin projectmanager (category:projectmanager,tabindex:3)
2024-03-13 13:38:16,788 [INFO] PluginManage:310 - Check plugin thirdparty
2024-03-13 13:38:17,076 [INFO] PluginManage:359 - Loaded plugin thirdparty (category:base,tabindex:-1)
2024-03-13 13:38:17,076 [INFO] PluginManage:310 - Check plugin tools
2024-03-13 13:38:17,076 [WARN] IntegrityCheckThread:84 - waiting for thirdparty lock release [integrity check]
2024-03-13 13:38:17,076 [INFO] IntegrityCheckThread:86 - entering critical section [integrity check]
2024-03-13 13:38:17,077 [INFO] ThirdPartyUpdaterWithRetryManager:70 - Updater plugin not ready yet. [1/15]
2024-03-13 13:38:17,109 [INFO] PluginManage:359 - Loaded plugin tools (category:base,tabindex:7)
2024-03-13 13:38:17,109 [INFO] PluginManage:310 - Check plugin tutovideos
2024-03-13 13:38:17,370 [INFO] PluginManage:359 - Loaded plugin tutovideos (category:base,tabindex:-1)
2024-03-13 13:38:17,370 [INFO] PluginManage:310 - Check plugin updater
2024-03-13 13:38:17,386 [INFO] PluginManage:359 - Loaded plugin updater (category:base,tabindex:12)
2024-03-13 13:38:17,387 [INFO] PluginManage:310 - Check plugin userauth
2024-03-13 13:38:17,394 [INFO] UserAuth:114 - Init User Auth plugin
2024-03-13 13:38:17,394 [INFO] PluginManage:359 - Loaded plugin userauth (category:base,tabindex:14)
2024-03-13 13:38:17,395 [INFO] PluginManage:283 - PluginManage : Loaded plugins [17]
2024-03-13 13:38:17,684 [INFO] PinOutPanel:1499 - setPackage(No Configuration,No Configuration)
2024-03-13 13:38:17,782 [INFO] CADModel:165 - CPN selected for project level
2024-03-13 13:38:17,783 [INFO] CADModel:114 - Register for checkConnection events
2024-03-13 13:38:17,816 [INFO] IPUIPlugin:80 - create IPUIPlugin
2024-03-13 13:38:17,816 [INFO] PluginManager:220 - loadIPPluginJar : add adc
2024-03-13 13:38:17,852 [INFO] IPUIPlugin:80 - create IPUIPlugin
2024-03-13 13:38:17,852 [INFO] PluginManager:220 - loadIPPluginJar : add aes
2024-03-13 13:38:17,894 [INFO] IPUIPlugin:80 - create IPUIPlugin
2024-03-13 13:38:17,894 [INFO] PluginManager:220 - loadIPPluginJar : add can
2024-03-13 13:38:17,916 [INFO] IPUIPlugin:80 - create IPUIPlugin
2024-03-13 13:38:17,916 [INFO] PluginManager:220 - loadIPPluginJar : add comp
2024-03-13 13:38:17,949 [INFO] IPUIPlugin:80 - create IPUIPlugin
2024-03-13 13:38:17,950 [INFO] PluginManager:220 - loadIPPluginJar : add cryp
2024-03-13 13:38:17,979 [INFO] IPUIPlugin:80 - create IPUIPlugin
2024-03-13 13:38:17,979 [INFO] PluginManager:220 - loadIPPluginJar : add dfsdm
2024-03-13 13:38:17,994 [INFO] IPUIPlugin:80 - create IPUIPlugin
2024-03-13 13:38:17,995 [INFO] PluginManager:220 - loadIPPluginJar : add dma
2024-03-13 13:38:18,036 [INFO] IPUIPlugin:80 - create IPUIPlugin
2024-03-13 13:38:18,036 [INFO] PluginManager:220 - loadIPPluginJar : add dma3
2024-03-13 13:38:18,056 [INFO] IPUIPlugin:80 - create IPUIPlugin
2024-03-13 13:38:18,056 [INFO] PluginManager:220 - loadIPPluginJar : add fatfs
2024-03-13 13:38:18,101 [INFO] IPUIPlugin:80 - create IPUIPlugin
2024-03-13 13:38:18,101 [INFO] PluginManager:220 - loadIPPluginJar : add fmc
2024-03-13 13:38:18,120 [INFO] IPUIPlugin:80 - create IPUIPlugin
2024-03-13 13:38:18,120 [INFO] PluginManager:220 - loadIPPluginJar : add freertos
2024-03-13 13:38:18,141 [INFO] IPUIPlugin:80 - create IPUIPlugin
2024-03-13 13:38:18,141 [INFO] PluginManager:220 - loadIPPluginJar : add genericplugin
2024-03-13 13:38:18,232 [INFO] IPUIPlugin:80 - create IPUIPlugin
2024-03-13 13:38:18,232 [INFO] PluginManager:220 - loadIPPluginJar : add gfxmmu
2024-03-13 13:38:18,358 [INFO] IPUIPlugin:80 - create IPUIPlugin
2024-03-13 13:38:18,358 [INFO] PluginManager:220 - loadIPPluginJar : add gic
2024-03-13 13:38:18,373 [INFO] IPUIPlugin:80 - create IPUIPlugin
2024-03-13 13:38:18,373 [INFO] PluginManager:220 - loadIPPluginJar : add gpio
2024-03-13 13:38:18,459 [INFO] IPUIPlugin:80 - create IPUIPlugin
2024-03-13 13:38:18,459 [INFO] PluginManager:220 - loadIPPluginJar : add gtzc
2024-03-13 13:38:18,491 [INFO] IPUIPlugin:80 - create IPUIPlugin
2024-03-13 13:38:18,491 [INFO] PluginManager:220 - loadIPPluginJar : add hash
2024-03-13 13:38:18,542 [INFO] IPUIPlugin:80 - create IPUIPlugin
2024-03-13 13:38:18,542 [INFO] PluginManager:220 - loadIPPluginJar : add i2c
2024-03-13 13:38:18,578 [INFO] IPUIPlugin:80 - create IPUIPlugin
2024-03-13 13:38:18,578 [INFO] PluginManager:220 - loadIPPluginJar : add i2s
2024-03-13 13:38:18,619 [INFO] IPUIPlugin:80 - create IPUIPlugin
2024-03-13 13:38:18,619 [INFO] PluginManager:220 - loadIPPluginJar : add i3c
2024-03-13 13:38:18,718 [INFO] IPUIPlugin:80 - create IPUIPlugin
2024-03-13 13:38:18,718 [INFO] PluginManager:220 - loadIPPluginJar : add ipddr
2024-03-13 13:38:18,811 [INFO] IPUIPlugin:80 - create IPUIPlugin
2024-03-13 13:38:18,811 [INFO] PluginManager:220 - loadIPPluginJar : add linkedlist
2024-03-13 13:38:18,848 [INFO] IPUIPlugin:80 - create IPUIPlugin
2024-03-13 13:38:18,848 [INFO] PluginManager:220 - loadIPPluginJar : add lorawan
2024-03-13 13:38:18,883 [INFO] IPUIPlugin:80 - create IPUIPlugin
2024-03-13 13:38:18,883 [INFO] PluginManager:220 - loadIPPluginJar : add ltdc
2024-03-13 13:38:18,897 [INFO] IPUIPlugin:80 - create IPUIPlugin
2024-03-13 13:38:18,897 [INFO] PluginManager:220 - loadIPPluginJar : add mdma
2024-03-13 13:38:18,911 [INFO] IPUIPlugin:80 - create IPUIPlugin
2024-03-13 13:38:18,911 [INFO] PluginManager:220 - loadIPPluginJar : add nvic
2024-03-13 13:38:18,946 [INFO] IPUIPlugin:80 - create IPUIPlugin
2024-03-13 13:38:18,946 [INFO] PluginManager:220 - loadIPPluginJar : add opamp
2024-03-13 13:38:19,006 [INFO] IPUIPlugin:80 - create IPUIPlugin
2024-03-13 13:38:19,006 [INFO] PluginManager:220 - loadIPPluginJar : add openamp
2024-03-13 13:38:19,047 [INFO] IPUIPlugin:80 - create IPUIPlugin
2024-03-13 13:38:19,048 [INFO] PluginManager:220 - loadIPPluginJar : add pdm2pcm
2024-03-13 13:38:19,064 [INFO] IPUIPlugin:80 - create IPUIPlugin
2024-03-13 13:38:19,066 [INFO] PluginManager:220 - loadIPPluginJar : add plateformsettings
2024-03-13 13:38:19,088 [INFO] IPUIPlugin:80 - create IPUIPlugin
2024-03-13 13:38:19,088 [INFO] PluginManager:220 - loadIPPluginJar : add quadspi
2024-03-13 13:38:19,101 [INFO] IPUIPlugin:80 - create IPUIPlugin
2024-03-13 13:38:19,101 [INFO] PluginManager:220 - loadIPPluginJar : add resmgrutility
2024-03-13 13:38:19,146 [INFO] IPUIPlugin:80 - create IPUIPlugin
2024-03-13 13:38:19,146 [INFO] PluginManager:220 - loadIPPluginJar : add sai
2024-03-13 13:38:19,184 [INFO] IPUIPlugin:80 - create IPUIPlugin
2024-03-13 13:38:19,184 [INFO] PluginManager:220 - loadIPPluginJar : add spi
2024-03-13 13:38:19,248 [INFO] IPUIPlugin:80 - create IPUIPlugin
2024-03-13 13:38:19,248 [INFO] PluginManager:220 - loadIPPluginJar : add stm32_wpan
2024-03-13 13:38:19,271 [INFO] IPUIPlugin:80 - create IPUIPlugin
2024-03-13 13:38:19,271 [INFO] PluginManager:220 - loadIPPluginJar : add tim
2024-03-13 13:38:19,323 [INFO] IPUIPlugin:80 - create IPUIPlugin
2024-03-13 13:38:19,323 [INFO] PluginManager:220 - loadIPPluginJar : add touchsensing
2024-03-13 13:38:19,345 [INFO] IPUIPlugin:80 - create IPUIPlugin
2024-03-13 13:38:19,345 [INFO] PluginManager:220 - loadIPPluginJar : add tracer_emb
2024-03-13 13:38:19,367 [INFO] IPUIPlugin:80 - create IPUIPlugin
2024-03-13 13:38:19,368 [INFO] PluginManager:220 - loadIPPluginJar : add ts
2024-03-13 13:38:19,389 [INFO] IPUIPlugin:80 - create IPUIPlugin
2024-03-13 13:38:19,389 [INFO] PluginManager:220 - loadIPPluginJar : add tsc
2024-03-13 13:38:19,411 [INFO] IPUIPlugin:80 - create IPUIPlugin
2024-03-13 13:38:19,411 [INFO] PluginManager:220 - loadIPPluginJar : add ucpd
2024-03-13 13:38:19,455 [INFO] IPUIPlugin:80 - create IPUIPlugin
2024-03-13 13:38:19,455 [INFO] PluginManager:220 - loadIPPluginJar : add usart
2024-03-13 13:38:19,496 [INFO] IPUIPlugin:80 - create IPUIPlugin
2024-03-13 13:38:19,496 [INFO] PluginManager:220 - loadIPPluginJar : add usbx
2024-03-13 13:38:19,633 [INFO] CADModel:165 - CPN selected for project level
2024-03-13 13:38:19,633 [INFO] CADModel:114 - Register for checkConnection events
2024-03-13 13:38:19,633 [FATAL] Updater:308 - Updater called before beeing initialized
2024-03-13 13:38:19,633 [ERROR] CADModel:125 - Updater not yet initialized, retry later 
2024-03-13 13:38:19,824 [INFO] CADModel:165 - CPN selected for project level
2024-03-13 13:38:19,824 [INFO] CADModel:114 - Register for checkConnection events
2024-03-13 13:38:19,824 [FATAL] Updater:308 - Updater called before beeing initialized
2024-03-13 13:38:19,824 [ERROR] CADModel:125 - Updater not yet initialized, retry later 
2024-03-13 13:38:19,830 [FATAL] Updater:308 - Updater called before beeing initialized
2024-03-13 13:38:19,949 [FATAL] Updater:308 - Updater called before beeing initialized
2024-03-13 13:38:19,959 [INFO] DbMcusAds:53 - JSON generation date=Wed Nov 29 12:52:27 EET 2023 (1701255147349)
2024-03-13 13:38:19,959 [FATAL] Updater:308 - Updater called before beeing initialized
2024-03-13 13:38:20,042 [WARN] DetailPanel:346 - Failed to get advertising image, set to default
2024-03-13 13:38:20,077 [INFO] ThirdPartyUpdaterWithRetryManager:70 - Updater plugin not ready yet. [2/15]
2024-03-13 13:38:20,130 [FATAL] Updater:308 - Updater called before beeing initialized
2024-03-13 13:38:20,133 [FATAL] Updater:308 - Updater called before beeing initialized
2024-03-13 13:38:20,133 [FATAL] Updater:308 - Updater called before beeing initialized
2024-03-13 13:38:20,133 [WARN] DetailPanel:346 - Failed to get advertising image, set to default
2024-03-13 13:38:20,134 [FATAL] Updater:308 - Updater called before beeing initialized
2024-03-13 13:38:20,206 [ERROR] Updater:1120 - MainUpdater not yet initialized. External WinMGr cannot be set.
2024-03-13 13:38:20,216 [INFO] Updater:1056 - Updater Version found : 6.10.0
2024-03-13 13:38:20,245 [INFO] ApplicationProperties:184 - Using Application install path: C:\ST\STM32CubeIDE_1.14.0\STM32CubeIDE\plugins\com.st.stm32cube.common.mx_6.10.0.202311202037
2024-03-13 13:38:21,837 [ERROR] LogOutputStream:75 - [STDERR_REDIRECT] Mar 13, 2024 1:38:21 PM java.util.prefs.WindowsPreferences <init>
2024-03-13 13:38:21,839 [ERROR] LogOutputStream:75 - [STDERR_REDIRECT] WARNING: Could not open/create prefs root node Software\JavaSoft\Prefs at root 0xffffffff80000002. Windows RegCreateKeyEx(...) returned error code 5.
2024-03-13 13:38:21,840 [ERROR] LogOutputStream:75 - [STDERR_REDIRECT] 
2024-03-13 13:38:23,078 [FATAL] Updater:308 - Updater called before beeing initialized
2024-03-13 13:38:23,078 [ERROR] IntegrityCheckThread:130 - Cannot retrieve database content from updater: error 21
2024-03-13 13:38:23,079 [INFO] ThirdParty:978 - Integrity check success = false
2024-03-13 13:38:23,079 [INFO] IntegrityCheckThread:100 - exiting critical section [integrity check]
2024-03-13 13:38:23,079 [INFO] IntegrityCheckThread:103 - End integrity checks thread
2024-03-13 13:38:23,296 [INFO] MainUpdater:2873 - connection check result : 10
2024-03-13 13:38:23,296 [INFO] MainUpdater:3567 - Updater definition file requires update
2024-03-13 13:38:23,297 [INFO] MainUpdater:290 - Updater Check For Update Now.
2024-03-13 13:38:23,298 [INFO] MicroXplorer:498 - Change Database Version : DB.6.0.100
2024-03-13 13:38:23,323 [INFO] McuFinderGlobals:63 - Set McuFinder mode to 2 (CubeIDE integrated)
2024-03-13 13:38:23,324 [INFO] UserAuth:180 - activating auth plugin
2024-03-13 13:38:23,327 [INFO] UserAuth:404 - Internet connection configuration mode: 1
2024-03-13 13:38:23,356 [INFO] JxBrowserEngine:152 - Initiate JxBrowser Engine with user profile folder
2024-03-13 13:38:24,352 [INFO] ServerAccessManage:473 - Download File updaters.zip
2024-03-13 13:38:25,768 [INFO] FileExtend:240 - Unzip File : updaters.zip
2024-03-13 13:38:25,768 [INFO] FileExtend:255 - Standard Zip Deflate
2024-03-13 13:38:26,386 [INFO] WebApp:161 - Instantiating new browser for Auth
2024-03-13 13:38:27,075 [INFO] ServerAccessManage:473 - Download File PacksControlFlags.xml
2024-03-13 13:38:27,209 [INFO] WebApp:780 - Register for checkConnection events
2024-03-13 13:38:27,209 [INFO] WebApp:414 - Apply proxy settings
2024-03-13 13:38:27,209 [INFO] WebApp:499 - Chromium requires no authentication
2024-03-13 13:38:27,233 [INFO] WebApp:442 - Direct internet connection detected
2024-03-13 13:38:27,441 [INFO] WebApp:192 - Starting web application
2024-03-13 13:38:27,441 [INFO] WebApp:544 - Web application path used C:\ST\STM32CubeIDE_1.14.0\STM32CubeIDE\plugins\com.st.stm32cube.common.mx_6.10.0.202311202037\db\plugins\mcufinder\reactClient1\index.html
2024-03-13 13:38:27,873 [INFO] ServerAccessManage:473 - Download File cubemx.pidx
2024-03-13 13:38:27,990 [INFO] LoadServerUpdatesThread:375 - End of LoadServerUpdate Thread
2024-03-13 13:38:28,194 [INFO] CheckServerUpdateThread:120 - End of CheckServer Thread
2024-03-13 13:38:30,468 [ERROR] LogOutputStream:75 - [STDERR_REDIRECT] SLF4J: Failed to load class "org.slf4j.impl.StaticLoggerBinder".
2024-03-13 13:38:30,469 [ERROR] LogOutputStream:75 - [STDERR_REDIRECT] SLF4J: Defaulting to no-operation (NOP) logger implementation
2024-03-13 13:38:30,470 [ERROR] LogOutputStream:75 - [STDERR_REDIRECT] SLF4J: See http://www.slf4j.org/codes.html#StaticLoggerBinder for further details.
