2024-01-17 11:02:10,032 [INFO] Activator:176 - 


2024-01-17 11:02:10,039 [INFO] Activator:177 - !SESSION log4j initialized
2024-01-17 11:02:16,899 [INFO] LogOutputStream:77 - [STDOUT_REDIRECT] 
2024-01-17 11:02:23,614 [INFO] ApplicationProperties:184 - Using Application install path: C:\ST\STM32CubeIDE_1.14.0\STM32CubeIDE\plugins\com.st.stm32cube.common.mx_6.10.0.202311202037
2024-01-17 11:02:23,639 [INFO] DbMcusXml:78 - Set database path to: C:\ST\STM32CubeIDE_1.14.0\STM32CubeIDE\plugins\com.st.stm32cube.common.mx_6.10.0.202311202037\\db\/mcu/
2024-01-17 11:02:23,639 [INFO] ApiDb:274 - Set plugin database path to: C:\ST\STM32CubeIDE_1.14.0\STM32CubeIDE\plugins\com.st.stm32cube.common.mx_6.10.0.202311202037\\db\/plugins/boardmanager/
2024-01-17 11:02:23,640 [WARN] ApiDb:259 - Overriding images path with different value:  => C:\ST\STM32CubeIDE_1.14.0\STM32CubeIDE\plugins\com.st.stm32cube.common.mx_6.10.0.202311202037\\db\/plugins/mcufinder/images/
2024-01-17 11:02:23,655 [INFO] ApiDb:250 - Set database path to: C:\Users\pyrga\.stmcufinder\plugins\mcufinder//mcu/
2024-01-17 11:02:23,656 [INFO] DbMcusAds:125 - Set database path to: C:\Users\pyrga\.stmcufinder\plugins\mcufinder//mcu/
2024-01-17 11:02:23,660 [INFO] CrossReferenceDbSqlite:203 - Set database path to: C:\Users\pyrga\.stmcufinder\plugins\mcufinder//mcu/cs/
2024-01-17 11:02:23,844 [INFO] RulesReader:64 - Compatibility file has been processed (297 Rules)
2024-01-17 11:02:23,999 [INFO] DbMcusXml:78 - Set database path to: C:\ST\STM32CubeIDE_1.14.0\STM32CubeIDE\plugins\com.st.stm32cube.common.mx_6.10.0.202311202037\\db\/mcu/
2024-01-17 11:02:23,999 [INFO] ApiDb:274 - Set plugin database path to: C:\ST\STM32CubeIDE_1.14.0\STM32CubeIDE\plugins\com.st.stm32cube.common.mx_6.10.0.202311202037\\db\/plugins/boardmanager/
2024-01-17 11:02:23,999 [INFO] ApiDb:261 - Set plugin images path to: C:\ST\STM32CubeIDE_1.14.0\STM32CubeIDE\plugins\com.st.stm32cube.common.mx_6.10.0.202311202037\\db\/plugins/mcufinder/images/
2024-01-17 11:02:23,999 [WARN] DbFile:41 - Overriding database path with different value: C:\Users\pyrga\.stmcufinder\plugins\mcufinder/ => C:\Users\pyrga\.stmcufinder\plugins\mcufinder
2024-01-17 11:02:23,999 [INFO] ApiDb:250 - Set database path to: C:\Users\pyrga\.stmcufinder\plugins\mcufinder//mcu/
2024-01-17 11:02:23,999 [WARN] DbFile:41 - Overriding database path with different value: C:\Users\pyrga\.stmcufinder\plugins\mcufinder/ => C:\Users\pyrga\.stmcufinder\plugins\mcufinder
2024-01-17 11:02:23,999 [INFO] DbMcusAds:125 - Set database path to: C:\Users\pyrga\.stmcufinder\plugins\mcufinder//mcu/
2024-01-17 11:02:23,999 [WARN] DbFile:41 - Overriding database path with different value: C:\Users\pyrga\.stmcufinder\plugins\mcufinder/ => C:\Users\pyrga\.stmcufinder\plugins\mcufinder
2024-01-17 11:02:23,999 [WARN] DbFile:41 - Overriding database path with different value: C:\Users\pyrga\.stmcufinder\plugins\mcufinder/ => C:\Users\pyrga\.stmcufinder\plugins\mcufinder
2024-01-17 11:02:23,999 [INFO] CrossReferenceDbSqlite:203 - Set database path to: C:\Users\pyrga\.stmcufinder\plugins\mcufinder//mcu/cs/
2024-01-17 11:02:24,132 [INFO] MainPanel:264 - HeapMemory: 268435456
2024-01-17 11:02:24,365 [INFO] DbMcusXml:78 - Set database path to: C:\ST\STM32CubeIDE_1.14.0\STM32CubeIDE\plugins\com.st.stm32cube.common.mx_6.10.0.202311202037\\db\/mcu/
2024-01-17 11:02:24,365 [INFO] ApiDb:274 - Set plugin database path to: C:\ST\STM32CubeIDE_1.14.0\STM32CubeIDE\plugins\com.st.stm32cube.common.mx_6.10.0.202311202037\\db\/plugins/boardmanager/
2024-01-17 11:02:24,365 [INFO] ApiDb:261 - Set plugin images path to: C:\ST\STM32CubeIDE_1.14.0\STM32CubeIDE\plugins\com.st.stm32cube.common.mx_6.10.0.202311202037\\db\/plugins/mcufinder/images/
2024-01-17 11:02:24,366 [WARN] DbFile:41 - Overriding database path with different value: C:\Users\pyrga\.stmcufinder\plugins\mcufinder/ => C:\Users\pyrga\.stmcufinder\plugins\mcufinder
2024-01-17 11:02:24,366 [INFO] ApiDb:250 - Set database path to: C:\Users\pyrga\.stmcufinder\plugins\mcufinder//mcu/
2024-01-17 11:02:24,367 [WARN] DbFile:41 - Overriding database path with different value: C:\Users\pyrga\.stmcufinder\plugins\mcufinder/ => C:\Users\pyrga\.stmcufinder\plugins\mcufinder
2024-01-17 11:02:24,367 [INFO] DbMcusAds:125 - Set database path to: C:\Users\pyrga\.stmcufinder\plugins\mcufinder//mcu/
2024-01-17 11:02:24,367 [WARN] DbFile:41 - Overriding database path with different value: C:\Users\pyrga\.stmcufinder\plugins\mcufinder/ => C:\Users\pyrga\.stmcufinder\plugins\mcufinder
2024-01-17 11:02:24,367 [WARN] DbFile:41 - Overriding database path with different value: C:\Users\pyrga\.stmcufinder\plugins\mcufinder/ => C:\Users\pyrga\.stmcufinder\plugins\mcufinder
2024-01-17 11:02:24,367 [INFO] CrossReferenceDbSqlite:203 - Set database path to: C:\Users\pyrga\.stmcufinder\plugins\mcufinder//mcu/cs/
2024-01-17 11:02:24,409 [INFO] ApplicationProperties:184 - Using Application install path: C:\ST\STM32CubeIDE_1.14.0\STM32CubeIDE\plugins\com.st.stm32cube.common.mx_6.10.0.202311202037
2024-01-17 11:02:24,412 [INFO] PluginManage:196 - Search for loadable plugins [exclusion list=, ]
2024-01-17 11:02:24,415 [INFO] PluginManage:310 - Check plugin analytics
2024-01-17 11:02:29,698 [INFO] AnalyticsPlugin:253 - Accepted Software Licenses: 
2024-01-17 11:02:29,698 [INFO] AnalyticsPlugin:255 - Accepted CMSIS Pack Licenses: 
2024-01-17 11:02:29,698 [INFO] AnalyticsPlugin:257 - Accepted Firmware Licenses: 
2024-01-17 11:02:29,714 [INFO] PluginManage:359 - Loaded plugin analytics (category:tool,tabindex:-1)
2024-01-17 11:02:29,714 [INFO] PluginManage:310 - Check plugin cadmodel
2024-01-17 11:02:29,714 [INFO] CADModel:105 - Init CAD model plugin
2024-01-17 11:02:29,727 [INFO] PluginManage:359 - Loaded plugin cadmodel (category:power,tabindex:5)
2024-01-17 11:02:29,727 [INFO] PluginManage:310 - Check plugin clock
2024-01-17 11:02:29,746 [INFO] PluginManage:359 - Loaded plugin clock (category:base,tabindex:2)
2024-01-17 11:02:29,746 [INFO] PluginManage:310 - Check plugin ddr
2024-01-17 11:02:29,760 [INFO] PluginManage:359 - Loaded plugin ddr (category:tool,tabindex:6)
2024-01-17 11:02:29,761 [INFO] PluginManage:310 - Check plugin filemanager
2024-01-17 11:02:30,072 [INFO] PluginManage:359 - Loaded plugin filemanager (category:base,tabindex:10)
2024-01-17 11:02:30,072 [INFO] PluginManage:310 - Check plugin ipmanager
2024-01-17 11:02:30,092 [INFO] PluginManage:359 - Loaded plugin ipmanager (category:base,tabindex:5)
2024-01-17 11:02:30,092 [INFO] PluginManage:310 - Check plugin lpbam
2024-01-17 11:02:30,106 [INFO] PluginManage:359 - Loaded plugin lpbam (category:base,tabindex:0)
2024-01-17 11:02:30,106 [INFO] PluginManage:310 - Check plugin memorymap
2024-01-17 11:02:30,144 [INFO] PluginManage:359 - Loaded plugin memorymap (category:base,tabindex:4)
2024-01-17 11:02:30,145 [INFO] PluginManage:310 - Check plugin pinoutandconfiguration
2024-01-17 11:02:30,158 [INFO] PluginManage:359 - Loaded plugin pinoutandconfiguration (category:base,tabindex:1)
2024-01-17 11:02:30,159 [INFO] PluginManage:310 - Check plugin pinoutconfig
2024-01-17 11:02:30,333 [WARN] SupportedApi:132 - Cannot load RTOS API schema: s4s-elt-must-match.1: The content of 'definitions' must match (annotation?, (simpleType | complexType)?, (unique | key | keyref)*)). A problem was found starting at: attribute.
2024-01-17 11:02:30,584 [INFO] PluginManage:359 - Loaded plugin pinoutconfig (category:base,tabindex:0)
2024-01-17 11:02:30,584 [INFO] PluginManage:310 - Check plugin power
2024-01-17 11:02:30,606 [INFO] PluginManage:359 - Loaded plugin power (category:power,tabindex:4)
2024-01-17 11:02:30,606 [INFO] PluginManage:310 - Check plugin projectmanager
2024-01-17 11:02:30,637 [INFO] PluginManage:359 - Loaded plugin projectmanager (category:projectmanager,tabindex:3)
2024-01-17 11:02:30,637 [INFO] PluginManage:310 - Check plugin thirdparty
2024-01-17 11:02:30,876 [INFO] PluginManage:359 - Loaded plugin thirdparty (category:base,tabindex:-1)
2024-01-17 11:02:30,876 [WARN] IntegrityCheckThread:84 - waiting for thirdparty lock release [integrity check]
2024-01-17 11:02:30,877 [INFO] PluginManage:310 - Check plugin tools
2024-01-17 11:02:30,877 [INFO] IntegrityCheckThread:86 - entering critical section [integrity check]
2024-01-17 11:02:30,878 [INFO] ThirdPartyUpdaterWithRetryManager:70 - Updater plugin not ready yet. [1/15]
2024-01-17 11:02:30,883 [INFO] PluginManage:359 - Loaded plugin tools (category:base,tabindex:7)
2024-01-17 11:02:30,883 [INFO] PluginManage:310 - Check plugin tutovideos
2024-01-17 11:02:31,210 [INFO] PluginManage:359 - Loaded plugin tutovideos (category:base,tabindex:-1)
2024-01-17 11:02:31,210 [INFO] PluginManage:310 - Check plugin updater
2024-01-17 11:02:31,232 [INFO] PluginManage:359 - Loaded plugin updater (category:base,tabindex:12)
2024-01-17 11:02:31,232 [INFO] PluginManage:310 - Check plugin userauth
2024-01-17 11:02:31,247 [INFO] UserAuth:114 - Init User Auth plugin
2024-01-17 11:02:31,247 [INFO] PluginManage:359 - Loaded plugin userauth (category:base,tabindex:14)
2024-01-17 11:02:31,247 [INFO] PluginManage:283 - PluginManage : Loaded plugins [17]
2024-01-17 11:02:31,655 [INFO] PinOutPanel:1499 - setPackage(No Configuration,No Configuration)
2024-01-17 11:02:31,796 [INFO] CADModel:165 - CPN selected for project level
2024-01-17 11:02:31,796 [INFO] CADModel:114 - Register for checkConnection events
2024-01-17 11:02:31,826 [INFO] IPUIPlugin:80 - create IPUIPlugin
2024-01-17 11:02:31,826 [INFO] PluginManager:220 - loadIPPluginJar : add adc
2024-01-17 11:02:31,834 [INFO] IPUIPlugin:80 - create IPUIPlugin
2024-01-17 11:02:31,834 [INFO] PluginManager:220 - loadIPPluginJar : add aes
2024-01-17 11:02:31,840 [INFO] IPUIPlugin:80 - create IPUIPlugin
2024-01-17 11:02:31,840 [INFO] PluginManager:220 - loadIPPluginJar : add can
2024-01-17 11:02:31,844 [INFO] IPUIPlugin:80 - create IPUIPlugin
2024-01-17 11:02:31,844 [INFO] PluginManager:220 - loadIPPluginJar : add comp
2024-01-17 11:02:31,850 [INFO] IPUIPlugin:80 - create IPUIPlugin
2024-01-17 11:02:31,850 [INFO] PluginManager:220 - loadIPPluginJar : add cryp
2024-01-17 11:02:31,855 [INFO] IPUIPlugin:80 - create IPUIPlugin
2024-01-17 11:02:31,855 [INFO] PluginManager:220 - loadIPPluginJar : add dfsdm
2024-01-17 11:02:31,866 [INFO] IPUIPlugin:80 - create IPUIPlugin
2024-01-17 11:02:31,867 [INFO] PluginManager:220 - loadIPPluginJar : add dma
2024-01-17 11:02:31,872 [INFO] IPUIPlugin:80 - create IPUIPlugin
2024-01-17 11:02:31,872 [INFO] PluginManager:220 - loadIPPluginJar : add dma3
2024-01-17 11:02:31,876 [INFO] IPUIPlugin:80 - create IPUIPlugin
2024-01-17 11:02:31,876 [INFO] PluginManager:220 - loadIPPluginJar : add fatfs
2024-01-17 11:02:31,882 [INFO] IPUIPlugin:80 - create IPUIPlugin
2024-01-17 11:02:31,882 [INFO] PluginManager:220 - loadIPPluginJar : add fmc
2024-01-17 11:02:31,892 [INFO] IPUIPlugin:80 - create IPUIPlugin
2024-01-17 11:02:31,895 [INFO] PluginManager:220 - loadIPPluginJar : add freertos
2024-01-17 11:02:31,899 [INFO] IPUIPlugin:80 - create IPUIPlugin
2024-01-17 11:02:31,899 [INFO] PluginManager:220 - loadIPPluginJar : add genericplugin
2024-01-17 11:02:31,900 [INFO] IPUIPlugin:80 - create IPUIPlugin
2024-01-17 11:02:31,900 [INFO] PluginManager:220 - loadIPPluginJar : add gfxmmu
2024-01-17 11:02:31,912 [INFO] IPUIPlugin:80 - create IPUIPlugin
2024-01-17 11:02:31,913 [INFO] PluginManager:220 - loadIPPluginJar : add gic
2024-01-17 11:02:31,920 [INFO] IPUIPlugin:80 - create IPUIPlugin
2024-01-17 11:02:31,920 [INFO] PluginManager:220 - loadIPPluginJar : add gpio
2024-01-17 11:02:31,925 [INFO] IPUIPlugin:80 - create IPUIPlugin
2024-01-17 11:02:31,926 [INFO] PluginManager:220 - loadIPPluginJar : add gtzc
2024-01-17 11:02:31,931 [INFO] IPUIPlugin:80 - create IPUIPlugin
2024-01-17 11:02:31,931 [INFO] PluginManager:220 - loadIPPluginJar : add hash
2024-01-17 11:02:31,937 [INFO] IPUIPlugin:80 - create IPUIPlugin
2024-01-17 11:02:31,937 [INFO] PluginManager:220 - loadIPPluginJar : add i2c
2024-01-17 11:02:31,937 [INFO] IPUIPlugin:80 - create IPUIPlugin
2024-01-17 11:02:31,942 [INFO] PluginManager:220 - loadIPPluginJar : add i2s
2024-01-17 11:02:31,947 [INFO] IPUIPlugin:80 - create IPUIPlugin
2024-01-17 11:02:31,948 [INFO] PluginManager:220 - loadIPPluginJar : add i3c
2024-01-17 11:02:31,954 [INFO] IPUIPlugin:80 - create IPUIPlugin
2024-01-17 11:02:31,954 [INFO] PluginManager:220 - loadIPPluginJar : add ipddr
2024-01-17 11:02:31,965 [INFO] IPUIPlugin:80 - create IPUIPlugin
2024-01-17 11:02:31,965 [INFO] PluginManager:220 - loadIPPluginJar : add linkedlist
2024-01-17 11:02:31,967 [INFO] IPUIPlugin:80 - create IPUIPlugin
2024-01-17 11:02:31,967 [INFO] PluginManager:220 - loadIPPluginJar : add lorawan
2024-01-17 11:02:31,971 [INFO] IPUIPlugin:80 - create IPUIPlugin
2024-01-17 11:02:31,971 [INFO] PluginManager:220 - loadIPPluginJar : add ltdc
2024-01-17 11:02:31,976 [INFO] IPUIPlugin:80 - create IPUIPlugin
2024-01-17 11:02:31,976 [INFO] PluginManager:220 - loadIPPluginJar : add mdma
2024-01-17 11:02:31,990 [INFO] IPUIPlugin:80 - create IPUIPlugin
2024-01-17 11:02:31,990 [INFO] PluginManager:220 - loadIPPluginJar : add nvic
2024-01-17 11:02:31,992 [INFO] IPUIPlugin:80 - create IPUIPlugin
2024-01-17 11:02:31,992 [INFO] PluginManager:220 - loadIPPluginJar : add opamp
2024-01-17 11:02:31,998 [INFO] IPUIPlugin:80 - create IPUIPlugin
2024-01-17 11:02:31,998 [INFO] PluginManager:220 - loadIPPluginJar : add openamp
2024-01-17 11:02:32,008 [INFO] IPUIPlugin:80 - create IPUIPlugin
2024-01-17 11:02:32,008 [INFO] PluginManager:220 - loadIPPluginJar : add pdm2pcm
2024-01-17 11:02:32,008 [INFO] IPUIPlugin:80 - create IPUIPlugin
2024-01-17 11:02:32,024 [INFO] PluginManager:220 - loadIPPluginJar : add plateformsettings
2024-01-17 11:02:32,024 [INFO] IPUIPlugin:80 - create IPUIPlugin
2024-01-17 11:02:32,024 [INFO] PluginManager:220 - loadIPPluginJar : add quadspi
2024-01-17 11:02:32,024 [INFO] IPUIPlugin:80 - create IPUIPlugin
2024-01-17 11:02:32,024 [INFO] PluginManager:220 - loadIPPluginJar : add resmgrutility
2024-01-17 11:02:32,040 [INFO] IPUIPlugin:80 - create IPUIPlugin
2024-01-17 11:02:32,040 [INFO] PluginManager:220 - loadIPPluginJar : add sai
2024-01-17 11:02:32,040 [INFO] IPUIPlugin:80 - create IPUIPlugin
2024-01-17 11:02:32,040 [INFO] PluginManager:220 - loadIPPluginJar : add spi
2024-01-17 11:02:32,057 [INFO] IPUIPlugin:80 - create IPUIPlugin
2024-01-17 11:02:32,058 [INFO] PluginManager:220 - loadIPPluginJar : add stm32_wpan
2024-01-17 11:02:32,064 [INFO] IPUIPlugin:80 - create IPUIPlugin
2024-01-17 11:02:32,064 [INFO] PluginManager:220 - loadIPPluginJar : add tim
2024-01-17 11:02:32,071 [INFO] IPUIPlugin:80 - create IPUIPlugin
2024-01-17 11:02:32,071 [INFO] PluginManager:220 - loadIPPluginJar : add touchsensing
2024-01-17 11:02:32,075 [INFO] IPUIPlugin:80 - create IPUIPlugin
2024-01-17 11:02:32,075 [INFO] PluginManager:220 - loadIPPluginJar : add tracer_emb
2024-01-17 11:02:32,078 [INFO] IPUIPlugin:80 - create IPUIPlugin
2024-01-17 11:02:32,079 [INFO] PluginManager:220 - loadIPPluginJar : add ts
2024-01-17 11:02:32,081 [INFO] IPUIPlugin:80 - create IPUIPlugin
2024-01-17 11:02:32,081 [INFO] PluginManager:220 - loadIPPluginJar : add tsc
2024-01-17 11:02:32,085 [INFO] IPUIPlugin:80 - create IPUIPlugin
2024-01-17 11:02:32,085 [INFO] PluginManager:220 - loadIPPluginJar : add ucpd
2024-01-17 11:02:32,089 [INFO] IPUIPlugin:80 - create IPUIPlugin
2024-01-17 11:02:32,089 [INFO] PluginManager:220 - loadIPPluginJar : add usart
2024-01-17 11:02:32,094 [INFO] IPUIPlugin:80 - create IPUIPlugin
2024-01-17 11:02:32,095 [INFO] PluginManager:220 - loadIPPluginJar : add usbx
2024-01-17 11:02:32,312 [INFO] CADModel:165 - CPN selected for project level
2024-01-17 11:02:32,312 [INFO] CADModel:114 - Register for checkConnection events
2024-01-17 11:02:32,312 [FATAL] Updater:308 - Updater called before beeing initialized
2024-01-17 11:02:32,312 [ERROR] CADModel:125 - Updater not yet initialized, retry later 
2024-01-17 11:02:32,618 [INFO] CADModel:165 - CPN selected for project level
2024-01-17 11:02:32,619 [INFO] CADModel:114 - Register for checkConnection events
2024-01-17 11:02:32,619 [FATAL] Updater:308 - Updater called before beeing initialized
2024-01-17 11:02:32,619 [ERROR] CADModel:125 - Updater not yet initialized, retry later 
2024-01-17 11:02:32,624 [FATAL] Updater:308 - Updater called before beeing initialized
2024-01-17 11:02:32,829 [FATAL] Updater:308 - Updater called before beeing initialized
2024-01-17 11:02:32,829 [INFO] DbMcusAds:53 - JSON generation date=Wed Nov 29 12:52:27 EET 2023 (1701255147349)
2024-01-17 11:02:32,829 [FATAL] Updater:308 - Updater called before beeing initialized
2024-01-17 11:02:32,913 [WARN] DetailPanel:346 - Failed to get advertising image, set to default
2024-01-17 11:02:33,053 [FATAL] Updater:308 - Updater called before beeing initialized
2024-01-17 11:02:33,063 [FATAL] Updater:308 - Updater called before beeing initialized
2024-01-17 11:02:33,063 [FATAL] Updater:308 - Updater called before beeing initialized
2024-01-17 11:02:33,063 [WARN] DetailPanel:346 - Failed to get advertising image, set to default
2024-01-17 11:02:33,063 [FATAL] Updater:308 - Updater called before beeing initialized
2024-01-17 11:02:33,176 [ERROR] Updater:1120 - MainUpdater not yet initialized. External WinMGr cannot be set.
2024-01-17 11:02:33,184 [INFO] Updater:1056 - Updater Version found : 6.10.0
2024-01-17 11:02:33,229 [INFO] ApplicationProperties:184 - Using Application install path: C:\ST\STM32CubeIDE_1.14.0\STM32CubeIDE\plugins\com.st.stm32cube.common.mx_6.10.0.202311202037
2024-01-17 11:02:33,882 [INFO] ThirdPartyUpdaterWithRetryManager:70 - Updater plugin not ready yet. [2/15]
2024-01-17 11:02:34,856 [ERROR] LogOutputStream:75 - [STDERR_REDIRECT] Jan 17, 2024 11:02:34 AM java.util.prefs.WindowsPreferences <init>
2024-01-17 11:02:34,866 [ERROR] LogOutputStream:75 - [STDERR_REDIRECT] WARNING: Could not open/create prefs root node Software\JavaSoft\Prefs at root 0xffffffff80000002. Windows RegCreateKeyEx(...) returned error code 5.
2024-01-17 11:02:34,866 [ERROR] LogOutputStream:75 - [STDERR_REDIRECT] 
2024-01-17 11:02:35,758 [INFO] MainUpdater:2873 - connection check result : 10
2024-01-17 11:02:35,758 [INFO] MainUpdater:290 - Updater Check For Update Now.
2024-01-17 11:02:35,758 [INFO] MicroXplorer:498 - Change Database Version : DB.6.0.100
2024-01-17 11:02:35,832 [INFO] McuFinderGlobals:63 - Set McuFinder mode to 2 (CubeIDE integrated)
2024-01-17 11:02:35,832 [INFO] UserAuth:180 - activating auth plugin
2024-01-17 11:02:35,846 [INFO] UserAuth:404 - Internet connection configuration mode: 1
2024-01-17 11:02:35,920 [INFO] JxBrowserEngine:152 - Initiate JxBrowser Engine with user profile folder
2024-01-17 11:02:36,058 [INFO] CheckServerUpdateThread:120 - End of CheckServer Thread
2024-01-17 11:02:37,380 [WARN] PackLoader:240 - Cannot read IP mode file for STMicroelectronics.X-CUBE-SMBUS.2.1.0
2024-01-17 11:02:37,396 [WARN] PackLoader:240 - Cannot read IP mode file for STMicroelectronics.X-CUBE-TOUCHGFX.4.23.0
2024-01-17 11:02:37,460 [WARN] PackLoader:240 - Cannot read IP mode file for STMicroelectronics.X-CUBE-AZRTOS-F7.1.1.0
2024-01-17 11:02:37,476 [WARN] PackLoader:240 - Cannot read IP mode file for STMicroelectronics.FP-SNS-MOTENV1.4.3.2
2024-01-17 11:02:37,492 [WARN] PackLoader:240 - Cannot read IP mode file for STMicroelectronics.FP-SNS-FLIGHT1.5.0.2
2024-01-17 11:02:37,523 [WARN] PackLoader:240 - Cannot read IP mode file for STMicroelectronics.X-CUBE-DISPLAY.3.0.0
2024-01-17 11:02:37,546 [WARN] PackLoader:240 - Cannot read IP mode file for STMicroelectronics.X-CUBE-BLE1.7.0.0
2024-01-17 11:02:37,564 [WARN] PackLoader:240 - Cannot read IP mode file for emotas.I-CUBE-CANOPEN.1.3.0
2024-01-17 11:02:37,574 [WARN] PackLoader:240 - Cannot read IP mode file for STMicroelectronics.FP-SNS-SMARTAG2.1.2.0
2024-01-17 11:02:37,604 [INFO] LogOutputStream:77 - [STDOUT_REDIRECT] 1 : Invalid condition id : UX_CORESTACK_Condition cause : null
2024-01-17 11:02:37,605 [INFO] LogOutputStream:77 - [STDOUT_REDIRECT] 1 : Invalid condition id : UX_CORESTACK_Condition cause : null
2024-01-17 11:02:37,609 [INFO] LogOutputStream:77 - [STDOUT_REDIRECT] 1 : Invalid condition id : UX_CORESTACK_Condition cause : null
2024-01-17 11:02:37,612 [INFO] LogOutputStream:77 - [STDOUT_REDIRECT] 1 : Invalid condition id : UX_CORESTACK_Condition cause : null
2024-01-17 11:02:37,616 [INFO] LogOutputStream:77 - [STDOUT_REDIRECT] 1 : Invalid condition id : UX_CORESTACK_Condition cause : null
2024-01-17 11:02:37,625 [WARN] PackLoader:240 - Cannot read IP mode file for STMicroelectronics.X-CUBE-AZRTOS-WL.2.0.0
2024-01-17 11:02:37,645 [WARN] PackLoader:240 - Cannot read IP mode file for WES.I-CUBE-Cesium.1.3.0
2024-01-17 11:02:37,656 [WARN] PackLoader:240 - Cannot read IP mode file for STMicroelectronics.X-CUBE-BLE2.3.3.0
2024-01-17 11:02:37,672 [WARN] PackLoader:240 - Cannot read IP mode file for STMicroelectronics.X-CUBE-ALGOBUILD.1.3.0
2024-01-17 11:02:37,703 [WARN] PackLoader:240 - Cannot read IP mode file for STMicroelectronics.X-CUBE-AZRTOS-G0.1.1.0
2024-01-17 11:02:37,724 [WARN] PackLoader:240 - Cannot read IP mode file for STMicroelectronics.X-CUBE-NFC4.3.0.0
2024-01-17 11:02:37,746 [WARN] PackLoader:240 - Cannot read IP mode file for STMicroelectronics.X-CUBE-BLEMGR.3.0.0
2024-01-17 11:02:37,757 [WARN] PackLoader:240 - Cannot read IP mode file for STMicroelectronics.FP-ATR-SIGFOX1.3.2.0
2024-01-17 11:02:37,823 [WARN] PackLoader:240 - Cannot read IP mode file for SEGGER.I-CUBE-embOS.1.3.1
2024-01-17 11:02:37,908 [INFO] WebApp:161 - Instantiating new browser for Auth
2024-01-17 11:02:37,948 [WARN] PackLoader:240 - Cannot read IP mode file for STMicroelectronics.X-CUBE-GNSS1.6.0.0
2024-01-17 11:02:37,996 [WARN] PackLoader:240 - Cannot read IP mode file for STMicroelectronics.X-CUBE-AZRTOS-F4.1.1.0
2024-01-17 11:02:38,013 [WARN] PackLoader:240 - Cannot read IP mode file for wolfSSL.I-CUBE-wolfSSL.5.6.6
2024-01-17 11:02:38,039 [WARN] PackLoader:240 - Cannot read IP mode file for STMicroelectronics.X-CUBE-AZRTOS-L5.2.0.0
2024-01-17 11:02:38,052 [WARN] PackLoader:240 - Cannot read IP mode file for STMicroelectronics.X-CUBE-EEPRMA1.4.2.0
2024-01-17 11:02:38,066 [WARN] PackLoader:240 - Cannot read IP mode file for ITTIA_DB.I-CUBE-ITTIADB.8.8.0
2024-01-17 11:02:38,072 [WARN] PackLoader:240 - Cannot read IP mode file for STMicroelectronics.X-CUBE-NFC7.1.0.1
2024-01-17 11:02:38,085 [WARN] PackLoader:240 - Cannot read IP mode file for STMicroelectronics.X-CUBE-NFC6.3.0.0
2024-01-17 11:02:38,105 [WARN] PackLoader:240 - Cannot read IP mode file for STMicroelectronics.X-CUBE-AI.8.1.0
2024-01-17 11:02:38,134 [WARN] ConditionMgr:438 - getConditionDescription Invalid condition id : LAN8742 Phy interface Condition cause : null
2024-01-17 11:02:38,134 [WARN] PackLoader:240 - Cannot read IP mode file for STMicroelectronics.X-CUBE-AZRTOS-L4.2.0.0
2024-01-17 11:02:38,134 [WARN] ConditionMgr:1039 - genDependencies : Invalid condition id : LAN8742 Phy interface Condition cause : null
2024-01-17 11:02:38,134 [WARN] ConditionMgr:1039 - genDependencies : Invalid condition id : LAN8742 Phy interface Condition cause : null
2024-01-17 11:02:38,140 [WARN] ConditionMgr:1039 - genDependencies : Invalid condition id : LAN8742 Phy interface Condition cause : null
2024-01-17 11:02:38,141 [WARN] PackLoader:240 - Cannot read IP mode file for STMicroelectronics.X-CUBE-SFXS2LP1.4.0.0
2024-01-17 11:02:38,179 [WARN] ConditionMgr:438 - getConditionDescription Invalid condition id : UX DEVICE CLASS RTOS Condition cause : null
2024-01-17 11:02:38,179 [WARN] ConditionMgr:438 - getConditionDescription Invalid condition id : UX DEVICE CLASS RTOS Condition cause : null
2024-01-17 11:02:38,183 [WARN] PackLoader:240 - Cannot read IP mode file for STMicroelectronics.X-CUBE-AZRTOS-WB.2.0.0
2024-01-17 11:02:38,184 [WARN] ConditionMgr:1039 - genDependencies : Invalid condition id : UX DEVICE CLASS RTOS Condition cause : null
2024-01-17 11:02:38,184 [WARN] ConditionMgr:1039 - genDependencies : Invalid condition id : UX DEVICE CLASS RTOS Condition cause : null
2024-01-17 11:02:38,185 [WARN] ConditionMgr:1039 - genDependencies : Invalid condition id : UX DEVICE CLASS RTOS Condition cause : null
2024-01-17 11:02:38,185 [WARN] ConditionMgr:1039 - genDependencies : Invalid condition id : UX DEVICE CLASS RTOS Condition cause : null
2024-01-17 11:02:38,185 [WARN] ConditionMgr:1039 - genDependencies : Invalid condition id : UX DEVICE CLASS RTOS Condition cause : null
2024-01-17 11:02:38,204 [WARN] PackLoader:240 - Cannot read IP mode file for STMicroelectronics.X-CUBE-SUBG2.5.0.0
2024-01-17 11:02:38,238 [WARN] PackLoader:240 - Cannot read IP mode file for STMicroelectronics.X-CUBE-AZRTOS-G4.2.0.0
2024-01-17 11:02:38,288 [WARN] PackLoader:240 - Cannot read IP mode file for Infineon.AIROC-Wi-Fi-Bluetooth-STM32.1.5.1
2024-01-17 11:02:38,307 [WARN] PackLoader:240 - Cannot read IP mode file for STMicroelectronics.FP-SNS-MOTENVWB1.1.3.1
2024-01-17 11:02:38,312 [WARN] PackLoader:240 - Cannot read IP mode file for STMicroelectronics.X-CUBE-ISPU.2.0.0
2024-01-17 11:02:38,378 [WARN] PackLoader:240 - Cannot read IP mode file for STMicroelectronics.X-CUBE-MEMS1.10.0.0
2024-01-17 11:02:38,592 [WARN] PackLoader:240 - Cannot read IP mode file for STMicroelectronics.X-CUBE-FREERTOS.1.1.0
2024-01-17 11:02:38,600 [WARN] PackLoader:240 - Cannot read IP mode file for portGmbH.I-Cube-SoM-uGOAL.1.1.0
2024-01-17 11:02:38,605 [WARN] PackLoader:240 - Cannot read IP mode file for STMicroelectronics.X-CUBE-ALS.1.0.1
2024-01-17 11:02:38,605 [WARN] PackLoader:240 - Cannot read IP mode file for STMicroelectronics.FP-ATR-ASTRA1.2.0.0
2024-01-17 11:02:38,629 [WARN] PackLoader:240 - Cannot read IP mode file for STMicroelectronics.X-CUBE-TOF1.3.4.0
2024-01-17 11:02:38,685 [WARN] PackLoader:240 - Cannot read IP mode file for STMicroelectronics.X-CUBE-AZRTOS-H7.3.2.0
2024-01-17 11:02:38,690 [INFO] ThirdParty:978 - Integrity check success = true
2024-01-17 11:02:38,690 [INFO] IntegrityCheckThread:100 - exiting critical section [integrity check]
2024-01-17 11:02:38,690 [INFO] IntegrityCheckThread:103 - End integrity checks thread
2024-01-17 11:02:39,330 [INFO] WebApp:780 - Register for checkConnection events
2024-01-17 11:02:39,330 [INFO] WebApp:414 - Apply proxy settings
2024-01-17 11:02:39,331 [INFO] WebApp:499 - Chromium requires no authentication
2024-01-17 11:02:39,344 [INFO] WebApp:442 - Direct internet connection detected
2024-01-17 11:02:39,626 [INFO] WebApp:192 - Starting web application
2024-01-17 11:02:39,626 [INFO] WebApp:544 - Web application path used C:\ST\STM32CubeIDE_1.14.0\STM32CubeIDE\plugins\com.st.stm32cube.common.mx_6.10.0.202311202037\db\plugins\mcufinder\reactClient1\index.html
2024-01-17 11:03:00,925 [ERROR] LogOutputStream:75 - [STDERR_REDIRECT] SLF4J: Failed to load class "org.slf4j.impl.StaticLoggerBinder".
2024-01-17 11:03:00,925 [ERROR] LogOutputStream:75 - [STDERR_REDIRECT] SLF4J: Defaulting to no-operation (NOP) logger implementation
2024-01-17 11:03:00,934 [ERROR] LogOutputStream:75 - [STDERR_REDIRECT] SLF4J: See http://www.slf4j.org/codes.html#StaticLoggerBinder for further details.
2024-01-17 18:07:10,700 [ERROR] LogOutputStream:75 - [STDERR_REDIRECT] 
