2024-01-16 12:56:47,036 [INFO] Activator:176 - 


2024-01-16 12:56:47,042 [INFO] Activator:177 - !SESSION log4j initialized
2024-01-16 12:56:55,341 [INFO] LogOutputStream:77 - [STDOUT_REDIRECT] 
2024-01-16 12:57:01,946 [INFO] ApplicationProperties:184 - Using Application install path: C:\ST\STM32CubeIDE_1.14.0\STM32CubeIDE\plugins\com.st.stm32cube.common.mx_6.10.0.202311202037
2024-01-16 12:57:01,970 [INFO] DbMcusXml:78 - Set database path to: C:\ST\STM32CubeIDE_1.14.0\STM32CubeIDE\plugins\com.st.stm32cube.common.mx_6.10.0.202311202037\\db\/mcu/
2024-01-16 12:57:01,971 [INFO] ApiDb:274 - Set plugin database path to: C:\ST\STM32CubeIDE_1.14.0\STM32CubeIDE\plugins\com.st.stm32cube.common.mx_6.10.0.202311202037\\db\/plugins/boardmanager/
2024-01-16 12:57:01,971 [WARN] ApiDb:259 - Overriding images path with different value:  => C:\ST\STM32CubeIDE_1.14.0\STM32CubeIDE\plugins\com.st.stm32cube.common.mx_6.10.0.202311202037\\db\/plugins/mcufinder/images/
2024-01-16 12:57:01,987 [INFO] ApiDb:250 - Set database path to: C:\Users\pyrga\.stmcufinder\plugins\mcufinder//mcu/
2024-01-16 12:57:01,989 [INFO] DbMcusAds:125 - Set database path to: C:\Users\pyrga\.stmcufinder\plugins\mcufinder//mcu/
2024-01-16 12:57:01,991 [INFO] CrossReferenceDbSqlite:203 - Set database path to: C:\Users\pyrga\.stmcufinder\plugins\mcufinder//mcu/cs/
2024-01-16 12:57:02,131 [INFO] RulesReader:64 - Compatibility file has been processed (297 Rules)
2024-01-16 12:57:02,242 [INFO] DbMcusXml:78 - Set database path to: C:\ST\STM32CubeIDE_1.14.0\STM32CubeIDE\plugins\com.st.stm32cube.common.mx_6.10.0.202311202037\\db\/mcu/
2024-01-16 12:57:02,242 [INFO] ApiDb:274 - Set plugin database path to: C:\ST\STM32CubeIDE_1.14.0\STM32CubeIDE\plugins\com.st.stm32cube.common.mx_6.10.0.202311202037\\db\/plugins/boardmanager/
2024-01-16 12:57:02,242 [INFO] ApiDb:261 - Set plugin images path to: C:\ST\STM32CubeIDE_1.14.0\STM32CubeIDE\plugins\com.st.stm32cube.common.mx_6.10.0.202311202037\\db\/plugins/mcufinder/images/
2024-01-16 12:57:02,243 [WARN] DbFile:41 - Overriding database path with different value: C:\Users\pyrga\.stmcufinder\plugins\mcufinder/ => C:\Users\pyrga\.stmcufinder\plugins\mcufinder
2024-01-16 12:57:02,243 [INFO] ApiDb:250 - Set database path to: C:\Users\pyrga\.stmcufinder\plugins\mcufinder//mcu/
2024-01-16 12:57:02,243 [WARN] DbFile:41 - Overriding database path with different value: C:\Users\pyrga\.stmcufinder\plugins\mcufinder/ => C:\Users\pyrga\.stmcufinder\plugins\mcufinder
2024-01-16 12:57:02,243 [INFO] DbMcusAds:125 - Set database path to: C:\Users\pyrga\.stmcufinder\plugins\mcufinder//mcu/
2024-01-16 12:57:02,243 [WARN] DbFile:41 - Overriding database path with different value: C:\Users\pyrga\.stmcufinder\plugins\mcufinder/ => C:\Users\pyrga\.stmcufinder\plugins\mcufinder
2024-01-16 12:57:02,243 [WARN] DbFile:41 - Overriding database path with different value: C:\Users\pyrga\.stmcufinder\plugins\mcufinder/ => C:\Users\pyrga\.stmcufinder\plugins\mcufinder
2024-01-16 12:57:02,243 [INFO] CrossReferenceDbSqlite:203 - Set database path to: C:\Users\pyrga\.stmcufinder\plugins\mcufinder//mcu/cs/
2024-01-16 12:57:02,346 [INFO] MainPanel:264 - HeapMemory: 268435456
2024-01-16 12:57:02,468 [INFO] DbMcusXml:78 - Set database path to: C:\ST\STM32CubeIDE_1.14.0\STM32CubeIDE\plugins\com.st.stm32cube.common.mx_6.10.0.202311202037\\db\/mcu/
2024-01-16 12:57:02,469 [INFO] ApiDb:274 - Set plugin database path to: C:\ST\STM32CubeIDE_1.14.0\STM32CubeIDE\plugins\com.st.stm32cube.common.mx_6.10.0.202311202037\\db\/plugins/boardmanager/
2024-01-16 12:57:02,469 [INFO] ApiDb:261 - Set plugin images path to: C:\ST\STM32CubeIDE_1.14.0\STM32CubeIDE\plugins\com.st.stm32cube.common.mx_6.10.0.202311202037\\db\/plugins/mcufinder/images/
2024-01-16 12:57:02,469 [WARN] DbFile:41 - Overriding database path with different value: C:\Users\pyrga\.stmcufinder\plugins\mcufinder/ => C:\Users\pyrga\.stmcufinder\plugins\mcufinder
2024-01-16 12:57:02,469 [INFO] ApiDb:250 - Set database path to: C:\Users\pyrga\.stmcufinder\plugins\mcufinder//mcu/
2024-01-16 12:57:02,469 [WARN] DbFile:41 - Overriding database path with different value: C:\Users\pyrga\.stmcufinder\plugins\mcufinder/ => C:\Users\pyrga\.stmcufinder\plugins\mcufinder
2024-01-16 12:57:02,469 [INFO] DbMcusAds:125 - Set database path to: C:\Users\pyrga\.stmcufinder\plugins\mcufinder//mcu/
2024-01-16 12:57:02,470 [WARN] DbFile:41 - Overriding database path with different value: C:\Users\pyrga\.stmcufinder\plugins\mcufinder/ => C:\Users\pyrga\.stmcufinder\plugins\mcufinder
2024-01-16 12:57:02,470 [WARN] DbFile:41 - Overriding database path with different value: C:\Users\pyrga\.stmcufinder\plugins\mcufinder/ => C:\Users\pyrga\.stmcufinder\plugins\mcufinder
2024-01-16 12:57:02,470 [INFO] CrossReferenceDbSqlite:203 - Set database path to: C:\Users\pyrga\.stmcufinder\plugins\mcufinder//mcu/cs/
2024-01-16 12:57:02,494 [INFO] ApplicationProperties:184 - Using Application install path: C:\ST\STM32CubeIDE_1.14.0\STM32CubeIDE\plugins\com.st.stm32cube.common.mx_6.10.0.202311202037
2024-01-16 12:57:02,496 [INFO] PluginManage:196 - Search for loadable plugins [exclusion list=, ]
2024-01-16 12:57:02,497 [INFO] PluginManage:310 - Check plugin analytics
2024-01-16 12:57:07,661 [INFO] AnalyticsPlugin:253 - Accepted Software Licenses: 
2024-01-16 12:57:07,662 [INFO] AnalyticsPlugin:255 - Accepted CMSIS Pack Licenses: 
2024-01-16 12:57:07,662 [INFO] AnalyticsPlugin:257 - Accepted Firmware Licenses: 
2024-01-16 12:57:07,665 [INFO] PluginManage:359 - Loaded plugin analytics (category:tool,tabindex:-1)
2024-01-16 12:57:07,666 [INFO] PluginManage:310 - Check plugin cadmodel
2024-01-16 12:57:07,683 [INFO] CADModel:105 - Init CAD model plugin
2024-01-16 12:57:07,683 [INFO] PluginManage:359 - Loaded plugin cadmodel (category:power,tabindex:5)
2024-01-16 12:57:07,683 [INFO] PluginManage:310 - Check plugin clock
2024-01-16 12:57:07,709 [INFO] PluginManage:359 - Loaded plugin clock (category:base,tabindex:2)
2024-01-16 12:57:07,710 [INFO] PluginManage:310 - Check plugin ddr
2024-01-16 12:57:07,714 [INFO] PluginManage:359 - Loaded plugin ddr (category:tool,tabindex:6)
2024-01-16 12:57:07,714 [INFO] PluginManage:310 - Check plugin filemanager
2024-01-16 12:57:07,886 [INFO] PluginManage:359 - Loaded plugin filemanager (category:base,tabindex:10)
2024-01-16 12:57:07,886 [INFO] PluginManage:310 - Check plugin ipmanager
2024-01-16 12:57:07,895 [INFO] PluginManage:359 - Loaded plugin ipmanager (category:base,tabindex:5)
2024-01-16 12:57:07,896 [INFO] PluginManage:310 - Check plugin lpbam
2024-01-16 12:57:07,917 [INFO] PluginManage:359 - Loaded plugin lpbam (category:base,tabindex:0)
2024-01-16 12:57:07,917 [INFO] PluginManage:310 - Check plugin memorymap
2024-01-16 12:57:07,949 [INFO] PluginManage:359 - Loaded plugin memorymap (category:base,tabindex:4)
2024-01-16 12:57:07,949 [INFO] PluginManage:310 - Check plugin pinoutandconfiguration
2024-01-16 12:57:07,969 [INFO] PluginManage:359 - Loaded plugin pinoutandconfiguration (category:base,tabindex:1)
2024-01-16 12:57:07,969 [INFO] PluginManage:310 - Check plugin pinoutconfig
2024-01-16 12:57:08,100 [WARN] SupportedApi:132 - Cannot load RTOS API schema: s4s-elt-must-match.1: The content of 'definitions' must match (annotation?, (simpleType | complexType)?, (unique | key | keyref)*)). A problem was found starting at: attribute.
2024-01-16 12:57:08,286 [INFO] PluginManage:359 - Loaded plugin pinoutconfig (category:base,tabindex:0)
2024-01-16 12:57:08,286 [INFO] PluginManage:310 - Check plugin power
2024-01-16 12:57:08,311 [INFO] PluginManage:359 - Loaded plugin power (category:power,tabindex:4)
2024-01-16 12:57:08,311 [INFO] PluginManage:310 - Check plugin projectmanager
2024-01-16 12:57:08,335 [INFO] PluginManage:359 - Loaded plugin projectmanager (category:projectmanager,tabindex:3)
2024-01-16 12:57:08,335 [INFO] PluginManage:310 - Check plugin thirdparty
2024-01-16 12:57:08,636 [INFO] PluginManage:359 - Loaded plugin thirdparty (category:base,tabindex:-1)
2024-01-16 12:57:08,636 [WARN] IntegrityCheckThread:84 - waiting for thirdparty lock release [integrity check]
2024-01-16 12:57:08,636 [INFO] PluginManage:310 - Check plugin tools
2024-01-16 12:57:08,636 [INFO] IntegrityCheckThread:86 - entering critical section [integrity check]
2024-01-16 12:57:08,637 [INFO] ThirdPartyUpdaterWithRetryManager:70 - Updater plugin not ready yet. [1/15]
2024-01-16 12:57:08,672 [INFO] PluginManage:359 - Loaded plugin tools (category:base,tabindex:7)
2024-01-16 12:57:08,672 [INFO] PluginManage:310 - Check plugin tutovideos
2024-01-16 12:57:08,943 [INFO] PluginManage:359 - Loaded plugin tutovideos (category:base,tabindex:-1)
2024-01-16 12:57:08,943 [INFO] PluginManage:310 - Check plugin updater
2024-01-16 12:57:08,959 [INFO] PluginManage:359 - Loaded plugin updater (category:base,tabindex:12)
2024-01-16 12:57:08,959 [INFO] PluginManage:310 - Check plugin userauth
2024-01-16 12:57:08,969 [INFO] UserAuth:114 - Init User Auth plugin
2024-01-16 12:57:08,969 [INFO] PluginManage:359 - Loaded plugin userauth (category:base,tabindex:14)
2024-01-16 12:57:08,969 [INFO] PluginManage:283 - PluginManage : Loaded plugins [17]
2024-01-16 12:57:09,261 [INFO] PinOutPanel:1499 - setPackage(No Configuration,No Configuration)
2024-01-16 12:57:09,359 [INFO] CADModel:165 - CPN selected for project level
2024-01-16 12:57:09,359 [INFO] CADModel:114 - Register for checkConnection events
2024-01-16 12:57:09,393 [INFO] IPUIPlugin:80 - create IPUIPlugin
2024-01-16 12:57:09,394 [INFO] PluginManager:220 - loadIPPluginJar : add adc
2024-01-16 12:57:09,434 [INFO] IPUIPlugin:80 - create IPUIPlugin
2024-01-16 12:57:09,434 [INFO] PluginManager:220 - loadIPPluginJar : add aes
2024-01-16 12:57:09,475 [INFO] IPUIPlugin:80 - create IPUIPlugin
2024-01-16 12:57:09,475 [INFO] PluginManager:220 - loadIPPluginJar : add can
2024-01-16 12:57:09,496 [INFO] IPUIPlugin:80 - create IPUIPlugin
2024-01-16 12:57:09,497 [INFO] PluginManager:220 - loadIPPluginJar : add comp
2024-01-16 12:57:09,529 [INFO] IPUIPlugin:80 - create IPUIPlugin
2024-01-16 12:57:09,529 [INFO] PluginManager:220 - loadIPPluginJar : add cryp
2024-01-16 12:57:09,558 [INFO] IPUIPlugin:80 - create IPUIPlugin
2024-01-16 12:57:09,558 [INFO] PluginManager:220 - loadIPPluginJar : add dfsdm
2024-01-16 12:57:09,574 [INFO] IPUIPlugin:80 - create IPUIPlugin
2024-01-16 12:57:09,574 [INFO] PluginManager:220 - loadIPPluginJar : add dma
2024-01-16 12:57:09,618 [INFO] IPUIPlugin:80 - create IPUIPlugin
2024-01-16 12:57:09,618 [INFO] PluginManager:220 - loadIPPluginJar : add dma3
2024-01-16 12:57:09,639 [INFO] IPUIPlugin:80 - create IPUIPlugin
2024-01-16 12:57:09,639 [INFO] PluginManager:220 - loadIPPluginJar : add fatfs
2024-01-16 12:57:09,683 [INFO] IPUIPlugin:80 - create IPUIPlugin
2024-01-16 12:57:09,683 [INFO] PluginManager:220 - loadIPPluginJar : add fmc
2024-01-16 12:57:09,701 [INFO] IPUIPlugin:80 - create IPUIPlugin
2024-01-16 12:57:09,701 [INFO] PluginManager:220 - loadIPPluginJar : add freertos
2024-01-16 12:57:09,722 [INFO] IPUIPlugin:80 - create IPUIPlugin
2024-01-16 12:57:09,722 [INFO] PluginManager:220 - loadIPPluginJar : add genericplugin
2024-01-16 12:57:09,811 [INFO] IPUIPlugin:80 - create IPUIPlugin
2024-01-16 12:57:09,811 [INFO] PluginManager:220 - loadIPPluginJar : add gfxmmu
2024-01-16 12:57:09,940 [INFO] IPUIPlugin:80 - create IPUIPlugin
2024-01-16 12:57:09,940 [INFO] PluginManager:220 - loadIPPluginJar : add gic
2024-01-16 12:57:09,953 [INFO] IPUIPlugin:80 - create IPUIPlugin
2024-01-16 12:57:09,953 [INFO] PluginManager:220 - loadIPPluginJar : add gpio
2024-01-16 12:57:10,040 [INFO] IPUIPlugin:80 - create IPUIPlugin
2024-01-16 12:57:10,040 [INFO] PluginManager:220 - loadIPPluginJar : add gtzc
2024-01-16 12:57:10,075 [INFO] IPUIPlugin:80 - create IPUIPlugin
2024-01-16 12:57:10,075 [INFO] PluginManager:220 - loadIPPluginJar : add hash
2024-01-16 12:57:10,125 [INFO] IPUIPlugin:80 - create IPUIPlugin
2024-01-16 12:57:10,125 [INFO] PluginManager:220 - loadIPPluginJar : add i2c
2024-01-16 12:57:10,160 [INFO] IPUIPlugin:80 - create IPUIPlugin
2024-01-16 12:57:10,161 [INFO] PluginManager:220 - loadIPPluginJar : add i2s
2024-01-16 12:57:10,198 [INFO] IPUIPlugin:80 - create IPUIPlugin
2024-01-16 12:57:10,198 [INFO] PluginManager:220 - loadIPPluginJar : add i3c
2024-01-16 12:57:10,306 [INFO] IPUIPlugin:80 - create IPUIPlugin
2024-01-16 12:57:10,307 [INFO] PluginManager:220 - loadIPPluginJar : add ipddr
2024-01-16 12:57:10,396 [INFO] IPUIPlugin:80 - create IPUIPlugin
2024-01-16 12:57:10,396 [INFO] PluginManager:220 - loadIPPluginJar : add linkedlist
2024-01-16 12:57:10,431 [INFO] IPUIPlugin:80 - create IPUIPlugin
2024-01-16 12:57:10,431 [INFO] PluginManager:220 - loadIPPluginJar : add lorawan
2024-01-16 12:57:10,466 [INFO] IPUIPlugin:80 - create IPUIPlugin
2024-01-16 12:57:10,466 [INFO] PluginManager:220 - loadIPPluginJar : add ltdc
2024-01-16 12:57:10,481 [INFO] IPUIPlugin:80 - create IPUIPlugin
2024-01-16 12:57:10,481 [INFO] PluginManager:220 - loadIPPluginJar : add mdma
2024-01-16 12:57:10,496 [INFO] IPUIPlugin:80 - create IPUIPlugin
2024-01-16 12:57:10,496 [INFO] PluginManager:220 - loadIPPluginJar : add nvic
2024-01-16 12:57:10,530 [INFO] IPUIPlugin:80 - create IPUIPlugin
2024-01-16 12:57:10,530 [INFO] PluginManager:220 - loadIPPluginJar : add opamp
2024-01-16 12:57:10,592 [INFO] IPUIPlugin:80 - create IPUIPlugin
2024-01-16 12:57:10,592 [INFO] PluginManager:220 - loadIPPluginJar : add openamp
2024-01-16 12:57:10,644 [INFO] IPUIPlugin:80 - create IPUIPlugin
2024-01-16 12:57:10,644 [INFO] PluginManager:220 - loadIPPluginJar : add pdm2pcm
2024-01-16 12:57:10,660 [INFO] IPUIPlugin:80 - create IPUIPlugin
2024-01-16 12:57:10,662 [INFO] PluginManager:220 - loadIPPluginJar : add plateformsettings
2024-01-16 12:57:10,685 [INFO] IPUIPlugin:80 - create IPUIPlugin
2024-01-16 12:57:10,685 [INFO] PluginManager:220 - loadIPPluginJar : add quadspi
2024-01-16 12:57:10,698 [INFO] IPUIPlugin:80 - create IPUIPlugin
2024-01-16 12:57:10,698 [INFO] PluginManager:220 - loadIPPluginJar : add resmgrutility
2024-01-16 12:57:10,749 [INFO] IPUIPlugin:80 - create IPUIPlugin
2024-01-16 12:57:10,749 [INFO] PluginManager:220 - loadIPPluginJar : add sai
2024-01-16 12:57:10,803 [INFO] IPUIPlugin:80 - create IPUIPlugin
2024-01-16 12:57:10,803 [INFO] PluginManager:220 - loadIPPluginJar : add spi
2024-01-16 12:57:10,868 [INFO] IPUIPlugin:80 - create IPUIPlugin
2024-01-16 12:57:10,868 [INFO] PluginManager:220 - loadIPPluginJar : add stm32_wpan
2024-01-16 12:57:10,891 [INFO] IPUIPlugin:80 - create IPUIPlugin
2024-01-16 12:57:10,891 [INFO] PluginManager:220 - loadIPPluginJar : add tim
2024-01-16 12:57:10,951 [INFO] IPUIPlugin:80 - create IPUIPlugin
2024-01-16 12:57:10,951 [INFO] PluginManager:220 - loadIPPluginJar : add touchsensing
2024-01-16 12:57:10,977 [INFO] IPUIPlugin:80 - create IPUIPlugin
2024-01-16 12:57:10,977 [INFO] PluginManager:220 - loadIPPluginJar : add tracer_emb
2024-01-16 12:57:11,000 [INFO] IPUIPlugin:80 - create IPUIPlugin
2024-01-16 12:57:11,000 [INFO] PluginManager:220 - loadIPPluginJar : add ts
2024-01-16 12:57:11,022 [INFO] IPUIPlugin:80 - create IPUIPlugin
2024-01-16 12:57:11,022 [INFO] PluginManager:220 - loadIPPluginJar : add tsc
2024-01-16 12:57:11,043 [INFO] IPUIPlugin:80 - create IPUIPlugin
2024-01-16 12:57:11,043 [INFO] PluginManager:220 - loadIPPluginJar : add ucpd
2024-01-16 12:57:11,083 [INFO] IPUIPlugin:80 - create IPUIPlugin
2024-01-16 12:57:11,083 [INFO] PluginManager:220 - loadIPPluginJar : add usart
2024-01-16 12:57:11,122 [INFO] IPUIPlugin:80 - create IPUIPlugin
2024-01-16 12:57:11,122 [INFO] PluginManager:220 - loadIPPluginJar : add usbx
2024-01-16 12:57:11,272 [INFO] CADModel:165 - CPN selected for project level
2024-01-16 12:57:11,272 [INFO] CADModel:114 - Register for checkConnection events
2024-01-16 12:57:11,272 [FATAL] Updater:308 - Updater called before beeing initialized
2024-01-16 12:57:11,273 [ERROR] CADModel:125 - Updater not yet initialized, retry later 
2024-01-16 12:57:11,475 [INFO] CADModel:165 - CPN selected for project level
2024-01-16 12:57:11,475 [INFO] CADModel:114 - Register for checkConnection events
2024-01-16 12:57:11,475 [FATAL] Updater:308 - Updater called before beeing initialized
2024-01-16 12:57:11,475 [ERROR] CADModel:125 - Updater not yet initialized, retry later 
2024-01-16 12:57:11,479 [FATAL] Updater:308 - Updater called before beeing initialized
2024-01-16 12:57:11,611 [FATAL] Updater:308 - Updater called before beeing initialized
2024-01-16 12:57:11,620 [INFO] DbMcusAds:53 - JSON generation date=Wed Nov 29 12:52:27 EET 2023 (1701255147349)
2024-01-16 12:57:11,620 [FATAL] Updater:308 - Updater called before beeing initialized
2024-01-16 12:57:11,643 [INFO] ThirdPartyUpdaterWithRetryManager:70 - Updater plugin not ready yet. [2/15]
2024-01-16 12:57:11,699 [WARN] DetailPanel:346 - Failed to get advertising image, set to default
2024-01-16 12:57:11,796 [FATAL] Updater:308 - Updater called before beeing initialized
2024-01-16 12:57:11,799 [FATAL] Updater:308 - Updater called before beeing initialized
2024-01-16 12:57:11,799 [FATAL] Updater:308 - Updater called before beeing initialized
2024-01-16 12:57:11,800 [WARN] DetailPanel:346 - Failed to get advertising image, set to default
2024-01-16 12:57:11,801 [FATAL] Updater:308 - Updater called before beeing initialized
2024-01-16 12:57:11,904 [ERROR] Updater:1120 - MainUpdater not yet initialized. External WinMGr cannot be set.
2024-01-16 12:57:11,916 [INFO] Updater:1056 - Updater Version found : 6.10.0
2024-01-16 12:57:11,942 [INFO] ApplicationProperties:184 - Using Application install path: C:\ST\STM32CubeIDE_1.14.0\STM32CubeIDE\plugins\com.st.stm32cube.common.mx_6.10.0.202311202037
2024-01-16 12:57:13,556 [ERROR] LogOutputStream:75 - [STDERR_REDIRECT] Jan 16, 2024 12:57:13 PM java.util.prefs.WindowsPreferences <init>
2024-01-16 12:57:13,558 [ERROR] LogOutputStream:75 - [STDERR_REDIRECT] WARNING: Could not open/create prefs root node Software\JavaSoft\Prefs at root 0xffffffff80000002. Windows RegCreateKeyEx(...) returned error code 5.
2024-01-16 12:57:13,558 [ERROR] LogOutputStream:75 - [STDERR_REDIRECT] 
2024-01-16 12:57:14,088 [INFO] MainUpdater:2873 - connection check result : 10
2024-01-16 12:57:14,088 [INFO] MainUpdater:3567 - Updater definition file requires update
2024-01-16 12:57:14,089 [INFO] MainUpdater:290 - Updater Check For Update Now.
2024-01-16 12:57:14,089 [INFO] MicroXplorer:498 - Change Database Version : DB.6.0.100
2024-01-16 12:57:14,110 [INFO] McuFinderGlobals:63 - Set McuFinder mode to 2 (CubeIDE integrated)
2024-01-16 12:57:14,110 [INFO] UserAuth:180 - activating auth plugin
2024-01-16 12:57:14,114 [INFO] UserAuth:404 - Internet connection configuration mode: 1
2024-01-16 12:57:14,142 [INFO] JxBrowserEngine:152 - Initiate JxBrowser Engine with user profile folder
2024-01-16 12:57:14,313 [INFO] ServerAccessManage:473 - Download File updaters.zip
2024-01-16 12:57:14,526 [INFO] FileExtend:240 - Unzip File : updaters.zip
2024-01-16 12:57:14,526 [INFO] FileExtend:255 - Standard Zip Deflate
2024-01-16 12:57:14,654 [WARN] MainUpdater:1194 - Updater busy. Cannot search thirdparties
2024-01-16 12:57:14,655 [INFO] ThirdPartyUpdaterWithRetryManager:96 - Updater plugin is busy. [1/15]
2024-01-16 12:57:15,078 [INFO] ServerAccessManage:473 - Download File PacksControlFlags.xml
2024-01-16 12:57:15,260 [INFO] ServerAccessManage:473 - Download File cubemx.pidx
2024-01-16 12:57:15,475 [INFO] LoadServerUpdatesThread:375 - End of LoadServerUpdate Thread
2024-01-16 12:57:15,709 [INFO] CheckServerUpdateThread:120 - End of CheckServer Thread
2024-01-16 12:57:17,902 [INFO] WebApp:161 - Instantiating new browser for Auth
2024-01-16 12:57:17,916 [WARN] PackLoader:240 - Cannot read IP mode file for STMicroelectronics.X-CUBE-SMBUS.2.1.0
2024-01-16 12:57:17,995 [WARN] PackLoader:240 - Cannot read IP mode file for STMicroelectronics.X-CUBE-TOUCHGFX.4.23.0
2024-01-16 12:57:18,077 [WARN] PackLoader:240 - Cannot read IP mode file for STMicroelectronics.X-CUBE-AZRTOS-F7.1.1.0
2024-01-16 12:57:18,114 [WARN] PackLoader:240 - Cannot read IP mode file for STMicroelectronics.FP-SNS-MOTENV1.4.3.2
2024-01-16 12:57:18,140 [WARN] PackLoader:240 - Cannot read IP mode file for STMicroelectronics.FP-SNS-FLIGHT1.5.0.2
2024-01-16 12:57:18,178 [WARN] PackLoader:240 - Cannot read IP mode file for STMicroelectronics.X-CUBE-DISPLAY.3.0.0
2024-01-16 12:57:18,214 [WARN] PackLoader:240 - Cannot read IP mode file for STMicroelectronics.X-CUBE-BLE1.7.0.0
2024-01-16 12:57:18,235 [WARN] PackLoader:240 - Cannot read IP mode file for emotas.I-CUBE-CANOPEN.1.3.0
2024-01-16 12:57:18,255 [WARN] PackLoader:240 - Cannot read IP mode file for STMicroelectronics.FP-SNS-SMARTAG2.1.2.0
2024-01-16 12:57:18,283 [INFO] LogOutputStream:77 - [STDOUT_REDIRECT] 1 : Invalid condition id : UX_CORESTACK_Condition cause : null
2024-01-16 12:57:18,284 [INFO] LogOutputStream:77 - [STDOUT_REDIRECT] 1 : Invalid condition id : UX_CORESTACK_Condition cause : null
2024-01-16 12:57:18,286 [INFO] LogOutputStream:77 - [STDOUT_REDIRECT] 1 : Invalid condition id : UX_CORESTACK_Condition cause : null
2024-01-16 12:57:18,287 [INFO] LogOutputStream:77 - [STDOUT_REDIRECT] 1 : Invalid condition id : UX_CORESTACK_Condition cause : null
2024-01-16 12:57:18,288 [INFO] LogOutputStream:77 - [STDOUT_REDIRECT] 1 : Invalid condition id : UX_CORESTACK_Condition cause : null
2024-01-16 12:57:18,299 [WARN] PackLoader:240 - Cannot read IP mode file for STMicroelectronics.X-CUBE-AZRTOS-WL.2.0.0
2024-01-16 12:57:18,318 [WARN] PackLoader:240 - Cannot read IP mode file for WES.I-CUBE-Cesium.1.3.0
2024-01-16 12:57:18,334 [WARN] PackLoader:240 - Cannot read IP mode file for STMicroelectronics.X-CUBE-BLE2.3.3.0
2024-01-16 12:57:18,357 [WARN] PackLoader:240 - Cannot read IP mode file for STMicroelectronics.X-CUBE-ALGOBUILD.1.3.0
2024-01-16 12:57:18,395 [WARN] PackLoader:240 - Cannot read IP mode file for STMicroelectronics.X-CUBE-AZRTOS-G0.1.1.0
2024-01-16 12:57:18,414 [WARN] PackLoader:240 - Cannot read IP mode file for STMicroelectronics.X-CUBE-NFC4.3.0.0
2024-01-16 12:57:18,437 [WARN] PackLoader:240 - Cannot read IP mode file for STMicroelectronics.X-CUBE-BLEMGR.3.0.0
2024-01-16 12:57:18,452 [WARN] PackLoader:240 - Cannot read IP mode file for STMicroelectronics.FP-ATR-SIGFOX1.3.2.0
2024-01-16 12:57:18,498 [WARN] PackLoader:240 - Cannot read IP mode file for SEGGER.I-CUBE-embOS.1.3.1
2024-01-16 12:57:18,557 [WARN] PackLoader:240 - Cannot read IP mode file for STMicroelectronics.X-CUBE-GNSS1.6.0.0
2024-01-16 12:57:18,591 [WARN] PackLoader:240 - Cannot read IP mode file for STMicroelectronics.X-CUBE-AZRTOS-F4.1.1.0
2024-01-16 12:57:18,607 [WARN] PackLoader:240 - Cannot read IP mode file for wolfSSL.I-CUBE-wolfSSL.5.6.6
2024-01-16 12:57:18,637 [WARN] PackLoader:240 - Cannot read IP mode file for STMicroelectronics.X-CUBE-AZRTOS-L5.2.0.0
2024-01-16 12:57:18,653 [WARN] PackLoader:240 - Cannot read IP mode file for STMicroelectronics.X-CUBE-EEPRMA1.4.2.0
2024-01-16 12:57:18,670 [WARN] PackLoader:240 - Cannot read IP mode file for ITTIA_DB.I-CUBE-ITTIADB.8.8.0
2024-01-16 12:57:18,685 [WARN] PackLoader:240 - Cannot read IP mode file for STMicroelectronics.X-CUBE-NFC7.1.0.1
2024-01-16 12:57:18,706 [WARN] PackLoader:240 - Cannot read IP mode file for STMicroelectronics.X-CUBE-NFC6.3.0.0
2024-01-16 12:57:18,724 [WARN] PackLoader:240 - Cannot read IP mode file for STMicroelectronics.X-CUBE-AI.8.1.0
2024-01-16 12:57:18,764 [WARN] ConditionMgr:438 - getConditionDescription Invalid condition id : LAN8742 Phy interface Condition cause : null
2024-01-16 12:57:18,765 [WARN] PackLoader:240 - Cannot read IP mode file for STMicroelectronics.X-CUBE-AZRTOS-L4.2.0.0
2024-01-16 12:57:18,766 [WARN] ConditionMgr:1039 - genDependencies : Invalid condition id : LAN8742 Phy interface Condition cause : null
2024-01-16 12:57:18,767 [WARN] ConditionMgr:1039 - genDependencies : Invalid condition id : LAN8742 Phy interface Condition cause : null
2024-01-16 12:57:18,767 [WARN] ConditionMgr:1039 - genDependencies : Invalid condition id : LAN8742 Phy interface Condition cause : null
2024-01-16 12:57:18,783 [WARN] PackLoader:240 - Cannot read IP mode file for STMicroelectronics.X-CUBE-SFXS2LP1.4.0.0
2024-01-16 12:57:18,809 [WARN] ConditionMgr:438 - getConditionDescription Invalid condition id : UX DEVICE CLASS RTOS Condition cause : null
2024-01-16 12:57:18,809 [WARN] ConditionMgr:438 - getConditionDescription Invalid condition id : UX DEVICE CLASS RTOS Condition cause : null
2024-01-16 12:57:18,811 [WARN] PackLoader:240 - Cannot read IP mode file for STMicroelectronics.X-CUBE-AZRTOS-WB.2.0.0
2024-01-16 12:57:18,811 [WARN] ConditionMgr:1039 - genDependencies : Invalid condition id : UX DEVICE CLASS RTOS Condition cause : null
2024-01-16 12:57:18,812 [WARN] ConditionMgr:1039 - genDependencies : Invalid condition id : UX DEVICE CLASS RTOS Condition cause : null
2024-01-16 12:57:18,812 [WARN] ConditionMgr:1039 - genDependencies : Invalid condition id : UX DEVICE CLASS RTOS Condition cause : null
2024-01-16 12:57:18,812 [WARN] ConditionMgr:1039 - genDependencies : Invalid condition id : UX DEVICE CLASS RTOS Condition cause : null
2024-01-16 12:57:18,812 [WARN] ConditionMgr:1039 - genDependencies : Invalid condition id : UX DEVICE CLASS RTOS Condition cause : null
2024-01-16 12:57:18,835 [WARN] PackLoader:240 - Cannot read IP mode file for STMicroelectronics.X-CUBE-SUBG2.5.0.0
2024-01-16 12:57:18,866 [WARN] PackLoader:240 - Cannot read IP mode file for STMicroelectronics.X-CUBE-AZRTOS-G4.2.0.0
2024-01-16 12:57:18,892 [WARN] PackLoader:240 - Cannot read IP mode file for Infineon.AIROC-Wi-Fi-Bluetooth-STM32.1.5.1
2024-01-16 12:57:18,909 [WARN] PackLoader:240 - Cannot read IP mode file for STMicroelectronics.FP-SNS-MOTENVWB1.1.3.1
2024-01-16 12:57:18,926 [WARN] PackLoader:240 - Cannot read IP mode file for STMicroelectronics.X-CUBE-ISPU.2.0.0
2024-01-16 12:57:18,998 [WARN] PackLoader:240 - Cannot read IP mode file for STMicroelectronics.X-CUBE-MEMS1.10.0.0
2024-01-16 12:57:19,020 [INFO] WebApp:780 - Register for checkConnection events
2024-01-16 12:57:19,020 [INFO] WebApp:414 - Apply proxy settings
2024-01-16 12:57:19,021 [INFO] WebApp:499 - Chromium requires no authentication
2024-01-16 12:57:19,036 [INFO] WebApp:442 - Direct internet connection detected
2024-01-16 12:57:19,175 [WARN] PackLoader:240 - Cannot read IP mode file for STMicroelectronics.X-CUBE-FREERTOS.1.1.0
2024-01-16 12:57:19,193 [WARN] PackLoader:240 - Cannot read IP mode file for portGmbH.I-Cube-SoM-uGOAL.1.1.0
2024-01-16 12:57:19,206 [WARN] PackLoader:240 - Cannot read IP mode file for STMicroelectronics.X-CUBE-ALS.1.0.1
2024-01-16 12:57:19,220 [WARN] PackLoader:240 - Cannot read IP mode file for STMicroelectronics.FP-ATR-ASTRA1.2.0.0
2024-01-16 12:57:19,245 [WARN] PackLoader:240 - Cannot read IP mode file for STMicroelectronics.X-CUBE-TOF1.3.4.0
2024-01-16 12:57:19,290 [WARN] PackLoader:240 - Cannot read IP mode file for STMicroelectronics.X-CUBE-AZRTOS-H7.3.2.0
2024-01-16 12:57:19,293 [INFO] ThirdParty:978 - Integrity check success = true
2024-01-16 12:57:19,293 [INFO] IntegrityCheckThread:100 - exiting critical section [integrity check]
2024-01-16 12:57:19,293 [INFO] IntegrityCheckThread:103 - End integrity checks thread
2024-01-16 12:57:19,407 [INFO] WebApp:192 - Starting web application
2024-01-16 12:57:19,407 [INFO] WebApp:544 - Web application path used C:\ST\STM32CubeIDE_1.14.0\STM32CubeIDE\plugins\com.st.stm32cube.common.mx_6.10.0.202311202037\db\plugins\mcufinder\reactClient1\index.html
2024-01-16 12:57:40,551 [ERROR] LogOutputStream:75 - [STDERR_REDIRECT] SLF4J: Failed to load class "org.slf4j.impl.StaticLoggerBinder".
2024-01-16 12:57:40,552 [ERROR] LogOutputStream:75 - [STDERR_REDIRECT] SLF4J: Defaulting to no-operation (NOP) logger implementation
2024-01-16 12:57:40,553 [ERROR] LogOutputStream:75 - [STDERR_REDIRECT] SLF4J: See http://www.slf4j.org/codes.html#StaticLoggerBinder for further details.
2024-01-16 15:49:37,067 [ERROR] ConfigurationRetriever:142 - IOException on connection: Connect timed out
2024-01-16 18:07:52,467 [ERROR] LogOutputStream:75 - [STDERR_REDIRECT] 
