2024-03-19 11:03:49,076 [INFO] Activator:176 - 


2024-03-19 11:03:49,083 [INFO] Activator:177 - !SESSION log4j initialized
2024-03-19 11:03:56,050 [INFO] LogOutputStream:77 - [STDOUT_REDIRECT] 
2024-03-19 11:04:08,889 [INFO] ApplicationProperties:184 - Using Application install path: C:\ST\STM32CubeIDE_1.14.0\STM32CubeIDE\plugins\com.st.stm32cube.common.mx_6.10.0.202311202037
2024-03-19 11:04:08,957 [INFO] DbMcusXml:78 - Set database path to: C:\ST\STM32CubeIDE_1.14.0\STM32CubeIDE\plugins\com.st.stm32cube.common.mx_6.10.0.202311202037\\db\/mcu/
2024-03-19 11:04:08,958 [INFO] ApiDb:274 - Set plugin database path to: C:\ST\STM32CubeIDE_1.14.0\STM32CubeIDE\plugins\com.st.stm32cube.common.mx_6.10.0.202311202037\\db\/plugins/boardmanager/
2024-03-19 11:04:08,959 [WARN] ApiDb:259 - Overriding images path with different value:  => C:\ST\STM32CubeIDE_1.14.0\STM32CubeIDE\plugins\com.st.stm32cube.common.mx_6.10.0.202311202037\\db\/plugins/mcufinder/images/
2024-03-19 11:04:08,975 [INFO] ApiDb:250 - Set database path to: C:\Users\pyrga\.stmcufinder\plugins\mcufinder//mcu/
2024-03-19 11:04:08,979 [INFO] DbMcusAds:125 - Set database path to: C:\Users\pyrga\.stmcufinder\plugins\mcufinder//mcu/
2024-03-19 11:04:09,005 [INFO] CrossReferenceDbSqlite:203 - Set database path to: C:\Users\pyrga\.stmcufinder\plugins\mcufinder//mcu/cs/
2024-03-19 11:04:09,376 [INFO] RulesReader:64 - Compatibility file has been processed (297 Rules)
2024-03-19 11:04:09,574 [INFO] DbMcusXml:78 - Set database path to: C:\ST\STM32CubeIDE_1.14.0\STM32CubeIDE\plugins\com.st.stm32cube.common.mx_6.10.0.202311202037\\db\/mcu/
2024-03-19 11:04:09,574 [INFO] ApiDb:274 - Set plugin database path to: C:\ST\STM32CubeIDE_1.14.0\STM32CubeIDE\plugins\com.st.stm32cube.common.mx_6.10.0.202311202037\\db\/plugins/boardmanager/
2024-03-19 11:04:09,574 [INFO] ApiDb:261 - Set plugin images path to: C:\ST\STM32CubeIDE_1.14.0\STM32CubeIDE\plugins\com.st.stm32cube.common.mx_6.10.0.202311202037\\db\/plugins/mcufinder/images/
2024-03-19 11:04:09,575 [WARN] DbFile:41 - Overriding database path with different value: C:\Users\pyrga\.stmcufinder\plugins\mcufinder/ => C:\Users\pyrga\.stmcufinder\plugins\mcufinder
2024-03-19 11:04:09,575 [INFO] ApiDb:250 - Set database path to: C:\Users\pyrga\.stmcufinder\plugins\mcufinder//mcu/
2024-03-19 11:04:09,575 [WARN] DbFile:41 - Overriding database path with different value: C:\Users\pyrga\.stmcufinder\plugins\mcufinder/ => C:\Users\pyrga\.stmcufinder\plugins\mcufinder
2024-03-19 11:04:09,575 [INFO] DbMcusAds:125 - Set database path to: C:\Users\pyrga\.stmcufinder\plugins\mcufinder//mcu/
2024-03-19 11:04:09,575 [WARN] DbFile:41 - Overriding database path with different value: C:\Users\pyrga\.stmcufinder\plugins\mcufinder/ => C:\Users\pyrga\.stmcufinder\plugins\mcufinder
2024-03-19 11:04:09,576 [WARN] DbFile:41 - Overriding database path with different value: C:\Users\pyrga\.stmcufinder\plugins\mcufinder/ => C:\Users\pyrga\.stmcufinder\plugins\mcufinder
2024-03-19 11:04:09,576 [INFO] CrossReferenceDbSqlite:203 - Set database path to: C:\Users\pyrga\.stmcufinder\plugins\mcufinder//mcu/cs/
2024-03-19 11:04:09,761 [INFO] MainPanel:264 - HeapMemory: 274726912
2024-03-19 11:04:09,967 [INFO] DbMcusXml:78 - Set database path to: C:\ST\STM32CubeIDE_1.14.0\STM32CubeIDE\plugins\com.st.stm32cube.common.mx_6.10.0.202311202037\\db\/mcu/
2024-03-19 11:04:09,967 [INFO] ApiDb:274 - Set plugin database path to: C:\ST\STM32CubeIDE_1.14.0\STM32CubeIDE\plugins\com.st.stm32cube.common.mx_6.10.0.202311202037\\db\/plugins/boardmanager/
2024-03-19 11:04:09,967 [INFO] ApiDb:261 - Set plugin images path to: C:\ST\STM32CubeIDE_1.14.0\STM32CubeIDE\plugins\com.st.stm32cube.common.mx_6.10.0.202311202037\\db\/plugins/mcufinder/images/
2024-03-19 11:04:09,968 [WARN] DbFile:41 - Overriding database path with different value: C:\Users\pyrga\.stmcufinder\plugins\mcufinder/ => C:\Users\pyrga\.stmcufinder\plugins\mcufinder
2024-03-19 11:04:09,968 [INFO] ApiDb:250 - Set database path to: C:\Users\pyrga\.stmcufinder\plugins\mcufinder//mcu/
2024-03-19 11:04:09,969 [WARN] DbFile:41 - Overriding database path with different value: C:\Users\pyrga\.stmcufinder\plugins\mcufinder/ => C:\Users\pyrga\.stmcufinder\plugins\mcufinder
2024-03-19 11:04:09,969 [INFO] DbMcusAds:125 - Set database path to: C:\Users\pyrga\.stmcufinder\plugins\mcufinder//mcu/
2024-03-19 11:04:09,969 [WARN] DbFile:41 - Overriding database path with different value: C:\Users\pyrga\.stmcufinder\plugins\mcufinder/ => C:\Users\pyrga\.stmcufinder\plugins\mcufinder
2024-03-19 11:04:09,969 [WARN] DbFile:41 - Overriding database path with different value: C:\Users\pyrga\.stmcufinder\plugins\mcufinder/ => C:\Users\pyrga\.stmcufinder\plugins\mcufinder
2024-03-19 11:04:09,969 [INFO] CrossReferenceDbSqlite:203 - Set database path to: C:\Users\pyrga\.stmcufinder\plugins\mcufinder//mcu/cs/
2024-03-19 11:04:10,014 [INFO] ApplicationProperties:184 - Using Application install path: C:\ST\STM32CubeIDE_1.14.0\STM32CubeIDE\plugins\com.st.stm32cube.common.mx_6.10.0.202311202037
2024-03-19 11:04:10,017 [INFO] PluginManage:196 - Search for loadable plugins [exclusion list=, ]
2024-03-19 11:04:10,024 [INFO] PluginManage:310 - Check plugin analytics
2024-03-19 11:04:15,280 [INFO] AnalyticsPlugin:253 - Accepted Software Licenses: 
2024-03-19 11:04:15,281 [INFO] AnalyticsPlugin:255 - Accepted CMSIS Pack Licenses: 
2024-03-19 11:04:15,281 [INFO] AnalyticsPlugin:257 - Accepted Firmware Licenses: 
2024-03-19 11:04:15,288 [INFO] PluginManage:359 - Loaded plugin analytics (category:tool,tabindex:-1)
2024-03-19 11:04:15,288 [INFO] PluginManage:310 - Check plugin cadmodel
2024-03-19 11:04:15,315 [INFO] CADModel:105 - Init CAD model plugin
2024-03-19 11:04:15,315 [INFO] PluginManage:359 - Loaded plugin cadmodel (category:power,tabindex:5)
2024-03-19 11:04:15,315 [INFO] PluginManage:310 - Check plugin clock
2024-03-19 11:04:15,352 [INFO] PluginManage:359 - Loaded plugin clock (category:base,tabindex:2)
2024-03-19 11:04:15,352 [INFO] PluginManage:310 - Check plugin ddr
2024-03-19 11:04:15,358 [INFO] PluginManage:359 - Loaded plugin ddr (category:tool,tabindex:6)
2024-03-19 11:04:15,359 [INFO] PluginManage:310 - Check plugin filemanager
2024-03-19 11:04:15,581 [INFO] PluginManage:359 - Loaded plugin filemanager (category:base,tabindex:10)
2024-03-19 11:04:15,581 [INFO] PluginManage:310 - Check plugin ipmanager
2024-03-19 11:04:15,597 [INFO] PluginManage:359 - Loaded plugin ipmanager (category:base,tabindex:5)
2024-03-19 11:04:15,597 [INFO] PluginManage:310 - Check plugin lpbam
2024-03-19 11:04:15,628 [INFO] PluginManage:359 - Loaded plugin lpbam (category:base,tabindex:0)
2024-03-19 11:04:15,628 [INFO] PluginManage:310 - Check plugin memorymap
2024-03-19 11:04:15,665 [INFO] PluginManage:359 - Loaded plugin memorymap (category:base,tabindex:4)
2024-03-19 11:04:15,666 [INFO] PluginManage:310 - Check plugin pinoutandconfiguration
2024-03-19 11:04:15,698 [INFO] PluginManage:359 - Loaded plugin pinoutandconfiguration (category:base,tabindex:1)
2024-03-19 11:04:15,698 [INFO] PluginManage:310 - Check plugin pinoutconfig
2024-03-19 11:04:15,885 [WARN] SupportedApi:132 - Cannot load RTOS API schema: s4s-elt-must-match.1: The content of 'definitions' must match (annotation?, (simpleType | complexType)?, (unique | key | keyref)*)). A problem was found starting at: attribute.
2024-03-19 11:04:16,192 [INFO] PluginManage:359 - Loaded plugin pinoutconfig (category:base,tabindex:0)
2024-03-19 11:04:16,193 [INFO] PluginManage:310 - Check plugin power
2024-03-19 11:04:16,230 [INFO] PluginManage:359 - Loaded plugin power (category:power,tabindex:4)
2024-03-19 11:04:16,230 [INFO] PluginManage:310 - Check plugin projectmanager
2024-03-19 11:04:16,259 [INFO] PluginManage:359 - Loaded plugin projectmanager (category:projectmanager,tabindex:3)
2024-03-19 11:04:16,260 [INFO] PluginManage:310 - Check plugin thirdparty
2024-03-19 11:04:16,686 [WARN] IntegrityCheckThread:84 - waiting for thirdparty lock release [integrity check]
2024-03-19 11:04:16,686 [INFO] IntegrityCheckThread:86 - entering critical section [integrity check]
2024-03-19 11:04:16,686 [INFO] PluginManage:359 - Loaded plugin thirdparty (category:base,tabindex:-1)
2024-03-19 11:04:16,687 [INFO] PluginManage:310 - Check plugin tools
2024-03-19 11:04:16,687 [INFO] ThirdPartyUpdaterWithRetryManager:70 - Updater plugin not ready yet. [1/15]
2024-03-19 11:04:16,741 [INFO] PluginManage:359 - Loaded plugin tools (category:base,tabindex:7)
2024-03-19 11:04:16,741 [INFO] PluginManage:310 - Check plugin tutovideos
2024-03-19 11:04:17,049 [INFO] PluginManage:359 - Loaded plugin tutovideos (category:base,tabindex:-1)
2024-03-19 11:04:17,050 [INFO] PluginManage:310 - Check plugin updater
2024-03-19 11:04:17,071 [INFO] PluginManage:359 - Loaded plugin updater (category:base,tabindex:12)
2024-03-19 11:04:17,071 [INFO] PluginManage:310 - Check plugin userauth
2024-03-19 11:04:17,080 [INFO] UserAuth:114 - Init User Auth plugin
2024-03-19 11:04:17,080 [INFO] PluginManage:359 - Loaded plugin userauth (category:base,tabindex:14)
2024-03-19 11:04:17,081 [INFO] PluginManage:283 - PluginManage : Loaded plugins [17]
2024-03-19 11:04:17,516 [INFO] PinOutPanel:1499 - setPackage(No Configuration,No Configuration)
2024-03-19 11:04:17,674 [INFO] CADModel:165 - CPN selected for project level
2024-03-19 11:04:17,674 [INFO] CADModel:114 - Register for checkConnection events
2024-03-19 11:04:17,725 [INFO] IPUIPlugin:80 - create IPUIPlugin
2024-03-19 11:04:17,726 [INFO] PluginManager:220 - loadIPPluginJar : add adc
2024-03-19 11:04:17,789 [INFO] IPUIPlugin:80 - create IPUIPlugin
2024-03-19 11:04:17,789 [INFO] PluginManager:220 - loadIPPluginJar : add aes
2024-03-19 11:04:17,854 [INFO] IPUIPlugin:80 - create IPUIPlugin
2024-03-19 11:04:17,855 [INFO] PluginManager:220 - loadIPPluginJar : add can
2024-03-19 11:04:17,896 [INFO] IPUIPlugin:80 - create IPUIPlugin
2024-03-19 11:04:17,897 [INFO] PluginManager:220 - loadIPPluginJar : add comp
2024-03-19 11:04:17,962 [INFO] IPUIPlugin:80 - create IPUIPlugin
2024-03-19 11:04:17,962 [INFO] PluginManager:220 - loadIPPluginJar : add cryp
2024-03-19 11:04:18,012 [INFO] IPUIPlugin:80 - create IPUIPlugin
2024-03-19 11:04:18,012 [INFO] PluginManager:220 - loadIPPluginJar : add dfsdm
2024-03-19 11:04:18,032 [INFO] IPUIPlugin:80 - create IPUIPlugin
2024-03-19 11:04:18,033 [INFO] PluginManager:220 - loadIPPluginJar : add dma
2024-03-19 11:04:18,110 [INFO] IPUIPlugin:80 - create IPUIPlugin
2024-03-19 11:04:18,111 [INFO] PluginManager:220 - loadIPPluginJar : add dma3
2024-03-19 11:04:18,146 [INFO] IPUIPlugin:80 - create IPUIPlugin
2024-03-19 11:04:18,146 [INFO] PluginManager:220 - loadIPPluginJar : add fatfs
2024-03-19 11:04:18,226 [INFO] IPUIPlugin:80 - create IPUIPlugin
2024-03-19 11:04:18,227 [INFO] PluginManager:220 - loadIPPluginJar : add fmc
2024-03-19 11:04:18,248 [INFO] IPUIPlugin:80 - create IPUIPlugin
2024-03-19 11:04:18,248 [INFO] PluginManager:220 - loadIPPluginJar : add freertos
2024-03-19 11:04:18,285 [INFO] IPUIPlugin:80 - create IPUIPlugin
2024-03-19 11:04:18,285 [INFO] PluginManager:220 - loadIPPluginJar : add genericplugin
2024-03-19 11:04:18,438 [INFO] IPUIPlugin:80 - create IPUIPlugin
2024-03-19 11:04:18,438 [INFO] PluginManager:220 - loadIPPluginJar : add gfxmmu
2024-03-19 11:04:18,638 [INFO] IPUIPlugin:80 - create IPUIPlugin
2024-03-19 11:04:18,639 [INFO] PluginManager:220 - loadIPPluginJar : add gic
2024-03-19 11:04:18,656 [INFO] IPUIPlugin:80 - create IPUIPlugin
2024-03-19 11:04:18,657 [INFO] PluginManager:220 - loadIPPluginJar : add gpio
2024-03-19 11:04:18,791 [INFO] IPUIPlugin:80 - create IPUIPlugin
2024-03-19 11:04:18,792 [INFO] PluginManager:220 - loadIPPluginJar : add gtzc
2024-03-19 11:04:18,846 [INFO] IPUIPlugin:80 - create IPUIPlugin
2024-03-19 11:04:18,848 [INFO] PluginManager:220 - loadIPPluginJar : add hash
2024-03-19 11:04:18,929 [INFO] IPUIPlugin:80 - create IPUIPlugin
2024-03-19 11:04:18,929 [INFO] PluginManager:220 - loadIPPluginJar : add i2c
2024-03-19 11:04:18,991 [INFO] IPUIPlugin:80 - create IPUIPlugin
2024-03-19 11:04:18,991 [INFO] PluginManager:220 - loadIPPluginJar : add i2s
2024-03-19 11:04:19,058 [INFO] IPUIPlugin:80 - create IPUIPlugin
2024-03-19 11:04:19,059 [INFO] PluginManager:220 - loadIPPluginJar : add i3c
2024-03-19 11:04:19,225 [INFO] IPUIPlugin:80 - create IPUIPlugin
2024-03-19 11:04:19,225 [INFO] PluginManager:220 - loadIPPluginJar : add ipddr
2024-03-19 11:04:19,393 [INFO] IPUIPlugin:80 - create IPUIPlugin
2024-03-19 11:04:19,393 [INFO] PluginManager:220 - loadIPPluginJar : add linkedlist
2024-03-19 11:04:19,445 [INFO] IPUIPlugin:80 - create IPUIPlugin
2024-03-19 11:04:19,446 [INFO] PluginManager:220 - loadIPPluginJar : add lorawan
2024-03-19 11:04:19,508 [INFO] IPUIPlugin:80 - create IPUIPlugin
2024-03-19 11:04:19,508 [INFO] PluginManager:220 - loadIPPluginJar : add ltdc
2024-03-19 11:04:19,532 [INFO] IPUIPlugin:80 - create IPUIPlugin
2024-03-19 11:04:19,532 [INFO] PluginManager:220 - loadIPPluginJar : add mdma
2024-03-19 11:04:19,546 [INFO] IPUIPlugin:80 - create IPUIPlugin
2024-03-19 11:04:19,546 [INFO] PluginManager:220 - loadIPPluginJar : add nvic
2024-03-19 11:04:19,600 [INFO] IPUIPlugin:80 - create IPUIPlugin
2024-03-19 11:04:19,600 [INFO] PluginManager:220 - loadIPPluginJar : add opamp
2024-03-19 11:04:19,692 [INFO] ThirdPartyUpdaterWithRetryManager:70 - Updater plugin not ready yet. [2/15]
2024-03-19 11:04:19,705 [INFO] IPUIPlugin:80 - create IPUIPlugin
2024-03-19 11:04:19,706 [INFO] PluginManager:220 - loadIPPluginJar : add openamp
2024-03-19 11:04:19,778 [INFO] IPUIPlugin:80 - create IPUIPlugin
2024-03-19 11:04:19,778 [INFO] PluginManager:220 - loadIPPluginJar : add pdm2pcm
2024-03-19 11:04:19,803 [INFO] IPUIPlugin:80 - create IPUIPlugin
2024-03-19 11:04:19,811 [INFO] PluginManager:220 - loadIPPluginJar : add plateformsettings
2024-03-19 11:04:19,854 [INFO] IPUIPlugin:80 - create IPUIPlugin
2024-03-19 11:04:19,854 [INFO] PluginManager:220 - loadIPPluginJar : add quadspi
2024-03-19 11:04:19,877 [INFO] IPUIPlugin:80 - create IPUIPlugin
2024-03-19 11:04:19,877 [INFO] PluginManager:220 - loadIPPluginJar : add resmgrutility
2024-03-19 11:04:19,973 [INFO] IPUIPlugin:80 - create IPUIPlugin
2024-03-19 11:04:19,973 [INFO] PluginManager:220 - loadIPPluginJar : add sai
2024-03-19 11:04:20,034 [INFO] IPUIPlugin:80 - create IPUIPlugin
2024-03-19 11:04:20,034 [INFO] PluginManager:220 - loadIPPluginJar : add spi
2024-03-19 11:04:20,120 [INFO] IPUIPlugin:80 - create IPUIPlugin
2024-03-19 11:04:20,120 [INFO] PluginManager:220 - loadIPPluginJar : add stm32_wpan
2024-03-19 11:04:20,142 [INFO] IPUIPlugin:80 - create IPUIPlugin
2024-03-19 11:04:20,143 [INFO] PluginManager:220 - loadIPPluginJar : add tim
2024-03-19 11:04:20,202 [INFO] IPUIPlugin:80 - create IPUIPlugin
2024-03-19 11:04:20,203 [INFO] PluginManager:220 - loadIPPluginJar : add touchsensing
2024-03-19 11:04:20,228 [INFO] IPUIPlugin:80 - create IPUIPlugin
2024-03-19 11:04:20,228 [INFO] PluginManager:220 - loadIPPluginJar : add tracer_emb
2024-03-19 11:04:20,251 [INFO] IPUIPlugin:80 - create IPUIPlugin
2024-03-19 11:04:20,251 [INFO] PluginManager:220 - loadIPPluginJar : add ts
2024-03-19 11:04:20,273 [INFO] IPUIPlugin:80 - create IPUIPlugin
2024-03-19 11:04:20,273 [INFO] PluginManager:220 - loadIPPluginJar : add tsc
2024-03-19 11:04:20,295 [INFO] IPUIPlugin:80 - create IPUIPlugin
2024-03-19 11:04:20,295 [INFO] PluginManager:220 - loadIPPluginJar : add ucpd
2024-03-19 11:04:20,339 [INFO] IPUIPlugin:80 - create IPUIPlugin
2024-03-19 11:04:20,339 [INFO] PluginManager:220 - loadIPPluginJar : add usart
2024-03-19 11:04:20,383 [INFO] IPUIPlugin:80 - create IPUIPlugin
2024-03-19 11:04:20,383 [INFO] PluginManager:220 - loadIPPluginJar : add usbx
2024-03-19 11:04:20,529 [INFO] CADModel:165 - CPN selected for project level
2024-03-19 11:04:20,529 [INFO] CADModel:114 - Register for checkConnection events
2024-03-19 11:04:20,529 [FATAL] Updater:308 - Updater called before beeing initialized
2024-03-19 11:04:20,529 [ERROR] CADModel:125 - Updater not yet initialized, retry later 
2024-03-19 11:04:20,735 [INFO] CADModel:165 - CPN selected for project level
2024-03-19 11:04:20,735 [INFO] CADModel:114 - Register for checkConnection events
2024-03-19 11:04:20,735 [FATAL] Updater:308 - Updater called before beeing initialized
2024-03-19 11:04:20,735 [ERROR] CADModel:125 - Updater not yet initialized, retry later 
2024-03-19 11:04:20,740 [FATAL] Updater:308 - Updater called before beeing initialized
2024-03-19 11:04:20,888 [FATAL] Updater:308 - Updater called before beeing initialized
2024-03-19 11:04:20,901 [INFO] DbMcusAds:53 - JSON generation date=Wed Nov 29 12:52:27 EET 2023 (1701255147349)
2024-03-19 11:04:20,901 [FATAL] Updater:308 - Updater called before beeing initialized
2024-03-19 11:04:20,990 [WARN] DetailPanel:346 - Failed to get advertising image, set to default
2024-03-19 11:04:21,131 [FATAL] Updater:308 - Updater called before beeing initialized
2024-03-19 11:04:21,134 [FATAL] Updater:308 - Updater called before beeing initialized
2024-03-19 11:04:21,134 [FATAL] Updater:308 - Updater called before beeing initialized
2024-03-19 11:04:21,134 [WARN] DetailPanel:346 - Failed to get advertising image, set to default
2024-03-19 11:04:21,134 [FATAL] Updater:308 - Updater called before beeing initialized
2024-03-19 11:04:21,215 [ERROR] Updater:1120 - MainUpdater not yet initialized. External WinMGr cannot be set.
2024-03-19 11:04:21,224 [INFO] Updater:1056 - Updater Version found : 6.10.0
2024-03-19 11:04:21,247 [INFO] ApplicationProperties:184 - Using Application install path: C:\ST\STM32CubeIDE_1.14.0\STM32CubeIDE\plugins\com.st.stm32cube.common.mx_6.10.0.202311202037
2024-03-19 11:04:22,693 [INFO] ThirdPartyUpdaterWithRetryManager:70 - Updater plugin not ready yet. [3/15]
2024-03-19 11:04:22,835 [ERROR] LogOutputStream:75 - [STDERR_REDIRECT] Mar 19, 2024 11:04:22 AM java.util.prefs.WindowsPreferences <init>
2024-03-19 11:04:22,837 [ERROR] LogOutputStream:75 - [STDERR_REDIRECT] WARNING: Could not open/create prefs root node Software\JavaSoft\Prefs at root 0xffffffff80000002. Windows RegCreateKeyEx(...) returned error code 5.
2024-03-19 11:04:22,838 [ERROR] LogOutputStream:75 - [STDERR_REDIRECT] 
2024-03-19 11:04:23,962 [INFO] MainUpdater:2873 - connection check result : 10
2024-03-19 11:04:23,962 [INFO] MainUpdater:3567 - Updater definition file requires update
2024-03-19 11:04:23,963 [INFO] MainUpdater:290 - Updater Check For Update Now.
2024-03-19 11:04:23,963 [INFO] MicroXplorer:498 - Change Database Version : DB.6.0.100
2024-03-19 11:04:23,978 [INFO] McuFinderGlobals:63 - Set McuFinder mode to 2 (CubeIDE integrated)
2024-03-19 11:04:23,979 [INFO] UserAuth:180 - activating auth plugin
2024-03-19 11:04:23,982 [INFO] UserAuth:404 - Internet connection configuration mode: 1
2024-03-19 11:04:24,009 [INFO] JxBrowserEngine:152 - Initiate JxBrowser Engine with user profile folder
2024-03-19 11:04:24,891 [INFO] ServerAccessManage:473 - Download File updaters.zip
2024-03-19 11:04:25,696 [WARN] MainUpdater:1194 - Updater busy. Cannot search thirdparties
2024-03-19 11:04:25,696 [INFO] ThirdPartyUpdaterWithRetryManager:96 - Updater plugin is busy. [1/15]
2024-03-19 11:04:26,684 [INFO] WebApp:161 - Instantiating new browser for Auth
2024-03-19 11:04:26,929 [INFO] FileExtend:240 - Unzip File : updaters.zip
2024-03-19 11:04:26,930 [INFO] FileExtend:255 - Standard Zip Deflate
2024-03-19 11:04:27,806 [INFO] ServerAccessManage:473 - Download File PacksControlFlags.xml
2024-03-19 11:04:28,163 [INFO] WebApp:780 - Register for checkConnection events
2024-03-19 11:04:28,164 [INFO] WebApp:414 - Apply proxy settings
2024-03-19 11:04:28,165 [INFO] WebApp:499 - Chromium requires no authentication
2024-03-19 11:04:28,191 [INFO] WebApp:442 - Direct internet connection detected
2024-03-19 11:04:28,579 [INFO] WebApp:192 - Starting web application
2024-03-19 11:04:28,579 [INFO] WebApp:544 - Web application path used C:\ST\STM32CubeIDE_1.14.0\STM32CubeIDE\plugins\com.st.stm32cube.common.mx_6.10.0.202311202037\db\plugins\mcufinder\reactClient1\index.html
2024-03-19 11:04:28,644 [ERROR] LogOutputStream:75 - [STDERR_REDIRECT] SLF4J: Failed to load class "org.slf4j.impl.StaticLoggerBinder".
2024-03-19 11:04:28,646 [ERROR] LogOutputStream:75 - [STDERR_REDIRECT] SLF4J: Defaulting to no-operation (NOP) logger implementation
2024-03-19 11:04:28,648 [ERROR] LogOutputStream:75 - [STDERR_REDIRECT] SLF4J: See http://www.slf4j.org/codes.html#StaticLoggerBinder for further details.
2024-03-19 11:04:28,698 [WARN] MainUpdater:1194 - Updater busy. Cannot search thirdparties
2024-03-19 11:04:28,699 [INFO] ThirdPartyUpdaterWithRetryManager:96 - Updater plugin is busy. [2/15]
2024-03-19 11:04:29,269 [INFO] ServerAccessManage:473 - Download File cubemx.pidx
2024-03-19 11:04:29,400 [INFO] LoadServerUpdatesThread:375 - End of LoadServerUpdate Thread
2024-03-19 11:04:29,570 [INFO] CheckServerUpdateThread:120 - End of CheckServer Thread
2024-03-19 11:04:31,869 [WARN] PackLoader:240 - Cannot read IP mode file for STMicroelectronics.X-CUBE-SMBUS.2.1.0
2024-03-19 11:04:31,886 [WARN] PackLoader:240 - Cannot read IP mode file for STMicroelectronics.X-CUBE-TOUCHGFX.4.23.0
2024-03-19 11:04:31,927 [WARN] PackLoader:240 - Cannot read IP mode file for STMicroelectronics.X-CUBE-AZRTOS-F7.1.1.0
2024-03-19 11:04:31,945 [WARN] PackLoader:240 - Cannot read IP mode file for STMicroelectronics.FP-SNS-MOTENV1.4.3.2
2024-03-19 11:04:31,961 [WARN] PackLoader:240 - Cannot read IP mode file for STMicroelectronics.FP-SNS-FLIGHT1.5.0.2
2024-03-19 11:04:31,978 [WARN] PackLoader:240 - Cannot read IP mode file for STMicroelectronics.X-CUBE-DISPLAY.3.0.0
2024-03-19 11:04:31,999 [WARN] PackLoader:240 - Cannot read IP mode file for STMicroelectronics.X-CUBE-BLE1.7.0.0
2024-03-19 11:04:32,014 [WARN] PackLoader:240 - Cannot read IP mode file for emotas.I-CUBE-CANOPEN.1.3.0
2024-03-19 11:04:32,034 [WARN] PackLoader:240 - Cannot read IP mode file for STMicroelectronics.X-CUBE-BLEMGR.3.1.0
2024-03-19 11:04:32,050 [WARN] PackLoader:240 - Cannot read IP mode file for STMicroelectronics.FP-SNS-SMARTAG2.1.2.0
2024-03-19 11:04:32,070 [INFO] LogOutputStream:77 - [STDOUT_REDIRECT] 1 : Invalid condition id : UX_CORESTACK_Condition cause : null
2024-03-19 11:04:32,070 [INFO] LogOutputStream:77 - [STDOUT_REDIRECT] 1 : Invalid condition id : UX_CORESTACK_Condition cause : null
2024-03-19 11:04:32,071 [INFO] LogOutputStream:77 - [STDOUT_REDIRECT] 1 : Invalid condition id : UX_CORESTACK_Condition cause : null
2024-03-19 11:04:32,072 [INFO] LogOutputStream:77 - [STDOUT_REDIRECT] 1 : Invalid condition id : UX_CORESTACK_Condition cause : null
2024-03-19 11:04:32,073 [INFO] LogOutputStream:77 - [STDOUT_REDIRECT] 1 : Invalid condition id : UX_CORESTACK_Condition cause : null
2024-03-19 11:04:32,077 [WARN] PackLoader:240 - Cannot read IP mode file for STMicroelectronics.X-CUBE-AZRTOS-WL.2.0.0
2024-03-19 11:04:32,096 [WARN] PackLoader:240 - Cannot read IP mode file for WES.I-CUBE-Cesium.1.3.0
2024-03-19 11:04:32,111 [WARN] PackLoader:240 - Cannot read IP mode file for STMicroelectronics.X-CUBE-BLE2.3.3.0
2024-03-19 11:04:32,125 [WARN] PackLoader:240 - Cannot read IP mode file for STMicroelectronics.X-CUBE-ALGOBUILD.1.3.0
2024-03-19 11:04:32,153 [WARN] PackLoader:240 - Cannot read IP mode file for STMicroelectronics.X-CUBE-AZRTOS-G0.1.1.0
2024-03-19 11:04:32,171 [WARN] PackLoader:240 - Cannot read IP mode file for STMicroelectronics.X-CUBE-NFC4.3.0.0
2024-03-19 11:04:32,189 [WARN] PackLoader:240 - Cannot read IP mode file for STMicroelectronics.X-CUBE-BLEMGR.3.0.0
2024-03-19 11:04:32,202 [WARN] PackLoader:240 - Cannot read IP mode file for STMicroelectronics.FP-ATR-SIGFOX1.3.2.0
2024-03-19 11:04:32,217 [WARN] PackLoader:240 - Cannot read IP mode file for STMicroelectronics.X-CUBE-EEPRMA1.5.1.0
2024-03-19 11:04:32,252 [WARN] PackLoader:240 - Cannot read IP mode file for SEGGER.I-CUBE-embOS.1.3.1
2024-03-19 11:04:32,315 [WARN] PackLoader:240 - Cannot read IP mode file for STMicroelectronics.X-CUBE-GNSS1.6.0.0
2024-03-19 11:04:32,348 [WARN] PackLoader:240 - Cannot read IP mode file for STMicroelectronics.X-CUBE-AZRTOS-F4.1.1.0
2024-03-19 11:04:32,364 [WARN] PackLoader:240 - Cannot read IP mode file for wolfSSL.I-CUBE-wolfSSL.5.6.6
2024-03-19 11:04:32,391 [WARN] PackLoader:240 - Cannot read IP mode file for STMicroelectronics.X-CUBE-AZRTOS-L5.2.0.0
2024-03-19 11:04:32,406 [WARN] PackLoader:240 - Cannot read IP mode file for STMicroelectronics.X-CUBE-EEPRMA1.4.2.0
2024-03-19 11:04:32,419 [WARN] PackLoader:240 - Cannot read IP mode file for ITTIA_DB.I-CUBE-ITTIADB.8.8.0
2024-03-19 11:04:32,432 [WARN] PackLoader:240 - Cannot read IP mode file for STMicroelectronics.X-CUBE-NFC7.1.0.1
2024-03-19 11:04:32,447 [WARN] PackLoader:240 - Cannot read IP mode file for STMicroelectronics.X-CUBE-NFC6.3.0.0
2024-03-19 11:04:32,460 [WARN] PackLoader:240 - Cannot read IP mode file for STMicroelectronics.X-CUBE-AI.8.1.0
2024-03-19 11:04:32,487 [WARN] ConditionMgr:438 - getConditionDescription Invalid condition id : LAN8742 Phy interface Condition cause : null
2024-03-19 11:04:32,488 [WARN] PackLoader:240 - Cannot read IP mode file for STMicroelectronics.X-CUBE-AZRTOS-L4.2.0.0
2024-03-19 11:04:32,489 [WARN] ConditionMgr:1039 - genDependencies : Invalid condition id : LAN8742 Phy interface Condition cause : null
2024-03-19 11:04:32,490 [WARN] ConditionMgr:1039 - genDependencies : Invalid condition id : LAN8742 Phy interface Condition cause : null
2024-03-19 11:04:32,491 [WARN] ConditionMgr:1039 - genDependencies : Invalid condition id : LAN8742 Phy interface Condition cause : null
2024-03-19 11:04:32,507 [WARN] PackLoader:240 - Cannot read IP mode file for STMicroelectronics.X-CUBE-SFXS2LP1.4.0.0
2024-03-19 11:04:32,530 [WARN] ConditionMgr:438 - getConditionDescription Invalid condition id : UX DEVICE CLASS RTOS Condition cause : null
2024-03-19 11:04:32,530 [WARN] ConditionMgr:438 - getConditionDescription Invalid condition id : UX DEVICE CLASS RTOS Condition cause : null
2024-03-19 11:04:32,532 [WARN] PackLoader:240 - Cannot read IP mode file for STMicroelectronics.X-CUBE-AZRTOS-WB.2.0.0
2024-03-19 11:04:32,532 [WARN] ConditionMgr:1039 - genDependencies : Invalid condition id : UX DEVICE CLASS RTOS Condition cause : null
2024-03-19 11:04:32,532 [WARN] ConditionMgr:1039 - genDependencies : Invalid condition id : UX DEVICE CLASS RTOS Condition cause : null
2024-03-19 11:04:32,533 [WARN] ConditionMgr:1039 - genDependencies : Invalid condition id : UX DEVICE CLASS RTOS Condition cause : null
2024-03-19 11:04:32,533 [WARN] ConditionMgr:1039 - genDependencies : Invalid condition id : UX DEVICE CLASS RTOS Condition cause : null
2024-03-19 11:04:32,533 [WARN] ConditionMgr:1039 - genDependencies : Invalid condition id : UX DEVICE CLASS RTOS Condition cause : null
2024-03-19 11:04:32,553 [WARN] PackLoader:240 - Cannot read IP mode file for STMicroelectronics.X-CUBE-SUBG2.5.0.0
2024-03-19 11:04:32,583 [WARN] PackLoader:240 - Cannot read IP mode file for STMicroelectronics.X-CUBE-AZRTOS-G4.2.0.0
2024-03-19 11:04:32,606 [WARN] PackLoader:240 - Cannot read IP mode file for Infineon.AIROC-Wi-Fi-Bluetooth-STM32.1.5.1
2024-03-19 11:04:32,622 [WARN] PackLoader:240 - Cannot read IP mode file for STMicroelectronics.FP-SNS-MOTENVWB1.1.3.1
2024-03-19 11:04:32,634 [WARN] PackLoader:240 - Cannot read IP mode file for STMicroelectronics.X-CUBE-ISPU.2.0.0
2024-03-19 11:04:32,680 [WARN] PackLoader:240 - Cannot read IP mode file for STMicroelectronics.X-CUBE-MEMS1.10.0.0
2024-03-19 11:04:32,797 [WARN] PackLoader:240 - Cannot read IP mode file for STMicroelectronics.X-CUBE-FREERTOS.1.1.0
2024-03-19 11:04:32,809 [WARN] PackLoader:240 - Cannot read IP mode file for portGmbH.I-Cube-SoM-uGOAL.1.1.0
2024-03-19 11:04:32,823 [WARN] PackLoader:240 - Cannot read IP mode file for STMicroelectronics.X-CUBE-ALS.1.0.1
2024-03-19 11:04:32,836 [WARN] PackLoader:240 - Cannot read IP mode file for STMicroelectronics.FP-ATR-ASTRA1.2.0.0
2024-03-19 11:04:32,856 [WARN] PackLoader:240 - Cannot read IP mode file for STMicroelectronics.X-CUBE-TOF1.3.4.0
2024-03-19 11:04:32,884 [WARN] PackLoader:240 - Cannot read IP mode file for STMicroelectronics.X-CUBE-TOF1.3.4.1
2024-03-19 11:04:32,931 [WARN] PackLoader:240 - Cannot read IP mode file for STMicroelectronics.X-CUBE-AZRTOS-H7.3.2.0
2024-03-19 11:04:32,934 [INFO] ThirdParty:978 - Integrity check success = true
2024-03-19 11:04:32,934 [INFO] IntegrityCheckThread:100 - exiting critical section [integrity check]
2024-03-19 11:04:32,934 [INFO] IntegrityCheckThread:103 - End integrity checks thread
2024-03-19 14:00:25,738 [INFO] McuFinderGlobals:63 - Set McuFinder mode to 2 (CubeIDE integrated)
2024-03-19 14:00:25,767 [INFO] MainUpdater:2873 - connection check result : 10
2024-03-19 14:00:25,797 [INFO] McuFinderGlobals:76 - Set McuFinderConnectedMode to true
2024-03-19 14:00:26,494 [INFO] ServerAccessManage:473 - Download File mcusAds.json._tmp_
2024-03-19 14:00:26,622 [INFO] LoadUrlFilesThread:156 - End of LoadUrlFiles Thread
2024-03-19 14:00:27,084 [INFO] ServerAccessManage:473 - Download File cube-finder-db.zip
2024-03-19 14:01:08,169 [INFO] FileExtend:240 - Unzip File : cube-finder-db.zip
2024-03-19 14:01:08,169 [INFO] FileExtend:255 - Standard Zip Deflate
2024-03-19 14:01:09,154 [INFO] LoadUrlFilesThread:156 - End of LoadUrlFiles Thread
2024-03-19 14:01:09,688 [INFO] ServerAccessManage:473 - Download File crdb.zip
2024-03-19 14:01:10,786 [INFO] FileExtend:240 - Unzip File : crdb.zip
2024-03-19 14:01:10,786 [INFO] FileExtend:255 - Standard Zip Deflate
2024-03-19 14:01:10,927 [INFO] LoadUrlFilesThread:156 - End of LoadUrlFiles Thread
2024-03-19 14:01:11,275 [INFO] ServerAccessManage:473 - Download File tutoVideoDB.zip
2024-03-19 14:01:11,384 [INFO] FileExtend:240 - Unzip File : tutoVideoDB.zip
2024-03-19 14:01:11,385 [INFO] FileExtend:255 - Standard Zip Deflate
2024-03-19 14:01:11,509 [INFO] LoadUrlFilesThread:156 - End of LoadUrlFiles Thread
2024-03-19 14:01:11,512 [WARN] DbFile:41 - Overriding database path with different value: C:\Users\pyrga\.stmcufinder\plugins\mcufinder/ => C:\Users\pyrga\.stmcufinder\plugins\mcufinder
2024-03-19 14:01:11,799 [INFO] ServerAccessManage:473 - Download File api_config.json
2024-03-19 14:01:11,910 [INFO] LoadUrlFilesThread:156 - End of LoadUrlFiles Thread
2024-03-19 14:01:11,911 [INFO] DbMcusAds:53 - JSON generation date=Wed Nov 29 12:52:27 EET 2023 (1701255147349)
2024-03-19 14:01:11,941 [INFO] LoadUrlFilesThread:185 - End of LoadServerUrlFiles without Thread
2024-03-19 14:01:11,941 [INFO] TargetSelectorAdapter:259 - Refresh data is successful
2024-03-19 14:01:12,070 [INFO] ApiDb:581 - Connected to CubeFinder SQLite database (C:\Users\pyrga\.stmcufinder\plugins\mcufinder\mcu\cube-finder-db.db)
2024-03-19 14:01:12,127 [INFO] ApiDb:668 - CubeFinder database Data Model version=2.1
2024-03-19 14:01:12,127 [INFO] ApiDb:669 - CubeFinder database Configuration version=3.0.39
2024-03-19 14:01:12,129 [INFO] ApiDb:670 - CubeFinder database generation date=2024-03-01 (1709305525)
2024-03-19 14:01:12,129 [INFO] ApiDb:671 - CubeFinder database FW Pack versions=[FP-ATR-ASTRA1_V2.0.0, FP-SNS-FLIGHT1_V5.0.1, FP-SNS-FLIGHT1_V5.0.2, FP-SNS-MOTENV1_V4.3.1, FP-SNS-MOTENV1_V4.3.2, FP-SNS-MOTENVWB1_V1.3.1, FP-SNS-SMARTAG2_V1.2.0, STM32Cube_FW_C0_V1.1.0, STM32Cube_FW_F4_V1.28.0, STM32Cube_FW_F7_V1.17.0, STM32Cube_FW_G0_V1.6.2, STM32Cube_FW_G4_V1.5.2, STM32Cube_FW_H5_V0.5.1, STM32Cube_FW_H5_V1.1.1, STM32Cube_FW_H5_V1.2.0, STM32Cube_FW_H5_V1.2.0RC4, STM32Cube_FW_H7RS_V1.0.0, STM32Cube_FW_H7RS_V1.0.0RC4, STM32Cube_FW_H7_V1.11.0, STM32Cube_FW_L0_V1.12.2, STM32Cube_FW_L5_V1.5.1, STM32Cube_FW_U0_V1.0.0, STM32Cube_FW_U0_V1.0.0RC1, STM32Cube_FW_U5_V1.3.0RC4, STM32Cube_FW_U5_V1.5.0, STM32Cube_FW_U5_V1.5.0RC1, STM32Cube_FW_WBA_V1.0.0RC1, STM32Cube_FW_WBA_V1.2.0, STM32Cube_FW_WBA_V1.2.0RC2, STM32Cube_FW_WBA_V1.3.0, STM32Cube_FW_WBA_V1.3.0RC1, STM32Cube_FW_WB_V1.15.0RC1, STM32Cube_FW_WB_V1.16.0, STM32Cube_FW_WB_V1.16.0RC2, STM32Cube_FW_WB_V1.18.0, STM32Cube_FW_WB_V1.19.0, STM32Cube_FW_WL_V1.3.0, X-CUBE-ALGOBUILD_V1.3.0, X-CUBE-ALS_V1.0.1, X-CUBE-AZRTOS-F4_V1.1.0, X-CUBE-AZRTOS-F7_V1.1.0, X-CUBE-AZRTOS-G0_V1.1.0, X-CUBE-AZRTOS-G4_V2.0.0, X-CUBE-AZRTOS-H7_V3.2.0, X-CUBE-AZRTOS-L4_V1.0.0, X-CUBE-AZRTOS-L4_V2.0.0, X-CUBE-AZRTOS-L5_V1.1.0, X-CUBE-AZRTOS-WB_V2.0.0, X-CUBE-AZRTOS-WL_V2.0.0, X-CUBE-BLE1_V7.0.0, X-CUBE-BLE2_V3.3.0, X-CUBE-BLEMGR_V3.1.0, X-CUBE-EEPRMA1_V4.1.0, X-CUBE-EEPRMA1_V5.1.0, X-CUBE-FREERTOS_V1.1.0, X-CUBE-GNSS1_V6.0.0, X-CUBE-MEMS1_V10.0.0, X-CUBE-MEMS1_V9.1.0, X-CUBE-MEMS1_V9.4.0, X-CUBE-MEMS1_V9.6.0, X-CUBE-NFC4_V3.0.0, X-CUBE-NFC7_V1.0.1, X-CUBE-SFXS2LP1_V4.0.0, X-CUBE-SUBG2_V5.0.0, X-CUBE-TOF1_V3.4.0]
2024-03-19 14:01:13,910 [INFO] ApiDb:240 - Found 371 in-development CPN: [B-G473E-ZEST1S, B-WB1M-WPAN1, B-WL5M-SUBG1, NUCLEO-C031C6, NUCLEO-H503RB, NUCLEO-H563ZI, NUCLEO-U545RE-Q, NUCLEO-U5A5ZJ-Q, NUCLEO-WBA52CG, NUCLEO-WBA55CG, STEVAL-MKBOXPRO, STEVAL-PROTEUS1, STEVAL-STWINBX1, STM320518-EVAL, STM32C0116-DK, STM32C011D6Y3TR, STM32C011D6Y6TR, STM32C011F4P3, STM32C011F4P6, STM32C011F4U3, STM32C011F4U6TR, STM32C011F6P3, STM32C011F6P6, STM32C011F6U3, STM32C011F6U6TR, STM32C011J4M3, STM32C011J4M6, STM32C011J6M3, STM32C011J6M6, STM32C0316-DK, STM32C031C4T3, STM32C031C4T6, STM32C031C4U3, STM32C031C4U6, STM32C031C6T3, STM32C031C6T6, STM32C031C6U3, STM32C031C6U6, STM32C031F4P3, STM32C031F4P6, STM32C031F6P3, STM32C031F6P6, STM32C031G4U3, STM32C031G4U6, STM32C031G6U3, STM32C031G6U6, STM32C031K4T3, STM32C031K4T6, STM32C031K4U3, STM32C031K4U6, STM32C031K6T3, STM32C031K6T6, STM32C031K6U3, STM32C031K6U6, STM32G071K8TXN, STM32G071K8UXN, STM32G081GBU6N, STM32G081KBT6N, STM32G081KBUXN, STM32G0B1CCT6N, STM32G0B1KCT6, STM32G0B1NEY6TR, STM32G0B1RCT6N, STM32G0C1CCT6, STM32G0C1CCT6N, STM32G0C1CCU6N, STM32G0C1CET6N, STM32G0C1CEU6N, STM32G0C1KCT6, STM32G0C1NEY6TR, STM32G0C1RCI6N, STM32G0C1RCT6N, STM32G0C1REI6N, STM32G0C1RET6N, STM32G0C1VCI6, STM32G0C1VEI6, STM32G471CCT6, STM32G471CCU6, STM32G471CET3, STM32G471CET6, STM32G471CEU3, STM32G471CEU6, STM32G471MCT6, STM32G471MET3, STM32G471MET6, STM32G471MEY6TR, STM32G471QCT6, STM32G471QET3, STM32G471RCT6, STM32G471RET3, STM32G471RET6, STM32G471VCH6, STM32G471VCI6, STM32G471VCT6, STM32G471VEH3, STM32G471VEH6, STM32G471VEI3, STM32G471VEI6, STM32G471VET3, STM32G471VET6, STM32G474CCT6, STM32H503CBT6, STM32H503CBU6, STM32H503EBY6TR, STM32H503KBU6, STM32H503RBT6, STM32H562AGI6, STM32H562AII6, STM32H562IGK6, STM32H562IGT6, STM32H562IIK6, STM32H562IIT6, STM32H562RGT6, STM32H562RGV6, STM32H562RIT6, STM32H562RIV6, STM32H562VGT6, STM32H562VIT6, STM32H562ZGT6, STM32H562ZIT6, STM32H563AGI6, STM32H563AII3Q, STM32H563AII6, STM32H563IGK6, STM32H563IGT6, STM32H563IIK3Q, STM32H563IIK6, STM32H563IIT3Q, STM32H563IIT6, STM32H563MIY3QTR, STM32H563RGT6, STM32H563RGV6, STM32H563RIT6, STM32H563RIV6, STM32H563VGT6, STM32H563VIT3Q, STM32H563VIT6, STM32H563ZGT6, STM32H563ZIT3Q, STM32H563ZIT6, STM32H573AII3Q, STM32H573AII6, STM32H573I-DK, STM32H573IIK3Q, STM32H573IIK6, STM32H573IIT3Q, STM32H573IIT6, STM32H573MIY3QTR, STM32H573RIT6, STM32H573RIV6, STM32H573VIT3Q, STM32H573VIT6, STM32H573ZIT3Q, STM32H573ZIT6, STM32L4R5QGI6STR, STM32MP131AAE3, STM32MP131AAF3, STM32MP131AAG3, STM32MP131CAE3, STM32MP131CAF3, STM32MP131CAG3, STM32MP131DAE7, STM32MP131DAF7, STM32MP131DAG7, STM32MP131FAE7, STM32MP131FAF7, STM32MP131FAG7, STM32MP133AAE3, STM32MP133AAF3, STM32MP133AAG3, STM32MP133CAE3, STM32MP133CAF3, STM32MP133CAG3, STM32MP133DAE7, STM32MP133DAF7, STM32MP133DAG7, STM32MP133FAE7, STM32MP133FAF7, STM32MP133FAG7, STM32MP135AAE3, STM32MP135AAF3, STM32MP135AAG3, STM32MP135CAE3, STM32MP135CAF3, STM32MP135CAG3, STM32MP135DAE7, STM32MP135DAF7, STM32MP135DAG7, STM32MP135F-DK, STM32MP135FAE7, STM32MP135FAF7, STM32MP135FAF7T, STM32MP135FAF7U, STM32MP135FAG7, STM32U535CBT6, STM32U535CBT6Q, STM32U535CBU6, STM32U535CBU6Q, STM32U535CCT6, STM32U535CCT6Q, STM32U535CCU6, STM32U535CCU6Q, STM32U535CET6, STM32U535CET6Q, STM32U535CEU6, STM32U535CEU6Q, STM32U535JEY6QTR, STM32U535NCY6QTR, STM32U535NEY6QTR, STM32U535RBI6, STM32U535RBI6Q, STM32U535RBT6, STM32U535RBT6Q, STM32U535RCI6, STM32U535RCI6Q, STM32U535RCT6, STM32U535RCT6Q, STM32U535REI6, STM32U535REI6Q, STM32U535RET6, STM32U535RET6Q, STM32U535VCI6, STM32U535VCI6Q, STM32U535VCT6, STM32U535VCT6Q, STM32U535VEI6, STM32U535VEI6Q, STM32U535VET6, STM32U535VET6Q, STM32U545CET6, STM32U545CET6Q, STM32U545CEU6, STM32U545CEU6Q, STM32U545JEY6QTR, STM32U545NEY6QTR, STM32U545REI6, STM32U545REI6Q, STM32U545RET6, STM32U545RET6Q, STM32U545VEI6, STM32U545VEI6Q, STM32U545VET6, STM32U545VET6Q, STM32U595AIH6, STM32U595AIH6Q, STM32U595AJH6, STM32U595AJH6Q, STM32U595QII6, STM32U595QII6Q, STM32U595QJI6, STM32U595QJI6Q, STM32U595RIT6, STM32U595RIT6Q, STM32U595RJT6, STM32U595RJT6Q, STM32U595VIT6, STM32U595VIT6Q, STM32U595VJT6, STM32U595VJT6Q, STM32U595ZIT6, STM32U595ZIT6Q, STM32U595ZIY6QTR, STM32U595ZJT6, STM32U595ZJT6Q, STM32U595ZJY6QTR, STM32U599BJY6QTR, STM32U599NIH6Q, STM32U599NJH6Q, STM32U599VIT6Q, STM32U599VJT6, STM32U599VJT6Q, STM32U599ZIT6Q, STM32U599ZIY6QTR, STM32U599ZJT6Q, STM32U599ZJY6QTR, STM32U5A5AJH6, STM32U5A5AJH6Q, STM32U5A5QJI6, STM32U5A5QJI6Q, STM32U5A5RJT6, STM32U5A5RJT6Q, STM32U5A5VJT6, STM32U5A5VJT6Q, STM32U5A5ZJT6, STM32U5A5ZJT6Q, STM32U5A5ZJY6QTR, STM32U5A9BJY6QTR, STM32U5A9J-DK, STM32U5A9NJH6Q, STM32U5A9VJT6Q, STM32U5A9ZJT6Q, STM32U5A9ZJY6QTR, STM32U5F7VIT6, STM32U5F7VIT6Q, STM32U5F7VJT6, STM32U5F7VJT6Q, STM32U5F9BJY6QTR, STM32U5F9NJH6Q, STM32U5F9VIT6Q, STM32U5F9VJT6Q, STM32U5F9ZIJ6QTR, STM32U5F9ZIT6Q, STM32U5F9ZJJ6QTR, STM32U5F9ZJT6Q, STM32U5G7VJT6, STM32U5G7VJT6Q, STM32U5G9BJY6QTR, STM32U5G9J-DK1, STM32U5G9J-DK2, STM32U5G9NJH6Q, STM32U5G9VJT6Q, STM32U5G9ZJJ6QTR, STM32U5G9ZJT6Q, STM32WB1MMCH6, STM32WBA50KEU6, STM32WBA50KEU6TR, STM32WBA50KGU6, STM32WBA50KGU6TR, STM32WBA52CEU6, STM32WBA52CEU6TR, STM32WBA52CEU7, STM32WBA52CEU7TR, STM32WBA52CGU6, STM32WBA52CGU6TR, STM32WBA52CGU6U, STM32WBA52CGU7, STM32WBA52CGU7TR, STM32WBA52KEU6, STM32WBA52KEU6TR, STM32WBA52KGU6, STM32WBA52KGU6TR, STM32WBA54CEU6, STM32WBA54CEU6TR, STM32WBA54CEU7, STM32WBA54CEU7TR, STM32WBA54CGU6, STM32WBA54CGU6TR, STM32WBA54CGU7, STM32WBA54CGU7TR, STM32WBA54KEU6, STM32WBA54KEU6TR, STM32WBA54KEU7, STM32WBA54KEU7TR, STM32WBA54KGU6, STM32WBA54KGU6TR, STM32WBA54KGU7, STM32WBA54KGU7TR, STM32WBA55CEU6, STM32WBA55CEU6TR, STM32WBA55CEU7, STM32WBA55CEU7TR, STM32WBA55CGU6, STM32WBA55CGU6TR, STM32WBA55CGU6U, STM32WBA55CGU7, STM32WBA55CGU7TR, STM32WBA55G-DK1, STM32WBA55HEF6, STM32WBA55HEF7, STM32WBA55HGF6, STM32WBA55HGF7, STM32WBA55UEI6, STM32WBA55UEI6TR, STM32WBA55UEI7, STM32WBA55UEI7TR, STM32WBA55UGI6, STM32WBA55UGI6TR, STM32WBA55UGI7, STM32WBA55UGI7TR, STM32WL5MOCH6, STM32WL5MOCH6TR]
2024-03-19 14:01:13,920 [INFO] DbMcus:218 - Found 3986 MCUs, 3986 are supported
2024-03-19 14:01:13,922 [INFO] ApiDb:423 - Load user favorites file C:\Users\pyrga/.stm32cubeide/favorites.mcus.txt: 0 item(s)
2024-03-19 14:01:13,922 [INFO] ApiDb:427 - User favorites MCUs=[]
2024-03-19 14:01:13,922 [INFO] DbMcus:224 - Set 0 / 0 favorites MCUs
2024-03-19 14:01:14,299 [INFO] ApiDb:668 - CubeFinder database Data Model version=2.1
2024-03-19 14:01:14,300 [INFO] ApiDb:669 - CubeFinder database Configuration version=3.0.39
2024-03-19 14:01:14,300 [INFO] ApiDb:670 - CubeFinder database generation date=2024-03-01 (1709305525)
2024-03-19 14:01:14,300 [INFO] ApiDb:671 - CubeFinder database FW Pack versions=[FP-ATR-ASTRA1_V2.0.0, FP-SNS-FLIGHT1_V5.0.1, FP-SNS-FLIGHT1_V5.0.2, FP-SNS-MOTENV1_V4.3.1, FP-SNS-MOTENV1_V4.3.2, FP-SNS-MOTENVWB1_V1.3.1, FP-SNS-SMARTAG2_V1.2.0, STM32Cube_FW_C0_V1.1.0, STM32Cube_FW_F4_V1.28.0, STM32Cube_FW_F7_V1.17.0, STM32Cube_FW_G0_V1.6.2, STM32Cube_FW_G4_V1.5.2, STM32Cube_FW_H5_V0.5.1, STM32Cube_FW_H5_V1.1.1, STM32Cube_FW_H5_V1.2.0, STM32Cube_FW_H5_V1.2.0RC4, STM32Cube_FW_H7RS_V1.0.0, STM32Cube_FW_H7RS_V1.0.0RC4, STM32Cube_FW_H7_V1.11.0, STM32Cube_FW_L0_V1.12.2, STM32Cube_FW_L5_V1.5.1, STM32Cube_FW_U0_V1.0.0, STM32Cube_FW_U0_V1.0.0RC1, STM32Cube_FW_U5_V1.3.0RC4, STM32Cube_FW_U5_V1.5.0, STM32Cube_FW_U5_V1.5.0RC1, STM32Cube_FW_WBA_V1.0.0RC1, STM32Cube_FW_WBA_V1.2.0, STM32Cube_FW_WBA_V1.2.0RC2, STM32Cube_FW_WBA_V1.3.0, STM32Cube_FW_WBA_V1.3.0RC1, STM32Cube_FW_WB_V1.15.0RC1, STM32Cube_FW_WB_V1.16.0, STM32Cube_FW_WB_V1.16.0RC2, STM32Cube_FW_WB_V1.18.0, STM32Cube_FW_WB_V1.19.0, STM32Cube_FW_WL_V1.3.0, X-CUBE-ALGOBUILD_V1.3.0, X-CUBE-ALS_V1.0.1, X-CUBE-AZRTOS-F4_V1.1.0, X-CUBE-AZRTOS-F7_V1.1.0, X-CUBE-AZRTOS-G0_V1.1.0, X-CUBE-AZRTOS-G4_V2.0.0, X-CUBE-AZRTOS-H7_V3.2.0, X-CUBE-AZRTOS-L4_V1.0.0, X-CUBE-AZRTOS-L4_V2.0.0, X-CUBE-AZRTOS-L5_V1.1.0, X-CUBE-AZRTOS-WB_V2.0.0, X-CUBE-AZRTOS-WL_V2.0.0, X-CUBE-BLE1_V7.0.0, X-CUBE-BLE2_V3.3.0, X-CUBE-BLEMGR_V3.1.0, X-CUBE-EEPRMA1_V4.1.0, X-CUBE-EEPRMA1_V5.1.0, X-CUBE-FREERTOS_V1.1.0, X-CUBE-GNSS1_V6.0.0, X-CUBE-MEMS1_V10.0.0, X-CUBE-MEMS1_V9.1.0, X-CUBE-MEMS1_V9.4.0, X-CUBE-MEMS1_V9.6.0, X-CUBE-NFC4_V3.0.0, X-CUBE-NFC7_V1.0.1, X-CUBE-SFXS2LP1_V4.0.0, X-CUBE-SUBG2_V5.0.0, X-CUBE-TOF1_V3.4.0]
2024-03-19 14:01:14,352 [INFO] DbBoardsSqlite:226 - include board P-NUCLEO-WB55-NUCLEO as a kit item of type 'Nucleo-64'
2024-03-19 14:01:14,352 [INFO] DbBoardsSqlite:226 - include board P-NUCLEO-WB55-USBDONGLE as a kit item of type 'Nucleo USB Dongle'
2024-03-19 14:01:14,352 [INFO] DbBoardsSqlite:226 - include board STEVAL-IDP005V1 as a kit item of type 'Evaluation Board'
2024-03-19 14:01:14,352 [INFO] DbBoardsSqlite:226 - include board STEVAL-IDP005V2 as a kit item of type 'Evaluation Board'
2024-03-19 14:01:14,393 [INFO] ApiDb:240 - Found 371 in-development CPN: [B-G473E-ZEST1S, B-WB1M-WPAN1, B-WL5M-SUBG1, NUCLEO-C031C6, NUCLEO-H503RB, NUCLEO-H563ZI, NUCLEO-U545RE-Q, NUCLEO-U5A5ZJ-Q, NUCLEO-WBA52CG, NUCLEO-WBA55CG, STEVAL-MKBOXPRO, STEVAL-PROTEUS1, STEVAL-STWINBX1, STM320518-EVAL, STM32C0116-DK, STM32C011D6Y3TR, STM32C011D6Y6TR, STM32C011F4P3, STM32C011F4P6, STM32C011F4U3, STM32C011F4U6TR, STM32C011F6P3, STM32C011F6P6, STM32C011F6U3, STM32C011F6U6TR, STM32C011J4M3, STM32C011J4M6, STM32C011J6M3, STM32C011J6M6, STM32C0316-DK, STM32C031C4T3, STM32C031C4T6, STM32C031C4U3, STM32C031C4U6, STM32C031C6T3, STM32C031C6T6, STM32C031C6U3, STM32C031C6U6, STM32C031F4P3, STM32C031F4P6, STM32C031F6P3, STM32C031F6P6, STM32C031G4U3, STM32C031G4U6, STM32C031G6U3, STM32C031G6U6, STM32C031K4T3, STM32C031K4T6, STM32C031K4U3, STM32C031K4U6, STM32C031K6T3, STM32C031K6T6, STM32C031K6U3, STM32C031K6U6, STM32G071K8TXN, STM32G071K8UXN, STM32G081GBU6N, STM32G081KBT6N, STM32G081KBUXN, STM32G0B1CCT6N, STM32G0B1KCT6, STM32G0B1NEY6TR, STM32G0B1RCT6N, STM32G0C1CCT6, STM32G0C1CCT6N, STM32G0C1CCU6N, STM32G0C1CET6N, STM32G0C1CEU6N, STM32G0C1KCT6, STM32G0C1NEY6TR, STM32G0C1RCI6N, STM32G0C1RCT6N, STM32G0C1REI6N, STM32G0C1RET6N, STM32G0C1VCI6, STM32G0C1VEI6, STM32G471CCT6, STM32G471CCU6, STM32G471CET3, STM32G471CET6, STM32G471CEU3, STM32G471CEU6, STM32G471MCT6, STM32G471MET3, STM32G471MET6, STM32G471MEY6TR, STM32G471QCT6, STM32G471QET3, STM32G471RCT6, STM32G471RET3, STM32G471RET6, STM32G471VCH6, STM32G471VCI6, STM32G471VCT6, STM32G471VEH3, STM32G471VEH6, STM32G471VEI3, STM32G471VEI6, STM32G471VET3, STM32G471VET6, STM32G474CCT6, STM32H503CBT6, STM32H503CBU6, STM32H503EBY6TR, STM32H503KBU6, STM32H503RBT6, STM32H562AGI6, STM32H562AII6, STM32H562IGK6, STM32H562IGT6, STM32H562IIK6, STM32H562IIT6, STM32H562RGT6, STM32H562RGV6, STM32H562RIT6, STM32H562RIV6, STM32H562VGT6, STM32H562VIT6, STM32H562ZGT6, STM32H562ZIT6, STM32H563AGI6, STM32H563AII3Q, STM32H563AII6, STM32H563IGK6, STM32H563IGT6, STM32H563IIK3Q, STM32H563IIK6, STM32H563IIT3Q, STM32H563IIT6, STM32H563MIY3QTR, STM32H563RGT6, STM32H563RGV6, STM32H563RIT6, STM32H563RIV6, STM32H563VGT6, STM32H563VIT3Q, STM32H563VIT6, STM32H563ZGT6, STM32H563ZIT3Q, STM32H563ZIT6, STM32H573AII3Q, STM32H573AII6, STM32H573I-DK, STM32H573IIK3Q, STM32H573IIK6, STM32H573IIT3Q, STM32H573IIT6, STM32H573MIY3QTR, STM32H573RIT6, STM32H573RIV6, STM32H573VIT3Q, STM32H573VIT6, STM32H573ZIT3Q, STM32H573ZIT6, STM32L4R5QGI6STR, STM32MP131AAE3, STM32MP131AAF3, STM32MP131AAG3, STM32MP131CAE3, STM32MP131CAF3, STM32MP131CAG3, STM32MP131DAE7, STM32MP131DAF7, STM32MP131DAG7, STM32MP131FAE7, STM32MP131FAF7, STM32MP131FAG7, STM32MP133AAE3, STM32MP133AAF3, STM32MP133AAG3, STM32MP133CAE3, STM32MP133CAF3, STM32MP133CAG3, STM32MP133DAE7, STM32MP133DAF7, STM32MP133DAG7, STM32MP133FAE7, STM32MP133FAF7, STM32MP133FAG7, STM32MP135AAE3, STM32MP135AAF3, STM32MP135AAG3, STM32MP135CAE3, STM32MP135CAF3, STM32MP135CAG3, STM32MP135DAE7, STM32MP135DAF7, STM32MP135DAG7, STM32MP135F-DK, STM32MP135FAE7, STM32MP135FAF7, STM32MP135FAF7T, STM32MP135FAF7U, STM32MP135FAG7, STM32U535CBT6, STM32U535CBT6Q, STM32U535CBU6, STM32U535CBU6Q, STM32U535CCT6, STM32U535CCT6Q, STM32U535CCU6, STM32U535CCU6Q, STM32U535CET6, STM32U535CET6Q, STM32U535CEU6, STM32U535CEU6Q, STM32U535JEY6QTR, STM32U535NCY6QTR, STM32U535NEY6QTR, STM32U535RBI6, STM32U535RBI6Q, STM32U535RBT6, STM32U535RBT6Q, STM32U535RCI6, STM32U535RCI6Q, STM32U535RCT6, STM32U535RCT6Q, STM32U535REI6, STM32U535REI6Q, STM32U535RET6, STM32U535RET6Q, STM32U535VCI6, STM32U535VCI6Q, STM32U535VCT6, STM32U535VCT6Q, STM32U535VEI6, STM32U535VEI6Q, STM32U535VET6, STM32U535VET6Q, STM32U545CET6, STM32U545CET6Q, STM32U545CEU6, STM32U545CEU6Q, STM32U545JEY6QTR, STM32U545NEY6QTR, STM32U545REI6, STM32U545REI6Q, STM32U545RET6, STM32U545RET6Q, STM32U545VEI6, STM32U545VEI6Q, STM32U545VET6, STM32U545VET6Q, STM32U595AIH6, STM32U595AIH6Q, STM32U595AJH6, STM32U595AJH6Q, STM32U595QII6, STM32U595QII6Q, STM32U595QJI6, STM32U595QJI6Q, STM32U595RIT6, STM32U595RIT6Q, STM32U595RJT6, STM32U595RJT6Q, STM32U595VIT6, STM32U595VIT6Q, STM32U595VJT6, STM32U595VJT6Q, STM32U595ZIT6, STM32U595ZIT6Q, STM32U595ZIY6QTR, STM32U595ZJT6, STM32U595ZJT6Q, STM32U595ZJY6QTR, STM32U599BJY6QTR, STM32U599NIH6Q, STM32U599NJH6Q, STM32U599VIT6Q, STM32U599VJT6, STM32U599VJT6Q, STM32U599ZIT6Q, STM32U599ZIY6QTR, STM32U599ZJT6Q, STM32U599ZJY6QTR, STM32U5A5AJH6, STM32U5A5AJH6Q, STM32U5A5QJI6, STM32U5A5QJI6Q, STM32U5A5RJT6, STM32U5A5RJT6Q, STM32U5A5VJT6, STM32U5A5VJT6Q, STM32U5A5ZJT6, STM32U5A5ZJT6Q, STM32U5A5ZJY6QTR, STM32U5A9BJY6QTR, STM32U5A9J-DK, STM32U5A9NJH6Q, STM32U5A9VJT6Q, STM32U5A9ZJT6Q, STM32U5A9ZJY6QTR, STM32U5F7VIT6, STM32U5F7VIT6Q, STM32U5F7VJT6, STM32U5F7VJT6Q, STM32U5F9BJY6QTR, STM32U5F9NJH6Q, STM32U5F9VIT6Q, STM32U5F9VJT6Q, STM32U5F9ZIJ6QTR, STM32U5F9ZIT6Q, STM32U5F9ZJJ6QTR, STM32U5F9ZJT6Q, STM32U5G7VJT6, STM32U5G7VJT6Q, STM32U5G9BJY6QTR, STM32U5G9J-DK1, STM32U5G9J-DK2, STM32U5G9NJH6Q, STM32U5G9VJT6Q, STM32U5G9ZJJ6QTR, STM32U5G9ZJT6Q, STM32WB1MMCH6, STM32WBA50KEU6, STM32WBA50KEU6TR, STM32WBA50KGU6, STM32WBA50KGU6TR, STM32WBA52CEU6, STM32WBA52CEU6TR, STM32WBA52CEU7, STM32WBA52CEU7TR, STM32WBA52CGU6, STM32WBA52CGU6TR, STM32WBA52CGU6U, STM32WBA52CGU7, STM32WBA52CGU7TR, STM32WBA52KEU6, STM32WBA52KEU6TR, STM32WBA52KGU6, STM32WBA52KGU6TR, STM32WBA54CEU6, STM32WBA54CEU6TR, STM32WBA54CEU7, STM32WBA54CEU7TR, STM32WBA54CGU6, STM32WBA54CGU6TR, STM32WBA54CGU7, STM32WBA54CGU7TR, STM32WBA54KEU6, STM32WBA54KEU6TR, STM32WBA54KEU7, STM32WBA54KEU7TR, STM32WBA54KGU6, STM32WBA54KGU6TR, STM32WBA54KGU7, STM32WBA54KGU7TR, STM32WBA55CEU6, STM32WBA55CEU6TR, STM32WBA55CEU7, STM32WBA55CEU7TR, STM32WBA55CGU6, STM32WBA55CGU6TR, STM32WBA55CGU6U, STM32WBA55CGU7, STM32WBA55CGU7TR, STM32WBA55G-DK1, STM32WBA55HEF6, STM32WBA55HEF7, STM32WBA55HGF6, STM32WBA55HGF7, STM32WBA55UEI6, STM32WBA55UEI6TR, STM32WBA55UEI7, STM32WBA55UEI7TR, STM32WBA55UGI6, STM32WBA55UGI6TR, STM32WBA55UGI7, STM32WBA55UGI7TR, STM32WL5MOCH6, STM32WL5MOCH6TR]
2024-03-19 14:01:14,584 [INFO] BoardInfo:889 - No configuration file found for board P-NUCLEO-WB55
2024-03-19 14:01:14,584 [INFO] DbBoards:161 - Kit is not supported: P-NUCLEO-WB55
2024-03-19 14:01:14,589 [INFO] BoardInfo:889 - No configuration file found for board STEVAL-BFA001V1B
2024-03-19 14:01:14,589 [INFO] DbBoards:161 - Kit is not supported: STEVAL-BFA001V1B
2024-03-19 14:01:14,591 [INFO] BoardInfo:889 - No configuration file found for board STEVAL-BFA001V2B
2024-03-19 14:01:14,591 [INFO] DbBoards:161 - Kit is not supported: STEVAL-BFA001V2B
2024-03-19 14:01:14,712 [INFO] DbBoards:168 - Found 193 boards, 190 are supported
2024-03-19 14:01:14,712 [INFO] DbBoards:169 - Found 193 boards, 3 of them is supported for  Bsp
2024-03-19 14:01:14,715 [INFO] ApiDb:423 - Load user favorites file C:\Users\pyrga/.stm32cubeide/favorites.boards.txt: 0 item(s)
2024-03-19 14:01:14,715 [INFO] ApiDb:427 - User favorites Boards=[]
2024-03-19 14:01:14,715 [INFO] DbBoards:198 - Set 0 / 0 favorites Boards
2024-03-19 14:01:14,717 [INFO] ApiDb:668 - CubeFinder database Data Model version=2.1
2024-03-19 14:01:14,717 [INFO] ApiDb:669 - CubeFinder database Configuration version=3.0.39
2024-03-19 14:01:14,717 [INFO] ApiDb:670 - CubeFinder database generation date=2024-03-01 (1709305525)
2024-03-19 14:01:14,717 [INFO] ApiDb:671 - CubeFinder database FW Pack versions=[FP-ATR-ASTRA1_V2.0.0, FP-SNS-FLIGHT1_V5.0.1, FP-SNS-FLIGHT1_V5.0.2, FP-SNS-MOTENV1_V4.3.1, FP-SNS-MOTENV1_V4.3.2, FP-SNS-MOTENVWB1_V1.3.1, FP-SNS-SMARTAG2_V1.2.0, STM32Cube_FW_C0_V1.1.0, STM32Cube_FW_F4_V1.28.0, STM32Cube_FW_F7_V1.17.0, STM32Cube_FW_G0_V1.6.2, STM32Cube_FW_G4_V1.5.2, STM32Cube_FW_H5_V0.5.1, STM32Cube_FW_H5_V1.1.1, STM32Cube_FW_H5_V1.2.0, STM32Cube_FW_H5_V1.2.0RC4, STM32Cube_FW_H7RS_V1.0.0, STM32Cube_FW_H7RS_V1.0.0RC4, STM32Cube_FW_H7_V1.11.0, STM32Cube_FW_L0_V1.12.2, STM32Cube_FW_L5_V1.5.1, STM32Cube_FW_U0_V1.0.0, STM32Cube_FW_U0_V1.0.0RC1, STM32Cube_FW_U5_V1.3.0RC4, STM32Cube_FW_U5_V1.5.0, STM32Cube_FW_U5_V1.5.0RC1, STM32Cube_FW_WBA_V1.0.0RC1, STM32Cube_FW_WBA_V1.2.0, STM32Cube_FW_WBA_V1.2.0RC2, STM32Cube_FW_WBA_V1.3.0, STM32Cube_FW_WBA_V1.3.0RC1, STM32Cube_FW_WB_V1.15.0RC1, STM32Cube_FW_WB_V1.16.0, STM32Cube_FW_WB_V1.16.0RC2, STM32Cube_FW_WB_V1.18.0, STM32Cube_FW_WB_V1.19.0, STM32Cube_FW_WL_V1.3.0, X-CUBE-ALGOBUILD_V1.3.0, X-CUBE-ALS_V1.0.1, X-CUBE-AZRTOS-F4_V1.1.0, X-CUBE-AZRTOS-F7_V1.1.0, X-CUBE-AZRTOS-G0_V1.1.0, X-CUBE-AZRTOS-G4_V2.0.0, X-CUBE-AZRTOS-H7_V3.2.0, X-CUBE-AZRTOS-L4_V1.0.0, X-CUBE-AZRTOS-L4_V2.0.0, X-CUBE-AZRTOS-L5_V1.1.0, X-CUBE-AZRTOS-WB_V2.0.0, X-CUBE-AZRTOS-WL_V2.0.0, X-CUBE-BLE1_V7.0.0, X-CUBE-BLE2_V3.3.0, X-CUBE-BLEMGR_V3.1.0, X-CUBE-EEPRMA1_V4.1.0, X-CUBE-EEPRMA1_V5.1.0, X-CUBE-FREERTOS_V1.1.0, X-CUBE-GNSS1_V6.0.0, X-CUBE-MEMS1_V10.0.0, X-CUBE-MEMS1_V9.1.0, X-CUBE-MEMS1_V9.4.0, X-CUBE-MEMS1_V9.6.0, X-CUBE-NFC4_V3.0.0, X-CUBE-NFC7_V1.0.1, X-CUBE-SFXS2LP1_V4.0.0, X-CUBE-SUBG2_V5.0.0, X-CUBE-TOF1_V3.4.0]
2024-03-19 14:01:15,405 [ERROR] DbExamplesSqlite:437 - Missing JSON key: board_cpn
2024-03-19 14:01:15,406 [ERROR] DbExamplesSqlite:437 - Missing JSON key: board_cpn
2024-03-19 14:01:15,406 [ERROR] DbExamplesSqlite:437 - Missing JSON key: board_cpn
2024-03-19 14:01:15,406 [ERROR] DbExamplesSqlite:437 - Missing JSON key: board_cpn
2024-03-19 14:01:15,513 [INFO] DbExamplesSqlite:395 - Ignored 60 examples not supported by CubeIDE
2024-03-19 14:01:15,513 [INFO] DbExamplesSqlite:396 - Found 8152 examples active
2024-03-19 14:01:15,513 [INFO] DbExamplesSqlite:397 - Found 871 examples obsolete
2024-03-19 14:01:15,513 [INFO] DbExamplesSqlite:398 - Found 0 examples under development
2024-03-19 14:01:15,513 [INFO] DbExamplesSqlite:399 - Found 10 examples not building
2024-03-19 14:01:15,516 [INFO] DbExamples:125 - Found 8102 examples
2024-03-19 14:01:15,665 [ERROR] DbExamples:208 - Found 542 examples with invalid data (board or MCU)
2024-03-19 14:01:15,665 [INFO] DbExamples:222 - Found 95 boards with related examples
2024-03-19 14:01:15,667 [INFO] DbExamples:235 - Found 80 MCUs with related examples
2024-03-19 14:01:15,698 [INFO] ApiDb:414 - User favorites file not found: C:\Users\pyrga/.stm32cubeide/favorites.examples.txt
2024-03-19 14:01:15,699 [INFO] DbExamples:250 - Set 0 / 0 favorites Examples
2024-03-19 14:01:16,016 [INFO] McuFinderGlobals:76 - Set McuFinderConnectedMode to true
2024-03-19 14:01:16,028 [INFO] MultiScanPanel:200 - Auto-refresh data requested => check proxy status ongoing
2024-03-19 14:01:16,034 [INFO] FinderPluginLoader:95 - Searching for filters in installed packs
2024-03-19 14:01:17,344 [INFO] LoadUrlFilesThread:185 - End of LoadServerUrlFiles without Thread
2024-03-19 14:01:17,357 [INFO] DetailPanel:341 - Set advertising image to C:/Users/pyrga/STM32Cube/Repository/\en.prom-stm32wl3-mcu-finder.jpg
2024-03-19 14:03:11,424 [INFO] MainUpdater:2873 - connection check result : 10
2024-03-19 14:03:11,424 [INFO] MainUpdater:2873 - connection check result : 10
2024-03-19 14:03:11,470 [INFO] MicroXplorer:468 - Change Database Path : 
2024-03-19 14:03:11,470 [INFO] MicroXplorer:498 - Change Database Version : DB.6.0.100
2024-03-19 14:03:11,478 [WARN] ThirdParty:871 - waiting for thirdparty lock release [close project]
2024-03-19 14:03:11,478 [INFO] ThirdParty:873 - entering critical section [close project]
2024-03-19 14:03:11,480 [INFO] ThirdParty:883 - exiting critical section [close project]
2024-03-19 14:03:11,485 [INFO] PinOutPanel:1499 - setPackage(No Configuration,No Configuration)
2024-03-19 14:03:11,492 [INFO] UtilMem:75 - Begin LoadConfig() Used Memory: 340013528 Bytes (696254464)
2024-03-19 14:03:11,493 [INFO] MicroXplorer:468 - Change Database Path : 
2024-03-19 14:03:11,493 [INFO] MicroXplorer:498 - Change Database Version : DB.6.0.100
2024-03-19 14:03:11,493 [INFO] OpenFileManager:312 - Change cursor
2024-03-19 14:03:11,583 [INFO] Mcu:2016 - Initializing MCU STM32F446RETx STM32F446RETx STM32F446RET6
2024-03-19 14:03:13,796 [INFO] Context:659 - Trying to add GPIOservice into a context  which must be forbidden
2024-03-19 14:03:14,348 [INFO] ImportTextPane:194 - (OptionalMessage_ERROR) Unable to find key (Mcu.ThirdPartyNb) in loaded IOC file
2024-03-19 14:03:14,348 [INFO] ImportTextPane:194 - (OptionalMessage_ERROR) Unable to find key (Mcu.PinsNb) in loaded IOC file
2024-03-19 14:03:14,348 [INFO] ImportTextPane:194 - (OptionalMessage_ERROR) Unable to find key (Mcu.IPNb) in loaded IOC file
2024-03-19 14:03:14,468 [INFO] RtosManager:555 - Registered RTOS mode: class=CMSIS, group=RTOS, mode=CMSIS_V1, owner=FREERTOS
2024-03-19 14:03:14,469 [INFO] RtosManager:555 - Registered RTOS mode: class=CMSIS, group=RTOS2, mode=CMSIS_V2, owner=FREERTOS
2024-03-19 14:03:14,469 [INFO] RtosManager:555 - Registered RTOS mode: class=RTOS, group=Core, mode=CMSIS_V1, owner=FREERTOS
2024-03-19 14:03:14,469 [INFO] RtosManager:555 - Registered RTOS mode: class=RTOS, group=Core, mode=CMSIS_V2, owner=FREERTOS
2024-03-19 14:03:14,469 [WARN] ModelIntegratedComponent:184 - Missing modes for component STMicroelectronics:FreeRTOS:0.0.1:STMicroelectronics:RTOS:FreeRTOS:Core:::10.2.0:
2024-03-19 14:03:14,487 [WARN] ModelIntegratedComponent:63 - No mode defined for component null
2024-03-19 14:03:14,487 [WARN] ModelIntegratedComponent:63 - No mode defined for component null
2024-03-19 14:03:14,487 [WARN] ModelIntegratedComponent:63 - No mode defined for component null
2024-03-19 14:03:14,487 [WARN] ModelIntegratedComponent:63 - No mode defined for component null
2024-03-19 14:03:14,487 [WARN] ModelIntegratedComponent:63 - No mode defined for component null
2024-03-19 14:03:14,488 [WARN] ModelIntegratedComponent:63 - No mode defined for component null
2024-03-19 14:03:14,488 [WARN] ModelIntegratedComponent:63 - No mode defined for component null
2024-03-19 14:03:14,488 [WARN] ModelIntegratedComponent:63 - No mode defined for component null
2024-03-19 14:03:14,488 [WARN] ModelIntegratedComponent:63 - No mode defined for component null
2024-03-19 14:03:14,488 [WARN] ModelIntegratedComponent:63 - No mode defined for component null
2024-03-19 14:03:14,488 [WARN] ModelIntegratedComponent:63 - No mode defined for component null
2024-03-19 14:03:14,488 [WARN] ModelIntegratedComponent:63 - No mode defined for component null
2024-03-19 14:03:14,488 [WARN] ModelIntegratedComponent:63 - No mode defined for component null
2024-03-19 14:03:14,488 [WARN] ModelIntegratedComponent:63 - No mode defined for component null
2024-03-19 14:03:14,488 [WARN] ModelIntegratedComponent:63 - No mode defined for component null
2024-03-19 14:03:14,488 [WARN] ModelIntegratedComponent:63 - No mode defined for component null
2024-03-19 14:03:14,488 [WARN] ModelIntegratedComponent:63 - No mode defined for component null
2024-03-19 14:03:14,488 [WARN] ModelIntegratedComponent:63 - No mode defined for component null
2024-03-19 14:03:14,488 [WARN] ModelIntegratedComponent:63 - No mode defined for component null
2024-03-19 14:03:14,488 [WARN] ModelIntegratedComponent:63 - No mode defined for component null
2024-03-19 14:03:14,488 [WARN] ModelIntegratedComponent:63 - No mode defined for component null
2024-03-19 14:03:14,488 [WARN] ModelIntegratedComponent:63 - No mode defined for component null
2024-03-19 14:03:14,488 [WARN] ModelIntegratedComponent:63 - No mode defined for component null
2024-03-19 14:03:14,488 [WARN] ModelIntegratedComponent:63 - No mode defined for component null
2024-03-19 14:03:14,488 [WARN] ModelIntegratedComponent:63 - No mode defined for component null
2024-03-19 14:03:14,489 [WARN] ModelIntegratedComponent:63 - No mode defined for component null
2024-03-19 14:03:14,489 [WARN] ModelIntegratedComponent:63 - No mode defined for component null
2024-03-19 14:03:14,489 [WARN] ModelIntegratedComponent:63 - No mode defined for component null
2024-03-19 14:03:14,489 [WARN] ModelIntegratedComponent:63 - No mode defined for component null
2024-03-19 14:03:14,489 [WARN] ModelIntegratedComponent:63 - No mode defined for component null
2024-03-19 14:03:14,489 [WARN] ModelIntegratedComponent:63 - No mode defined for component null
2024-03-19 14:03:14,489 [WARN] ModelIntegratedComponent:63 - No mode defined for component null
2024-03-19 14:03:14,489 [WARN] ModelIntegratedComponent:63 - No mode defined for component null
2024-03-19 14:03:14,682 [INFO] ThirdPartyModel:298 - Start build external matchings
2024-03-19 14:03:15,114 [INFO] ThirdPartyModel:316 - End build external matchings
2024-03-19 14:03:15,591 [INFO] UtilMem:75 - End LoadConfig() Used Memory: 298027696 Bytes (696254464)
2024-03-19 14:03:15,619 [INFO] MicroXplorer:468 - Change Database Path : 
2024-03-19 14:03:15,619 [INFO] MicroXplorer:498 - Change Database Version : DB.6.0.100
2024-03-19 14:03:15,619 [WARN] ThirdParty:833 - waiting for thirdparty lock release [change project]
2024-03-19 14:03:15,619 [INFO] ThirdParty:835 - entering critical section [change project]
2024-03-19 14:03:15,620 [INFO] ThirdParty:1030 - CMSIS Pack Vendor :STMicroelectronics USBPD 4.1
2024-03-19 14:03:15,620 [INFO] ThirdParty:1030 - CMSIS Pack Vendor :STMicroelectronics X-CUBE-GNSS1 6.0.0
2024-03-19 14:03:15,620 [INFO] ThirdParty:1030 - CMSIS Pack Vendor :STMicroelectronics USB_HOST 2.0.0
2024-03-19 14:03:15,620 [INFO] ThirdParty:1030 - CMSIS Pack Vendor :STMicroelectronics X-CUBE-AZRTOS-F4 1.1.0
2024-03-19 14:03:15,620 [INFO] ThirdParty:1030 - CMSIS Pack Vendor :STMicroelectronics LIBJPEG 8.0.0
2024-03-19 14:03:15,620 [INFO] ThirdParty:1030 - CMSIS Pack Vendor :STMicroelectronics X-CUBE-SMBUS 2.1.0
2024-03-19 14:03:15,620 [INFO] ThirdParty:1030 - CMSIS Pack Vendor :STMicroelectronics USB_DEVICE 3.0.0
2024-03-19 14:03:15,620 [INFO] ThirdParty:1030 - CMSIS Pack Vendor :STMicroelectronics X-CUBE-AZRTOS-WB 2.0.0
2024-03-19 14:03:15,620 [INFO] ThirdParty:1030 - CMSIS Pack Vendor :wolfSSL I-CUBE-wolfSSL 5.6.6
2024-03-19 14:03:15,620 [INFO] ThirdParty:1030 - CMSIS Pack Vendor :STMicroelectronics X-CUBE-TOUCHGFX 4.23.0
2024-03-19 14:03:15,620 [INFO] ThirdParty:1030 - CMSIS Pack Vendor :STMicroelectronics X-CUBE-AZRTOS-F7 1.1.0
2024-03-19 14:03:15,620 [INFO] ThirdParty:1030 - CMSIS Pack Vendor :STMicroelectronics X-CUBE-AZRTOS-L5 2.0.0
2024-03-19 14:03:15,620 [INFO] ThirdParty:1030 - CMSIS Pack Vendor :STMicroelectronics USB_DEVICE 2.0.0
2024-03-19 14:03:15,620 [INFO] ThirdParty:1030 - CMSIS Pack Vendor :STMicroelectronics X-CUBE-EEPRMA1 4.2.0
2024-03-19 14:03:15,620 [INFO] ThirdParty:1030 - CMSIS Pack Vendor :ITTIA_DB I-CUBE-ITTIADB 8.8.0
2024-03-19 14:03:15,620 [INFO] ThirdParty:1030 - CMSIS Pack Vendor :STMicroelectronics FP-SNS-MOTENV1 4.3.2
2024-03-19 14:03:15,620 [INFO] ThirdParty:1030 - CMSIS Pack Vendor :STMicroelectronics X-CUBE-ALGOBUILD 1.3.0
2024-03-19 14:03:15,620 [INFO] ThirdParty:1030 - CMSIS Pack Vendor :STMicroelectronics FreeRTOS 0.0.1
2024-03-19 14:03:15,620 [INFO] ThirdParty:1030 - CMSIS Pack Vendor :STMicroelectronics X-CUBE-AZRTOS-G0 1.1.0
2024-03-19 14:03:15,620 [INFO] ThirdParty:1030 - CMSIS Pack Vendor :STMicroelectronics X-CUBE-NFC4 3.0.0
2024-03-19 14:03:15,620 [INFO] ThirdParty:1030 - CMSIS Pack Vendor :STMicroelectronics X-CUBE-SUBG2 5.0.0
2024-03-19 14:03:15,621 [INFO] ThirdParty:1030 - CMSIS Pack Vendor :STMicroelectronics STM32_WPAN 1.0.0
2024-03-19 14:03:15,621 [INFO] ThirdParty:1030 - CMSIS Pack Vendor :STMicroelectronics lwIP 2.0.3
2024-03-19 14:03:15,621 [INFO] ThirdParty:1030 - CMSIS Pack Vendor :STMicroelectronics FP-SNS-FLIGHT1 5.0.2
2024-03-19 14:03:15,621 [INFO] ThirdParty:1030 - CMSIS Pack Vendor :STMicroelectronics USB_HOST 1.0.0
2024-03-19 14:03:15,621 [INFO] ThirdParty:1030 - CMSIS Pack Vendor :STMicroelectronics X-CUBE-AZRTOS-G4 2.0.0
2024-03-19 14:03:15,621 [INFO] ThirdParty:1030 - CMSIS Pack Vendor :STMicroelectronics PDM2PCM 3.1.0
2024-03-19 14:03:15,621 [INFO] ThirdParty:1030 - CMSIS Pack Vendor :Infineon AIROC-Wi-Fi-Bluetooth-STM32 1.5.1
2024-03-19 14:03:15,621 [INFO] ThirdParty:1030 - CMSIS Pack Vendor :STMicroelectronics X-CUBE-BLEMGR 3.0.0
2024-03-19 14:03:15,621 [INFO] ThirdParty:1030 - CMSIS Pack Vendor :STMicroelectronics PDM2PCM 3.3.0
2024-03-19 14:03:15,621 [INFO] ThirdParty:1030 - CMSIS Pack Vendor :STMicroelectronics X-CUBE-DISPLAY 3.0.0
2024-03-19 14:03:15,621 [INFO] ThirdParty:1030 - CMSIS Pack Vendor :STMicroelectronics FP-SNS-MOTENVWB1 1.3.1
2024-03-19 14:03:15,621 [INFO] ThirdParty:1030 - CMSIS Pack Vendor :STMicroelectronics X-CUBE-BLE1 7.0.0
2024-03-19 14:03:15,621 [INFO] ThirdParty:1030 - CMSIS Pack Vendor :STMicroelectronics FP-ATR-SIGFOX1 3.2.0
2024-03-19 14:03:15,621 [INFO] ThirdParty:1030 - CMSIS Pack Vendor :STMicroelectronics X-CUBE-ISPU 2.0.0
2024-03-19 14:03:15,621 [INFO] ThirdParty:1030 - CMSIS Pack Vendor :STMicroelectronics X-CUBE-EEPRMA1 5.1.0
2024-03-19 14:03:15,621 [INFO] ThirdParty:1030 - CMSIS Pack Vendor :STMicroelectronics HAL Drivers 0.0.0
2024-03-19 14:03:15,621 [INFO] ThirdParty:1030 - CMSIS Pack Vendor :STMicroelectronics MBEDTLS 2.16.2
2024-03-19 14:03:15,621 [INFO] ThirdParty:1030 - CMSIS Pack Vendor :emotas I-CUBE-CANOPEN 1.3.0
2024-03-19 14:03:15,621 [INFO] ThirdParty:1030 - CMSIS Pack Vendor :STMicroelectronics X-CUBE-MEMS1 10.0.0
2024-03-19 14:03:15,621 [INFO] ThirdParty:1030 - CMSIS Pack Vendor :STMicroelectronics X-CUBE-FREERTOS 1.1.0
2024-03-19 14:03:15,621 [INFO] ThirdParty:1030 - CMSIS Pack Vendor :STMicroelectronics X-CUBE-NFC7 1.0.1
2024-03-19 14:03:15,621 [INFO] ThirdParty:1030 - CMSIS Pack Vendor :STMicroelectronics MBEDTLS 2.14.1
2024-03-19 14:03:15,621 [INFO] ThirdParty:1030 - CMSIS Pack Vendor :STMicroelectronics X-CUBE-NFC6 3.0.0
2024-03-19 14:03:15,621 [INFO] ThirdParty:1030 - CMSIS Pack Vendor :portGmbH I-Cube-SoM-uGOAL 1.1.0
2024-03-19 14:03:15,621 [INFO] ThirdParty:1030 - CMSIS Pack Vendor :STMicroelectronics X-CUBE-ALS 1.0.1
2024-03-19 14:03:15,621 [INFO] ThirdParty:1030 - CMSIS Pack Vendor :STMicroelectronics X-CUBE-BLEMGR 3.1.0
2024-03-19 14:03:15,621 [INFO] ThirdParty:1030 - CMSIS Pack Vendor :STMicroelectronics ThreadX 1.0.0
2024-03-19 14:03:15,621 [INFO] ThirdParty:1030 - CMSIS Pack Vendor :STMicroelectronics FP-SNS-SMARTAG2 1.2.0
2024-03-19 14:03:15,621 [INFO] ThirdParty:1030 - CMSIS Pack Vendor :STMicroelectronics X-CUBE-AZRTOS-WL 2.0.0
2024-03-19 14:03:15,621 [INFO] ThirdParty:1030 - CMSIS Pack Vendor :SEGGER I-CUBE-embOS 1.3.1
2024-03-19 14:03:15,622 [INFO] ThirdParty:1030 - CMSIS Pack Vendor :STMicroelectronics USB_DEVICE 1.0.0
2024-03-19 14:03:15,622 [INFO] ThirdParty:1030 - CMSIS Pack Vendor :STMicroelectronics X-CUBE-AI 8.1.0
2024-03-19 14:03:15,622 [INFO] ThirdParty:1030 - CMSIS Pack Vendor :STMicroelectronics X-CUBE-AZRTOS-L4 2.0.0
2024-03-19 14:03:15,622 [INFO] ThirdParty:1030 - CMSIS Pack Vendor :STMicroelectronics ThreadX 0.0.2
2024-03-19 14:03:15,622 [INFO] ThirdParty:1030 - CMSIS Pack Vendor :WES I-CUBE-Cesium 1.3.0
2024-03-19 14:03:15,622 [INFO] ThirdParty:1030 - CMSIS Pack Vendor :STMicroelectronics FP-ATR-ASTRA1 2.0.0
2024-03-19 14:03:15,622 [INFO] ThirdParty:1030 - CMSIS Pack Vendor :STMicroelectronics lwIP 2.1.2
2024-03-19 14:03:15,622 [INFO] ThirdParty:1030 - CMSIS Pack Vendor :STMicroelectronics X-CUBE-SFXS2LP1 4.0.0
2024-03-19 14:03:15,622 [INFO] ThirdParty:1030 - CMSIS Pack Vendor :STMicroelectronics X-CUBE-BLE2 3.3.0
2024-03-19 14:03:15,622 [INFO] ThirdParty:1030 - CMSIS Pack Vendor :STMicroelectronics X-CUBE-TOF1 3.4.0
2024-03-19 14:03:15,622 [INFO] ThirdParty:1030 - CMSIS Pack Vendor :STMicroelectronics X-CUBE-TOF1 3.4.1
2024-03-19 14:03:15,622 [INFO] ThirdParty:1030 - CMSIS Pack Vendor :STMicroelectronics X-CUBE-AZRTOS-H7 3.2.0
2024-03-19 14:03:15,622 [INFO] ThirdParty:1030 - CMSIS Pack Vendor :STMicroelectronics PDM2PCM 3.2.0
2024-03-19 14:03:15,622 [INFO] ThirdParty:841 - exiting critical section [change project]
2024-03-19 14:03:16,128 [INFO] PinOutPanel:1499 - setPackage(No Configuration,No Configuration)
2024-03-19 14:03:16,130 [INFO] PinOutPanel:1499 - setPackage(STM32F446RETx,LQFP64)
2024-03-19 14:03:16,794 [INFO] UtilMem:75 - Before build in PCC Used Memory: 306338232 Bytes (696254464)
2024-03-19 14:03:17,870 [INFO] UtilMem:75 - After build in PCC Used Memory: 387604920 Bytes (696254464)
2024-03-19 14:03:17,903 [INFO] IPUIPlugin:80 - create IPUIPlugin
2024-03-19 14:03:17,903 [INFO] IPUIPlugin:80 - create IPUIPlugin
2024-03-19 14:03:17,903 [INFO] IPUIPlugin:80 - create IPUIPlugin
2024-03-19 14:03:17,903 [INFO] IPUIPlugin:80 - create IPUIPlugin
2024-03-19 14:03:17,903 [INFO] IPUIPlugin:80 - create IPUIPlugin
2024-03-19 14:03:17,904 [INFO] IPUIPlugin:80 - create IPUIPlugin
2024-03-19 14:03:17,904 [INFO] IPUIPlugin:80 - create IPUIPlugin
2024-03-19 14:03:17,904 [INFO] IPUIPlugin:80 - create IPUIPlugin
2024-03-19 14:03:17,904 [INFO] IPUIPlugin:80 - create IPUIPlugin
2024-03-19 14:03:17,904 [INFO] IPUIPlugin:80 - create IPUIPlugin
2024-03-19 14:03:17,904 [INFO] IPUIPlugin:80 - create IPUIPlugin
2024-03-19 14:03:17,905 [INFO] IPUIPlugin:80 - create IPUIPlugin
2024-03-19 14:03:17,905 [INFO] IPUIPlugin:80 - create IPUIPlugin
2024-03-19 14:03:17,905 [INFO] IPUIPlugin:80 - create IPUIPlugin
2024-03-19 14:03:17,905 [INFO] IPUIPlugin:80 - create IPUIPlugin
2024-03-19 14:03:17,905 [INFO] IPUIPlugin:80 - create IPUIPlugin
2024-03-19 14:03:17,905 [INFO] IPUIPlugin:80 - create IPUIPlugin
2024-03-19 14:03:17,905 [INFO] IPUIPlugin:80 - create IPUIPlugin
2024-03-19 14:03:17,905 [INFO] IPUIPlugin:80 - create IPUIPlugin
2024-03-19 14:03:17,905 [INFO] IPUIPlugin:80 - create IPUIPlugin
2024-03-19 14:03:17,907 [INFO] IPUIPlugin:80 - create IPUIPlugin
2024-03-19 14:03:17,907 [INFO] IPUIPlugin:80 - create IPUIPlugin
2024-03-19 14:03:17,907 [INFO] IPUIPlugin:80 - create IPUIPlugin
2024-03-19 14:03:17,907 [INFO] IPUIPlugin:80 - create IPUIPlugin
2024-03-19 14:03:17,907 [INFO] IPUIPlugin:80 - create IPUIPlugin
2024-03-19 14:03:17,907 [INFO] IPUIPlugin:80 - create IPUIPlugin
2024-03-19 14:03:17,907 [INFO] IPUIPlugin:80 - create IPUIPlugin
2024-03-19 14:03:17,907 [INFO] IPUIPlugin:80 - create IPUIPlugin
2024-03-19 14:03:17,907 [INFO] IPUIPlugin:80 - create IPUIPlugin
2024-03-19 14:03:17,908 [INFO] IPUIPlugin:80 - create IPUIPlugin
2024-03-19 14:03:17,908 [INFO] IPUIPlugin:80 - create IPUIPlugin
2024-03-19 14:03:17,908 [INFO] IPUIPlugin:80 - create IPUIPlugin
2024-03-19 14:03:17,908 [INFO] IPUIPlugin:80 - create IPUIPlugin
2024-03-19 14:03:17,909 [INFO] IPUIPlugin:80 - create IPUIPlugin
2024-03-19 14:03:17,909 [INFO] IPUIPlugin:80 - create IPUIPlugin
2024-03-19 14:03:17,909 [INFO] IPUIPlugin:80 - create IPUIPlugin
2024-03-19 14:03:17,909 [INFO] IPUIPlugin:80 - create IPUIPlugin
2024-03-19 14:03:17,909 [INFO] IPUIPlugin:80 - create IPUIPlugin
2024-03-19 14:03:17,909 [INFO] IPUIPlugin:80 - create IPUIPlugin
2024-03-19 14:03:17,910 [INFO] IPUIPlugin:80 - create IPUIPlugin
2024-03-19 14:03:17,910 [INFO] IPUIPlugin:80 - create IPUIPlugin
2024-03-19 14:03:17,910 [INFO] IPUIPlugin:80 - create IPUIPlugin
2024-03-19 14:03:17,910 [INFO] IPUIPlugin:80 - create IPUIPlugin
2024-03-19 14:03:17,910 [INFO] IPUIPlugin:80 - create IPUIPlugin
2024-03-19 14:03:17,910 [INFO] IPUIPlugin:80 - create IPUIPlugin
2024-03-19 14:03:17,910 [INFO] IPUIPlugin:80 - create IPUIPlugin
2024-03-19 14:03:17,912 [INFO] IPUIPlugin:80 - create IPUIPlugin
2024-03-19 14:03:17,912 [INFO] IPUIPlugin:80 - create IPUIPlugin
2024-03-19 14:03:17,912 [INFO] IPUIPlugin:80 - create IPUIPlugin
2024-03-19 14:03:17,912 [INFO] IPUIPlugin:80 - create IPUIPlugin
2024-03-19 14:03:17,912 [INFO] IPUIPlugin:80 - create IPUIPlugin
2024-03-19 14:03:17,913 [INFO] IPUIPlugin:80 - create IPUIPlugin
2024-03-19 14:03:17,913 [INFO] IPUIPlugin:80 - create IPUIPlugin
2024-03-19 14:03:17,913 [INFO] IPUIPlugin:80 - create IPUIPlugin
2024-03-19 14:03:17,913 [INFO] IPUIPlugin:80 - create IPUIPlugin
2024-03-19 14:03:17,913 [INFO] IPUIPlugin:80 - create IPUIPlugin
2024-03-19 14:03:17,914 [INFO] IPUIPlugin:80 - create IPUIPlugin
2024-03-19 14:03:17,914 [INFO] IPUIPlugin:80 - create IPUIPlugin
2024-03-19 14:03:17,915 [INFO] IPUIPlugin:80 - create IPUIPlugin
2024-03-19 14:03:17,915 [INFO] IPUIPlugin:80 - create IPUIPlugin
2024-03-19 14:03:18,084 [INFO] ApiDbMcu:508 - Load IP Config File for PDM2PCM
2024-03-19 14:03:18,330 [INFO] CADModel:165 - CPN selected for project levelSTM32F446RET6
2024-03-19 14:03:18,330 [INFO] CADModel:114 - Register for checkConnection events
2024-03-19 14:03:18,370 [INFO] OpenFileManager:343 - Restore cursor
2024-03-19 14:03:20,389 [INFO] UtilMem:75 - End SaveConfig() Used Memory: 536289320 Bytes (696254464)
2024-03-19 14:03:32,074 [INFO] McuFinderGlobals:76 - Set McuFinderConnectedMode to true
2024-03-19 14:03:32,077 [INFO] ApiDb:448 - Save user favorites file C:\Users\pyrga/.stm32cubeide/favorites.mcus.txt: 0 item(s)
2024-03-19 14:03:32,077 [INFO] ApiDb:452 - User favorites MCUs=[]
2024-03-19 14:58:29,962 [INFO] MainUpdater:2873 - connection check result : 10
2024-03-19 14:58:30,097 [INFO] McuFinderGlobals:76 - Set McuFinderConnectedMode to true
2024-03-19 14:58:30,099 [INFO] MultiScanPanel:200 - Auto-refresh data requested => check proxy status ongoing
2024-03-19 14:58:30,100 [INFO] FinderPluginLoader:95 - Searching for filters in installed packs
2024-03-19 14:58:30,685 [INFO] LoadUrlFilesThread:185 - End of LoadServerUrlFiles without Thread
2024-03-19 14:58:30,685 [INFO] DetailPanel:341 - Set advertising image to C:/Users/pyrga/STM32Cube/Repository/\en.prom-stm32wl3-mcu-finder.jpg
2024-03-19 14:58:33,569 [INFO] ApiDb:581 - Connected to CubeFinder SQLite database (C:\Users\pyrga\.stmcufinder\plugins\mcufinder\mcu\cube-finder-db.db)
2024-03-19 14:59:03,056 [INFO] McuFinderGlobals:76 - Set McuFinderConnectedMode to true
2024-03-19 14:59:03,059 [INFO] ApiDb:448 - Save user favorites file C:\Users\pyrga/.stm32cubeide/favorites.mcus.txt: 0 item(s)
2024-03-19 14:59:03,060 [INFO] ApiDb:452 - User favorites MCUs=[]
2024-03-19 15:27:20,888 [INFO] MainUpdater:2873 - connection check result : 10
2024-03-19 15:27:20,889 [INFO] MainUpdater:2873 - connection check result : 10
2024-03-19 15:27:20,910 [INFO] MicroXplorer:468 - Change Database Path : 
2024-03-19 15:27:20,910 [INFO] MicroXplorer:498 - Change Database Version : DB.6.0.100
2024-03-19 15:27:20,920 [ERROR] ProjectManagerView:394 - 
java.lang.NullPointerException: Cannot invoke "javax.swing.JTextField.getText()" because the return value of "java.util.List.get(int)" is null
	at com.st.microxplorer.plugins.projectmanager.gui.ProjectChoiceTab$10.caretUpdate(ProjectChoiceTab.java:2493) ~[filemanager.jar:?]
	at javax.swing.text.JTextComponent.fireCaretUpdate(JTextComponent.java:412) ~[?:?]
	at javax.swing.text.JTextComponent$MutableCaretEvent.fire(JTextComponent.java:4491) ~[?:?]
	at javax.swing.text.JTextComponent$MutableCaretEvent.stateChanged(JTextComponent.java:4513) ~[?:?]
	at javax.swing.text.DefaultCaret.fireStateChanged(DefaultCaret.java:842) ~[?:?]
	at javax.swing.text.DefaultCaret.changeCaretPosition(DefaultCaret.java:1313) ~[?:?]
	at javax.swing.text.DefaultCaret.handleSetDot(DefaultCaret.java:1212) ~[?:?]
	at javax.swing.text.DefaultCaret.setDot(DefaultCaret.java:1193) ~[?:?]
	at javax.swing.text.DefaultCaret$Handler.insertUpdate(DefaultCaret.java:1789) ~[?:?]
	at javax.swing.text.AbstractDocument.fireInsertUpdate(AbstractDocument.java:226) ~[?:?]
	at javax.swing.text.AbstractDocument.handleInsertString(AbstractDocument.java:780) ~[?:?]
	at javax.swing.text.AbstractDocument.insertString(AbstractDocument.java:739) ~[?:?]
	at javax.swing.text.PlainDocument.insertString(PlainDocument.java:131) ~[?:?]
	at javax.swing.text.AbstractDocument.replace(AbstractDocument.java:698) ~[?:?]
	at javax.swing.text.JTextComponent.setText(JTextComponent.java:1729) ~[?:?]
	at com.st.microxplorer.plugins.projectmanager.gui.ProjectChoiceTab.createHeapStackFields(ProjectChoiceTab.java:933) ~[filemanager.jar:?]
	at com.st.microxplorer.plugins.projectmanager.gui.ProjectChoiceTab.buildLinkSettingsPanel(ProjectChoiceTab.java:3426) ~[filemanager.jar:?]
	at com.st.microxplorer.plugins.projectmanager.gui.ProjectChoiceTab.defineWindowsFields(ProjectChoiceTab.java:1813) ~[filemanager.jar:?]
	at com.st.microxplorer.plugins.projectmanager.gui.ProjectChoiceTab.updateSettings(ProjectChoiceTab.java:533) ~[filemanager.jar:?]
	at com.st.microxplorer.plugins.projectmanager.gui.ProjectSettingsPanel.UpdateDialog(ProjectSettingsPanel.java:244) ~[filemanager.jar:?]
	at com.st.microxplorer.plugins.projectmanager.ProjectManagerView.propertyChange(ProjectManagerView.java:391) ~[filemanager.jar:?]
	at java.beans.PropertyChangeSupport.fire(PropertyChangeSupport.java:343) ~[?:?]
	at java.beans.PropertyChangeSupport.firePropertyChange(PropertyChangeSupport.java:335) ~[?:?]
	at java.beans.PropertyChangeSupport.firePropertyChange(PropertyChangeSupport.java:268) ~[?:?]
	at com.st.microxplorer.util.MXPropertyChangeSupport.firePropertyChange(MXPropertyChangeSupport.java:54) ~[STM32CubeMX.jar:?]
	at com.st.microxplorer.mxsystem.MxSystem.closeConfig(MxSystem.java:900) ~[STM32CubeMX.jar:?]
	at com.st.microxplorer.maingui.MainPanel.closeConfig(MainPanel.java:776) ~[STM32CubeMX.jar:?]
	at com.st.microxplorer.plugins.filemanager.engine.OpenFileManager.loadConfigurationFile(OpenFileManager.java:245) ~[filemanager.jar:?]
	at com.st.microxplorer.plugins.filemanager.engine.MainFileManager.userLoadConfig(MainFileManager.java:290) ~[filemanager.jar:?]
	at com.st.microxplorer.plugins.filemanager.FileManagerView.getSpecificTask(FileManagerView.java:247) ~[filemanager.jar:?]
	at com.st.stm32cube.common.mx.editor.CubeMxEditor.getMxTabbedPaneInstance(CubeMxEditor.java:1184) ~[com.st.stm32cube.common.mx_6.10.0.202311202037/:?]
	at com.st.stm32cube.common.mx.editor.CubeMxEditor$12$1.createSwingComponent(CubeMxEditor.java:1065) ~[com.st.stm32cube.common.mx_6.10.0.202311202037/:?]
	at com.st.stm32cube.common.mx.oss.core.awtswtbridge.EmbeddedSwingComposite.doComponentCreation(EmbeddedSwingComposite.java:492) ~[com.st.stm32cube.common.mx.oss_6.10.0.202311202037/:?]
	at com.st.stm32cube.common.mx.oss.core.awtswtbridge.EmbeddedSwingComposite$4.run(EmbeddedSwingComposite.java:291) ~[com.st.stm32cube.common.mx.oss_6.10.0.202311202037/:?]
	at com.st.stm32cube.common.mx.oss.core.awtswtbridge.AwtEnvironment$2.run(AwtEnvironment.java:166) ~[com.st.stm32cube.common.mx.oss_6.10.0.202311202037/:?]
	at java.awt.event.InvocationEvent.dispatch(InvocationEvent.java:318) ~[?:?]
	at java.awt.EventQueue.dispatchEventImpl(EventQueue.java:773) ~[?:?]
	at java.awt.EventQueue$4.run(EventQueue.java:720) ~[?:?]
	at java.awt.EventQueue$4.run(EventQueue.java:714) ~[?:?]
	at java.security.AccessController.doPrivileged(AccessController.java:399) ~[?:?]
	at java.security.ProtectionDomain$JavaSecurityAccessImpl.doIntersectionPrivilege(ProtectionDomain.java:86) ~[?:?]
	at java.awt.EventQueue.dispatchEvent(EventQueue.java:742) ~[?:?]
	at java.awt.EventDispatchThread.pumpOneEventForFilters(EventDispatchThread.java:203) ~[?:?]
	at java.awt.EventDispatchThread.pumpEventsForFilter(EventDispatchThread.java:124) ~[?:?]
	at java.awt.EventDispatchThread.pumpEventsForHierarchy(EventDispatchThread.java:113) ~[?:?]
	at java.awt.EventDispatchThread.pumpEvents(EventDispatchThread.java:109) ~[?:?]
	at java.awt.EventDispatchThread.pumpEvents(EventDispatchThread.java:101) ~[?:?]
	at java.awt.EventDispatchThread.run(EventDispatchThread.java:90) ~[?:?]
2024-03-19 15:27:20,938 [WARN] ThirdParty:871 - waiting for thirdparty lock release [close project]
2024-03-19 15:27:20,938 [INFO] ThirdParty:873 - entering critical section [close project]
2024-03-19 15:27:20,938 [INFO] ThirdParty:883 - exiting critical section [close project]
2024-03-19 15:27:20,940 [INFO] PinOutPanel:1499 - setPackage(No Configuration,No Configuration)
2024-03-19 15:27:20,947 [WARN] IpParametersView:151 - Warning: This peripheral hasn't parameters
2024-03-19 15:27:20,954 [WARN] MainPanel:272 - <html><b><center>Warning: This peripheral has no parameters to be configured<br></b></html>
2024-03-19 15:27:20,963 [INFO] UtilMem:75 - Begin LoadConfig() Used Memory: 616240216 Bytes (856686592)
2024-03-19 15:27:20,964 [INFO] MicroXplorer:468 - Change Database Path : 
2024-03-19 15:27:20,964 [INFO] MicroXplorer:498 - Change Database Version : DB.6.0.100
2024-03-19 15:27:20,964 [INFO] OpenFileManager:312 - Change cursor
2024-03-19 15:27:20,981 [INFO] RulesReader:64 - Compatibility file has been processed (297 Rules)
2024-03-19 15:27:20,984 [INFO] Mcu:2016 - Initializing MCU STM32F446R(C-E)Tx STM32F446RETx STM32F446RET6
2024-03-19 15:27:22,496 [INFO] Context:659 - Trying to add GPIOservice into a context  which must be forbidden
2024-03-19 15:27:23,068 [INFO] RtosManager:555 - Registered RTOS mode: class=CMSIS, group=RTOS, mode=CMSIS_V1, owner=FREERTOS
2024-03-19 15:27:23,068 [INFO] RtosManager:555 - Registered RTOS mode: class=CMSIS, group=RTOS2, mode=CMSIS_V2, owner=FREERTOS
2024-03-19 15:27:23,069 [INFO] RtosManager:555 - Registered RTOS mode: class=RTOS, group=Core, mode=CMSIS_V1, owner=FREERTOS
2024-03-19 15:27:23,069 [INFO] RtosManager:555 - Registered RTOS mode: class=RTOS, group=Core, mode=CMSIS_V2, owner=FREERTOS
2024-03-19 15:27:23,069 [WARN] ModelIntegratedComponent:184 - Missing modes for component STMicroelectronics:FreeRTOS:0.0.1:STMicroelectronics:RTOS:FreeRTOS:Core:::10.2.0:
2024-03-19 15:27:23,080 [WARN] ModelIntegratedComponent:63 - No mode defined for component null
2024-03-19 15:27:23,080 [WARN] ModelIntegratedComponent:63 - No mode defined for component null
2024-03-19 15:27:23,080 [WARN] ModelIntegratedComponent:63 - No mode defined for component null
2024-03-19 15:27:23,080 [WARN] ModelIntegratedComponent:63 - No mode defined for component null
2024-03-19 15:27:23,080 [WARN] ModelIntegratedComponent:63 - No mode defined for component null
2024-03-19 15:27:23,080 [WARN] ModelIntegratedComponent:63 - No mode defined for component null
2024-03-19 15:27:23,080 [WARN] ModelIntegratedComponent:63 - No mode defined for component null
2024-03-19 15:27:23,080 [WARN] ModelIntegratedComponent:63 - No mode defined for component null
2024-03-19 15:27:23,080 [WARN] ModelIntegratedComponent:63 - No mode defined for component null
2024-03-19 15:27:23,080 [WARN] ModelIntegratedComponent:63 - No mode defined for component null
2024-03-19 15:27:23,080 [WARN] ModelIntegratedComponent:63 - No mode defined for component null
2024-03-19 15:27:23,080 [WARN] ModelIntegratedComponent:63 - No mode defined for component null
2024-03-19 15:27:23,080 [WARN] ModelIntegratedComponent:63 - No mode defined for component null
2024-03-19 15:27:23,081 [WARN] ModelIntegratedComponent:63 - No mode defined for component null
2024-03-19 15:27:23,081 [WARN] ModelIntegratedComponent:63 - No mode defined for component null
2024-03-19 15:27:23,081 [WARN] ModelIntegratedComponent:63 - No mode defined for component null
2024-03-19 15:27:23,081 [WARN] ModelIntegratedComponent:63 - No mode defined for component null
2024-03-19 15:27:23,081 [WARN] ModelIntegratedComponent:63 - No mode defined for component null
2024-03-19 15:27:23,081 [WARN] ModelIntegratedComponent:63 - No mode defined for component null
2024-03-19 15:27:23,081 [WARN] ModelIntegratedComponent:63 - No mode defined for component null
2024-03-19 15:27:23,081 [WARN] ModelIntegratedComponent:63 - No mode defined for component null
2024-03-19 15:27:23,081 [WARN] ModelIntegratedComponent:63 - No mode defined for component null
2024-03-19 15:27:23,081 [WARN] ModelIntegratedComponent:63 - No mode defined for component null
2024-03-19 15:27:23,081 [WARN] ModelIntegratedComponent:63 - No mode defined for component null
2024-03-19 15:27:23,081 [WARN] ModelIntegratedComponent:63 - No mode defined for component null
2024-03-19 15:27:23,081 [WARN] ModelIntegratedComponent:63 - No mode defined for component null
2024-03-19 15:27:23,081 [WARN] ModelIntegratedComponent:63 - No mode defined for component null
2024-03-19 15:27:23,081 [WARN] ModelIntegratedComponent:63 - No mode defined for component null
2024-03-19 15:27:23,081 [WARN] ModelIntegratedComponent:63 - No mode defined for component null
2024-03-19 15:27:23,081 [WARN] ModelIntegratedComponent:63 - No mode defined for component null
2024-03-19 15:27:23,081 [WARN] ModelIntegratedComponent:63 - No mode defined for component null
2024-03-19 15:27:23,082 [WARN] ModelIntegratedComponent:63 - No mode defined for component null
2024-03-19 15:27:23,082 [WARN] ModelIntegratedComponent:63 - No mode defined for component null
2024-03-19 15:27:23,237 [INFO] ThirdPartyModel:298 - Start build external matchings
2024-03-19 15:27:23,583 [INFO] ThirdPartyModel:316 - End build external matchings
2024-03-19 15:27:23,918 [INFO] UtilMem:75 - End LoadConfig() Used Memory: 525557416 Bytes (856686592)
2024-03-19 15:27:23,935 [INFO] MicroXplorer:468 - Change Database Path : 
2024-03-19 15:27:23,935 [INFO] MicroXplorer:498 - Change Database Version : DB.6.0.100
2024-03-19 15:27:23,936 [WARN] ThirdParty:833 - waiting for thirdparty lock release [change project]
2024-03-19 15:27:23,936 [INFO] ThirdParty:835 - entering critical section [change project]
2024-03-19 15:27:23,936 [INFO] ThirdParty:1030 - CMSIS Pack Vendor :STMicroelectronics USBPD 4.1
2024-03-19 15:27:23,936 [INFO] ThirdParty:1030 - CMSIS Pack Vendor :STMicroelectronics X-CUBE-GNSS1 6.0.0
2024-03-19 15:27:23,936 [INFO] ThirdParty:1030 - CMSIS Pack Vendor :STMicroelectronics USB_HOST 2.0.0
2024-03-19 15:27:23,936 [INFO] ThirdParty:1030 - CMSIS Pack Vendor :STMicroelectronics X-CUBE-AZRTOS-F4 1.1.0
2024-03-19 15:27:23,936 [INFO] ThirdParty:1030 - CMSIS Pack Vendor :STMicroelectronics LIBJPEG 8.0.0
2024-03-19 15:27:23,936 [INFO] ThirdParty:1030 - CMSIS Pack Vendor :STMicroelectronics X-CUBE-SMBUS 2.1.0
2024-03-19 15:27:23,936 [INFO] ThirdParty:1030 - CMSIS Pack Vendor :STMicroelectronics USB_DEVICE 3.0.0
2024-03-19 15:27:23,936 [INFO] ThirdParty:1030 - CMSIS Pack Vendor :STMicroelectronics X-CUBE-AZRTOS-WB 2.0.0
2024-03-19 15:27:23,936 [INFO] ThirdParty:1030 - CMSIS Pack Vendor :wolfSSL I-CUBE-wolfSSL 5.6.6
2024-03-19 15:27:23,936 [INFO] ThirdParty:1030 - CMSIS Pack Vendor :STMicroelectronics X-CUBE-TOUCHGFX 4.23.0
2024-03-19 15:27:23,936 [INFO] ThirdParty:1030 - CMSIS Pack Vendor :STMicroelectronics X-CUBE-AZRTOS-F7 1.1.0
2024-03-19 15:27:23,936 [INFO] ThirdParty:1030 - CMSIS Pack Vendor :STMicroelectronics X-CUBE-AZRTOS-L5 2.0.0
2024-03-19 15:27:23,936 [INFO] ThirdParty:1030 - CMSIS Pack Vendor :STMicroelectronics USB_DEVICE 2.0.0
2024-03-19 15:27:23,936 [INFO] ThirdParty:1030 - CMSIS Pack Vendor :STMicroelectronics X-CUBE-EEPRMA1 4.2.0
2024-03-19 15:27:23,936 [INFO] ThirdParty:1030 - CMSIS Pack Vendor :ITTIA_DB I-CUBE-ITTIADB 8.8.0
2024-03-19 15:27:23,936 [INFO] ThirdParty:1030 - CMSIS Pack Vendor :STMicroelectronics FP-SNS-MOTENV1 4.3.2
2024-03-19 15:27:23,936 [INFO] ThirdParty:1030 - CMSIS Pack Vendor :STMicroelectronics X-CUBE-ALGOBUILD 1.3.0
2024-03-19 15:27:23,936 [INFO] ThirdParty:1030 - CMSIS Pack Vendor :STMicroelectronics FreeRTOS 0.0.1
2024-03-19 15:27:23,936 [INFO] ThirdParty:1030 - CMSIS Pack Vendor :STMicroelectronics X-CUBE-AZRTOS-G0 1.1.0
2024-03-19 15:27:23,938 [INFO] ThirdParty:1030 - CMSIS Pack Vendor :STMicroelectronics X-CUBE-NFC4 3.0.0
2024-03-19 15:27:23,938 [INFO] ThirdParty:1030 - CMSIS Pack Vendor :STMicroelectronics X-CUBE-SUBG2 5.0.0
2024-03-19 15:27:23,938 [INFO] ThirdParty:1030 - CMSIS Pack Vendor :STMicroelectronics STM32_WPAN 1.0.0
2024-03-19 15:27:23,938 [INFO] ThirdParty:1030 - CMSIS Pack Vendor :STMicroelectronics lwIP 2.0.3
2024-03-19 15:27:23,938 [INFO] ThirdParty:1030 - CMSIS Pack Vendor :STMicroelectronics FP-SNS-FLIGHT1 5.0.2
2024-03-19 15:27:23,938 [INFO] ThirdParty:1030 - CMSIS Pack Vendor :STMicroelectronics USB_HOST 1.0.0
2024-03-19 15:27:23,938 [INFO] ThirdParty:1030 - CMSIS Pack Vendor :STMicroelectronics X-CUBE-AZRTOS-G4 2.0.0
2024-03-19 15:27:23,938 [INFO] ThirdParty:1030 - CMSIS Pack Vendor :STMicroelectronics PDM2PCM 3.1.0
2024-03-19 15:27:23,938 [INFO] ThirdParty:1030 - CMSIS Pack Vendor :Infineon AIROC-Wi-Fi-Bluetooth-STM32 1.5.1
2024-03-19 15:27:23,938 [INFO] ThirdParty:1030 - CMSIS Pack Vendor :STMicroelectronics X-CUBE-BLEMGR 3.0.0
2024-03-19 15:27:23,938 [INFO] ThirdParty:1030 - CMSIS Pack Vendor :STMicroelectronics PDM2PCM 3.3.0
2024-03-19 15:27:23,938 [INFO] ThirdParty:1030 - CMSIS Pack Vendor :STMicroelectronics X-CUBE-DISPLAY 3.0.0
2024-03-19 15:27:23,938 [INFO] ThirdParty:1030 - CMSIS Pack Vendor :STMicroelectronics FP-SNS-MOTENVWB1 1.3.1
2024-03-19 15:27:23,938 [INFO] ThirdParty:1030 - CMSIS Pack Vendor :STMicroelectronics X-CUBE-BLE1 7.0.0
2024-03-19 15:27:23,938 [INFO] ThirdParty:1030 - CMSIS Pack Vendor :STMicroelectronics FP-ATR-SIGFOX1 3.2.0
2024-03-19 15:27:23,938 [INFO] ThirdParty:1030 - CMSIS Pack Vendor :STMicroelectronics X-CUBE-ISPU 2.0.0
2024-03-19 15:27:23,938 [INFO] ThirdParty:1030 - CMSIS Pack Vendor :STMicroelectronics X-CUBE-EEPRMA1 5.1.0
2024-03-19 15:27:23,938 [INFO] ThirdParty:1030 - CMSIS Pack Vendor :STMicroelectronics HAL Drivers 0.0.0
2024-03-19 15:27:23,938 [INFO] ThirdParty:1030 - CMSIS Pack Vendor :STMicroelectronics MBEDTLS 2.16.2
2024-03-19 15:27:23,938 [INFO] ThirdParty:1030 - CMSIS Pack Vendor :emotas I-CUBE-CANOPEN 1.3.0
2024-03-19 15:27:23,938 [INFO] ThirdParty:1030 - CMSIS Pack Vendor :STMicroelectronics X-CUBE-MEMS1 10.0.0
2024-03-19 15:27:23,938 [INFO] ThirdParty:1030 - CMSIS Pack Vendor :STMicroelectronics X-CUBE-FREERTOS 1.1.0
2024-03-19 15:27:23,938 [INFO] ThirdParty:1030 - CMSIS Pack Vendor :STMicroelectronics X-CUBE-NFC7 1.0.1
2024-03-19 15:27:23,938 [INFO] ThirdParty:1030 - CMSIS Pack Vendor :STMicroelectronics MBEDTLS 2.14.1
2024-03-19 15:27:23,938 [INFO] ThirdParty:1030 - CMSIS Pack Vendor :STMicroelectronics X-CUBE-NFC6 3.0.0
2024-03-19 15:27:23,938 [INFO] ThirdParty:1030 - CMSIS Pack Vendor :portGmbH I-Cube-SoM-uGOAL 1.1.0
2024-03-19 15:27:23,938 [INFO] ThirdParty:1030 - CMSIS Pack Vendor :STMicroelectronics X-CUBE-ALS 1.0.1
2024-03-19 15:27:23,939 [INFO] ThirdParty:1030 - CMSIS Pack Vendor :STMicroelectronics X-CUBE-BLEMGR 3.1.0
2024-03-19 15:27:23,939 [INFO] ThirdParty:1030 - CMSIS Pack Vendor :STMicroelectronics ThreadX 1.0.0
2024-03-19 15:27:23,939 [INFO] ThirdParty:1030 - CMSIS Pack Vendor :STMicroelectronics FP-SNS-SMARTAG2 1.2.0
2024-03-19 15:27:23,939 [INFO] ThirdParty:1030 - CMSIS Pack Vendor :STMicroelectronics X-CUBE-AZRTOS-WL 2.0.0
2024-03-19 15:27:23,939 [INFO] ThirdParty:1030 - CMSIS Pack Vendor :SEGGER I-CUBE-embOS 1.3.1
2024-03-19 15:27:23,939 [INFO] ThirdParty:1030 - CMSIS Pack Vendor :STMicroelectronics USB_DEVICE 1.0.0
2024-03-19 15:27:23,939 [INFO] ThirdParty:1030 - CMSIS Pack Vendor :STMicroelectronics X-CUBE-AI 8.1.0
2024-03-19 15:27:23,939 [INFO] ThirdParty:1030 - CMSIS Pack Vendor :STMicroelectronics X-CUBE-AZRTOS-L4 2.0.0
2024-03-19 15:27:23,939 [INFO] ThirdParty:1030 - CMSIS Pack Vendor :STMicroelectronics ThreadX 0.0.2
2024-03-19 15:27:23,939 [INFO] ThirdParty:1030 - CMSIS Pack Vendor :WES I-CUBE-Cesium 1.3.0
2024-03-19 15:27:23,939 [INFO] ThirdParty:1030 - CMSIS Pack Vendor :STMicroelectronics FP-ATR-ASTRA1 2.0.0
2024-03-19 15:27:23,939 [INFO] ThirdParty:1030 - CMSIS Pack Vendor :STMicroelectronics lwIP 2.1.2
2024-03-19 15:27:23,939 [INFO] ThirdParty:1030 - CMSIS Pack Vendor :STMicroelectronics X-CUBE-SFXS2LP1 4.0.0
2024-03-19 15:27:23,939 [INFO] ThirdParty:1030 - CMSIS Pack Vendor :STMicroelectronics X-CUBE-BLE2 3.3.0
2024-03-19 15:27:23,939 [INFO] ThirdParty:1030 - CMSIS Pack Vendor :STMicroelectronics X-CUBE-TOF1 3.4.0
2024-03-19 15:27:23,939 [INFO] ThirdParty:1030 - CMSIS Pack Vendor :STMicroelectronics X-CUBE-TOF1 3.4.1
2024-03-19 15:27:23,939 [INFO] ThirdParty:1030 - CMSIS Pack Vendor :STMicroelectronics X-CUBE-AZRTOS-H7 3.2.0
2024-03-19 15:27:23,939 [INFO] ThirdParty:1030 - CMSIS Pack Vendor :STMicroelectronics PDM2PCM 3.2.0
2024-03-19 15:27:23,940 [INFO] ThirdParty:841 - exiting critical section [change project]
2024-03-19 15:27:24,131 [INFO] PinOutPanel:1499 - setPackage(No Configuration,No Configuration)
2024-03-19 15:27:24,132 [INFO] PinOutPanel:1499 - setPackage(STM32F446RETx,LQFP64)
2024-03-19 15:27:24,426 [INFO] UtilMem:75 - Before build in PCC Used Memory: 308214584 Bytes (856686592)
2024-03-19 15:27:24,678 [INFO] UtilMem:75 - After build in PCC Used Memory: 358019896 Bytes (856686592)
2024-03-19 15:27:24,697 [INFO] IPUIPlugin:80 - create IPUIPlugin
2024-03-19 15:27:24,698 [INFO] IPUIPlugin:80 - create IPUIPlugin
2024-03-19 15:27:24,698 [INFO] IPUIPlugin:80 - create IPUIPlugin
2024-03-19 15:27:24,698 [INFO] IPUIPlugin:80 - create IPUIPlugin
2024-03-19 15:27:24,698 [INFO] IPUIPlugin:80 - create IPUIPlugin
2024-03-19 15:27:24,698 [INFO] IPUIPlugin:80 - create IPUIPlugin
2024-03-19 15:27:24,698 [INFO] IPUIPlugin:80 - create IPUIPlugin
2024-03-19 15:27:24,699 [INFO] IPUIPlugin:80 - create IPUIPlugin
2024-03-19 15:27:24,699 [INFO] IPUIPlugin:80 - create IPUIPlugin
2024-03-19 15:27:24,699 [INFO] IPUIPlugin:80 - create IPUIPlugin
2024-03-19 15:27:24,699 [INFO] IPUIPlugin:80 - create IPUIPlugin
2024-03-19 15:27:24,699 [INFO] IPUIPlugin:80 - create IPUIPlugin
2024-03-19 15:27:24,699 [INFO] IPUIPlugin:80 - create IPUIPlugin
2024-03-19 15:27:24,699 [INFO] IPUIPlugin:80 - create IPUIPlugin
2024-03-19 15:27:24,699 [INFO] IPUIPlugin:80 - create IPUIPlugin
2024-03-19 15:27:24,699 [INFO] IPUIPlugin:80 - create IPUIPlugin
2024-03-19 15:27:24,699 [INFO] IPUIPlugin:80 - create IPUIPlugin
2024-03-19 15:27:24,701 [INFO] IPUIPlugin:80 - create IPUIPlugin
2024-03-19 15:27:24,701 [INFO] IPUIPlugin:80 - create IPUIPlugin
2024-03-19 15:27:24,701 [INFO] IPUIPlugin:80 - create IPUIPlugin
2024-03-19 15:27:24,701 [INFO] IPUIPlugin:80 - create IPUIPlugin
2024-03-19 15:27:24,701 [INFO] IPUIPlugin:80 - create IPUIPlugin
2024-03-19 15:27:24,701 [INFO] IPUIPlugin:80 - create IPUIPlugin
2024-03-19 15:27:24,701 [INFO] IPUIPlugin:80 - create IPUIPlugin
2024-03-19 15:27:24,702 [INFO] IPUIPlugin:80 - create IPUIPlugin
2024-03-19 15:27:24,702 [INFO] IPUIPlugin:80 - create IPUIPlugin
2024-03-19 15:27:24,702 [INFO] IPUIPlugin:80 - create IPUIPlugin
2024-03-19 15:27:24,702 [INFO] IPUIPlugin:80 - create IPUIPlugin
2024-03-19 15:27:24,702 [INFO] IPUIPlugin:80 - create IPUIPlugin
2024-03-19 15:27:24,703 [INFO] IPUIPlugin:80 - create IPUIPlugin
2024-03-19 15:27:24,703 [INFO] IPUIPlugin:80 - create IPUIPlugin
2024-03-19 15:27:24,703 [INFO] IPUIPlugin:80 - create IPUIPlugin
2024-03-19 15:27:24,703 [INFO] IPUIPlugin:80 - create IPUIPlugin
2024-03-19 15:27:24,704 [INFO] IPUIPlugin:80 - create IPUIPlugin
2024-03-19 15:27:24,704 [INFO] IPUIPlugin:80 - create IPUIPlugin
2024-03-19 15:27:24,704 [INFO] IPUIPlugin:80 - create IPUIPlugin
2024-03-19 15:27:24,704 [INFO] IPUIPlugin:80 - create IPUIPlugin
2024-03-19 15:27:24,705 [INFO] IPUIPlugin:80 - create IPUIPlugin
2024-03-19 15:27:24,705 [INFO] IPUIPlugin:80 - create IPUIPlugin
2024-03-19 15:27:24,705 [INFO] IPUIPlugin:80 - create IPUIPlugin
2024-03-19 15:27:24,705 [INFO] IPUIPlugin:80 - create IPUIPlugin
2024-03-19 15:27:24,705 [INFO] IPUIPlugin:80 - create IPUIPlugin
2024-03-19 15:27:24,706 [INFO] IPUIPlugin:80 - create IPUIPlugin
2024-03-19 15:27:24,706 [INFO] IPUIPlugin:80 - create IPUIPlugin
2024-03-19 15:27:24,706 [INFO] IPUIPlugin:80 - create IPUIPlugin
2024-03-19 15:27:24,706 [INFO] IPUIPlugin:80 - create IPUIPlugin
2024-03-19 15:27:24,707 [INFO] IPUIPlugin:80 - create IPUIPlugin
2024-03-19 15:27:24,707 [INFO] IPUIPlugin:80 - create IPUIPlugin
2024-03-19 15:27:24,707 [INFO] IPUIPlugin:80 - create IPUIPlugin
2024-03-19 15:27:24,708 [INFO] IPUIPlugin:80 - create IPUIPlugin
2024-03-19 15:27:24,708 [INFO] IPUIPlugin:80 - create IPUIPlugin
2024-03-19 15:27:24,708 [INFO] IPUIPlugin:80 - create IPUIPlugin
2024-03-19 15:27:24,709 [INFO] IPUIPlugin:80 - create IPUIPlugin
2024-03-19 15:27:24,709 [INFO] IPUIPlugin:80 - create IPUIPlugin
2024-03-19 15:27:24,709 [INFO] IPUIPlugin:80 - create IPUIPlugin
2024-03-19 15:27:24,709 [INFO] IPUIPlugin:80 - create IPUIPlugin
2024-03-19 15:27:24,710 [INFO] IPUIPlugin:80 - create IPUIPlugin
2024-03-19 15:27:24,711 [INFO] IPUIPlugin:80 - create IPUIPlugin
2024-03-19 15:27:24,712 [INFO] IPUIPlugin:80 - create IPUIPlugin
2024-03-19 15:27:24,712 [INFO] IPUIPlugin:80 - create IPUIPlugin
2024-03-19 15:27:24,716 [INFO] ApiDbMcu:508 - Load IP Config File for PDM2PCM
2024-03-19 15:27:24,735 [INFO] CADModel:165 - CPN selected for project levelSTM32F446RET6
2024-03-19 15:27:24,735 [INFO] CADModel:114 - Register for checkConnection events
2024-03-19 15:27:24,774 [INFO] OpenFileManager:343 - Restore cursor
2024-03-19 17:48:54,946 [INFO] UtilMem:75 - End SaveConfig() Used Memory: 465735504 Bytes (894435328)
2024-03-19 18:09:39,504 [INFO] MainUpdater:2873 - connection check result : 10
2024-03-19 18:09:40,096 [INFO] McuFinderGlobals:76 - Set McuFinderConnectedMode to true
2024-03-19 18:09:40,098 [INFO] MultiScanPanel:200 - Auto-refresh data requested => check proxy status ongoing
2024-03-19 18:09:40,098 [INFO] FinderPluginLoader:95 - Searching for filters in installed packs
2024-03-19 18:09:40,752 [INFO] LoadUrlFilesThread:185 - End of LoadServerUrlFiles without Thread
2024-03-19 18:09:40,752 [INFO] DetailPanel:341 - Set advertising image to C:/Users/pyrga/STM32Cube/Repository/\en.prom-stm32wl3-mcu-finder.jpg
2024-03-19 18:10:54,207 [INFO] McuFinderGlobals:76 - Set McuFinderConnectedMode to true
2024-03-19 18:10:54,208 [INFO] ApiDb:448 - Save user favorites file C:\Users\pyrga/.stm32cubeide/favorites.mcus.txt: 0 item(s)
2024-03-19 18:10:54,209 [INFO] ApiDb:452 - User favorites MCUs=[]
