2024-01-10 11:47:48,685 [INFO] Activator:176 - 


2024-01-10 11:47:48,688 [INFO] Activator:177 - !SESSION log4j initialized
2024-01-10 11:47:52,161 [INFO] LogOutputStream:77 - [STDOUT_REDIRECT] 
2024-01-10 11:47:59,853 [INFO] ApplicationProperties:184 - Using Application install path: C:\ST\STM32CubeIDE_1.14.0\STM32CubeIDE\plugins\com.st.stm32cube.common.mx_6.10.0.202311202037
2024-01-10 11:47:59,876 [INFO] DbMcusXml:78 - Set database path to: C:\ST\STM32CubeIDE_1.14.0\STM32CubeIDE\plugins\com.st.stm32cube.common.mx_6.10.0.202311202037\\db\/mcu/
2024-01-10 11:47:59,877 [INFO] ApiDb:274 - Set plugin database path to: C:\ST\STM32CubeIDE_1.14.0\STM32CubeIDE\plugins\com.st.stm32cube.common.mx_6.10.0.202311202037\\db\/plugins/boardmanager/
2024-01-10 11:47:59,877 [WARN] ApiDb:259 - Overriding images path with different value:  => C:\ST\STM32CubeIDE_1.14.0\STM32CubeIDE\plugins\com.st.stm32cube.common.mx_6.10.0.202311202037\\db\/plugins/mcufinder/images/
2024-01-10 11:47:59,885 [INFO] ApiDb:250 - Set database path to: C:\Users\pyrga\.stmcufinder\plugins\mcufinder//mcu/
2024-01-10 11:47:59,887 [INFO] DbMcusAds:125 - Set database path to: C:\Users\pyrga\.stmcufinder\plugins\mcufinder//mcu/
2024-01-10 11:47:59,890 [INFO] CrossReferenceDbSqlite:203 - Set database path to: C:\Users\pyrga\.stmcufinder\plugins\mcufinder//mcu/cs/
2024-01-10 11:48:00,103 [INFO] RulesReader:64 - Compatibility file has been processed (297 Rules)
2024-01-10 11:48:00,250 [INFO] DbMcusXml:78 - Set database path to: C:\ST\STM32CubeIDE_1.14.0\STM32CubeIDE\plugins\com.st.stm32cube.common.mx_6.10.0.202311202037\\db\/mcu/
2024-01-10 11:48:00,251 [INFO] ApiDb:274 - Set plugin database path to: C:\ST\STM32CubeIDE_1.14.0\STM32CubeIDE\plugins\com.st.stm32cube.common.mx_6.10.0.202311202037\\db\/plugins/boardmanager/
2024-01-10 11:48:00,251 [INFO] ApiDb:261 - Set plugin images path to: C:\ST\STM32CubeIDE_1.14.0\STM32CubeIDE\plugins\com.st.stm32cube.common.mx_6.10.0.202311202037\\db\/plugins/mcufinder/images/
2024-01-10 11:48:00,251 [WARN] DbFile:41 - Overriding database path with different value: C:\Users\pyrga\.stmcufinder\plugins\mcufinder/ => C:\Users\pyrga\.stmcufinder\plugins\mcufinder
2024-01-10 11:48:00,251 [INFO] ApiDb:250 - Set database path to: C:\Users\pyrga\.stmcufinder\plugins\mcufinder//mcu/
2024-01-10 11:48:00,252 [WARN] DbFile:41 - Overriding database path with different value: C:\Users\pyrga\.stmcufinder\plugins\mcufinder/ => C:\Users\pyrga\.stmcufinder\plugins\mcufinder
2024-01-10 11:48:00,252 [INFO] DbMcusAds:125 - Set database path to: C:\Users\pyrga\.stmcufinder\plugins\mcufinder//mcu/
2024-01-10 11:48:00,252 [WARN] DbFile:41 - Overriding database path with different value: C:\Users\pyrga\.stmcufinder\plugins\mcufinder/ => C:\Users\pyrga\.stmcufinder\plugins\mcufinder
2024-01-10 11:48:00,252 [WARN] DbFile:41 - Overriding database path with different value: C:\Users\pyrga\.stmcufinder\plugins\mcufinder/ => C:\Users\pyrga\.stmcufinder\plugins\mcufinder
2024-01-10 11:48:00,253 [INFO] CrossReferenceDbSqlite:203 - Set database path to: C:\Users\pyrga\.stmcufinder\plugins\mcufinder//mcu/cs/
2024-01-10 11:48:00,381 [INFO] MainPanel:264 - HeapMemory: 268435456
2024-01-10 11:48:00,502 [INFO] DbMcusXml:78 - Set database path to: C:\ST\STM32CubeIDE_1.14.0\STM32CubeIDE\plugins\com.st.stm32cube.common.mx_6.10.0.202311202037\\db\/mcu/
2024-01-10 11:48:00,503 [INFO] ApiDb:274 - Set plugin database path to: C:\ST\STM32CubeIDE_1.14.0\STM32CubeIDE\plugins\com.st.stm32cube.common.mx_6.10.0.202311202037\\db\/plugins/boardmanager/
2024-01-10 11:48:00,503 [INFO] ApiDb:261 - Set plugin images path to: C:\ST\STM32CubeIDE_1.14.0\STM32CubeIDE\plugins\com.st.stm32cube.common.mx_6.10.0.202311202037\\db\/plugins/mcufinder/images/
2024-01-10 11:48:00,503 [WARN] DbFile:41 - Overriding database path with different value: C:\Users\pyrga\.stmcufinder\plugins\mcufinder/ => C:\Users\pyrga\.stmcufinder\plugins\mcufinder
2024-01-10 11:48:00,503 [INFO] ApiDb:250 - Set database path to: C:\Users\pyrga\.stmcufinder\plugins\mcufinder//mcu/
2024-01-10 11:48:00,504 [WARN] DbFile:41 - Overriding database path with different value: C:\Users\pyrga\.stmcufinder\plugins\mcufinder/ => C:\Users\pyrga\.stmcufinder\plugins\mcufinder
2024-01-10 11:48:00,504 [INFO] DbMcusAds:125 - Set database path to: C:\Users\pyrga\.stmcufinder\plugins\mcufinder//mcu/
2024-01-10 11:48:00,504 [WARN] DbFile:41 - Overriding database path with different value: C:\Users\pyrga\.stmcufinder\plugins\mcufinder/ => C:\Users\pyrga\.stmcufinder\plugins\mcufinder
2024-01-10 11:48:00,504 [WARN] DbFile:41 - Overriding database path with different value: C:\Users\pyrga\.stmcufinder\plugins\mcufinder/ => C:\Users\pyrga\.stmcufinder\plugins\mcufinder
2024-01-10 11:48:00,504 [INFO] CrossReferenceDbSqlite:203 - Set database path to: C:\Users\pyrga\.stmcufinder\plugins\mcufinder//mcu/cs/
2024-01-10 11:48:00,541 [INFO] ApplicationProperties:184 - Using Application install path: C:\ST\STM32CubeIDE_1.14.0\STM32CubeIDE\plugins\com.st.stm32cube.common.mx_6.10.0.202311202037
2024-01-10 11:48:00,543 [INFO] PluginManage:196 - Search for loadable plugins [exclusion list=, ]
2024-01-10 11:48:00,546 [INFO] PluginManage:310 - Check plugin analytics
2024-01-10 11:48:05,768 [INFO] AnalyticsPlugin:253 - Accepted Software Licenses: 
2024-01-10 11:48:05,769 [INFO] AnalyticsPlugin:255 - Accepted CMSIS Pack Licenses: 
2024-01-10 11:48:05,769 [INFO] AnalyticsPlugin:257 - Accepted Firmware Licenses: 
2024-01-10 11:48:05,774 [INFO] PluginManage:359 - Loaded plugin analytics (category:tool,tabindex:-1)
2024-01-10 11:48:05,775 [INFO] PluginManage:310 - Check plugin cadmodel
2024-01-10 11:48:05,782 [INFO] CADModel:105 - Init CAD model plugin
2024-01-10 11:48:05,783 [INFO] PluginManage:359 - Loaded plugin cadmodel (category:power,tabindex:5)
2024-01-10 11:48:05,783 [INFO] PluginManage:310 - Check plugin clock
2024-01-10 11:48:05,803 [INFO] PluginManage:359 - Loaded plugin clock (category:base,tabindex:2)
2024-01-10 11:48:05,804 [INFO] PluginManage:310 - Check plugin ddr
2024-01-10 11:48:05,809 [INFO] PluginManage:359 - Loaded plugin ddr (category:tool,tabindex:6)
2024-01-10 11:48:05,810 [INFO] PluginManage:310 - Check plugin filemanager
2024-01-10 11:48:06,045 [INFO] PluginManage:359 - Loaded plugin filemanager (category:base,tabindex:10)
2024-01-10 11:48:06,046 [INFO] PluginManage:310 - Check plugin ipmanager
2024-01-10 11:48:06,064 [INFO] PluginManage:359 - Loaded plugin ipmanager (category:base,tabindex:5)
2024-01-10 11:48:06,065 [INFO] PluginManage:310 - Check plugin lpbam
2024-01-10 11:48:06,076 [INFO] PluginManage:359 - Loaded plugin lpbam (category:base,tabindex:0)
2024-01-10 11:48:06,076 [INFO] PluginManage:310 - Check plugin memorymap
2024-01-10 11:48:06,116 [INFO] PluginManage:359 - Loaded plugin memorymap (category:base,tabindex:4)
2024-01-10 11:48:06,116 [INFO] PluginManage:310 - Check plugin pinoutandconfiguration
2024-01-10 11:48:06,128 [INFO] PluginManage:359 - Loaded plugin pinoutandconfiguration (category:base,tabindex:1)
2024-01-10 11:48:06,128 [INFO] PluginManage:310 - Check plugin pinoutconfig
2024-01-10 11:48:06,286 [WARN] SupportedApi:132 - Cannot load RTOS API schema: s4s-elt-must-match.1: The content of 'definitions' must match (annotation?, (simpleType | complexType)?, (unique | key | keyref)*)). A problem was found starting at: attribute.
2024-01-10 11:48:06,499 [INFO] PluginManage:359 - Loaded plugin pinoutconfig (category:base,tabindex:0)
2024-01-10 11:48:06,500 [INFO] PluginManage:310 - Check plugin power
2024-01-10 11:48:06,516 [INFO] PluginManage:359 - Loaded plugin power (category:power,tabindex:4)
2024-01-10 11:48:06,517 [INFO] PluginManage:310 - Check plugin projectmanager
2024-01-10 11:48:06,551 [INFO] PluginManage:359 - Loaded plugin projectmanager (category:projectmanager,tabindex:3)
2024-01-10 11:48:06,551 [INFO] PluginManage:310 - Check plugin thirdparty
2024-01-10 11:48:06,732 [WARN] IntegrityCheckThread:84 - waiting for thirdparty lock release [integrity check]
2024-01-10 11:48:06,732 [INFO] PluginManage:359 - Loaded plugin thirdparty (category:base,tabindex:-1)
2024-01-10 11:48:06,732 [INFO] PluginManage:310 - Check plugin tools
2024-01-10 11:48:06,732 [INFO] IntegrityCheckThread:86 - entering critical section [integrity check]
2024-01-10 11:48:06,734 [INFO] ThirdPartyUpdaterWithRetryManager:70 - Updater plugin not ready yet. [1/15]
2024-01-10 11:48:06,741 [INFO] PluginManage:359 - Loaded plugin tools (category:base,tabindex:7)
2024-01-10 11:48:06,742 [INFO] PluginManage:310 - Check plugin tutovideos
2024-01-10 11:48:06,964 [INFO] PluginManage:359 - Loaded plugin tutovideos (category:base,tabindex:-1)
2024-01-10 11:48:06,964 [INFO] PluginManage:310 - Check plugin updater
2024-01-10 11:48:06,977 [INFO] PluginManage:359 - Loaded plugin updater (category:base,tabindex:12)
2024-01-10 11:48:06,977 [INFO] PluginManage:310 - Check plugin userauth
2024-01-10 11:48:06,983 [INFO] UserAuth:114 - Init User Auth plugin
2024-01-10 11:48:06,984 [INFO] PluginManage:359 - Loaded plugin userauth (category:base,tabindex:14)
2024-01-10 11:48:06,984 [INFO] PluginManage:283 - PluginManage : Loaded plugins [17]
2024-01-10 11:48:07,333 [INFO] PinOutPanel:1499 - setPackage(No Configuration,No Configuration)
2024-01-10 11:48:07,437 [INFO] CADModel:165 - CPN selected for project level
2024-01-10 11:48:07,437 [INFO] CADModel:114 - Register for checkConnection events
2024-01-10 11:48:07,460 [INFO] IPUIPlugin:80 - create IPUIPlugin
2024-01-10 11:48:07,460 [INFO] PluginManager:220 - loadIPPluginJar : add adc
2024-01-10 11:48:07,464 [INFO] IPUIPlugin:80 - create IPUIPlugin
2024-01-10 11:48:07,464 [INFO] PluginManager:220 - loadIPPluginJar : add aes
2024-01-10 11:48:07,467 [INFO] IPUIPlugin:80 - create IPUIPlugin
2024-01-10 11:48:07,467 [INFO] PluginManager:220 - loadIPPluginJar : add can
2024-01-10 11:48:07,471 [INFO] IPUIPlugin:80 - create IPUIPlugin
2024-01-10 11:48:07,471 [INFO] PluginManager:220 - loadIPPluginJar : add comp
2024-01-10 11:48:07,474 [INFO] IPUIPlugin:80 - create IPUIPlugin
2024-01-10 11:48:07,474 [INFO] PluginManager:220 - loadIPPluginJar : add cryp
2024-01-10 11:48:07,478 [INFO] IPUIPlugin:80 - create IPUIPlugin
2024-01-10 11:48:07,478 [INFO] PluginManager:220 - loadIPPluginJar : add dfsdm
2024-01-10 11:48:07,487 [INFO] IPUIPlugin:80 - create IPUIPlugin
2024-01-10 11:48:07,487 [INFO] PluginManager:220 - loadIPPluginJar : add dma
2024-01-10 11:48:07,490 [INFO] IPUIPlugin:80 - create IPUIPlugin
2024-01-10 11:48:07,491 [INFO] PluginManager:220 - loadIPPluginJar : add dma3
2024-01-10 11:48:07,493 [INFO] IPUIPlugin:80 - create IPUIPlugin
2024-01-10 11:48:07,493 [INFO] PluginManager:220 - loadIPPluginJar : add fatfs
2024-01-10 11:48:07,499 [INFO] IPUIPlugin:80 - create IPUIPlugin
2024-01-10 11:48:07,500 [INFO] PluginManager:220 - loadIPPluginJar : add fmc
2024-01-10 11:48:07,507 [INFO] IPUIPlugin:80 - create IPUIPlugin
2024-01-10 11:48:07,507 [INFO] PluginManager:220 - loadIPPluginJar : add freertos
2024-01-10 11:48:07,509 [INFO] IPUIPlugin:80 - create IPUIPlugin
2024-01-10 11:48:07,510 [INFO] PluginManager:220 - loadIPPluginJar : add genericplugin
2024-01-10 11:48:07,513 [INFO] IPUIPlugin:80 - create IPUIPlugin
2024-01-10 11:48:07,513 [INFO] PluginManager:220 - loadIPPluginJar : add gfxmmu
2024-01-10 11:48:07,521 [INFO] IPUIPlugin:80 - create IPUIPlugin
2024-01-10 11:48:07,521 [INFO] PluginManager:220 - loadIPPluginJar : add gic
2024-01-10 11:48:07,526 [INFO] IPUIPlugin:80 - create IPUIPlugin
2024-01-10 11:48:07,527 [INFO] PluginManager:220 - loadIPPluginJar : add gpio
2024-01-10 11:48:07,531 [INFO] IPUIPlugin:80 - create IPUIPlugin
2024-01-10 11:48:07,532 [INFO] PluginManager:220 - loadIPPluginJar : add gtzc
2024-01-10 11:48:07,535 [INFO] IPUIPlugin:80 - create IPUIPlugin
2024-01-10 11:48:07,536 [INFO] PluginManager:220 - loadIPPluginJar : add hash
2024-01-10 11:48:07,539 [INFO] IPUIPlugin:80 - create IPUIPlugin
2024-01-10 11:48:07,539 [INFO] PluginManager:220 - loadIPPluginJar : add i2c
2024-01-10 11:48:07,542 [INFO] IPUIPlugin:80 - create IPUIPlugin
2024-01-10 11:48:07,542 [INFO] PluginManager:220 - loadIPPluginJar : add i2s
2024-01-10 11:48:07,546 [INFO] IPUIPlugin:80 - create IPUIPlugin
2024-01-10 11:48:07,546 [INFO] PluginManager:220 - loadIPPluginJar : add i3c
2024-01-10 11:48:07,551 [INFO] IPUIPlugin:80 - create IPUIPlugin
2024-01-10 11:48:07,551 [INFO] PluginManager:220 - loadIPPluginJar : add ipddr
2024-01-10 11:48:07,560 [INFO] IPUIPlugin:80 - create IPUIPlugin
2024-01-10 11:48:07,560 [INFO] PluginManager:220 - loadIPPluginJar : add linkedlist
2024-01-10 11:48:07,563 [INFO] IPUIPlugin:80 - create IPUIPlugin
2024-01-10 11:48:07,563 [INFO] PluginManager:220 - loadIPPluginJar : add lorawan
2024-01-10 11:48:07,566 [INFO] IPUIPlugin:80 - create IPUIPlugin
2024-01-10 11:48:07,566 [INFO] PluginManager:220 - loadIPPluginJar : add ltdc
2024-01-10 11:48:07,573 [INFO] IPUIPlugin:80 - create IPUIPlugin
2024-01-10 11:48:07,573 [INFO] PluginManager:220 - loadIPPluginJar : add mdma
2024-01-10 11:48:07,578 [INFO] IPUIPlugin:80 - create IPUIPlugin
2024-01-10 11:48:07,578 [INFO] PluginManager:220 - loadIPPluginJar : add nvic
2024-01-10 11:48:07,583 [INFO] IPUIPlugin:80 - create IPUIPlugin
2024-01-10 11:48:07,584 [INFO] PluginManager:220 - loadIPPluginJar : add opamp
2024-01-10 11:48:07,587 [INFO] IPUIPlugin:80 - create IPUIPlugin
2024-01-10 11:48:07,587 [INFO] PluginManager:220 - loadIPPluginJar : add openamp
2024-01-10 11:48:07,593 [INFO] IPUIPlugin:80 - create IPUIPlugin
2024-01-10 11:48:07,593 [INFO] PluginManager:220 - loadIPPluginJar : add pdm2pcm
2024-01-10 11:48:07,601 [INFO] IPUIPlugin:80 - create IPUIPlugin
2024-01-10 11:48:07,605 [INFO] PluginManager:220 - loadIPPluginJar : add plateformsettings
2024-01-10 11:48:07,607 [INFO] IPUIPlugin:80 - create IPUIPlugin
2024-01-10 11:48:07,607 [INFO] PluginManager:220 - loadIPPluginJar : add quadspi
2024-01-10 11:48:07,612 [INFO] IPUIPlugin:80 - create IPUIPlugin
2024-01-10 11:48:07,612 [INFO] PluginManager:220 - loadIPPluginJar : add resmgrutility
2024-01-10 11:48:07,616 [INFO] IPUIPlugin:80 - create IPUIPlugin
2024-01-10 11:48:07,616 [INFO] PluginManager:220 - loadIPPluginJar : add sai
2024-01-10 11:48:07,619 [INFO] IPUIPlugin:80 - create IPUIPlugin
2024-01-10 11:48:07,619 [INFO] PluginManager:220 - loadIPPluginJar : add spi
2024-01-10 11:48:07,626 [INFO] IPUIPlugin:80 - create IPUIPlugin
2024-01-10 11:48:07,635 [INFO] PluginManager:220 - loadIPPluginJar : add stm32_wpan
2024-01-10 11:48:07,637 [INFO] IPUIPlugin:80 - create IPUIPlugin
2024-01-10 11:48:07,637 [INFO] PluginManager:220 - loadIPPluginJar : add tim
2024-01-10 11:48:07,642 [INFO] IPUIPlugin:80 - create IPUIPlugin
2024-01-10 11:48:07,642 [INFO] PluginManager:220 - loadIPPluginJar : add touchsensing
2024-01-10 11:48:07,644 [INFO] IPUIPlugin:80 - create IPUIPlugin
2024-01-10 11:48:07,644 [INFO] PluginManager:220 - loadIPPluginJar : add tracer_emb
2024-01-10 11:48:07,647 [INFO] IPUIPlugin:80 - create IPUIPlugin
2024-01-10 11:48:07,647 [INFO] PluginManager:220 - loadIPPluginJar : add ts
2024-01-10 11:48:07,651 [INFO] IPUIPlugin:80 - create IPUIPlugin
2024-01-10 11:48:07,651 [INFO] PluginManager:220 - loadIPPluginJar : add tsc
2024-01-10 11:48:07,653 [INFO] IPUIPlugin:80 - create IPUIPlugin
2024-01-10 11:48:07,653 [INFO] PluginManager:220 - loadIPPluginJar : add ucpd
2024-01-10 11:48:07,656 [INFO] IPUIPlugin:80 - create IPUIPlugin
2024-01-10 11:48:07,656 [INFO] PluginManager:220 - loadIPPluginJar : add usart
2024-01-10 11:48:07,659 [INFO] IPUIPlugin:80 - create IPUIPlugin
2024-01-10 11:48:07,661 [INFO] PluginManager:220 - loadIPPluginJar : add usbx
2024-01-10 11:48:07,827 [INFO] CADModel:165 - CPN selected for project level
2024-01-10 11:48:07,827 [INFO] CADModel:114 - Register for checkConnection events
2024-01-10 11:48:07,827 [FATAL] Updater:308 - Updater called before beeing initialized
2024-01-10 11:48:07,827 [ERROR] CADModel:125 - Updater not yet initialized, retry later 
2024-01-10 11:48:08,052 [INFO] CADModel:165 - CPN selected for project level
2024-01-10 11:48:08,052 [INFO] CADModel:114 - Register for checkConnection events
2024-01-10 11:48:08,052 [FATAL] Updater:308 - Updater called before beeing initialized
2024-01-10 11:48:08,052 [ERROR] CADModel:125 - Updater not yet initialized, retry later 
2024-01-10 11:48:08,056 [FATAL] Updater:308 - Updater called before beeing initialized
2024-01-10 11:48:08,273 [FATAL] Updater:308 - Updater called before beeing initialized
2024-01-10 11:48:08,279 [INFO] DbMcusAds:53 - JSON generation date=Thu Sep 30 09:55:09 EEST 2021 (1632984909247)
2024-01-10 11:48:08,280 [FATAL] Updater:308 - Updater called before beeing initialized
2024-01-10 11:48:08,341 [WARN] DetailPanel:346 - Failed to get advertising image, set to default
2024-01-10 11:48:08,479 [FATAL] Updater:308 - Updater called before beeing initialized
2024-01-10 11:48:08,481 [FATAL] Updater:308 - Updater called before beeing initialized
2024-01-10 11:48:08,481 [FATAL] Updater:308 - Updater called before beeing initialized
2024-01-10 11:48:08,482 [WARN] DetailPanel:346 - Failed to get advertising image, set to default
2024-01-10 11:48:08,482 [FATAL] Updater:308 - Updater called before beeing initialized
2024-01-10 11:48:08,568 [ERROR] Updater:1120 - MainUpdater not yet initialized. External WinMGr cannot be set.
2024-01-10 11:48:08,572 [INFO] Updater:1056 - Updater Version found : 6.10.0
2024-01-10 11:48:08,607 [INFO] ApplicationProperties:184 - Using Application install path: C:\ST\STM32CubeIDE_1.14.0\STM32CubeIDE\plugins\com.st.stm32cube.common.mx_6.10.0.202311202037
2024-01-10 11:48:09,745 [INFO] ThirdPartyUpdaterWithRetryManager:70 - Updater plugin not ready yet. [2/15]
2024-01-10 11:48:10,191 [ERROR] LogOutputStream:75 - [STDERR_REDIRECT] Jan 10, 2024 11:48:10 AM java.util.prefs.WindowsPreferences <init>
2024-01-10 11:48:10,194 [ERROR] LogOutputStream:75 - [STDERR_REDIRECT] WARNING: Could not open/create prefs root node Software\JavaSoft\Prefs at root 0xffffffff80000002. Windows RegCreateKeyEx(...) returned error code 5.
2024-01-10 11:48:10,196 [ERROR] LogOutputStream:75 - [STDERR_REDIRECT] 
2024-01-10 11:48:10,892 [INFO] MainUpdater:2873 - connection check result : 10
2024-01-10 11:48:10,895 [INFO] MainUpdater:290 - Updater Check For Update Now.
2024-01-10 11:48:10,896 [INFO] MicroXplorer:498 - Change Database Version : DB.6.0.100
2024-01-10 11:48:10,921 [INFO] McuFinderGlobals:63 - Set McuFinder mode to 2 (CubeIDE integrated)
2024-01-10 11:48:10,922 [INFO] UserAuth:180 - activating auth plugin
2024-01-10 11:48:10,927 [INFO] UserAuth:404 - Internet connection configuration mode: 1
2024-01-10 11:48:10,988 [INFO] JxBrowserEngine:152 - Initiate JxBrowser Engine with user profile folder
2024-01-10 11:48:11,167 [INFO] CheckServerUpdateThread:120 - End of CheckServer Thread
2024-01-10 11:48:11,928 [INFO] WebApp:161 - Instantiating new browser for Auth
2024-01-10 11:48:12,703 [INFO] WebApp:780 - Register for checkConnection events
2024-01-10 11:48:12,703 [INFO] WebApp:414 - Apply proxy settings
2024-01-10 11:48:12,703 [INFO] WebApp:499 - Chromium requires no authentication
2024-01-10 11:48:12,714 [INFO] WebApp:442 - Direct internet connection detected
2024-01-10 11:48:13,033 [WARN] PackLoader:240 - Cannot read IP mode file for STMicroelectronics.X-CUBE-SMBUS.2.1.0
2024-01-10 11:48:13,050 [WARN] PackLoader:240 - Cannot read IP mode file for STMicroelectronics.X-CUBE-TOUCHGFX.4.23.0
2024-01-10 11:48:13,101 [INFO] WebApp:192 - Starting web application
2024-01-10 11:48:13,101 [INFO] WebApp:544 - Web application path used C:\ST\STM32CubeIDE_1.14.0\STM32CubeIDE\plugins\com.st.stm32cube.common.mx_6.10.0.202311202037\db\plugins\mcufinder\reactClient1\index.html
2024-01-10 11:48:13,126 [WARN] PackLoader:240 - Cannot read IP mode file for STMicroelectronics.X-CUBE-AZRTOS-F7.1.1.0
2024-01-10 11:48:13,155 [WARN] PackLoader:240 - Cannot read IP mode file for STMicroelectronics.FP-SNS-MOTENV1.4.3.2
2024-01-10 11:48:13,168 [WARN] PackLoader:240 - Cannot read IP mode file for STMicroelectronics.FP-SNS-FLIGHT1.5.0.2
2024-01-10 11:48:13,188 [WARN] PackLoader:240 - Cannot read IP mode file for STMicroelectronics.X-CUBE-DISPLAY.3.0.0
2024-01-10 11:48:13,218 [WARN] PackLoader:240 - Cannot read IP mode file for STMicroelectronics.X-CUBE-BLE1.7.0.0
2024-01-10 11:48:13,230 [WARN] PackLoader:240 - Cannot read IP mode file for emotas.I-CUBE-CANOPEN.1.3.0
2024-01-10 11:48:13,242 [WARN] PackLoader:240 - Cannot read IP mode file for STMicroelectronics.FP-SNS-SMARTAG2.1.2.0
2024-01-10 11:48:13,263 [INFO] LogOutputStream:77 - [STDOUT_REDIRECT] 1 : Invalid condition id : UX_CORESTACK_Condition cause : null
2024-01-10 11:48:13,264 [INFO] LogOutputStream:77 - [STDOUT_REDIRECT] 1 : Invalid condition id : UX_CORESTACK_Condition cause : null
2024-01-10 11:48:13,267 [INFO] LogOutputStream:77 - [STDOUT_REDIRECT] 1 : Invalid condition id : UX_CORESTACK_Condition cause : null
2024-01-10 11:48:13,270 [INFO] LogOutputStream:77 - [STDOUT_REDIRECT] 1 : Invalid condition id : UX_CORESTACK_Condition cause : null
2024-01-10 11:48:13,272 [INFO] LogOutputStream:77 - [STDOUT_REDIRECT] 1 : Invalid condition id : UX_CORESTACK_Condition cause : null
2024-01-10 11:48:13,280 [WARN] PackLoader:240 - Cannot read IP mode file for STMicroelectronics.X-CUBE-AZRTOS-WL.2.0.0
2024-01-10 11:48:13,307 [WARN] PackLoader:240 - Cannot read IP mode file for WES.I-CUBE-Cesium.1.3.0
2024-01-10 11:48:13,319 [WARN] PackLoader:240 - Cannot read IP mode file for STMicroelectronics.X-CUBE-BLE2.3.3.0
2024-01-10 11:48:13,344 [WARN] PackLoader:240 - Cannot read IP mode file for STMicroelectronics.X-CUBE-ALGOBUILD.1.3.0
2024-01-10 11:48:13,399 [WARN] PackLoader:240 - Cannot read IP mode file for STMicroelectronics.X-CUBE-AZRTOS-G0.1.1.0
2024-01-10 11:48:13,422 [WARN] PackLoader:240 - Cannot read IP mode file for STMicroelectronics.X-CUBE-NFC4.3.0.0
2024-01-10 11:48:13,452 [WARN] PackLoader:240 - Cannot read IP mode file for STMicroelectronics.X-CUBE-BLEMGR.3.0.0
2024-01-10 11:48:13,468 [WARN] PackLoader:240 - Cannot read IP mode file for STMicroelectronics.FP-ATR-SIGFOX1.3.2.0
2024-01-10 11:48:13,556 [WARN] PackLoader:240 - Cannot read IP mode file for SEGGER.I-CUBE-embOS.1.3.1
2024-01-10 11:48:13,637 [WARN] PackLoader:240 - Cannot read IP mode file for STMicroelectronics.X-CUBE-GNSS1.6.0.0
2024-01-10 11:48:13,670 [WARN] PackLoader:240 - Cannot read IP mode file for STMicroelectronics.X-CUBE-AZRTOS-F4.1.1.0
2024-01-10 11:48:13,683 [WARN] PackLoader:240 - Cannot read IP mode file for wolfSSL.I-CUBE-wolfSSL.5.6.6
2024-01-10 11:48:13,710 [WARN] PackLoader:240 - Cannot read IP mode file for STMicroelectronics.X-CUBE-AZRTOS-L5.2.0.0
2024-01-10 11:48:13,725 [WARN] PackLoader:240 - Cannot read IP mode file for STMicroelectronics.X-CUBE-EEPRMA1.4.2.0
2024-01-10 11:48:13,738 [WARN] PackLoader:240 - Cannot read IP mode file for ITTIA_DB.I-CUBE-ITTIADB.8.8.0
2024-01-10 11:48:13,749 [WARN] PackLoader:240 - Cannot read IP mode file for STMicroelectronics.X-CUBE-NFC7.1.0.1
2024-01-10 11:48:13,768 [WARN] PackLoader:240 - Cannot read IP mode file for STMicroelectronics.X-CUBE-NFC6.3.0.0
2024-01-10 11:48:13,780 [WARN] PackLoader:240 - Cannot read IP mode file for STMicroelectronics.X-CUBE-AI.8.1.0
2024-01-10 11:48:13,810 [WARN] ConditionMgr:438 - getConditionDescription Invalid condition id : LAN8742 Phy interface Condition cause : null
2024-01-10 11:48:13,811 [WARN] PackLoader:240 - Cannot read IP mode file for STMicroelectronics.X-CUBE-AZRTOS-L4.2.0.0
2024-01-10 11:48:13,813 [WARN] ConditionMgr:1039 - genDependencies : Invalid condition id : LAN8742 Phy interface Condition cause : null
2024-01-10 11:48:13,813 [WARN] ConditionMgr:1039 - genDependencies : Invalid condition id : LAN8742 Phy interface Condition cause : null
2024-01-10 11:48:13,815 [WARN] ConditionMgr:1039 - genDependencies : Invalid condition id : LAN8742 Phy interface Condition cause : null
2024-01-10 11:48:13,829 [WARN] PackLoader:240 - Cannot read IP mode file for STMicroelectronics.X-CUBE-SFXS2LP1.4.0.0
2024-01-10 11:48:13,852 [WARN] ConditionMgr:438 - getConditionDescription Invalid condition id : UX DEVICE CLASS RTOS Condition cause : null
2024-01-10 11:48:13,853 [WARN] ConditionMgr:438 - getConditionDescription Invalid condition id : UX DEVICE CLASS RTOS Condition cause : null
2024-01-10 11:48:13,857 [WARN] PackLoader:240 - Cannot read IP mode file for STMicroelectronics.X-CUBE-AZRTOS-WB.2.0.0
2024-01-10 11:48:13,858 [WARN] ConditionMgr:1039 - genDependencies : Invalid condition id : UX DEVICE CLASS RTOS Condition cause : null
2024-01-10 11:48:13,859 [WARN] ConditionMgr:1039 - genDependencies : Invalid condition id : UX DEVICE CLASS RTOS Condition cause : null
2024-01-10 11:48:13,861 [WARN] ConditionMgr:1039 - genDependencies : Invalid condition id : UX DEVICE CLASS RTOS Condition cause : null
2024-01-10 11:48:13,862 [WARN] ConditionMgr:1039 - genDependencies : Invalid condition id : UX DEVICE CLASS RTOS Condition cause : null
2024-01-10 11:48:13,862 [WARN] ConditionMgr:1039 - genDependencies : Invalid condition id : UX DEVICE CLASS RTOS Condition cause : null
2024-01-10 11:48:13,878 [WARN] PackLoader:240 - Cannot read IP mode file for STMicroelectronics.X-CUBE-SUBG2.5.0.0
2024-01-10 11:48:13,905 [WARN] PackLoader:240 - Cannot read IP mode file for STMicroelectronics.X-CUBE-AZRTOS-G4.2.0.0
2024-01-10 11:48:13,924 [WARN] PackLoader:240 - Cannot read IP mode file for Infineon.AIROC-Wi-Fi-Bluetooth-STM32.1.5.1
2024-01-10 11:48:13,937 [WARN] PackLoader:240 - Cannot read IP mode file for STMicroelectronics.FP-SNS-MOTENVWB1.1.3.1
2024-01-10 11:48:13,942 [WARN] PackLoader:240 - Cannot read IP mode file for STMicroelectronics.X-CUBE-ISPU.2.0.0
2024-01-10 11:48:14,018 [WARN] PackLoader:240 - Cannot read IP mode file for STMicroelectronics.X-CUBE-MEMS1.10.0.0
2024-01-10 11:48:14,200 [WARN] PackLoader:240 - Cannot read IP mode file for STMicroelectronics.X-CUBE-FREERTOS.1.1.0
2024-01-10 11:48:14,207 [WARN] PackLoader:240 - Cannot read IP mode file for portGmbH.I-Cube-SoM-uGOAL.1.1.0
2024-01-10 11:48:14,216 [WARN] PackLoader:240 - Cannot read IP mode file for STMicroelectronics.X-CUBE-ALS.1.0.1
2024-01-10 11:48:14,221 [WARN] PackLoader:240 - Cannot read IP mode file for STMicroelectronics.FP-ATR-ASTRA1.2.0.0
2024-01-10 11:48:14,235 [WARN] PackLoader:240 - Cannot read IP mode file for STMicroelectronics.X-CUBE-TOF1.3.4.0
2024-01-10 11:48:14,278 [WARN] PackLoader:240 - Cannot read IP mode file for STMicroelectronics.X-CUBE-AZRTOS-H7.3.2.0
2024-01-10 11:48:14,284 [INFO] ThirdParty:978 - Integrity check success = true
2024-01-10 11:48:14,285 [INFO] IntegrityCheckThread:100 - exiting critical section [integrity check]
2024-01-10 11:48:14,285 [INFO] IntegrityCheckThread:103 - End integrity checks thread
2024-01-10 11:48:34,673 [ERROR] LogOutputStream:75 - [STDERR_REDIRECT] SLF4J: Failed to load class "org.slf4j.impl.StaticLoggerBinder".
2024-01-10 11:48:34,675 [ERROR] LogOutputStream:75 - [STDERR_REDIRECT] SLF4J: Defaulting to no-operation (NOP) logger implementation
2024-01-10 11:48:34,678 [ERROR] LogOutputStream:75 - [STDERR_REDIRECT] SLF4J: See http://www.slf4j.org/codes.html#StaticLoggerBinder for further details.
2024-01-10 11:49:42,132 [INFO] McuFinderGlobals:63 - Set McuFinder mode to 2 (CubeIDE integrated)
2024-01-10 11:49:42,136 [INFO] MainUpdater:2873 - connection check result : 10
2024-01-10 11:49:42,139 [INFO] McuFinderGlobals:76 - Set McuFinderConnectedMode to true
2024-01-10 11:49:42,791 [INFO] ServerAccessManage:473 - Download File mcusAds.json._tmp_
2024-01-10 11:49:42,915 [INFO] LoadUrlFilesThread:156 - End of LoadUrlFiles Thread
2024-01-10 11:49:43,383 [INFO] ServerAccessManage:473 - Download File cube-finder-db.zip
2024-01-10 11:49:57,410 [INFO] FileExtend:240 - Unzip File : cube-finder-db.zip
2024-01-10 11:49:57,410 [INFO] FileExtend:255 - Standard Zip Deflate
2024-01-10 11:49:58,629 [INFO] LoadUrlFilesThread:156 - End of LoadUrlFiles Thread
2024-01-10 11:49:59,147 [INFO] ServerAccessManage:473 - Download File crdb.zip
2024-01-10 11:50:01,987 [INFO] FileExtend:240 - Unzip File : crdb.zip
2024-01-10 11:50:01,987 [INFO] FileExtend:255 - Standard Zip Deflate
2024-01-10 11:50:02,142 [INFO] LoadUrlFilesThread:156 - End of LoadUrlFiles Thread
2024-01-10 11:50:02,328 [INFO] ServerAccessManage:473 - Download File tutoVideoDB.zip
2024-01-10 11:50:02,395 [INFO] FileExtend:240 - Unzip File : tutoVideoDB.zip
2024-01-10 11:50:02,396 [INFO] FileExtend:255 - Standard Zip Deflate
2024-01-10 11:50:02,522 [INFO] LoadUrlFilesThread:156 - End of LoadUrlFiles Thread
2024-01-10 11:50:02,524 [WARN] DbFile:41 - Overriding database path with different value: C:\Users\pyrga\.stmcufinder\plugins\mcufinder/ => C:\Users\pyrga\.stmcufinder\plugins\mcufinder
2024-01-10 11:50:02,720 [INFO] ServerAccessManage:473 - Download File api_config.json
2024-01-10 11:50:02,829 [INFO] LoadUrlFilesThread:156 - End of LoadUrlFiles Thread
2024-01-10 11:50:02,829 [INFO] DbMcusAds:53 - JSON generation date=Wed Nov 29 12:52:27 EET 2023 (1701255147349)
2024-01-10 11:50:03,229 [INFO] ServerAccessManage:473 - Download File 
2024-01-10 11:50:03,346 [INFO] LoadUrlFilesThread:185 - End of LoadServerUrlFiles without Thread
2024-01-10 11:50:03,346 [INFO] TargetSelectorAdapter:259 - Refresh data is successful
2024-01-10 11:50:03,516 [INFO] ApiDb:581 - Connected to CubeFinder SQLite database (C:\Users\pyrga\.stmcufinder\plugins\mcufinder\mcu\cube-finder-db.db)
2024-01-10 11:50:03,607 [INFO] ApiDb:668 - CubeFinder database Data Model version=2.1
2024-01-10 11:50:03,607 [INFO] ApiDb:669 - CubeFinder database Configuration version=3.0.39
2024-01-10 11:50:03,608 [INFO] ApiDb:670 - CubeFinder database generation date=2023-12-08 (1702028721)
2024-01-10 11:50:03,608 [INFO] ApiDb:671 - CubeFinder database FW Pack versions=[FP-ATR-ASTRA1_V2.0.0, FP-SNS-FLIGHT1_V5.0.1, FP-SNS-FLIGHT1_V5.0.2, FP-SNS-MOTENV1_V4.3.1, FP-SNS-MOTENV1_V4.3.2, FP-SNS-MOTENVWB1_V1.3.1, FP-SNS-SMARTAG2_V1.2.0, STM32Cube_FW_C0_V1.1.0, STM32Cube_FW_F4_V1.28.0, STM32Cube_FW_F7_V1.17.0, STM32Cube_FW_G0_V1.6.1, STM32Cube_FW_G4_V1.5.1, STM32Cube_FW_H5_V0.5.1, STM32Cube_FW_H5_V1.1.1, STM32Cube_FW_H5_V1.2.0RC2, STM32Cube_FW_H7_V1.11.0, STM32Cube_FW_L0_V1.12.2, STM32Cube_FW_L5_V1.5.0, STM32Cube_FW_U5_V1.3.0RC4, STM32Cube_FW_U5_V1.4.0, STM32Cube_FW_WBA_V1.0.0RC1, STM32Cube_FW_WBA_V1.1.0RC1, STM32Cube_FW_WBA_V1.2.0, STM32Cube_FW_WBA_V1.2.0RC2, STM32Cube_FW_WB_V1.15.0RC1, STM32Cube_FW_WB_V1.16.0, STM32Cube_FW_WB_V1.16.0RC2, STM32Cube_FW_WB_V1.18.0, STM32Cube_FW_WL_V1.3.0, X-CUBE-ALGOBUILD_V1.3.0, X-CUBE-ALS_V1.0.1, X-CUBE-AZRTOS-F4_V1.1.0, X-CUBE-AZRTOS-F7_V1.1.0, X-CUBE-AZRTOS-G0_V1.1.0, X-CUBE-AZRTOS-G4_V2.0.0, X-CUBE-AZRTOS-H7_V3.1.0, X-CUBE-AZRTOS-L4_V1.0.0, X-CUBE-AZRTOS-L4_V2.0.0, X-CUBE-AZRTOS-L5_V1.1.0, X-CUBE-AZRTOS-WB_V2.0.0, X-CUBE-AZRTOS-WL_V2.0.0, X-CUBE-BLE1_V7.0.0, X-CUBE-BLE2_V3.3.0, X-CUBE-BLEMGR_V3.0.0, X-CUBE-EEPRMA1_V4.1.0, X-CUBE-EEPRMA1_V4.2.0, X-CUBE-FREERTOS_V1.1.0, X-CUBE-GNSS1_V6.0.0, X-CUBE-MEMS1_V10.0.0, X-CUBE-MEMS1_V9.1.0, X-CUBE-MEMS1_V9.4.0, X-CUBE-MEMS1_V9.6.0, X-CUBE-NFC4_V3.0.0, X-CUBE-NFC7_V1.0.1, X-CUBE-SFXS2LP1_V4.0.0, X-CUBE-SUBG2_V5.0.0, X-CUBE-TOF1_V3.4.0]
2024-01-10 11:50:06,703 [INFO] ApiDb:240 - Found 371 in-development CPN: [B-G473E-ZEST1S, B-WB1M-WPAN1, B-WL5M-SUBG1, NUCLEO-C031C6, NUCLEO-H503RB, NUCLEO-H563ZI, NUCLEO-U545RE-Q, NUCLEO-U5A5ZJ-Q, NUCLEO-WBA52CG, NUCLEO-WBA55CG, STEVAL-MKBOXPRO, STEVAL-PROTEUS1, STEVAL-STWINBX1, STM320518-EVAL, STM32C0116-DK, STM32C011D6Y3TR, STM32C011D6Y6TR, STM32C011F4P3, STM32C011F4P6, STM32C011F4U3, STM32C011F4U6TR, STM32C011F6P3, STM32C011F6P6, STM32C011F6U3, STM32C011F6U6TR, STM32C011J4M3, STM32C011J4M6, STM32C011J6M3, STM32C011J6M6, STM32C0316-DK, STM32C031C4T3, STM32C031C4T6, STM32C031C4U3, STM32C031C4U6, STM32C031C6T3, STM32C031C6T6, STM32C031C6U3, STM32C031C6U6, STM32C031F4P3, STM32C031F4P6, STM32C031F6P3, STM32C031F6P6, STM32C031G4U3, STM32C031G4U6, STM32C031G6U3, STM32C031G6U6, STM32C031K4T3, STM32C031K4T6, STM32C031K4U3, STM32C031K4U6, STM32C031K6T3, STM32C031K6T6, STM32C031K6U3, STM32C031K6U6, STM32G071K8TXN, STM32G071K8UXN, STM32G081GBU6N, STM32G081KBT6N, STM32G081KBUXN, STM32G0B1CCT6N, STM32G0B1KCT6, STM32G0B1NEY6TR, STM32G0B1RCT6N, STM32G0C1CCT6, STM32G0C1CCT6N, STM32G0C1CCU6N, STM32G0C1CET6N, STM32G0C1CEU6N, STM32G0C1KCT6, STM32G0C1NEY6TR, STM32G0C1RCI6N, STM32G0C1RCT6N, STM32G0C1REI6N, STM32G0C1RET6N, STM32G0C1VCI6, STM32G0C1VEI6, STM32G471CCT6, STM32G471CCU6, STM32G471CET3, STM32G471CET6, STM32G471CEU3, STM32G471CEU6, STM32G471MCT6, STM32G471MET3, STM32G471MET6, STM32G471MEY6TR, STM32G471QCT6, STM32G471QET3, STM32G471RCT6, STM32G471RET3, STM32G471RET6, STM32G471VCH6, STM32G471VCI6, STM32G471VCT6, STM32G471VEH3, STM32G471VEH6, STM32G471VEI3, STM32G471VEI6, STM32G471VET3, STM32G471VET6, STM32G474CCT6, STM32H503CBT6, STM32H503CBU6, STM32H503EBY6TR, STM32H503KBU6, STM32H503RBT6, STM32H562AGI6, STM32H562AII6, STM32H562IGK6, STM32H562IGT6, STM32H562IIK6, STM32H562IIT6, STM32H562RGT6, STM32H562RGV6, STM32H562RIT6, STM32H562RIV6, STM32H562VGT6, STM32H562VIT6, STM32H562ZGT6, STM32H562ZIT6, STM32H563AGI6, STM32H563AII3Q, STM32H563AII6, STM32H563IGK6, STM32H563IGT6, STM32H563IIK3Q, STM32H563IIK6, STM32H563IIT3Q, STM32H563IIT6, STM32H563MIY3QTR, STM32H563RGT6, STM32H563RGV6, STM32H563RIT6, STM32H563RIV6, STM32H563VGT6, STM32H563VIT3Q, STM32H563VIT6, STM32H563ZGT6, STM32H563ZIT3Q, STM32H563ZIT6, STM32H573AII3Q, STM32H573AII6, STM32H573I-DK, STM32H573IIK3Q, STM32H573IIK6, STM32H573IIT3Q, STM32H573IIT6, STM32H573MIY3QTR, STM32H573RIT6, STM32H573RIV6, STM32H573VIT3Q, STM32H573VIT6, STM32H573ZIT3Q, STM32H573ZIT6, STM32L4R5QGI6STR, STM32MP131AAE3, STM32MP131AAF3, STM32MP131AAG3, STM32MP131CAE3, STM32MP131CAF3, STM32MP131CAG3, STM32MP131DAE7, STM32MP131DAF7, STM32MP131DAG7, STM32MP131FAE7, STM32MP131FAF7, STM32MP131FAG7, STM32MP133AAE3, STM32MP133AAF3, STM32MP133AAG3, STM32MP133CAE3, STM32MP133CAF3, STM32MP133CAG3, STM32MP133DAE7, STM32MP133DAF7, STM32MP133DAG7, STM32MP133FAE7, STM32MP133FAF7, STM32MP133FAG7, STM32MP135AAE3, STM32MP135AAF3, STM32MP135AAG3, STM32MP135CAE3, STM32MP135CAF3, STM32MP135CAG3, STM32MP135DAE7, STM32MP135DAF7, STM32MP135DAG7, STM32MP135F-DK, STM32MP135FAE7, STM32MP135FAF7, STM32MP135FAF7T, STM32MP135FAF7U, STM32MP135FAG7, STM32U535CBT6, STM32U535CBT6Q, STM32U535CBU6, STM32U535CBU6Q, STM32U535CCT6, STM32U535CCT6Q, STM32U535CCU6, STM32U535CCU6Q, STM32U535CET6, STM32U535CET6Q, STM32U535CEU6, STM32U535CEU6Q, STM32U535JEY6QTR, STM32U535NCY6QTR, STM32U535NEY6QTR, STM32U535RBI6, STM32U535RBI6Q, STM32U535RBT6, STM32U535RBT6Q, STM32U535RCI6, STM32U535RCI6Q, STM32U535RCT6, STM32U535RCT6Q, STM32U535REI6, STM32U535REI6Q, STM32U535RET6, STM32U535RET6Q, STM32U535VCI6, STM32U535VCI6Q, STM32U535VCT6, STM32U535VCT6Q, STM32U535VEI6, STM32U535VEI6Q, STM32U535VET6, STM32U535VET6Q, STM32U545CET6, STM32U545CET6Q, STM32U545CEU6, STM32U545CEU6Q, STM32U545JEY6QTR, STM32U545NEY6QTR, STM32U545REI6, STM32U545REI6Q, STM32U545RET6, STM32U545RET6Q, STM32U545VEI6, STM32U545VEI6Q, STM32U545VET6, STM32U545VET6Q, STM32U595AIH6, STM32U595AIH6Q, STM32U595AJH6, STM32U595AJH6Q, STM32U595QII6, STM32U595QII6Q, STM32U595QJI6, STM32U595QJI6Q, STM32U595RIT6, STM32U595RIT6Q, STM32U595RJT6, STM32U595RJT6Q, STM32U595VIT6, STM32U595VIT6Q, STM32U595VJT6, STM32U595VJT6Q, STM32U595ZIT6, STM32U595ZIT6Q, STM32U595ZIY6QTR, STM32U595ZJT6, STM32U595ZJT6Q, STM32U595ZJY6QTR, STM32U599BJY6QTR, STM32U599NIH6Q, STM32U599NJH6Q, STM32U599VIT6Q, STM32U599VJT6, STM32U599VJT6Q, STM32U599ZIT6Q, STM32U599ZIY6QTR, STM32U599ZJT6Q, STM32U599ZJY6QTR, STM32U5A5AJH6, STM32U5A5AJH6Q, STM32U5A5QJI6, STM32U5A5QJI6Q, STM32U5A5RJT6, STM32U5A5RJT6Q, STM32U5A5VJT6, STM32U5A5VJT6Q, STM32U5A5ZJT6, STM32U5A5ZJT6Q, STM32U5A5ZJY6QTR, STM32U5A9BJY6QTR, STM32U5A9J-DK, STM32U5A9NJH6Q, STM32U5A9VJT6Q, STM32U5A9ZJT6Q, STM32U5A9ZJY6QTR, STM32U5F7VIT6, STM32U5F7VIT6Q, STM32U5F7VJT6, STM32U5F7VJT6Q, STM32U5F9BJY6QTR, STM32U5F9NJH6Q, STM32U5F9VIT6Q, STM32U5F9VJT6Q, STM32U5F9ZIJ6QTR, STM32U5F9ZIT6Q, STM32U5F9ZJJ6QTR, STM32U5F9ZJT6Q, STM32U5G7VJT6, STM32U5G7VJT6Q, STM32U5G9BJY6QTR, STM32U5G9J-DK1, STM32U5G9J-DK2, STM32U5G9NJH6Q, STM32U5G9VJT6Q, STM32U5G9ZJJ6QTR, STM32U5G9ZJT6Q, STM32WB1MMCH6, STM32WBA50KEU6, STM32WBA50KEU6TR, STM32WBA50KGU6, STM32WBA50KGU6TR, STM32WBA52CEU6, STM32WBA52CEU6TR, STM32WBA52CEU7, STM32WBA52CEU7TR, STM32WBA52CGU6, STM32WBA52CGU6TR, STM32WBA52CGU6U, STM32WBA52CGU7, STM32WBA52CGU7TR, STM32WBA52KEU6, STM32WBA52KEU6TR, STM32WBA52KGU6, STM32WBA52KGU6TR, STM32WBA54CEU6, STM32WBA54CEU6TR, STM32WBA54CEU7, STM32WBA54CEU7TR, STM32WBA54CGU6, STM32WBA54CGU6TR, STM32WBA54CGU7, STM32WBA54CGU7TR, STM32WBA54KEU6, STM32WBA54KEU6TR, STM32WBA54KEU7, STM32WBA54KEU7TR, STM32WBA54KGU6, STM32WBA54KGU6TR, STM32WBA54KGU7, STM32WBA54KGU7TR, STM32WBA55CEU6, STM32WBA55CEU6TR, STM32WBA55CEU7, STM32WBA55CEU7TR, STM32WBA55CGU6, STM32WBA55CGU6TR, STM32WBA55CGU6U, STM32WBA55CGU7, STM32WBA55CGU7TR, STM32WBA55G-DK1, STM32WBA55HEF6, STM32WBA55HEF7, STM32WBA55HGF6, STM32WBA55HGF7, STM32WBA55UEI6, STM32WBA55UEI6TR, STM32WBA55UEI7, STM32WBA55UEI7TR, STM32WBA55UGI6, STM32WBA55UGI6TR, STM32WBA55UGI7, STM32WBA55UGI7TR, STM32WL5MOCH6, STM32WL5MOCH6TR]
2024-01-10 11:50:06,711 [INFO] DbMcus:218 - Found 3930 MCUs, 3930 are supported
2024-01-10 11:50:06,712 [INFO] ApiDb:414 - User favorites file not found: C:\Users\pyrga/.stm32cubeide/favorites.mcus.txt
2024-01-10 11:50:06,712 [INFO] DbMcus:224 - Set 0 / 0 favorites MCUs
2024-01-10 11:50:07,152 [INFO] ApiDb:668 - CubeFinder database Data Model version=2.1
2024-01-10 11:50:07,152 [INFO] ApiDb:669 - CubeFinder database Configuration version=3.0.39
2024-01-10 11:50:07,152 [INFO] ApiDb:670 - CubeFinder database generation date=2023-12-08 (1702028721)
2024-01-10 11:50:07,152 [INFO] ApiDb:671 - CubeFinder database FW Pack versions=[FP-ATR-ASTRA1_V2.0.0, FP-SNS-FLIGHT1_V5.0.1, FP-SNS-FLIGHT1_V5.0.2, FP-SNS-MOTENV1_V4.3.1, FP-SNS-MOTENV1_V4.3.2, FP-SNS-MOTENVWB1_V1.3.1, FP-SNS-SMARTAG2_V1.2.0, STM32Cube_FW_C0_V1.1.0, STM32Cube_FW_F4_V1.28.0, STM32Cube_FW_F7_V1.17.0, STM32Cube_FW_G0_V1.6.1, STM32Cube_FW_G4_V1.5.1, STM32Cube_FW_H5_V0.5.1, STM32Cube_FW_H5_V1.1.1, STM32Cube_FW_H5_V1.2.0RC2, STM32Cube_FW_H7_V1.11.0, STM32Cube_FW_L0_V1.12.2, STM32Cube_FW_L5_V1.5.0, STM32Cube_FW_U5_V1.3.0RC4, STM32Cube_FW_U5_V1.4.0, STM32Cube_FW_WBA_V1.0.0RC1, STM32Cube_FW_WBA_V1.1.0RC1, STM32Cube_FW_WBA_V1.2.0, STM32Cube_FW_WBA_V1.2.0RC2, STM32Cube_FW_WB_V1.15.0RC1, STM32Cube_FW_WB_V1.16.0, STM32Cube_FW_WB_V1.16.0RC2, STM32Cube_FW_WB_V1.18.0, STM32Cube_FW_WL_V1.3.0, X-CUBE-ALGOBUILD_V1.3.0, X-CUBE-ALS_V1.0.1, X-CUBE-AZRTOS-F4_V1.1.0, X-CUBE-AZRTOS-F7_V1.1.0, X-CUBE-AZRTOS-G0_V1.1.0, X-CUBE-AZRTOS-G4_V2.0.0, X-CUBE-AZRTOS-H7_V3.1.0, X-CUBE-AZRTOS-L4_V1.0.0, X-CUBE-AZRTOS-L4_V2.0.0, X-CUBE-AZRTOS-L5_V1.1.0, X-CUBE-AZRTOS-WB_V2.0.0, X-CUBE-AZRTOS-WL_V2.0.0, X-CUBE-BLE1_V7.0.0, X-CUBE-BLE2_V3.3.0, X-CUBE-BLEMGR_V3.0.0, X-CUBE-EEPRMA1_V4.1.0, X-CUBE-EEPRMA1_V4.2.0, X-CUBE-FREERTOS_V1.1.0, X-CUBE-GNSS1_V6.0.0, X-CUBE-MEMS1_V10.0.0, X-CUBE-MEMS1_V9.1.0, X-CUBE-MEMS1_V9.4.0, X-CUBE-MEMS1_V9.6.0, X-CUBE-NFC4_V3.0.0, X-CUBE-NFC7_V1.0.1, X-CUBE-SFXS2LP1_V4.0.0, X-CUBE-SUBG2_V5.0.0, X-CUBE-TOF1_V3.4.0]
2024-01-10 11:50:07,232 [INFO] DbBoardsSqlite:226 - include board P-NUCLEO-WB55-NUCLEO as a kit item of type 'Nucleo-64'
2024-01-10 11:50:07,232 [INFO] DbBoardsSqlite:226 - include board P-NUCLEO-WB55-USBDONGLE as a kit item of type 'Nucleo USB Dongle'
2024-01-10 11:50:07,232 [INFO] DbBoardsSqlite:226 - include board STEVAL-IDP005V1 as a kit item of type 'Evaluation Board'
2024-01-10 11:50:07,233 [INFO] DbBoardsSqlite:226 - include board STEVAL-IDP005V2 as a kit item of type 'Evaluation Board'
2024-01-10 11:50:07,290 [INFO] ApiDb:240 - Found 371 in-development CPN: [B-G473E-ZEST1S, B-WB1M-WPAN1, B-WL5M-SUBG1, NUCLEO-C031C6, NUCLEO-H503RB, NUCLEO-H563ZI, NUCLEO-U545RE-Q, NUCLEO-U5A5ZJ-Q, NUCLEO-WBA52CG, NUCLEO-WBA55CG, STEVAL-MKBOXPRO, STEVAL-PROTEUS1, STEVAL-STWINBX1, STM320518-EVAL, STM32C0116-DK, STM32C011D6Y3TR, STM32C011D6Y6TR, STM32C011F4P3, STM32C011F4P6, STM32C011F4U3, STM32C011F4U6TR, STM32C011F6P3, STM32C011F6P6, STM32C011F6U3, STM32C011F6U6TR, STM32C011J4M3, STM32C011J4M6, STM32C011J6M3, STM32C011J6M6, STM32C0316-DK, STM32C031C4T3, STM32C031C4T6, STM32C031C4U3, STM32C031C4U6, STM32C031C6T3, STM32C031C6T6, STM32C031C6U3, STM32C031C6U6, STM32C031F4P3, STM32C031F4P6, STM32C031F6P3, STM32C031F6P6, STM32C031G4U3, STM32C031G4U6, STM32C031G6U3, STM32C031G6U6, STM32C031K4T3, STM32C031K4T6, STM32C031K4U3, STM32C031K4U6, STM32C031K6T3, STM32C031K6T6, STM32C031K6U3, STM32C031K6U6, STM32G071K8TXN, STM32G071K8UXN, STM32G081GBU6N, STM32G081KBT6N, STM32G081KBUXN, STM32G0B1CCT6N, STM32G0B1KCT6, STM32G0B1NEY6TR, STM32G0B1RCT6N, STM32G0C1CCT6, STM32G0C1CCT6N, STM32G0C1CCU6N, STM32G0C1CET6N, STM32G0C1CEU6N, STM32G0C1KCT6, STM32G0C1NEY6TR, STM32G0C1RCI6N, STM32G0C1RCT6N, STM32G0C1REI6N, STM32G0C1RET6N, STM32G0C1VCI6, STM32G0C1VEI6, STM32G471CCT6, STM32G471CCU6, STM32G471CET3, STM32G471CET6, STM32G471CEU3, STM32G471CEU6, STM32G471MCT6, STM32G471MET3, STM32G471MET6, STM32G471MEY6TR, STM32G471QCT6, STM32G471QET3, STM32G471RCT6, STM32G471RET3, STM32G471RET6, STM32G471VCH6, STM32G471VCI6, STM32G471VCT6, STM32G471VEH3, STM32G471VEH6, STM32G471VEI3, STM32G471VEI6, STM32G471VET3, STM32G471VET6, STM32G474CCT6, STM32H503CBT6, STM32H503CBU6, STM32H503EBY6TR, STM32H503KBU6, STM32H503RBT6, STM32H562AGI6, STM32H562AII6, STM32H562IGK6, STM32H562IGT6, STM32H562IIK6, STM32H562IIT6, STM32H562RGT6, STM32H562RGV6, STM32H562RIT6, STM32H562RIV6, STM32H562VGT6, STM32H562VIT6, STM32H562ZGT6, STM32H562ZIT6, STM32H563AGI6, STM32H563AII3Q, STM32H563AII6, STM32H563IGK6, STM32H563IGT6, STM32H563IIK3Q, STM32H563IIK6, STM32H563IIT3Q, STM32H563IIT6, STM32H563MIY3QTR, STM32H563RGT6, STM32H563RGV6, STM32H563RIT6, STM32H563RIV6, STM32H563VGT6, STM32H563VIT3Q, STM32H563VIT6, STM32H563ZGT6, STM32H563ZIT3Q, STM32H563ZIT6, STM32H573AII3Q, STM32H573AII6, STM32H573I-DK, STM32H573IIK3Q, STM32H573IIK6, STM32H573IIT3Q, STM32H573IIT6, STM32H573MIY3QTR, STM32H573RIT6, STM32H573RIV6, STM32H573VIT3Q, STM32H573VIT6, STM32H573ZIT3Q, STM32H573ZIT6, STM32L4R5QGI6STR, STM32MP131AAE3, STM32MP131AAF3, STM32MP131AAG3, STM32MP131CAE3, STM32MP131CAF3, STM32MP131CAG3, STM32MP131DAE7, STM32MP131DAF7, STM32MP131DAG7, STM32MP131FAE7, STM32MP131FAF7, STM32MP131FAG7, STM32MP133AAE3, STM32MP133AAF3, STM32MP133AAG3, STM32MP133CAE3, STM32MP133CAF3, STM32MP133CAG3, STM32MP133DAE7, STM32MP133DAF7, STM32MP133DAG7, STM32MP133FAE7, STM32MP133FAF7, STM32MP133FAG7, STM32MP135AAE3, STM32MP135AAF3, STM32MP135AAG3, STM32MP135CAE3, STM32MP135CAF3, STM32MP135CAG3, STM32MP135DAE7, STM32MP135DAF7, STM32MP135DAG7, STM32MP135F-DK, STM32MP135FAE7, STM32MP135FAF7, STM32MP135FAF7T, STM32MP135FAF7U, STM32MP135FAG7, STM32U535CBT6, STM32U535CBT6Q, STM32U535CBU6, STM32U535CBU6Q, STM32U535CCT6, STM32U535CCT6Q, STM32U535CCU6, STM32U535CCU6Q, STM32U535CET6, STM32U535CET6Q, STM32U535CEU6, STM32U535CEU6Q, STM32U535JEY6QTR, STM32U535NCY6QTR, STM32U535NEY6QTR, STM32U535RBI6, STM32U535RBI6Q, STM32U535RBT6, STM32U535RBT6Q, STM32U535RCI6, STM32U535RCI6Q, STM32U535RCT6, STM32U535RCT6Q, STM32U535REI6, STM32U535REI6Q, STM32U535RET6, STM32U535RET6Q, STM32U535VCI6, STM32U535VCI6Q, STM32U535VCT6, STM32U535VCT6Q, STM32U535VEI6, STM32U535VEI6Q, STM32U535VET6, STM32U535VET6Q, STM32U545CET6, STM32U545CET6Q, STM32U545CEU6, STM32U545CEU6Q, STM32U545JEY6QTR, STM32U545NEY6QTR, STM32U545REI6, STM32U545REI6Q, STM32U545RET6, STM32U545RET6Q, STM32U545VEI6, STM32U545VEI6Q, STM32U545VET6, STM32U545VET6Q, STM32U595AIH6, STM32U595AIH6Q, STM32U595AJH6, STM32U595AJH6Q, STM32U595QII6, STM32U595QII6Q, STM32U595QJI6, STM32U595QJI6Q, STM32U595RIT6, STM32U595RIT6Q, STM32U595RJT6, STM32U595RJT6Q, STM32U595VIT6, STM32U595VIT6Q, STM32U595VJT6, STM32U595VJT6Q, STM32U595ZIT6, STM32U595ZIT6Q, STM32U595ZIY6QTR, STM32U595ZJT6, STM32U595ZJT6Q, STM32U595ZJY6QTR, STM32U599BJY6QTR, STM32U599NIH6Q, STM32U599NJH6Q, STM32U599VIT6Q, STM32U599VJT6, STM32U599VJT6Q, STM32U599ZIT6Q, STM32U599ZIY6QTR, STM32U599ZJT6Q, STM32U599ZJY6QTR, STM32U5A5AJH6, STM32U5A5AJH6Q, STM32U5A5QJI6, STM32U5A5QJI6Q, STM32U5A5RJT6, STM32U5A5RJT6Q, STM32U5A5VJT6, STM32U5A5VJT6Q, STM32U5A5ZJT6, STM32U5A5ZJT6Q, STM32U5A5ZJY6QTR, STM32U5A9BJY6QTR, STM32U5A9J-DK, STM32U5A9NJH6Q, STM32U5A9VJT6Q, STM32U5A9ZJT6Q, STM32U5A9ZJY6QTR, STM32U5F7VIT6, STM32U5F7VIT6Q, STM32U5F7VJT6, STM32U5F7VJT6Q, STM32U5F9BJY6QTR, STM32U5F9NJH6Q, STM32U5F9VIT6Q, STM32U5F9VJT6Q, STM32U5F9ZIJ6QTR, STM32U5F9ZIT6Q, STM32U5F9ZJJ6QTR, STM32U5F9ZJT6Q, STM32U5G7VJT6, STM32U5G7VJT6Q, STM32U5G9BJY6QTR, STM32U5G9J-DK1, STM32U5G9J-DK2, STM32U5G9NJH6Q, STM32U5G9VJT6Q, STM32U5G9ZJJ6QTR, STM32U5G9ZJT6Q, STM32WB1MMCH6, STM32WBA50KEU6, STM32WBA50KEU6TR, STM32WBA50KGU6, STM32WBA50KGU6TR, STM32WBA52CEU6, STM32WBA52CEU6TR, STM32WBA52CEU7, STM32WBA52CEU7TR, STM32WBA52CGU6, STM32WBA52CGU6TR, STM32WBA52CGU6U, STM32WBA52CGU7, STM32WBA52CGU7TR, STM32WBA52KEU6, STM32WBA52KEU6TR, STM32WBA52KGU6, STM32WBA52KGU6TR, STM32WBA54CEU6, STM32WBA54CEU6TR, STM32WBA54CEU7, STM32WBA54CEU7TR, STM32WBA54CGU6, STM32WBA54CGU6TR, STM32WBA54CGU7, STM32WBA54CGU7TR, STM32WBA54KEU6, STM32WBA54KEU6TR, STM32WBA54KEU7, STM32WBA54KEU7TR, STM32WBA54KGU6, STM32WBA54KGU6TR, STM32WBA54KGU7, STM32WBA54KGU7TR, STM32WBA55CEU6, STM32WBA55CEU6TR, STM32WBA55CEU7, STM32WBA55CEU7TR, STM32WBA55CGU6, STM32WBA55CGU6TR, STM32WBA55CGU6U, STM32WBA55CGU7, STM32WBA55CGU7TR, STM32WBA55G-DK1, STM32WBA55HEF6, STM32WBA55HEF7, STM32WBA55HGF6, STM32WBA55HGF7, STM32WBA55UEI6, STM32WBA55UEI6TR, STM32WBA55UEI7, STM32WBA55UEI7TR, STM32WBA55UGI6, STM32WBA55UGI6TR, STM32WBA55UGI7, STM32WBA55UGI7TR, STM32WL5MOCH6, STM32WL5MOCH6TR]
2024-01-10 11:50:07,470 [INFO] BoardInfo:889 - No configuration file found for board P-NUCLEO-WB55
2024-01-10 11:50:07,470 [INFO] DbBoards:161 - Kit is not supported: P-NUCLEO-WB55
2024-01-10 11:50:07,476 [INFO] BoardInfo:889 - No configuration file found for board STEVAL-BFA001V1B
2024-01-10 11:50:07,477 [INFO] DbBoards:161 - Kit is not supported: STEVAL-BFA001V1B
2024-01-10 11:50:07,478 [INFO] BoardInfo:889 - No configuration file found for board STEVAL-BFA001V2B
2024-01-10 11:50:07,478 [INFO] DbBoards:161 - Kit is not supported: STEVAL-BFA001V2B
2024-01-10 11:50:07,621 [INFO] DbBoards:168 - Found 193 boards, 190 are supported
2024-01-10 11:50:07,622 [INFO] DbBoards:169 - Found 193 boards, 3 of them is supported for  Bsp
2024-01-10 11:50:07,625 [INFO] ApiDb:414 - User favorites file not found: C:\Users\pyrga/.stm32cubeide/favorites.boards.txt
2024-01-10 11:50:07,625 [INFO] DbBoards:198 - Set 0 / 0 favorites Boards
2024-01-10 11:50:07,628 [INFO] ApiDb:668 - CubeFinder database Data Model version=2.1
2024-01-10 11:50:07,628 [INFO] ApiDb:669 - CubeFinder database Configuration version=3.0.39
2024-01-10 11:50:07,628 [INFO] ApiDb:670 - CubeFinder database generation date=2023-12-08 (1702028721)
2024-01-10 11:50:07,628 [INFO] ApiDb:671 - CubeFinder database FW Pack versions=[FP-ATR-ASTRA1_V2.0.0, FP-SNS-FLIGHT1_V5.0.1, FP-SNS-FLIGHT1_V5.0.2, FP-SNS-MOTENV1_V4.3.1, FP-SNS-MOTENV1_V4.3.2, FP-SNS-MOTENVWB1_V1.3.1, FP-SNS-SMARTAG2_V1.2.0, STM32Cube_FW_C0_V1.1.0, STM32Cube_FW_F4_V1.28.0, STM32Cube_FW_F7_V1.17.0, STM32Cube_FW_G0_V1.6.1, STM32Cube_FW_G4_V1.5.1, STM32Cube_FW_H5_V0.5.1, STM32Cube_FW_H5_V1.1.1, STM32Cube_FW_H5_V1.2.0RC2, STM32Cube_FW_H7_V1.11.0, STM32Cube_FW_L0_V1.12.2, STM32Cube_FW_L5_V1.5.0, STM32Cube_FW_U5_V1.3.0RC4, STM32Cube_FW_U5_V1.4.0, STM32Cube_FW_WBA_V1.0.0RC1, STM32Cube_FW_WBA_V1.1.0RC1, STM32Cube_FW_WBA_V1.2.0, STM32Cube_FW_WBA_V1.2.0RC2, STM32Cube_FW_WB_V1.15.0RC1, STM32Cube_FW_WB_V1.16.0, STM32Cube_FW_WB_V1.16.0RC2, STM32Cube_FW_WB_V1.18.0, STM32Cube_FW_WL_V1.3.0, X-CUBE-ALGOBUILD_V1.3.0, X-CUBE-ALS_V1.0.1, X-CUBE-AZRTOS-F4_V1.1.0, X-CUBE-AZRTOS-F7_V1.1.0, X-CUBE-AZRTOS-G0_V1.1.0, X-CUBE-AZRTOS-G4_V2.0.0, X-CUBE-AZRTOS-H7_V3.1.0, X-CUBE-AZRTOS-L4_V1.0.0, X-CUBE-AZRTOS-L4_V2.0.0, X-CUBE-AZRTOS-L5_V1.1.0, X-CUBE-AZRTOS-WB_V2.0.0, X-CUBE-AZRTOS-WL_V2.0.0, X-CUBE-BLE1_V7.0.0, X-CUBE-BLE2_V3.3.0, X-CUBE-BLEMGR_V3.0.0, X-CUBE-EEPRMA1_V4.1.0, X-CUBE-EEPRMA1_V4.2.0, X-CUBE-FREERTOS_V1.1.0, X-CUBE-GNSS1_V6.0.0, X-CUBE-MEMS1_V10.0.0, X-CUBE-MEMS1_V9.1.0, X-CUBE-MEMS1_V9.4.0, X-CUBE-MEMS1_V9.6.0, X-CUBE-NFC4_V3.0.0, X-CUBE-NFC7_V1.0.1, X-CUBE-SFXS2LP1_V4.0.0, X-CUBE-SUBG2_V5.0.0, X-CUBE-TOF1_V3.4.0]
2024-01-10 11:50:08,443 [ERROR] DbExamplesSqlite:437 - Missing JSON key: board_cpn
2024-01-10 11:50:08,443 [ERROR] DbExamplesSqlite:437 - Missing JSON key: board_cpn
2024-01-10 11:50:08,443 [ERROR] DbExamplesSqlite:437 - Missing JSON key: board_cpn
2024-01-10 11:50:08,443 [ERROR] DbExamplesSqlite:437 - Missing JSON key: board_cpn
2024-01-10 11:50:08,484 [INFO] DbExamplesSqlite:395 - Ignored 55 examples not supported by CubeIDE
2024-01-10 11:50:08,485 [INFO] DbExamplesSqlite:396 - Found 7560 examples active
2024-01-10 11:50:08,485 [INFO] DbExamplesSqlite:397 - Found 844 examples obsolete
2024-01-10 11:50:08,485 [INFO] DbExamplesSqlite:398 - Found 0 examples under development
2024-01-10 11:50:08,485 [INFO] DbExamplesSqlite:399 - Found 8 examples not building
2024-01-10 11:50:08,487 [INFO] DbExamples:125 - Found 7513 examples
2024-01-10 11:50:08,502 [INFO] DbExamples:222 - Found 95 boards with related examples
2024-01-10 11:50:08,503 [INFO] DbExamples:235 - Found 80 MCUs with related examples
2024-01-10 11:50:08,526 [INFO] ApiDb:414 - User favorites file not found: C:\Users\pyrga/.stm32cubeide/favorites.examples.txt
2024-01-10 11:50:08,527 [INFO] DbExamples:250 - Set 0 / 0 favorites Examples
2024-01-10 11:50:08,765 [INFO] McuFinderGlobals:76 - Set McuFinderConnectedMode to true
2024-01-10 11:50:08,775 [INFO] MultiScanPanel:200 - Auto-refresh data requested => check proxy status ongoing
2024-01-10 11:50:08,779 [INFO] FinderPluginLoader:95 - Searching for filters in installed packs
2024-01-10 11:50:10,401 [INFO] LoadUrlFilesThread:185 - End of LoadServerUrlFiles without Thread
2024-01-10 11:50:10,427 [INFO] DetailPanel:341 - Set advertising image to C:/Users/pyrga/STM32Cube/Repository/\en.prom-stm32wl3-mcu-finder.jpg
2024-01-10 11:50:18,220 [INFO] MultiScanPanel:200 - Auto-refresh data requested => check proxy status ongoing
2024-01-10 11:50:18,485 [INFO] LoadUrlFilesThread:185 - End of LoadServerUrlFiles without Thread
2024-01-10 11:50:18,485 [INFO] DetailPanel:341 - Set advertising image to C:/Users/pyrga/STM32Cube/Repository/\en.prom-stm32wl3-mcu-finder.jpg
2024-01-10 11:50:18,508 [INFO] DbBoards:642 - Loading board mini-images...
2024-01-10 11:50:20,007 [ERROR] DbBoards:659 - Image file not found for board NUCLEO-WBA55CG: C:\Users\pyrga\.stmcufinder\plugins\mcufinder//mcu//boards_images/NUCLEO-WBA55CG.jpg
2024-01-10 11:50:21,461 [ERROR] DbBoards:659 - Image file not found for board STM32WBA55G-DK1: C:\Users\pyrga\.stmcufinder\plugins\mcufinder//mcu//boards_images/STM32WBA55G-DK1.jpg
2024-01-10 11:50:21,462 [INFO] DbBoards:665 - Loaded 191 board mini-images
2024-01-10 11:54:12,083 [INFO] McuFinderGlobals:76 - Set McuFinderConnectedMode to true
2024-01-10 11:54:12,122 [INFO] ApiDb:448 - Save user favorites file C:\Users\pyrga/.stm32cubeide/favorites.mcus.txt: 0 item(s)
2024-01-10 11:54:12,123 [INFO] ApiDb:452 - User favorites MCUs=[]
2024-01-10 11:54:12,128 [INFO] ApiDb:448 - Save user favorites file C:\Users\pyrga/.stm32cubeide/favorites.boards.txt: 0 item(s)
2024-01-10 11:54:12,129 [INFO] ApiDb:452 - User favorites Boards=[]
2024-01-10 15:26:16,402 [ERROR] ConfigurationRetriever:142 - IOException on connection: Read timed out
2024-01-10 15:26:18,507 [ERROR] ConfigurationRetriever:142 - IOException on connection: Read timed out
2024-01-10 18:03:03,466 [INFO] MainUpdater:2873 - connection check result : 10
2024-01-10 18:03:03,640 [INFO] McuFinderGlobals:76 - Set McuFinderConnectedMode to true
2024-01-10 18:03:03,640 [INFO] MultiScanPanel:200 - Auto-refresh data requested => check proxy status ongoing
2024-01-10 18:03:03,641 [INFO] FinderPluginLoader:95 - Searching for filters in installed packs
2024-01-10 18:03:05,457 [INFO] LoadUrlFilesThread:185 - End of LoadServerUrlFiles without Thread
2024-01-10 18:03:05,458 [INFO] DetailPanel:341 - Set advertising image to C:/Users/pyrga/STM32Cube/Repository/\en.prom-stm32wl3-mcu-finder.jpg
2024-01-10 18:03:18,728 [INFO] ApiDb:581 - Connected to CubeFinder SQLite database (C:\Users\pyrga\.stmcufinder\plugins\mcufinder\mcu\cube-finder-db.db)
2024-01-10 18:04:53,852 [INFO] McuFinderGlobals:76 - Set McuFinderConnectedMode to true
2024-01-10 18:04:53,855 [INFO] ApiDb:448 - Save user favorites file C:\Users\pyrga/.stm32cubeide/favorites.mcus.txt: 0 item(s)
2024-01-10 18:04:53,855 [INFO] ApiDb:452 - User favorites MCUs=[]
