2024-02-23 11:22:32,251 [ERROR] LogOutputStream:75 - [STDERR_REDIRECT] Feb 23, 2024 11:22:32 AM java.util.prefs.WindowsPreferences WindowsRegOpenKey1
2024-02-23 11:22:32,265 [ERROR] LogOutputStream:75 - [STDERR_REDIRECT] WARNING: Trying to recreate Windows registry node Software\JavaSoft\Prefs\com\st\library\analyticscore at root 0xffffffff80000001.
2024-02-23 11:22:32,265 [ERROR] LogOutputStream:75 - [STDERR_REDIRECT] 
2024-02-23 11:22:34,117 [ERROR] LogOutputStream:75 - [STDERR_REDIRECT] 
2024-02-23 11:22:34,118 [ERROR] LogOutputStream:75 - [STDERR_REDIRECT] 
2024-02-23 11:25:49,317 [INFO] Activator:176 - 


2024-02-23 11:25:49,320 [INFO] Activator:177 - !SESSION log4j initialized
2024-02-23 11:25:58,817 [INFO] LogOutputStream:77 - [STDOUT_REDIRECT] 
2024-02-23 11:26:06,850 [INFO] ApplicationProperties:184 - Using Application install path: C:\ST\STM32CubeIDE_1.14.0\STM32CubeIDE\plugins\com.st.stm32cube.common.mx_6.10.0.202311202037
2024-02-23 11:26:06,878 [INFO] DbMcusXml:78 - Set database path to: C:\ST\STM32CubeIDE_1.14.0\STM32CubeIDE\plugins\com.st.stm32cube.common.mx_6.10.0.202311202037\\db\/mcu/
2024-02-23 11:26:06,879 [INFO] ApiDb:274 - Set plugin database path to: C:\ST\STM32CubeIDE_1.14.0\STM32CubeIDE\plugins\com.st.stm32cube.common.mx_6.10.0.202311202037\\db\/plugins/boardmanager/
2024-02-23 11:26:06,879 [WARN] ApiDb:259 - Overriding images path with different value:  => C:\ST\STM32CubeIDE_1.14.0\STM32CubeIDE\plugins\com.st.stm32cube.common.mx_6.10.0.202311202037\\db\/plugins/mcufinder/images/
2024-02-23 11:26:06,895 [INFO] ApiDb:250 - Set database path to: C:\Users\pyrga\.stmcufinder\plugins\mcufinder//mcu/
2024-02-23 11:26:06,896 [INFO] DbMcusAds:125 - Set database path to: C:\Users\pyrga\.stmcufinder\plugins\mcufinder//mcu/
2024-02-23 11:26:06,899 [INFO] CrossReferenceDbSqlite:203 - Set database path to: C:\Users\pyrga\.stmcufinder\plugins\mcufinder//mcu/cs/
2024-02-23 11:26:07,050 [INFO] RulesReader:64 - Compatibility file has been processed (297 Rules)
2024-02-23 11:26:07,171 [INFO] DbMcusXml:78 - Set database path to: C:\ST\STM32CubeIDE_1.14.0\STM32CubeIDE\plugins\com.st.stm32cube.common.mx_6.10.0.202311202037\\db\/mcu/
2024-02-23 11:26:07,171 [INFO] ApiDb:274 - Set plugin database path to: C:\ST\STM32CubeIDE_1.14.0\STM32CubeIDE\plugins\com.st.stm32cube.common.mx_6.10.0.202311202037\\db\/plugins/boardmanager/
2024-02-23 11:26:07,171 [INFO] ApiDb:261 - Set plugin images path to: C:\ST\STM32CubeIDE_1.14.0\STM32CubeIDE\plugins\com.st.stm32cube.common.mx_6.10.0.202311202037\\db\/plugins/mcufinder/images/
2024-02-23 11:26:07,172 [WARN] DbFile:41 - Overriding database path with different value: C:\Users\pyrga\.stmcufinder\plugins\mcufinder/ => C:\Users\pyrga\.stmcufinder\plugins\mcufinder
2024-02-23 11:26:07,172 [INFO] ApiDb:250 - Set database path to: C:\Users\pyrga\.stmcufinder\plugins\mcufinder//mcu/
2024-02-23 11:26:07,172 [WARN] DbFile:41 - Overriding database path with different value: C:\Users\pyrga\.stmcufinder\plugins\mcufinder/ => C:\Users\pyrga\.stmcufinder\plugins\mcufinder
2024-02-23 11:26:07,172 [INFO] DbMcusAds:125 - Set database path to: C:\Users\pyrga\.stmcufinder\plugins\mcufinder//mcu/
2024-02-23 11:26:07,172 [WARN] DbFile:41 - Overriding database path with different value: C:\Users\pyrga\.stmcufinder\plugins\mcufinder/ => C:\Users\pyrga\.stmcufinder\plugins\mcufinder
2024-02-23 11:26:07,173 [WARN] DbFile:41 - Overriding database path with different value: C:\Users\pyrga\.stmcufinder\plugins\mcufinder/ => C:\Users\pyrga\.stmcufinder\plugins\mcufinder
2024-02-23 11:26:07,173 [INFO] CrossReferenceDbSqlite:203 - Set database path to: C:\Users\pyrga\.stmcufinder\plugins\mcufinder//mcu/cs/
2024-02-23 11:26:07,289 [INFO] MainPanel:264 - HeapMemory: 268435456
2024-02-23 11:26:07,436 [INFO] DbMcusXml:78 - Set database path to: C:\ST\STM32CubeIDE_1.14.0\STM32CubeIDE\plugins\com.st.stm32cube.common.mx_6.10.0.202311202037\\db\/mcu/
2024-02-23 11:26:07,436 [INFO] ApiDb:274 - Set plugin database path to: C:\ST\STM32CubeIDE_1.14.0\STM32CubeIDE\plugins\com.st.stm32cube.common.mx_6.10.0.202311202037\\db\/plugins/boardmanager/
2024-02-23 11:26:07,436 [INFO] ApiDb:261 - Set plugin images path to: C:\ST\STM32CubeIDE_1.14.0\STM32CubeIDE\plugins\com.st.stm32cube.common.mx_6.10.0.202311202037\\db\/plugins/mcufinder/images/
2024-02-23 11:26:07,436 [WARN] DbFile:41 - Overriding database path with different value: C:\Users\pyrga\.stmcufinder\plugins\mcufinder/ => C:\Users\pyrga\.stmcufinder\plugins\mcufinder
2024-02-23 11:26:07,437 [INFO] ApiDb:250 - Set database path to: C:\Users\pyrga\.stmcufinder\plugins\mcufinder//mcu/
2024-02-23 11:26:07,437 [WARN] DbFile:41 - Overriding database path with different value: C:\Users\pyrga\.stmcufinder\plugins\mcufinder/ => C:\Users\pyrga\.stmcufinder\plugins\mcufinder
2024-02-23 11:26:07,437 [INFO] DbMcusAds:125 - Set database path to: C:\Users\pyrga\.stmcufinder\plugins\mcufinder//mcu/
2024-02-23 11:26:07,437 [WARN] DbFile:41 - Overriding database path with different value: C:\Users\pyrga\.stmcufinder\plugins\mcufinder/ => C:\Users\pyrga\.stmcufinder\plugins\mcufinder
2024-02-23 11:26:07,437 [WARN] DbFile:41 - Overriding database path with different value: C:\Users\pyrga\.stmcufinder\plugins\mcufinder/ => C:\Users\pyrga\.stmcufinder\plugins\mcufinder
2024-02-23 11:26:07,437 [INFO] CrossReferenceDbSqlite:203 - Set database path to: C:\Users\pyrga\.stmcufinder\plugins\mcufinder//mcu/cs/
2024-02-23 11:26:07,462 [INFO] ApplicationProperties:184 - Using Application install path: C:\ST\STM32CubeIDE_1.14.0\STM32CubeIDE\plugins\com.st.stm32cube.common.mx_6.10.0.202311202037
2024-02-23 11:26:07,464 [INFO] PluginManage:196 - Search for loadable plugins [exclusion list=, ]
2024-02-23 11:26:07,467 [INFO] PluginManage:310 - Check plugin analytics
2024-02-23 11:26:12,623 [INFO] AnalyticsPlugin:253 - Accepted Software Licenses: 
2024-02-23 11:26:12,624 [INFO] AnalyticsPlugin:255 - Accepted CMSIS Pack Licenses: 
2024-02-23 11:26:12,624 [INFO] AnalyticsPlugin:257 - Accepted Firmware Licenses: 
2024-02-23 11:26:12,629 [INFO] PluginManage:359 - Loaded plugin analytics (category:tool,tabindex:-1)
2024-02-23 11:26:12,630 [INFO] PluginManage:310 - Check plugin cadmodel
2024-02-23 11:26:12,647 [INFO] CADModel:105 - Init CAD model plugin
2024-02-23 11:26:12,647 [INFO] PluginManage:359 - Loaded plugin cadmodel (category:power,tabindex:5)
2024-02-23 11:26:12,647 [INFO] PluginManage:310 - Check plugin clock
2024-02-23 11:26:12,673 [INFO] PluginManage:359 - Loaded plugin clock (category:base,tabindex:2)
2024-02-23 11:26:12,673 [INFO] PluginManage:310 - Check plugin ddr
2024-02-23 11:26:12,676 [INFO] PluginManage:359 - Loaded plugin ddr (category:tool,tabindex:6)
2024-02-23 11:26:12,677 [INFO] PluginManage:310 - Check plugin filemanager
2024-02-23 11:26:12,867 [INFO] PluginManage:359 - Loaded plugin filemanager (category:base,tabindex:10)
2024-02-23 11:26:12,867 [INFO] PluginManage:310 - Check plugin ipmanager
2024-02-23 11:26:12,876 [INFO] PluginManage:359 - Loaded plugin ipmanager (category:base,tabindex:5)
2024-02-23 11:26:12,876 [INFO] PluginManage:310 - Check plugin lpbam
2024-02-23 11:26:12,898 [INFO] PluginManage:359 - Loaded plugin lpbam (category:base,tabindex:0)
2024-02-23 11:26:12,898 [INFO] PluginManage:310 - Check plugin memorymap
2024-02-23 11:26:12,931 [INFO] PluginManage:359 - Loaded plugin memorymap (category:base,tabindex:4)
2024-02-23 11:26:12,931 [INFO] PluginManage:310 - Check plugin pinoutandconfiguration
2024-02-23 11:26:12,951 [INFO] PluginManage:359 - Loaded plugin pinoutandconfiguration (category:base,tabindex:1)
2024-02-23 11:26:12,951 [INFO] PluginManage:310 - Check plugin pinoutconfig
2024-02-23 11:26:13,099 [WARN] SupportedApi:132 - Cannot load RTOS API schema: s4s-elt-must-match.1: The content of 'definitions' must match (annotation?, (simpleType | complexType)?, (unique | key | keyref)*)). A problem was found starting at: attribute.
2024-02-23 11:26:13,300 [INFO] PluginManage:359 - Loaded plugin pinoutconfig (category:base,tabindex:0)
2024-02-23 11:26:13,300 [INFO] PluginManage:310 - Check plugin power
2024-02-23 11:26:13,328 [INFO] PluginManage:359 - Loaded plugin power (category:power,tabindex:4)
2024-02-23 11:26:13,329 [INFO] PluginManage:310 - Check plugin projectmanager
2024-02-23 11:26:13,351 [INFO] PluginManage:359 - Loaded plugin projectmanager (category:projectmanager,tabindex:3)
2024-02-23 11:26:13,351 [INFO] PluginManage:310 - Check plugin thirdparty
2024-02-23 11:26:13,686 [INFO] PluginManage:359 - Loaded plugin thirdparty (category:base,tabindex:-1)
2024-02-23 11:26:13,686 [INFO] PluginManage:310 - Check plugin tools
2024-02-23 11:26:13,686 [WARN] IntegrityCheckThread:84 - waiting for thirdparty lock release [integrity check]
2024-02-23 11:26:13,687 [INFO] IntegrityCheckThread:86 - entering critical section [integrity check]
2024-02-23 11:26:13,687 [INFO] ThirdPartyUpdaterWithRetryManager:70 - Updater plugin not ready yet. [1/15]
2024-02-23 11:26:13,729 [INFO] PluginManage:359 - Loaded plugin tools (category:base,tabindex:7)
2024-02-23 11:26:13,730 [INFO] PluginManage:310 - Check plugin tutovideos
2024-02-23 11:26:14,004 [INFO] PluginManage:359 - Loaded plugin tutovideos (category:base,tabindex:-1)
2024-02-23 11:26:14,005 [INFO] PluginManage:310 - Check plugin updater
2024-02-23 11:26:14,022 [INFO] PluginManage:359 - Loaded plugin updater (category:base,tabindex:12)
2024-02-23 11:26:14,023 [INFO] PluginManage:310 - Check plugin userauth
2024-02-23 11:26:14,032 [INFO] UserAuth:114 - Init User Auth plugin
2024-02-23 11:26:14,033 [INFO] PluginManage:359 - Loaded plugin userauth (category:base,tabindex:14)
2024-02-23 11:26:14,033 [INFO] PluginManage:283 - PluginManage : Loaded plugins [17]
2024-02-23 11:26:14,332 [INFO] PinOutPanel:1499 - setPackage(No Configuration,No Configuration)
2024-02-23 11:26:14,437 [INFO] CADModel:165 - CPN selected for project level
2024-02-23 11:26:14,437 [INFO] CADModel:114 - Register for checkConnection events
2024-02-23 11:26:14,473 [INFO] IPUIPlugin:80 - create IPUIPlugin
2024-02-23 11:26:14,473 [INFO] PluginManager:220 - loadIPPluginJar : add adc
2024-02-23 11:26:14,520 [INFO] IPUIPlugin:80 - create IPUIPlugin
2024-02-23 11:26:14,520 [INFO] PluginManager:220 - loadIPPluginJar : add aes
2024-02-23 11:26:14,566 [INFO] IPUIPlugin:80 - create IPUIPlugin
2024-02-23 11:26:14,566 [INFO] PluginManager:220 - loadIPPluginJar : add can
2024-02-23 11:26:14,597 [INFO] IPUIPlugin:80 - create IPUIPlugin
2024-02-23 11:26:14,598 [INFO] PluginManager:220 - loadIPPluginJar : add comp
2024-02-23 11:26:14,636 [INFO] IPUIPlugin:80 - create IPUIPlugin
2024-02-23 11:26:14,636 [INFO] PluginManager:220 - loadIPPluginJar : add cryp
2024-02-23 11:26:14,675 [INFO] IPUIPlugin:80 - create IPUIPlugin
2024-02-23 11:26:14,675 [INFO] PluginManager:220 - loadIPPluginJar : add dfsdm
2024-02-23 11:26:14,691 [INFO] IPUIPlugin:80 - create IPUIPlugin
2024-02-23 11:26:14,692 [INFO] PluginManager:220 - loadIPPluginJar : add dma
2024-02-23 11:26:14,742 [INFO] IPUIPlugin:80 - create IPUIPlugin
2024-02-23 11:26:14,742 [INFO] PluginManager:220 - loadIPPluginJar : add dma3
2024-02-23 11:26:14,763 [INFO] IPUIPlugin:80 - create IPUIPlugin
2024-02-23 11:26:14,764 [INFO] PluginManager:220 - loadIPPluginJar : add fatfs
2024-02-23 11:26:14,819 [INFO] IPUIPlugin:80 - create IPUIPlugin
2024-02-23 11:26:14,819 [INFO] PluginManager:220 - loadIPPluginJar : add fmc
2024-02-23 11:26:14,836 [INFO] IPUIPlugin:80 - create IPUIPlugin
2024-02-23 11:26:14,836 [INFO] PluginManager:220 - loadIPPluginJar : add freertos
2024-02-23 11:26:14,857 [INFO] IPUIPlugin:80 - create IPUIPlugin
2024-02-23 11:26:14,857 [INFO] PluginManager:220 - loadIPPluginJar : add genericplugin
2024-02-23 11:26:14,975 [INFO] IPUIPlugin:80 - create IPUIPlugin
2024-02-23 11:26:14,976 [INFO] PluginManager:220 - loadIPPluginJar : add gfxmmu
2024-02-23 11:26:15,135 [INFO] IPUIPlugin:80 - create IPUIPlugin
2024-02-23 11:26:15,135 [INFO] PluginManager:220 - loadIPPluginJar : add gic
2024-02-23 11:26:15,150 [INFO] IPUIPlugin:80 - create IPUIPlugin
2024-02-23 11:26:15,150 [INFO] PluginManager:220 - loadIPPluginJar : add gpio
2024-02-23 11:26:15,247 [INFO] IPUIPlugin:80 - create IPUIPlugin
2024-02-23 11:26:15,248 [INFO] PluginManager:220 - loadIPPluginJar : add gtzc
2024-02-23 11:26:15,287 [INFO] IPUIPlugin:80 - create IPUIPlugin
2024-02-23 11:26:15,287 [INFO] PluginManager:220 - loadIPPluginJar : add hash
2024-02-23 11:26:15,350 [INFO] IPUIPlugin:80 - create IPUIPlugin
2024-02-23 11:26:15,350 [INFO] PluginManager:220 - loadIPPluginJar : add i2c
2024-02-23 11:26:15,392 [INFO] IPUIPlugin:80 - create IPUIPlugin
2024-02-23 11:26:15,392 [INFO] PluginManager:220 - loadIPPluginJar : add i2s
2024-02-23 11:26:15,431 [INFO] IPUIPlugin:80 - create IPUIPlugin
2024-02-23 11:26:15,431 [INFO] PluginManager:220 - loadIPPluginJar : add i3c
2024-02-23 11:26:15,535 [INFO] IPUIPlugin:80 - create IPUIPlugin
2024-02-23 11:26:15,535 [INFO] PluginManager:220 - loadIPPluginJar : add ipddr
2024-02-23 11:26:15,632 [INFO] IPUIPlugin:80 - create IPUIPlugin
2024-02-23 11:26:15,632 [INFO] PluginManager:220 - loadIPPluginJar : add linkedlist
2024-02-23 11:26:15,670 [INFO] IPUIPlugin:80 - create IPUIPlugin
2024-02-23 11:26:15,670 [INFO] PluginManager:220 - loadIPPluginJar : add lorawan
2024-02-23 11:26:15,706 [INFO] IPUIPlugin:80 - create IPUIPlugin
2024-02-23 11:26:15,706 [INFO] PluginManager:220 - loadIPPluginJar : add ltdc
2024-02-23 11:26:15,723 [INFO] IPUIPlugin:80 - create IPUIPlugin
2024-02-23 11:26:15,723 [INFO] PluginManager:220 - loadIPPluginJar : add mdma
2024-02-23 11:26:15,736 [INFO] IPUIPlugin:80 - create IPUIPlugin
2024-02-23 11:26:15,736 [INFO] PluginManager:220 - loadIPPluginJar : add nvic
2024-02-23 11:26:15,777 [INFO] IPUIPlugin:80 - create IPUIPlugin
2024-02-23 11:26:15,777 [INFO] PluginManager:220 - loadIPPluginJar : add opamp
2024-02-23 11:26:15,838 [INFO] IPUIPlugin:80 - create IPUIPlugin
2024-02-23 11:26:15,838 [INFO] PluginManager:220 - loadIPPluginJar : add openamp
2024-02-23 11:26:15,884 [INFO] IPUIPlugin:80 - create IPUIPlugin
2024-02-23 11:26:15,885 [INFO] PluginManager:220 - loadIPPluginJar : add pdm2pcm
2024-02-23 11:26:15,902 [INFO] IPUIPlugin:80 - create IPUIPlugin
2024-02-23 11:26:15,919 [INFO] PluginManager:220 - loadIPPluginJar : add plateformsettings
2024-02-23 11:26:15,941 [INFO] IPUIPlugin:80 - create IPUIPlugin
2024-02-23 11:26:15,941 [INFO] PluginManager:220 - loadIPPluginJar : add quadspi
2024-02-23 11:26:15,955 [INFO] IPUIPlugin:80 - create IPUIPlugin
2024-02-23 11:26:15,955 [INFO] PluginManager:220 - loadIPPluginJar : add resmgrutility
2024-02-23 11:26:16,012 [INFO] IPUIPlugin:80 - create IPUIPlugin
2024-02-23 11:26:16,012 [INFO] PluginManager:220 - loadIPPluginJar : add sai
2024-02-23 11:26:16,049 [INFO] IPUIPlugin:80 - create IPUIPlugin
2024-02-23 11:26:16,049 [INFO] PluginManager:220 - loadIPPluginJar : add spi
2024-02-23 11:26:16,115 [INFO] IPUIPlugin:80 - create IPUIPlugin
2024-02-23 11:26:16,115 [INFO] PluginManager:220 - loadIPPluginJar : add stm32_wpan
2024-02-23 11:26:16,137 [INFO] IPUIPlugin:80 - create IPUIPlugin
2024-02-23 11:26:16,138 [INFO] PluginManager:220 - loadIPPluginJar : add tim
2024-02-23 11:26:16,201 [INFO] IPUIPlugin:80 - create IPUIPlugin
2024-02-23 11:26:16,201 [INFO] PluginManager:220 - loadIPPluginJar : add touchsensing
2024-02-23 11:26:16,224 [INFO] IPUIPlugin:80 - create IPUIPlugin
2024-02-23 11:26:16,224 [INFO] PluginManager:220 - loadIPPluginJar : add tracer_emb
2024-02-23 11:26:16,248 [INFO] IPUIPlugin:80 - create IPUIPlugin
2024-02-23 11:26:16,248 [INFO] PluginManager:220 - loadIPPluginJar : add ts
2024-02-23 11:26:16,268 [INFO] IPUIPlugin:80 - create IPUIPlugin
2024-02-23 11:26:16,268 [INFO] PluginManager:220 - loadIPPluginJar : add tsc
2024-02-23 11:26:16,290 [INFO] IPUIPlugin:80 - create IPUIPlugin
2024-02-23 11:26:16,290 [INFO] PluginManager:220 - loadIPPluginJar : add ucpd
2024-02-23 11:26:16,331 [INFO] IPUIPlugin:80 - create IPUIPlugin
2024-02-23 11:26:16,331 [INFO] PluginManager:220 - loadIPPluginJar : add usart
2024-02-23 11:26:16,372 [INFO] IPUIPlugin:80 - create IPUIPlugin
2024-02-23 11:26:16,372 [INFO] PluginManager:220 - loadIPPluginJar : add usbx
2024-02-23 11:26:16,520 [INFO] CADModel:165 - CPN selected for project level
2024-02-23 11:26:16,520 [INFO] CADModel:114 - Register for checkConnection events
2024-02-23 11:26:16,520 [FATAL] Updater:308 - Updater called before beeing initialized
2024-02-23 11:26:16,520 [ERROR] CADModel:125 - Updater not yet initialized, retry later 
2024-02-23 11:26:16,688 [INFO] ThirdPartyUpdaterWithRetryManager:70 - Updater plugin not ready yet. [2/15]
2024-02-23 11:26:16,711 [INFO] CADModel:165 - CPN selected for project level
2024-02-23 11:26:16,712 [INFO] CADModel:114 - Register for checkConnection events
2024-02-23 11:26:16,712 [FATAL] Updater:308 - Updater called before beeing initialized
2024-02-23 11:26:16,712 [ERROR] CADModel:125 - Updater not yet initialized, retry later 
2024-02-23 11:26:16,716 [FATAL] Updater:308 - Updater called before beeing initialized
2024-02-23 11:26:16,848 [FATAL] Updater:308 - Updater called before beeing initialized
2024-02-23 11:26:16,857 [INFO] DbMcusAds:53 - JSON generation date=Wed Nov 29 12:52:27 EET 2023 (1701255147349)
2024-02-23 11:26:16,857 [FATAL] Updater:308 - Updater called before beeing initialized
2024-02-23 11:26:16,942 [WARN] DetailPanel:346 - Failed to get advertising image, set to default
2024-02-23 11:26:17,046 [FATAL] Updater:308 - Updater called before beeing initialized
2024-02-23 11:26:17,050 [FATAL] Updater:308 - Updater called before beeing initialized
2024-02-23 11:26:17,050 [FATAL] Updater:308 - Updater called before beeing initialized
2024-02-23 11:26:17,050 [WARN] DetailPanel:346 - Failed to get advertising image, set to default
2024-02-23 11:26:17,052 [FATAL] Updater:308 - Updater called before beeing initialized
2024-02-23 11:26:17,141 [ERROR] Updater:1120 - MainUpdater not yet initialized. External WinMGr cannot be set.
2024-02-23 11:26:17,152 [INFO] Updater:1056 - Updater Version found : 6.10.0
2024-02-23 11:26:17,179 [INFO] ApplicationProperties:184 - Using Application install path: C:\ST\STM32CubeIDE_1.14.0\STM32CubeIDE\plugins\com.st.stm32cube.common.mx_6.10.0.202311202037
2024-02-23 11:26:18,791 [ERROR] LogOutputStream:75 - [STDERR_REDIRECT] Feb 23, 2024 11:26:18 AM java.util.prefs.WindowsPreferences <init>
2024-02-23 11:26:18,794 [ERROR] LogOutputStream:75 - [STDERR_REDIRECT] WARNING: Could not open/create prefs root node Software\JavaSoft\Prefs at root 0xffffffff80000002. Windows RegCreateKeyEx(...) returned error code 5.
2024-02-23 11:26:18,794 [ERROR] LogOutputStream:75 - [STDERR_REDIRECT] 
2024-02-23 11:26:19,702 [FATAL] Updater:308 - Updater called before beeing initialized
2024-02-23 11:26:19,703 [ERROR] IntegrityCheckThread:130 - Cannot retrieve database content from updater: error 21
2024-02-23 11:26:19,703 [INFO] ThirdParty:978 - Integrity check success = false
2024-02-23 11:26:19,703 [INFO] IntegrityCheckThread:100 - exiting critical section [integrity check]
2024-02-23 11:26:19,703 [INFO] IntegrityCheckThread:103 - End integrity checks thread
2024-02-23 11:26:19,829 [INFO] MainUpdater:2873 - connection check result : 10
2024-02-23 11:26:19,831 [INFO] MainUpdater:290 - Updater Check For Update Now.
2024-02-23 11:26:19,831 [INFO] MicroXplorer:498 - Change Database Version : DB.6.0.100
2024-02-23 11:26:19,848 [INFO] McuFinderGlobals:63 - Set McuFinder mode to 2 (CubeIDE integrated)
2024-02-23 11:26:19,849 [INFO] UserAuth:180 - activating auth plugin
2024-02-23 11:26:19,853 [INFO] UserAuth:404 - Internet connection configuration mode: 1
2024-02-23 11:26:19,896 [INFO] JxBrowserEngine:152 - Initiate JxBrowser Engine with user profile folder
2024-02-23 11:26:20,064 [INFO] CheckServerUpdateThread:120 - End of CheckServer Thread
2024-02-23 11:26:22,822 [INFO] WebApp:161 - Instantiating new browser for Auth
2024-02-23 11:26:23,569 [INFO] WebApp:780 - Register for checkConnection events
2024-02-23 11:26:23,569 [INFO] WebApp:414 - Apply proxy settings
2024-02-23 11:26:23,570 [INFO] WebApp:499 - Chromium requires no authentication
2024-02-23 11:26:23,581 [INFO] WebApp:442 - Direct internet connection detected
2024-02-23 11:26:23,798 [INFO] WebApp:192 - Starting web application
2024-02-23 11:26:23,798 [INFO] WebApp:544 - Web application path used C:\ST\STM32CubeIDE_1.14.0\STM32CubeIDE\plugins\com.st.stm32cube.common.mx_6.10.0.202311202037\db\plugins\mcufinder\reactClient1\index.html
2024-02-23 11:26:44,901 [ERROR] LogOutputStream:75 - [STDERR_REDIRECT] SLF4J: Failed to load class "org.slf4j.impl.StaticLoggerBinder".
2024-02-23 11:26:44,902 [ERROR] LogOutputStream:75 - [STDERR_REDIRECT] SLF4J: Defaulting to no-operation (NOP) logger implementation
2024-02-23 11:26:44,904 [ERROR] LogOutputStream:75 - [STDERR_REDIRECT] SLF4J: See http://www.slf4j.org/codes.html#StaticLoggerBinder for further details.
2024-02-23 16:58:40,886 [ERROR] LogOutputStream:75 - [STDERR_REDIRECT] 
