2024-01-18 10:59:39,598 [INFO] Activator:176 - 


2024-01-18 10:59:39,605 [INFO] Activator:177 - !SESSION log4j initialized
2024-01-18 10:59:46,052 [INFO] LogOutputStream:77 - [STDOUT_REDIRECT] 
2024-01-18 10:59:53,829 [INFO] ApplicationProperties:184 - Using Application install path: C:\ST\STM32CubeIDE_1.14.0\STM32CubeIDE\plugins\com.st.stm32cube.common.mx_6.10.0.202311202037
2024-01-18 10:59:53,854 [INFO] DbMcusXml:78 - Set database path to: C:\ST\STM32CubeIDE_1.14.0\STM32CubeIDE\plugins\com.st.stm32cube.common.mx_6.10.0.202311202037\\db\/mcu/
2024-01-18 10:59:53,855 [INFO] ApiDb:274 - Set plugin database path to: C:\ST\STM32CubeIDE_1.14.0\STM32CubeIDE\plugins\com.st.stm32cube.common.mx_6.10.0.202311202037\\db\/plugins/boardmanager/
2024-01-18 10:59:53,855 [WARN] ApiDb:259 - Overriding images path with different value:  => C:\ST\STM32CubeIDE_1.14.0\STM32CubeIDE\plugins\com.st.stm32cube.common.mx_6.10.0.202311202037\\db\/plugins/mcufinder/images/
2024-01-18 10:59:53,869 [INFO] ApiDb:250 - Set database path to: C:\Users\pyrga\.stmcufinder\plugins\mcufinder//mcu/
2024-01-18 10:59:53,870 [INFO] DbMcusAds:125 - Set database path to: C:\Users\pyrga\.stmcufinder\plugins\mcufinder//mcu/
2024-01-18 10:59:53,873 [INFO] CrossReferenceDbSqlite:203 - Set database path to: C:\Users\pyrga\.stmcufinder\plugins\mcufinder//mcu/cs/
2024-01-18 10:59:54,034 [INFO] RulesReader:64 - Compatibility file has been processed (297 Rules)
2024-01-18 10:59:54,145 [INFO] DbMcusXml:78 - Set database path to: C:\ST\STM32CubeIDE_1.14.0\STM32CubeIDE\plugins\com.st.stm32cube.common.mx_6.10.0.202311202037\\db\/mcu/
2024-01-18 10:59:54,146 [INFO] ApiDb:274 - Set plugin database path to: C:\ST\STM32CubeIDE_1.14.0\STM32CubeIDE\plugins\com.st.stm32cube.common.mx_6.10.0.202311202037\\db\/plugins/boardmanager/
2024-01-18 10:59:54,146 [INFO] ApiDb:261 - Set plugin images path to: C:\ST\STM32CubeIDE_1.14.0\STM32CubeIDE\plugins\com.st.stm32cube.common.mx_6.10.0.202311202037\\db\/plugins/mcufinder/images/
2024-01-18 10:59:54,146 [WARN] DbFile:41 - Overriding database path with different value: C:\Users\pyrga\.stmcufinder\plugins\mcufinder/ => C:\Users\pyrga\.stmcufinder\plugins\mcufinder
2024-01-18 10:59:54,146 [INFO] ApiDb:250 - Set database path to: C:\Users\pyrga\.stmcufinder\plugins\mcufinder//mcu/
2024-01-18 10:59:54,146 [WARN] DbFile:41 - Overriding database path with different value: C:\Users\pyrga\.stmcufinder\plugins\mcufinder/ => C:\Users\pyrga\.stmcufinder\plugins\mcufinder
2024-01-18 10:59:54,146 [INFO] DbMcusAds:125 - Set database path to: C:\Users\pyrga\.stmcufinder\plugins\mcufinder//mcu/
2024-01-18 10:59:54,146 [WARN] DbFile:41 - Overriding database path with different value: C:\Users\pyrga\.stmcufinder\plugins\mcufinder/ => C:\Users\pyrga\.stmcufinder\plugins\mcufinder
2024-01-18 10:59:54,146 [WARN] DbFile:41 - Overriding database path with different value: C:\Users\pyrga\.stmcufinder\plugins\mcufinder/ => C:\Users\pyrga\.stmcufinder\plugins\mcufinder
2024-01-18 10:59:54,146 [INFO] CrossReferenceDbSqlite:203 - Set database path to: C:\Users\pyrga\.stmcufinder\plugins\mcufinder//mcu/cs/
2024-01-18 10:59:54,233 [INFO] MainPanel:264 - HeapMemory: 268435456
2024-01-18 10:59:54,350 [INFO] DbMcusXml:78 - Set database path to: C:\ST\STM32CubeIDE_1.14.0\STM32CubeIDE\plugins\com.st.stm32cube.common.mx_6.10.0.202311202037\\db\/mcu/
2024-01-18 10:59:54,350 [INFO] ApiDb:274 - Set plugin database path to: C:\ST\STM32CubeIDE_1.14.0\STM32CubeIDE\plugins\com.st.stm32cube.common.mx_6.10.0.202311202037\\db\/plugins/boardmanager/
2024-01-18 10:59:54,351 [INFO] ApiDb:261 - Set plugin images path to: C:\ST\STM32CubeIDE_1.14.0\STM32CubeIDE\plugins\com.st.stm32cube.common.mx_6.10.0.202311202037\\db\/plugins/mcufinder/images/
2024-01-18 10:59:54,351 [WARN] DbFile:41 - Overriding database path with different value: C:\Users\pyrga\.stmcufinder\plugins\mcufinder/ => C:\Users\pyrga\.stmcufinder\plugins\mcufinder
2024-01-18 10:59:54,351 [INFO] ApiDb:250 - Set database path to: C:\Users\pyrga\.stmcufinder\plugins\mcufinder//mcu/
2024-01-18 10:59:54,351 [WARN] DbFile:41 - Overriding database path with different value: C:\Users\pyrga\.stmcufinder\plugins\mcufinder/ => C:\Users\pyrga\.stmcufinder\plugins\mcufinder
2024-01-18 10:59:54,351 [INFO] DbMcusAds:125 - Set database path to: C:\Users\pyrga\.stmcufinder\plugins\mcufinder//mcu/
2024-01-18 10:59:54,351 [WARN] DbFile:41 - Overriding database path with different value: C:\Users\pyrga\.stmcufinder\plugins\mcufinder/ => C:\Users\pyrga\.stmcufinder\plugins\mcufinder
2024-01-18 10:59:54,351 [WARN] DbFile:41 - Overriding database path with different value: C:\Users\pyrga\.stmcufinder\plugins\mcufinder/ => C:\Users\pyrga\.stmcufinder\plugins\mcufinder
2024-01-18 10:59:54,351 [INFO] CrossReferenceDbSqlite:203 - Set database path to: C:\Users\pyrga\.stmcufinder\plugins\mcufinder//mcu/cs/
2024-01-18 10:59:54,372 [INFO] ApplicationProperties:184 - Using Application install path: C:\ST\STM32CubeIDE_1.14.0\STM32CubeIDE\plugins\com.st.stm32cube.common.mx_6.10.0.202311202037
2024-01-18 10:59:54,375 [INFO] PluginManage:196 - Search for loadable plugins [exclusion list=, ]
2024-01-18 10:59:54,376 [INFO] PluginManage:310 - Check plugin analytics
2024-01-18 10:59:59,545 [INFO] AnalyticsPlugin:253 - Accepted Software Licenses: 
2024-01-18 10:59:59,545 [INFO] AnalyticsPlugin:255 - Accepted CMSIS Pack Licenses: 
2024-01-18 10:59:59,545 [INFO] AnalyticsPlugin:257 - Accepted Firmware Licenses: 
2024-01-18 10:59:59,548 [INFO] PluginManage:359 - Loaded plugin analytics (category:tool,tabindex:-1)
2024-01-18 10:59:59,549 [INFO] PluginManage:310 - Check plugin cadmodel
2024-01-18 10:59:59,564 [INFO] CADModel:105 - Init CAD model plugin
2024-01-18 10:59:59,564 [INFO] PluginManage:359 - Loaded plugin cadmodel (category:power,tabindex:5)
2024-01-18 10:59:59,564 [INFO] PluginManage:310 - Check plugin clock
2024-01-18 10:59:59,588 [INFO] PluginManage:359 - Loaded plugin clock (category:base,tabindex:2)
2024-01-18 10:59:59,588 [INFO] PluginManage:310 - Check plugin ddr
2024-01-18 10:59:59,591 [INFO] PluginManage:359 - Loaded plugin ddr (category:tool,tabindex:6)
2024-01-18 10:59:59,591 [INFO] PluginManage:310 - Check plugin filemanager
2024-01-18 10:59:59,752 [INFO] PluginManage:359 - Loaded plugin filemanager (category:base,tabindex:10)
2024-01-18 10:59:59,752 [INFO] PluginManage:310 - Check plugin ipmanager
2024-01-18 10:59:59,759 [INFO] PluginManage:359 - Loaded plugin ipmanager (category:base,tabindex:5)
2024-01-18 10:59:59,759 [INFO] PluginManage:310 - Check plugin lpbam
2024-01-18 10:59:59,777 [INFO] PluginManage:359 - Loaded plugin lpbam (category:base,tabindex:0)
2024-01-18 10:59:59,777 [INFO] PluginManage:310 - Check plugin memorymap
2024-01-18 10:59:59,813 [INFO] PluginManage:359 - Loaded plugin memorymap (category:base,tabindex:4)
2024-01-18 10:59:59,813 [INFO] PluginManage:310 - Check plugin pinoutandconfiguration
2024-01-18 10:59:59,830 [INFO] PluginManage:359 - Loaded plugin pinoutandconfiguration (category:base,tabindex:1)
2024-01-18 10:59:59,830 [INFO] PluginManage:310 - Check plugin pinoutconfig
2024-01-18 10:59:59,949 [WARN] SupportedApi:132 - Cannot load RTOS API schema: s4s-elt-must-match.1: The content of 'definitions' must match (annotation?, (simpleType | complexType)?, (unique | key | keyref)*)). A problem was found starting at: attribute.
2024-01-18 11:00:00,115 [INFO] PluginManage:359 - Loaded plugin pinoutconfig (category:base,tabindex:0)
2024-01-18 11:00:00,115 [INFO] PluginManage:310 - Check plugin power
2024-01-18 11:00:00,141 [INFO] PluginManage:359 - Loaded plugin power (category:power,tabindex:4)
2024-01-18 11:00:00,142 [INFO] PluginManage:310 - Check plugin projectmanager
2024-01-18 11:00:00,162 [INFO] PluginManage:359 - Loaded plugin projectmanager (category:projectmanager,tabindex:3)
2024-01-18 11:00:00,162 [INFO] PluginManage:310 - Check plugin thirdparty
2024-01-18 11:00:00,465 [INFO] PluginManage:359 - Loaded plugin thirdparty (category:base,tabindex:-1)
2024-01-18 11:00:00,465 [INFO] PluginManage:310 - Check plugin tools
2024-01-18 11:00:00,465 [WARN] IntegrityCheckThread:84 - waiting for thirdparty lock release [integrity check]
2024-01-18 11:00:00,465 [INFO] IntegrityCheckThread:86 - entering critical section [integrity check]
2024-01-18 11:00:00,465 [INFO] ThirdPartyUpdaterWithRetryManager:70 - Updater plugin not ready yet. [1/15]
2024-01-18 11:00:00,496 [INFO] PluginManage:359 - Loaded plugin tools (category:base,tabindex:7)
2024-01-18 11:00:00,497 [INFO] PluginManage:310 - Check plugin tutovideos
2024-01-18 11:00:00,729 [INFO] PluginManage:359 - Loaded plugin tutovideos (category:base,tabindex:-1)
2024-01-18 11:00:00,729 [INFO] PluginManage:310 - Check plugin updater
2024-01-18 11:00:00,744 [INFO] PluginManage:359 - Loaded plugin updater (category:base,tabindex:12)
2024-01-18 11:00:00,745 [INFO] PluginManage:310 - Check plugin userauth
2024-01-18 11:00:00,752 [INFO] UserAuth:114 - Init User Auth plugin
2024-01-18 11:00:00,752 [INFO] PluginManage:359 - Loaded plugin userauth (category:base,tabindex:14)
2024-01-18 11:00:00,753 [INFO] PluginManage:283 - PluginManage : Loaded plugins [17]
2024-01-18 11:00:01,016 [INFO] PinOutPanel:1499 - setPackage(No Configuration,No Configuration)
2024-01-18 11:00:01,103 [INFO] CADModel:165 - CPN selected for project level
2024-01-18 11:00:01,103 [INFO] CADModel:114 - Register for checkConnection events
2024-01-18 11:00:01,134 [INFO] IPUIPlugin:80 - create IPUIPlugin
2024-01-18 11:00:01,134 [INFO] PluginManager:220 - loadIPPluginJar : add adc
2024-01-18 11:00:01,167 [INFO] IPUIPlugin:80 - create IPUIPlugin
2024-01-18 11:00:01,167 [INFO] PluginManager:220 - loadIPPluginJar : add aes
2024-01-18 11:00:01,206 [INFO] IPUIPlugin:80 - create IPUIPlugin
2024-01-18 11:00:01,206 [INFO] PluginManager:220 - loadIPPluginJar : add can
2024-01-18 11:00:01,226 [INFO] IPUIPlugin:80 - create IPUIPlugin
2024-01-18 11:00:01,227 [INFO] PluginManager:220 - loadIPPluginJar : add comp
2024-01-18 11:00:01,259 [INFO] IPUIPlugin:80 - create IPUIPlugin
2024-01-18 11:00:01,259 [INFO] PluginManager:220 - loadIPPluginJar : add cryp
2024-01-18 11:00:01,288 [INFO] IPUIPlugin:80 - create IPUIPlugin
2024-01-18 11:00:01,288 [INFO] PluginManager:220 - loadIPPluginJar : add dfsdm
2024-01-18 11:00:01,302 [INFO] IPUIPlugin:80 - create IPUIPlugin
2024-01-18 11:00:01,302 [INFO] PluginManager:220 - loadIPPluginJar : add dma
2024-01-18 11:00:01,342 [INFO] IPUIPlugin:80 - create IPUIPlugin
2024-01-18 11:00:01,342 [INFO] PluginManager:220 - loadIPPluginJar : add dma3
2024-01-18 11:00:01,362 [INFO] IPUIPlugin:80 - create IPUIPlugin
2024-01-18 11:00:01,363 [INFO] PluginManager:220 - loadIPPluginJar : add fatfs
2024-01-18 11:00:01,406 [INFO] IPUIPlugin:80 - create IPUIPlugin
2024-01-18 11:00:01,406 [INFO] PluginManager:220 - loadIPPluginJar : add fmc
2024-01-18 11:00:01,421 [INFO] IPUIPlugin:80 - create IPUIPlugin
2024-01-18 11:00:01,421 [INFO] PluginManager:220 - loadIPPluginJar : add freertos
2024-01-18 11:00:01,441 [INFO] IPUIPlugin:80 - create IPUIPlugin
2024-01-18 11:00:01,441 [INFO] PluginManager:220 - loadIPPluginJar : add genericplugin
2024-01-18 11:00:01,526 [INFO] IPUIPlugin:80 - create IPUIPlugin
2024-01-18 11:00:01,526 [INFO] PluginManager:220 - loadIPPluginJar : add gfxmmu
2024-01-18 11:00:01,648 [INFO] IPUIPlugin:80 - create IPUIPlugin
2024-01-18 11:00:01,648 [INFO] PluginManager:220 - loadIPPluginJar : add gic
2024-01-18 11:00:01,661 [INFO] IPUIPlugin:80 - create IPUIPlugin
2024-01-18 11:00:01,661 [INFO] PluginManager:220 - loadIPPluginJar : add gpio
2024-01-18 11:00:01,755 [INFO] IPUIPlugin:80 - create IPUIPlugin
2024-01-18 11:00:01,755 [INFO] PluginManager:220 - loadIPPluginJar : add gtzc
2024-01-18 11:00:01,785 [INFO] IPUIPlugin:80 - create IPUIPlugin
2024-01-18 11:00:01,786 [INFO] PluginManager:220 - loadIPPluginJar : add hash
2024-01-18 11:00:01,835 [INFO] IPUIPlugin:80 - create IPUIPlugin
2024-01-18 11:00:01,835 [INFO] PluginManager:220 - loadIPPluginJar : add i2c
2024-01-18 11:00:01,871 [INFO] IPUIPlugin:80 - create IPUIPlugin
2024-01-18 11:00:01,871 [INFO] PluginManager:220 - loadIPPluginJar : add i2s
2024-01-18 11:00:01,908 [INFO] IPUIPlugin:80 - create IPUIPlugin
2024-01-18 11:00:01,908 [INFO] PluginManager:220 - loadIPPluginJar : add i3c
2024-01-18 11:00:02,003 [INFO] IPUIPlugin:80 - create IPUIPlugin
2024-01-18 11:00:02,003 [INFO] PluginManager:220 - loadIPPluginJar : add ipddr
2024-01-18 11:00:02,088 [INFO] IPUIPlugin:80 - create IPUIPlugin
2024-01-18 11:00:02,088 [INFO] PluginManager:220 - loadIPPluginJar : add linkedlist
2024-01-18 11:00:02,119 [INFO] IPUIPlugin:80 - create IPUIPlugin
2024-01-18 11:00:02,119 [INFO] PluginManager:220 - loadIPPluginJar : add lorawan
2024-01-18 11:00:02,153 [INFO] IPUIPlugin:80 - create IPUIPlugin
2024-01-18 11:00:02,153 [INFO] PluginManager:220 - loadIPPluginJar : add ltdc
2024-01-18 11:00:02,167 [INFO] IPUIPlugin:80 - create IPUIPlugin
2024-01-18 11:00:02,167 [INFO] PluginManager:220 - loadIPPluginJar : add mdma
2024-01-18 11:00:02,179 [INFO] IPUIPlugin:80 - create IPUIPlugin
2024-01-18 11:00:02,180 [INFO] PluginManager:220 - loadIPPluginJar : add nvic
2024-01-18 11:00:02,214 [INFO] IPUIPlugin:80 - create IPUIPlugin
2024-01-18 11:00:02,214 [INFO] PluginManager:220 - loadIPPluginJar : add opamp
2024-01-18 11:00:02,269 [INFO] IPUIPlugin:80 - create IPUIPlugin
2024-01-18 11:00:02,269 [INFO] PluginManager:220 - loadIPPluginJar : add openamp
2024-01-18 11:00:02,308 [INFO] IPUIPlugin:80 - create IPUIPlugin
2024-01-18 11:00:02,308 [INFO] PluginManager:220 - loadIPPluginJar : add pdm2pcm
2024-01-18 11:00:02,321 [INFO] IPUIPlugin:80 - create IPUIPlugin
2024-01-18 11:00:02,323 [INFO] PluginManager:220 - loadIPPluginJar : add plateformsettings
2024-01-18 11:00:02,342 [INFO] IPUIPlugin:80 - create IPUIPlugin
2024-01-18 11:00:02,342 [INFO] PluginManager:220 - loadIPPluginJar : add quadspi
2024-01-18 11:00:02,354 [INFO] IPUIPlugin:80 - create IPUIPlugin
2024-01-18 11:00:02,354 [INFO] PluginManager:220 - loadIPPluginJar : add resmgrutility
2024-01-18 11:00:02,397 [INFO] IPUIPlugin:80 - create IPUIPlugin
2024-01-18 11:00:02,397 [INFO] PluginManager:220 - loadIPPluginJar : add sai
2024-01-18 11:00:02,431 [INFO] IPUIPlugin:80 - create IPUIPlugin
2024-01-18 11:00:02,431 [INFO] PluginManager:220 - loadIPPluginJar : add spi
2024-01-18 11:00:02,493 [INFO] IPUIPlugin:80 - create IPUIPlugin
2024-01-18 11:00:02,493 [INFO] PluginManager:220 - loadIPPluginJar : add stm32_wpan
2024-01-18 11:00:02,514 [INFO] IPUIPlugin:80 - create IPUIPlugin
2024-01-18 11:00:02,515 [INFO] PluginManager:220 - loadIPPluginJar : add tim
2024-01-18 11:00:02,566 [INFO] IPUIPlugin:80 - create IPUIPlugin
2024-01-18 11:00:02,567 [INFO] PluginManager:220 - loadIPPluginJar : add touchsensing
2024-01-18 11:00:02,587 [INFO] IPUIPlugin:80 - create IPUIPlugin
2024-01-18 11:00:02,588 [INFO] PluginManager:220 - loadIPPluginJar : add tracer_emb
2024-01-18 11:00:02,608 [INFO] IPUIPlugin:80 - create IPUIPlugin
2024-01-18 11:00:02,609 [INFO] PluginManager:220 - loadIPPluginJar : add ts
2024-01-18 11:00:02,628 [INFO] IPUIPlugin:80 - create IPUIPlugin
2024-01-18 11:00:02,628 [INFO] PluginManager:220 - loadIPPluginJar : add tsc
2024-01-18 11:00:02,647 [INFO] IPUIPlugin:80 - create IPUIPlugin
2024-01-18 11:00:02,648 [INFO] PluginManager:220 - loadIPPluginJar : add ucpd
2024-01-18 11:00:02,688 [INFO] IPUIPlugin:80 - create IPUIPlugin
2024-01-18 11:00:02,688 [INFO] PluginManager:220 - loadIPPluginJar : add usart
2024-01-18 11:00:02,729 [INFO] IPUIPlugin:80 - create IPUIPlugin
2024-01-18 11:00:02,729 [INFO] PluginManager:220 - loadIPPluginJar : add usbx
2024-01-18 11:00:02,864 [INFO] CADModel:165 - CPN selected for project level
2024-01-18 11:00:02,864 [INFO] CADModel:114 - Register for checkConnection events
2024-01-18 11:00:02,864 [FATAL] Updater:308 - Updater called before beeing initialized
2024-01-18 11:00:02,864 [ERROR] CADModel:125 - Updater not yet initialized, retry later 
2024-01-18 11:00:03,035 [INFO] CADModel:165 - CPN selected for project level
2024-01-18 11:00:03,035 [INFO] CADModel:114 - Register for checkConnection events
2024-01-18 11:00:03,035 [FATAL] Updater:308 - Updater called before beeing initialized
2024-01-18 11:00:03,035 [ERROR] CADModel:125 - Updater not yet initialized, retry later 
2024-01-18 11:00:03,038 [FATAL] Updater:308 - Updater called before beeing initialized
2024-01-18 11:00:03,157 [FATAL] Updater:308 - Updater called before beeing initialized
2024-01-18 11:00:03,167 [INFO] DbMcusAds:53 - JSON generation date=Wed Nov 29 12:52:27 EET 2023 (1701255147349)
2024-01-18 11:00:03,168 [FATAL] Updater:308 - Updater called before beeing initialized
2024-01-18 11:00:03,244 [WARN] DetailPanel:346 - Failed to get advertising image, set to default
2024-01-18 11:00:03,350 [FATAL] Updater:308 - Updater called before beeing initialized
2024-01-18 11:00:03,351 [FATAL] Updater:308 - Updater called before beeing initialized
2024-01-18 11:00:03,351 [FATAL] Updater:308 - Updater called before beeing initialized
2024-01-18 11:00:03,351 [WARN] DetailPanel:346 - Failed to get advertising image, set to default
2024-01-18 11:00:03,352 [FATAL] Updater:308 - Updater called before beeing initialized
2024-01-18 11:00:03,448 [ERROR] Updater:1120 - MainUpdater not yet initialized. External WinMGr cannot be set.
2024-01-18 11:00:03,460 [INFO] Updater:1056 - Updater Version found : 6.10.0
2024-01-18 11:00:03,466 [INFO] ThirdPartyUpdaterWithRetryManager:70 - Updater plugin not ready yet. [2/15]
2024-01-18 11:00:03,480 [INFO] ApplicationProperties:184 - Using Application install path: C:\ST\STM32CubeIDE_1.14.0\STM32CubeIDE\plugins\com.st.stm32cube.common.mx_6.10.0.202311202037
2024-01-18 11:00:05,056 [ERROR] LogOutputStream:75 - [STDERR_REDIRECT] Jan 18, 2024 11:00:05 AM java.util.prefs.WindowsPreferences <init>
2024-01-18 11:00:05,058 [ERROR] LogOutputStream:75 - [STDERR_REDIRECT] WARNING: Could not open/create prefs root node Software\JavaSoft\Prefs at root 0xffffffff80000002. Windows RegCreateKeyEx(...) returned error code 5.
2024-01-18 11:00:05,058 [ERROR] LogOutputStream:75 - [STDERR_REDIRECT] 
2024-01-18 11:00:05,525 [INFO] MainUpdater:2873 - connection check result : 10
2024-01-18 11:00:05,526 [INFO] MainUpdater:290 - Updater Check For Update Now.
2024-01-18 11:00:05,526 [INFO] MicroXplorer:498 - Change Database Version : DB.6.0.100
2024-01-18 11:00:05,544 [INFO] McuFinderGlobals:63 - Set McuFinder mode to 2 (CubeIDE integrated)
2024-01-18 11:00:05,544 [INFO] UserAuth:180 - activating auth plugin
2024-01-18 11:00:05,548 [INFO] UserAuth:404 - Internet connection configuration mode: 1
2024-01-18 11:00:05,587 [INFO] JxBrowserEngine:152 - Initiate JxBrowser Engine with user profile folder
2024-01-18 11:00:05,730 [INFO] CheckServerUpdateThread:120 - End of CheckServer Thread
2024-01-18 11:00:06,641 [WARN] PackLoader:240 - Cannot read IP mode file for STMicroelectronics.X-CUBE-SMBUS.2.1.0
2024-01-18 11:00:06,656 [WARN] PackLoader:240 - Cannot read IP mode file for STMicroelectronics.X-CUBE-TOUCHGFX.4.23.0
2024-01-18 11:00:06,698 [WARN] PackLoader:240 - Cannot read IP mode file for STMicroelectronics.X-CUBE-AZRTOS-F7.1.1.0
2024-01-18 11:00:06,715 [WARN] PackLoader:240 - Cannot read IP mode file for STMicroelectronics.FP-SNS-MOTENV1.4.3.2
2024-01-18 11:00:06,730 [WARN] PackLoader:240 - Cannot read IP mode file for STMicroelectronics.FP-SNS-FLIGHT1.5.0.2
2024-01-18 11:00:06,747 [WARN] PackLoader:240 - Cannot read IP mode file for STMicroelectronics.X-CUBE-DISPLAY.3.0.0
2024-01-18 11:00:06,767 [WARN] PackLoader:240 - Cannot read IP mode file for STMicroelectronics.X-CUBE-BLE1.7.0.0
2024-01-18 11:00:06,781 [WARN] PackLoader:240 - Cannot read IP mode file for emotas.I-CUBE-CANOPEN.1.3.0
2024-01-18 11:00:06,794 [WARN] PackLoader:240 - Cannot read IP mode file for STMicroelectronics.FP-SNS-SMARTAG2.1.2.0
2024-01-18 11:00:06,815 [INFO] LogOutputStream:77 - [STDOUT_REDIRECT] 1 : Invalid condition id : UX_CORESTACK_Condition cause : null
2024-01-18 11:00:06,816 [INFO] LogOutputStream:77 - [STDOUT_REDIRECT] 1 : Invalid condition id : UX_CORESTACK_Condition cause : null
2024-01-18 11:00:06,817 [INFO] LogOutputStream:77 - [STDOUT_REDIRECT] 1 : Invalid condition id : UX_CORESTACK_Condition cause : null
2024-01-18 11:00:06,818 [INFO] LogOutputStream:77 - [STDOUT_REDIRECT] 1 : Invalid condition id : UX_CORESTACK_Condition cause : null
2024-01-18 11:00:06,819 [INFO] LogOutputStream:77 - [STDOUT_REDIRECT] 1 : Invalid condition id : UX_CORESTACK_Condition cause : null
2024-01-18 11:00:06,824 [WARN] PackLoader:240 - Cannot read IP mode file for STMicroelectronics.X-CUBE-AZRTOS-WL.2.0.0
2024-01-18 11:00:06,840 [WARN] PackLoader:240 - Cannot read IP mode file for WES.I-CUBE-Cesium.1.3.0
2024-01-18 11:00:06,853 [WARN] PackLoader:240 - Cannot read IP mode file for STMicroelectronics.X-CUBE-BLE2.3.3.0
2024-01-18 11:00:06,869 [WARN] PackLoader:240 - Cannot read IP mode file for STMicroelectronics.X-CUBE-ALGOBUILD.1.3.0
2024-01-18 11:00:06,897 [WARN] PackLoader:240 - Cannot read IP mode file for STMicroelectronics.X-CUBE-AZRTOS-G0.1.1.0
2024-01-18 11:00:06,914 [WARN] PackLoader:240 - Cannot read IP mode file for STMicroelectronics.X-CUBE-NFC4.3.0.0
2024-01-18 11:00:06,930 [WARN] PackLoader:240 - Cannot read IP mode file for STMicroelectronics.X-CUBE-BLEMGR.3.0.0
2024-01-18 11:00:06,944 [WARN] PackLoader:240 - Cannot read IP mode file for STMicroelectronics.FP-ATR-SIGFOX1.3.2.0
2024-01-18 11:00:06,979 [WARN] PackLoader:240 - Cannot read IP mode file for SEGGER.I-CUBE-embOS.1.3.1
2024-01-18 11:00:07,030 [WARN] PackLoader:240 - Cannot read IP mode file for STMicroelectronics.X-CUBE-GNSS1.6.0.0
2024-01-18 11:00:07,057 [WARN] PackLoader:240 - Cannot read IP mode file for STMicroelectronics.X-CUBE-AZRTOS-F4.1.1.0
2024-01-18 11:00:07,072 [WARN] PackLoader:240 - Cannot read IP mode file for wolfSSL.I-CUBE-wolfSSL.5.6.6
2024-01-18 11:00:07,097 [WARN] PackLoader:240 - Cannot read IP mode file for STMicroelectronics.X-CUBE-AZRTOS-L5.2.0.0
2024-01-18 11:00:07,111 [WARN] PackLoader:240 - Cannot read IP mode file for STMicroelectronics.X-CUBE-EEPRMA1.4.2.0
2024-01-18 11:00:07,124 [WARN] PackLoader:240 - Cannot read IP mode file for ITTIA_DB.I-CUBE-ITTIADB.8.8.0
2024-01-18 11:00:07,135 [WARN] PackLoader:240 - Cannot read IP mode file for STMicroelectronics.X-CUBE-NFC7.1.0.1
2024-01-18 11:00:07,151 [WARN] PackLoader:240 - Cannot read IP mode file for STMicroelectronics.X-CUBE-NFC6.3.0.0
2024-01-18 11:00:07,166 [WARN] PackLoader:240 - Cannot read IP mode file for STMicroelectronics.X-CUBE-AI.8.1.0
2024-01-18 11:00:07,194 [WARN] ConditionMgr:438 - getConditionDescription Invalid condition id : LAN8742 Phy interface Condition cause : null
2024-01-18 11:00:07,195 [WARN] PackLoader:240 - Cannot read IP mode file for STMicroelectronics.X-CUBE-AZRTOS-L4.2.0.0
2024-01-18 11:00:07,196 [WARN] ConditionMgr:1039 - genDependencies : Invalid condition id : LAN8742 Phy interface Condition cause : null
2024-01-18 11:00:07,196 [WARN] ConditionMgr:1039 - genDependencies : Invalid condition id : LAN8742 Phy interface Condition cause : null
2024-01-18 11:00:07,197 [WARN] ConditionMgr:1039 - genDependencies : Invalid condition id : LAN8742 Phy interface Condition cause : null
2024-01-18 11:00:07,211 [WARN] PackLoader:240 - Cannot read IP mode file for STMicroelectronics.X-CUBE-SFXS2LP1.4.0.0
2024-01-18 11:00:07,236 [WARN] ConditionMgr:438 - getConditionDescription Invalid condition id : UX DEVICE CLASS RTOS Condition cause : null
2024-01-18 11:00:07,237 [WARN] ConditionMgr:438 - getConditionDescription Invalid condition id : UX DEVICE CLASS RTOS Condition cause : null
2024-01-18 11:00:07,238 [WARN] PackLoader:240 - Cannot read IP mode file for STMicroelectronics.X-CUBE-AZRTOS-WB.2.0.0
2024-01-18 11:00:07,239 [WARN] ConditionMgr:1039 - genDependencies : Invalid condition id : UX DEVICE CLASS RTOS Condition cause : null
2024-01-18 11:00:07,239 [WARN] ConditionMgr:1039 - genDependencies : Invalid condition id : UX DEVICE CLASS RTOS Condition cause : null
2024-01-18 11:00:07,239 [WARN] ConditionMgr:1039 - genDependencies : Invalid condition id : UX DEVICE CLASS RTOS Condition cause : null
2024-01-18 11:00:07,239 [WARN] ConditionMgr:1039 - genDependencies : Invalid condition id : UX DEVICE CLASS RTOS Condition cause : null
2024-01-18 11:00:07,240 [WARN] ConditionMgr:1039 - genDependencies : Invalid condition id : UX DEVICE CLASS RTOS Condition cause : null
2024-01-18 11:00:07,258 [WARN] PackLoader:240 - Cannot read IP mode file for STMicroelectronics.X-CUBE-SUBG2.5.0.0
2024-01-18 11:00:07,285 [WARN] PackLoader:240 - Cannot read IP mode file for STMicroelectronics.X-CUBE-AZRTOS-G4.2.0.0
2024-01-18 11:00:07,306 [WARN] PackLoader:240 - Cannot read IP mode file for Infineon.AIROC-Wi-Fi-Bluetooth-STM32.1.5.1
2024-01-18 11:00:07,324 [WARN] PackLoader:240 - Cannot read IP mode file for STMicroelectronics.FP-SNS-MOTENVWB1.1.3.1
2024-01-18 11:00:07,338 [WARN] PackLoader:240 - Cannot read IP mode file for STMicroelectronics.X-CUBE-ISPU.2.0.0
2024-01-18 11:00:07,384 [WARN] PackLoader:240 - Cannot read IP mode file for STMicroelectronics.X-CUBE-MEMS1.10.0.0
2024-01-18 11:00:07,518 [WARN] PackLoader:240 - Cannot read IP mode file for STMicroelectronics.X-CUBE-FREERTOS.1.1.0
2024-01-18 11:00:07,531 [WARN] PackLoader:240 - Cannot read IP mode file for portGmbH.I-Cube-SoM-uGOAL.1.1.0
2024-01-18 11:00:07,543 [WARN] PackLoader:240 - Cannot read IP mode file for STMicroelectronics.X-CUBE-ALS.1.0.1
2024-01-18 11:00:07,553 [WARN] PackLoader:240 - Cannot read IP mode file for STMicroelectronics.FP-ATR-ASTRA1.2.0.0
2024-01-18 11:00:07,571 [WARN] PackLoader:240 - Cannot read IP mode file for STMicroelectronics.X-CUBE-TOF1.3.4.0
2024-01-18 11:00:07,608 [WARN] PackLoader:240 - Cannot read IP mode file for STMicroelectronics.X-CUBE-AZRTOS-H7.3.2.0
2024-01-18 11:00:07,611 [INFO] ThirdParty:978 - Integrity check success = true
2024-01-18 11:00:07,611 [INFO] IntegrityCheckThread:100 - exiting critical section [integrity check]
2024-01-18 11:00:07,611 [INFO] IntegrityCheckThread:103 - End integrity checks thread
2024-01-18 11:00:08,429 [INFO] WebApp:161 - Instantiating new browser for Auth
2024-01-18 11:00:09,070 [INFO] WebApp:780 - Register for checkConnection events
2024-01-18 11:00:09,071 [INFO] WebApp:414 - Apply proxy settings
2024-01-18 11:00:09,071 [INFO] WebApp:499 - Chromium requires no authentication
2024-01-18 11:00:09,083 [INFO] WebApp:442 - Direct internet connection detected
2024-01-18 11:00:09,306 [INFO] WebApp:192 - Starting web application
2024-01-18 11:00:09,306 [INFO] WebApp:544 - Web application path used C:\ST\STM32CubeIDE_1.14.0\STM32CubeIDE\plugins\com.st.stm32cube.common.mx_6.10.0.202311202037\db\plugins\mcufinder\reactClient1\index.html
2024-01-18 11:00:30,336 [ERROR] LogOutputStream:75 - [STDERR_REDIRECT] SLF4J: Failed to load class "org.slf4j.impl.StaticLoggerBinder".
2024-01-18 11:00:30,337 [ERROR] LogOutputStream:75 - [STDERR_REDIRECT] SLF4J: Defaulting to no-operation (NOP) logger implementation
2024-01-18 11:00:30,338 [ERROR] LogOutputStream:75 - [STDERR_REDIRECT] SLF4J: See http://www.slf4j.org/codes.html#StaticLoggerBinder for further details.
2024-01-18 23:45:56,067 [ERROR] LogOutputStream:75 - [STDERR_REDIRECT] 
