2024-04-03 00:01:49,193 [ERROR] LogOutputStream:75 - [STDERR_REDIRECT] 
2024-04-03 00:50:19,354 [INFO] Activator:176 - 


2024-04-03 00:50:19,355 [INFO] Activator:177 - !SESSION log4j initialized
2024-04-03 00:50:26,933 [INFO] LogOutputStream:77 - [STDOUT_REDIRECT] 
2024-04-03 00:50:34,313 [INFO] ApplicationProperties:184 - Using Application install path: C:\ST\STM32CubeIDE_1.14.0\STM32CubeIDE\plugins\com.st.stm32cube.common.mx_6.10.0.202311202037
2024-04-03 00:50:34,346 [INFO] DbMcusXml:78 - Set database path to: C:\ST\STM32CubeIDE_1.14.0\STM32CubeIDE\plugins\com.st.stm32cube.common.mx_6.10.0.202311202037\\db\/mcu/
2024-04-03 00:50:34,347 [INFO] ApiDb:274 - Set plugin database path to: C:\ST\STM32CubeIDE_1.14.0\STM32CubeIDE\plugins\com.st.stm32cube.common.mx_6.10.0.202311202037\\db\/plugins/boardmanager/
2024-04-03 00:50:34,347 [WARN] ApiDb:259 - Overriding images path with different value:  => C:\ST\STM32CubeIDE_1.14.0\STM32CubeIDE\plugins\com.st.stm32cube.common.mx_6.10.0.202311202037\\db\/plugins/mcufinder/images/
2024-04-03 00:50:34,364 [INFO] ApiDb:250 - Set database path to: C:\Users\pyrga\.stmcufinder\plugins\mcufinder//mcu/
2024-04-03 00:50:34,367 [INFO] DbMcusAds:125 - Set database path to: C:\Users\pyrga\.stmcufinder\plugins\mcufinder//mcu/
2024-04-03 00:50:34,370 [INFO] CrossReferenceDbSqlite:203 - Set database path to: C:\Users\pyrga\.stmcufinder\plugins\mcufinder//mcu/cs/
2024-04-03 00:50:34,576 [INFO] RulesReader:64 - Compatibility file has been processed (297 Rules)
2024-04-03 00:50:34,730 [INFO] DbMcusXml:78 - Set database path to: C:\ST\STM32CubeIDE_1.14.0\STM32CubeIDE\plugins\com.st.stm32cube.common.mx_6.10.0.202311202037\\db\/mcu/
2024-04-03 00:50:34,730 [INFO] ApiDb:274 - Set plugin database path to: C:\ST\STM32CubeIDE_1.14.0\STM32CubeIDE\plugins\com.st.stm32cube.common.mx_6.10.0.202311202037\\db\/plugins/boardmanager/
2024-04-03 00:50:34,731 [INFO] ApiDb:261 - Set plugin images path to: C:\ST\STM32CubeIDE_1.14.0\STM32CubeIDE\plugins\com.st.stm32cube.common.mx_6.10.0.202311202037\\db\/plugins/mcufinder/images/
2024-04-03 00:50:34,731 [WARN] DbFile:41 - Overriding database path with different value: C:\Users\pyrga\.stmcufinder\plugins\mcufinder/ => C:\Users\pyrga\.stmcufinder\plugins\mcufinder
2024-04-03 00:50:34,731 [INFO] ApiDb:250 - Set database path to: C:\Users\pyrga\.stmcufinder\plugins\mcufinder//mcu/
2024-04-03 00:50:34,732 [WARN] DbFile:41 - Overriding database path with different value: C:\Users\pyrga\.stmcufinder\plugins\mcufinder/ => C:\Users\pyrga\.stmcufinder\plugins\mcufinder
2024-04-03 00:50:34,732 [INFO] DbMcusAds:125 - Set database path to: C:\Users\pyrga\.stmcufinder\plugins\mcufinder//mcu/
2024-04-03 00:50:34,732 [WARN] DbFile:41 - Overriding database path with different value: C:\Users\pyrga\.stmcufinder\plugins\mcufinder/ => C:\Users\pyrga\.stmcufinder\plugins\mcufinder
2024-04-03 00:50:34,732 [WARN] DbFile:41 - Overriding database path with different value: C:\Users\pyrga\.stmcufinder\plugins\mcufinder/ => C:\Users\pyrga\.stmcufinder\plugins\mcufinder
2024-04-03 00:50:34,732 [INFO] CrossReferenceDbSqlite:203 - Set database path to: C:\Users\pyrga\.stmcufinder\plugins\mcufinder//mcu/cs/
2024-04-03 00:50:34,872 [INFO] MainPanel:264 - HeapMemory: 268435456
2024-04-03 00:50:35,029 [INFO] DbMcusXml:78 - Set database path to: C:\ST\STM32CubeIDE_1.14.0\STM32CubeIDE\plugins\com.st.stm32cube.common.mx_6.10.0.202311202037\\db\/mcu/
2024-04-03 00:50:35,030 [INFO] ApiDb:274 - Set plugin database path to: C:\ST\STM32CubeIDE_1.14.0\STM32CubeIDE\plugins\com.st.stm32cube.common.mx_6.10.0.202311202037\\db\/plugins/boardmanager/
2024-04-03 00:50:35,030 [INFO] ApiDb:261 - Set plugin images path to: C:\ST\STM32CubeIDE_1.14.0\STM32CubeIDE\plugins\com.st.stm32cube.common.mx_6.10.0.202311202037\\db\/plugins/mcufinder/images/
2024-04-03 00:50:35,030 [WARN] DbFile:41 - Overriding database path with different value: C:\Users\pyrga\.stmcufinder\plugins\mcufinder/ => C:\Users\pyrga\.stmcufinder\plugins\mcufinder
2024-04-03 00:50:35,030 [INFO] ApiDb:250 - Set database path to: C:\Users\pyrga\.stmcufinder\plugins\mcufinder//mcu/
2024-04-03 00:50:35,030 [WARN] DbFile:41 - Overriding database path with different value: C:\Users\pyrga\.stmcufinder\plugins\mcufinder/ => C:\Users\pyrga\.stmcufinder\plugins\mcufinder
2024-04-03 00:50:35,031 [INFO] DbMcusAds:125 - Set database path to: C:\Users\pyrga\.stmcufinder\plugins\mcufinder//mcu/
2024-04-03 00:50:35,031 [WARN] DbFile:41 - Overriding database path with different value: C:\Users\pyrga\.stmcufinder\plugins\mcufinder/ => C:\Users\pyrga\.stmcufinder\plugins\mcufinder
2024-04-03 00:50:35,031 [WARN] DbFile:41 - Overriding database path with different value: C:\Users\pyrga\.stmcufinder\plugins\mcufinder/ => C:\Users\pyrga\.stmcufinder\plugins\mcufinder
2024-04-03 00:50:35,031 [INFO] CrossReferenceDbSqlite:203 - Set database path to: C:\Users\pyrga\.stmcufinder\plugins\mcufinder//mcu/cs/
2024-04-03 00:50:35,060 [INFO] ApplicationProperties:184 - Using Application install path: C:\ST\STM32CubeIDE_1.14.0\STM32CubeIDE\plugins\com.st.stm32cube.common.mx_6.10.0.202311202037
2024-04-03 00:50:35,063 [INFO] PluginManage:196 - Search for loadable plugins [exclusion list=, ]
2024-04-03 00:50:35,066 [INFO] PluginManage:310 - Check plugin analytics
2024-04-03 00:50:40,334 [INFO] AnalyticsPlugin:253 - Accepted Software Licenses: 
2024-04-03 00:50:40,335 [INFO] AnalyticsPlugin:255 - Accepted CMSIS Pack Licenses: 
2024-04-03 00:50:40,335 [INFO] AnalyticsPlugin:257 - Accepted Firmware Licenses: 
2024-04-03 00:50:40,344 [INFO] PluginManage:359 - Loaded plugin analytics (category:tool,tabindex:-1)
2024-04-03 00:50:40,345 [INFO] PluginManage:310 - Check plugin cadmodel
2024-04-03 00:50:40,372 [INFO] CADModel:105 - Init CAD model plugin
2024-04-03 00:50:40,372 [INFO] PluginManage:359 - Loaded plugin cadmodel (category:power,tabindex:5)
2024-04-03 00:50:40,373 [INFO] PluginManage:310 - Check plugin clock
2024-04-03 00:50:40,410 [INFO] PluginManage:359 - Loaded plugin clock (category:base,tabindex:2)
2024-04-03 00:50:40,410 [INFO] PluginManage:310 - Check plugin ddr
2024-04-03 00:50:40,415 [INFO] PluginManage:359 - Loaded plugin ddr (category:tool,tabindex:6)
2024-04-03 00:50:40,415 [INFO] PluginManage:310 - Check plugin filemanager
2024-04-03 00:50:40,656 [INFO] PluginManage:359 - Loaded plugin filemanager (category:base,tabindex:10)
2024-04-03 00:50:40,657 [INFO] PluginManage:310 - Check plugin ipmanager
2024-04-03 00:50:40,671 [INFO] PluginManage:359 - Loaded plugin ipmanager (category:base,tabindex:5)
2024-04-03 00:50:40,671 [INFO] PluginManage:310 - Check plugin lpbam
2024-04-03 00:50:40,706 [INFO] PluginManage:359 - Loaded plugin lpbam (category:base,tabindex:0)
2024-04-03 00:50:40,706 [INFO] PluginManage:310 - Check plugin memorymap
2024-04-03 00:50:40,750 [INFO] PluginManage:359 - Loaded plugin memorymap (category:base,tabindex:4)
2024-04-03 00:50:40,750 [INFO] PluginManage:310 - Check plugin pinoutandconfiguration
2024-04-03 00:50:40,775 [INFO] PluginManage:359 - Loaded plugin pinoutandconfiguration (category:base,tabindex:1)
2024-04-03 00:50:40,776 [INFO] PluginManage:310 - Check plugin pinoutconfig
2024-04-03 00:50:40,959 [WARN] SupportedApi:132 - Cannot load RTOS API schema: s4s-elt-must-match.1: The content of 'definitions' must match (annotation?, (simpleType | complexType)?, (unique | key | keyref)*)). A problem was found starting at: attribute.
2024-04-03 00:50:41,244 [INFO] PluginManage:359 - Loaded plugin pinoutconfig (category:base,tabindex:0)
2024-04-03 00:50:41,245 [INFO] PluginManage:310 - Check plugin power
2024-04-03 00:50:41,284 [INFO] PluginManage:359 - Loaded plugin power (category:power,tabindex:4)
2024-04-03 00:50:41,284 [INFO] PluginManage:310 - Check plugin projectmanager
2024-04-03 00:50:41,316 [INFO] PluginManage:359 - Loaded plugin projectmanager (category:projectmanager,tabindex:3)
2024-04-03 00:50:41,316 [INFO] PluginManage:310 - Check plugin thirdparty
2024-04-03 00:50:41,741 [INFO] PluginManage:359 - Loaded plugin thirdparty (category:base,tabindex:-1)
2024-04-03 00:50:41,740 [WARN] IntegrityCheckThread:84 - waiting for thirdparty lock release [integrity check]
2024-04-03 00:50:41,741 [INFO] PluginManage:310 - Check plugin tools
2024-04-03 00:50:41,741 [INFO] IntegrityCheckThread:86 - entering critical section [integrity check]
2024-04-03 00:50:41,741 [INFO] ThirdPartyUpdaterWithRetryManager:70 - Updater plugin not ready yet. [1/15]
2024-04-03 00:50:41,788 [INFO] PluginManage:359 - Loaded plugin tools (category:base,tabindex:7)
2024-04-03 00:50:41,788 [INFO] PluginManage:310 - Check plugin tutovideos
2024-04-03 00:50:42,144 [INFO] PluginManage:359 - Loaded plugin tutovideos (category:base,tabindex:-1)
2024-04-03 00:50:42,144 [INFO] PluginManage:310 - Check plugin updater
2024-04-03 00:50:42,166 [INFO] PluginManage:359 - Loaded plugin updater (category:base,tabindex:12)
2024-04-03 00:50:42,166 [INFO] PluginManage:310 - Check plugin userauth
2024-04-03 00:50:42,177 [INFO] UserAuth:114 - Init User Auth plugin
2024-04-03 00:50:42,177 [INFO] PluginManage:359 - Loaded plugin userauth (category:base,tabindex:14)
2024-04-03 00:50:42,178 [INFO] PluginManage:283 - PluginManage : Loaded plugins [17]
2024-04-03 00:50:42,544 [INFO] PinOutPanel:1499 - setPackage(No Configuration,No Configuration)
2024-04-03 00:50:42,670 [INFO] CADModel:165 - CPN selected for project level
2024-04-03 00:50:42,671 [INFO] CADModel:114 - Register for checkConnection events
2024-04-03 00:50:42,713 [INFO] IPUIPlugin:80 - create IPUIPlugin
2024-04-03 00:50:42,714 [INFO] PluginManager:220 - loadIPPluginJar : add adc
2024-04-03 00:50:42,764 [INFO] IPUIPlugin:80 - create IPUIPlugin
2024-04-03 00:50:42,765 [INFO] PluginManager:220 - loadIPPluginJar : add aes
2024-04-03 00:50:42,823 [INFO] IPUIPlugin:80 - create IPUIPlugin
2024-04-03 00:50:42,823 [INFO] PluginManager:220 - loadIPPluginJar : add can
2024-04-03 00:50:42,854 [INFO] IPUIPlugin:80 - create IPUIPlugin
2024-04-03 00:50:42,854 [INFO] PluginManager:220 - loadIPPluginJar : add comp
2024-04-03 00:50:42,899 [INFO] IPUIPlugin:80 - create IPUIPlugin
2024-04-03 00:50:42,899 [INFO] PluginManager:220 - loadIPPluginJar : add cryp
2024-04-03 00:50:42,942 [INFO] IPUIPlugin:80 - create IPUIPlugin
2024-04-03 00:50:42,942 [INFO] PluginManager:220 - loadIPPluginJar : add dfsdm
2024-04-03 00:50:42,964 [INFO] IPUIPlugin:80 - create IPUIPlugin
2024-04-03 00:50:42,965 [INFO] PluginManager:220 - loadIPPluginJar : add dma
2024-04-03 00:50:43,026 [INFO] IPUIPlugin:80 - create IPUIPlugin
2024-04-03 00:50:43,027 [INFO] PluginManager:220 - loadIPPluginJar : add dma3
2024-04-03 00:50:43,059 [INFO] IPUIPlugin:80 - create IPUIPlugin
2024-04-03 00:50:43,059 [INFO] PluginManager:220 - loadIPPluginJar : add fatfs
2024-04-03 00:50:43,124 [INFO] IPUIPlugin:80 - create IPUIPlugin
2024-04-03 00:50:43,124 [INFO] PluginManager:220 - loadIPPluginJar : add fmc
2024-04-03 00:50:43,149 [INFO] IPUIPlugin:80 - create IPUIPlugin
2024-04-03 00:50:43,150 [INFO] PluginManager:220 - loadIPPluginJar : add freertos
2024-04-03 00:50:43,178 [INFO] IPUIPlugin:80 - create IPUIPlugin
2024-04-03 00:50:43,178 [INFO] PluginManager:220 - loadIPPluginJar : add genericplugin
2024-04-03 00:50:43,341 [INFO] IPUIPlugin:80 - create IPUIPlugin
2024-04-03 00:50:43,341 [INFO] PluginManager:220 - loadIPPluginJar : add gfxmmu
2024-04-03 00:50:43,561 [INFO] IPUIPlugin:80 - create IPUIPlugin
2024-04-03 00:50:43,562 [INFO] PluginManager:220 - loadIPPluginJar : add gic
2024-04-03 00:50:43,595 [INFO] IPUIPlugin:80 - create IPUIPlugin
2024-04-03 00:50:43,595 [INFO] PluginManager:220 - loadIPPluginJar : add gpio
2024-04-03 00:50:43,733 [INFO] IPUIPlugin:80 - create IPUIPlugin
2024-04-03 00:50:43,733 [INFO] PluginManager:220 - loadIPPluginJar : add gtzc
2024-04-03 00:50:43,793 [INFO] IPUIPlugin:80 - create IPUIPlugin
2024-04-03 00:50:43,793 [INFO] PluginManager:220 - loadIPPluginJar : add hash
2024-04-03 00:50:43,876 [INFO] IPUIPlugin:80 - create IPUIPlugin
2024-04-03 00:50:43,876 [INFO] PluginManager:220 - loadIPPluginJar : add i2c
2024-04-03 00:50:44,031 [INFO] IPUIPlugin:80 - create IPUIPlugin
2024-04-03 00:50:44,031 [INFO] PluginManager:220 - loadIPPluginJar : add i2s
2024-04-03 00:50:44,099 [INFO] IPUIPlugin:80 - create IPUIPlugin
2024-04-03 00:50:44,099 [INFO] PluginManager:220 - loadIPPluginJar : add i3c
2024-04-03 00:50:44,253 [INFO] IPUIPlugin:80 - create IPUIPlugin
2024-04-03 00:50:44,253 [INFO] PluginManager:220 - loadIPPluginJar : add ipddr
2024-04-03 00:50:44,380 [INFO] IPUIPlugin:80 - create IPUIPlugin
2024-04-03 00:50:44,380 [INFO] PluginManager:220 - loadIPPluginJar : add linkedlist
2024-04-03 00:50:44,430 [INFO] IPUIPlugin:80 - create IPUIPlugin
2024-04-03 00:50:44,430 [INFO] PluginManager:220 - loadIPPluginJar : add lorawan
2024-04-03 00:50:44,484 [INFO] IPUIPlugin:80 - create IPUIPlugin
2024-04-03 00:50:44,484 [INFO] PluginManager:220 - loadIPPluginJar : add ltdc
2024-04-03 00:50:44,502 [INFO] IPUIPlugin:80 - create IPUIPlugin
2024-04-03 00:50:44,503 [INFO] PluginManager:220 - loadIPPluginJar : add mdma
2024-04-03 00:50:44,519 [INFO] IPUIPlugin:80 - create IPUIPlugin
2024-04-03 00:50:44,519 [INFO] PluginManager:220 - loadIPPluginJar : add nvic
2024-04-03 00:50:44,571 [INFO] IPUIPlugin:80 - create IPUIPlugin
2024-04-03 00:50:44,571 [INFO] PluginManager:220 - loadIPPluginJar : add opamp
2024-04-03 00:50:44,659 [INFO] IPUIPlugin:80 - create IPUIPlugin
2024-04-03 00:50:44,659 [INFO] PluginManager:220 - loadIPPluginJar : add openamp
2024-04-03 00:50:44,721 [INFO] IPUIPlugin:80 - create IPUIPlugin
2024-04-03 00:50:44,722 [INFO] PluginManager:220 - loadIPPluginJar : add pdm2pcm
2024-04-03 00:50:44,742 [INFO] IPUIPlugin:80 - create IPUIPlugin
2024-04-03 00:50:44,743 [INFO] ThirdPartyUpdaterWithRetryManager:70 - Updater plugin not ready yet. [2/15]
2024-04-03 00:50:44,746 [INFO] PluginManager:220 - loadIPPluginJar : add plateformsettings
2024-04-03 00:50:44,778 [INFO] IPUIPlugin:80 - create IPUIPlugin
2024-04-03 00:50:44,778 [INFO] PluginManager:220 - loadIPPluginJar : add quadspi
2024-04-03 00:50:44,798 [INFO] IPUIPlugin:80 - create IPUIPlugin
2024-04-03 00:50:44,798 [INFO] PluginManager:220 - loadIPPluginJar : add resmgrutility
2024-04-03 00:50:44,872 [INFO] IPUIPlugin:80 - create IPUIPlugin
2024-04-03 00:50:44,872 [INFO] PluginManager:220 - loadIPPluginJar : add sai
2024-04-03 00:50:44,923 [INFO] IPUIPlugin:80 - create IPUIPlugin
2024-04-03 00:50:44,923 [INFO] PluginManager:220 - loadIPPluginJar : add spi
2024-04-03 00:50:45,022 [INFO] IPUIPlugin:80 - create IPUIPlugin
2024-04-03 00:50:45,022 [INFO] PluginManager:220 - loadIPPluginJar : add stm32_wpan
2024-04-03 00:50:45,054 [INFO] IPUIPlugin:80 - create IPUIPlugin
2024-04-03 00:50:45,055 [INFO] PluginManager:220 - loadIPPluginJar : add tim
2024-04-03 00:50:45,136 [INFO] IPUIPlugin:80 - create IPUIPlugin
2024-04-03 00:50:45,136 [INFO] PluginManager:220 - loadIPPluginJar : add touchsensing
2024-04-03 00:50:45,171 [INFO] IPUIPlugin:80 - create IPUIPlugin
2024-04-03 00:50:45,171 [INFO] PluginManager:220 - loadIPPluginJar : add tracer_emb
2024-04-03 00:50:45,210 [INFO] IPUIPlugin:80 - create IPUIPlugin
2024-04-03 00:50:45,211 [INFO] PluginManager:220 - loadIPPluginJar : add ts
2024-04-03 00:50:45,247 [INFO] IPUIPlugin:80 - create IPUIPlugin
2024-04-03 00:50:45,248 [INFO] PluginManager:220 - loadIPPluginJar : add tsc
2024-04-03 00:50:45,287 [INFO] IPUIPlugin:80 - create IPUIPlugin
2024-04-03 00:50:45,287 [INFO] PluginManager:220 - loadIPPluginJar : add ucpd
2024-04-03 00:50:45,352 [INFO] IPUIPlugin:80 - create IPUIPlugin
2024-04-03 00:50:45,352 [INFO] PluginManager:220 - loadIPPluginJar : add usart
2024-04-03 00:50:45,411 [INFO] IPUIPlugin:80 - create IPUIPlugin
2024-04-03 00:50:45,411 [INFO] PluginManager:220 - loadIPPluginJar : add usbx
2024-04-03 00:50:45,579 [INFO] CADModel:165 - CPN selected for project level
2024-04-03 00:50:45,579 [INFO] CADModel:114 - Register for checkConnection events
2024-04-03 00:50:45,580 [FATAL] Updater:308 - Updater called before beeing initialized
2024-04-03 00:50:45,580 [ERROR] CADModel:125 - Updater not yet initialized, retry later 
2024-04-03 00:50:45,828 [INFO] CADModel:165 - CPN selected for project level
2024-04-03 00:50:45,828 [INFO] CADModel:114 - Register for checkConnection events
2024-04-03 00:50:45,828 [FATAL] Updater:308 - Updater called before beeing initialized
2024-04-03 00:50:45,828 [ERROR] CADModel:125 - Updater not yet initialized, retry later 
2024-04-03 00:50:45,832 [FATAL] Updater:308 - Updater called before beeing initialized
2024-04-03 00:50:46,004 [FATAL] Updater:308 - Updater called before beeing initialized
2024-04-03 00:50:46,017 [INFO] DbMcusAds:53 - JSON generation date=Wed Nov 29 12:52:27 EET 2023 (1701255147349)
2024-04-03 00:50:46,018 [FATAL] Updater:308 - Updater called before beeing initialized
2024-04-03 00:50:46,131 [WARN] DetailPanel:346 - Failed to get advertising image, set to default
2024-04-03 00:50:46,266 [FATAL] Updater:308 - Updater called before beeing initialized
2024-04-03 00:50:46,270 [FATAL] Updater:308 - Updater called before beeing initialized
2024-04-03 00:50:46,270 [FATAL] Updater:308 - Updater called before beeing initialized
2024-04-03 00:50:46,270 [WARN] DetailPanel:346 - Failed to get advertising image, set to default
2024-04-03 00:50:46,271 [FATAL] Updater:308 - Updater called before beeing initialized
2024-04-03 00:50:46,362 [ERROR] Updater:1120 - MainUpdater not yet initialized. External WinMGr cannot be set.
2024-04-03 00:50:46,377 [INFO] Updater:1056 - Updater Version found : 6.10.0
2024-04-03 00:50:46,403 [INFO] ApplicationProperties:184 - Using Application install path: C:\ST\STM32CubeIDE_1.14.0\STM32CubeIDE\plugins\com.st.stm32cube.common.mx_6.10.0.202311202037
2024-04-03 00:50:47,744 [INFO] ThirdPartyUpdaterWithRetryManager:70 - Updater plugin not ready yet. [3/15]
2024-04-03 00:50:48,004 [ERROR] LogOutputStream:75 - [STDERR_REDIRECT] Apr 03, 2024 12:50:47 AM java.util.prefs.WindowsPreferences <init>
2024-04-03 00:50:48,007 [ERROR] LogOutputStream:75 - [STDERR_REDIRECT] WARNING: Could not open/create prefs root node Software\JavaSoft\Prefs at root 0xffffffff80000002. Windows RegCreateKeyEx(...) returned error code 5.
2024-04-03 00:50:48,008 [ERROR] LogOutputStream:75 - [STDERR_REDIRECT] 
2024-04-03 00:50:48,975 [INFO] MainUpdater:2873 - connection check result : 10
2024-04-03 00:50:48,978 [INFO] MainUpdater:290 - Updater Check For Update Now.
2024-04-03 00:50:48,978 [INFO] MicroXplorer:498 - Change Database Version : DB.6.0.100
2024-04-03 00:50:49,009 [INFO] McuFinderGlobals:63 - Set McuFinder mode to 2 (CubeIDE integrated)
2024-04-03 00:50:49,010 [INFO] UserAuth:180 - activating auth plugin
2024-04-03 00:50:49,016 [INFO] UserAuth:404 - Internet connection configuration mode: 1
2024-04-03 00:50:49,073 [INFO] JxBrowserEngine:152 - Initiate JxBrowser Engine with user profile folder
2024-04-03 00:50:49,288 [INFO] CheckServerUpdateThread:120 - End of CheckServer Thread
2024-04-03 00:50:51,071 [WARN] PackLoader:240 - Cannot read IP mode file for STMicroelectronics.X-CUBE-SMBUS.2.1.0
2024-04-03 00:50:51,091 [WARN] PackLoader:240 - Cannot read IP mode file for STMicroelectronics.X-CUBE-TOUCHGFX.4.23.0
2024-04-03 00:50:51,105 [WARN] PackLoader:240 - Cannot read IP mode file for STMicroelectronics.X-CUBE-TOUCHGFX.4.23.2
2024-04-03 00:50:51,177 [WARN] PackLoader:240 - Cannot read IP mode file for STMicroelectronics.X-CUBE-AZRTOS-F7.1.1.0
2024-04-03 00:50:51,206 [WARN] PackLoader:240 - Cannot read IP mode file for STMicroelectronics.FP-SNS-MOTENV1.4.3.2
2024-04-03 00:50:51,229 [WARN] PackLoader:240 - Cannot read IP mode file for STMicroelectronics.FP-SNS-FLIGHT1.5.0.2
2024-04-03 00:50:51,257 [WARN] PackLoader:240 - Cannot read IP mode file for STMicroelectronics.X-CUBE-DISPLAY.3.0.0
2024-04-03 00:50:51,290 [WARN] PackLoader:240 - Cannot read IP mode file for STMicroelectronics.X-CUBE-BLE1.7.0.0
2024-04-03 00:50:51,311 [WARN] PackLoader:240 - Cannot read IP mode file for emotas.I-CUBE-CANOPEN.1.3.0
2024-04-03 00:50:51,339 [WARN] PackLoader:240 - Cannot read IP mode file for STMicroelectronics.X-CUBE-BLEMGR.3.1.0
2024-04-03 00:50:51,362 [WARN] PackLoader:240 - Cannot read IP mode file for STMicroelectronics.FP-SNS-SMARTAG2.1.2.0
2024-04-03 00:50:51,393 [INFO] LogOutputStream:77 - [STDOUT_REDIRECT] 1 : Invalid condition id : UX_CORESTACK_Condition cause : null
2024-04-03 00:50:51,394 [INFO] LogOutputStream:77 - [STDOUT_REDIRECT] 1 : Invalid condition id : UX_CORESTACK_Condition cause : null
2024-04-03 00:50:51,395 [INFO] LogOutputStream:77 - [STDOUT_REDIRECT] 1 : Invalid condition id : UX_CORESTACK_Condition cause : null
2024-04-03 00:50:51,396 [INFO] LogOutputStream:77 - [STDOUT_REDIRECT] 1 : Invalid condition id : UX_CORESTACK_Condition cause : null
2024-04-03 00:50:51,398 [INFO] LogOutputStream:77 - [STDOUT_REDIRECT] 1 : Invalid condition id : UX_CORESTACK_Condition cause : null
2024-04-03 00:50:51,404 [WARN] PackLoader:240 - Cannot read IP mode file for STMicroelectronics.X-CUBE-AZRTOS-WL.2.0.0
2024-04-03 00:50:51,423 [WARN] PackLoader:240 - Cannot read IP mode file for STMicroelectronics.FP-SNS-MOTENV1.5.0.0
2024-04-03 00:50:51,448 [WARN] PackLoader:240 - Cannot read IP mode file for WES.I-CUBE-Cesium.1.3.0
2024-04-03 00:50:51,468 [WARN] PackLoader:240 - Cannot read IP mode file for STMicroelectronics.X-CUBE-BLE2.3.3.0
2024-04-03 00:50:51,486 [WARN] PackLoader:240 - Cannot read IP mode file for STMicroelectronics.X-CUBE-ALGOBUILD.1.3.0
2024-04-03 00:50:51,528 [WARN] PackLoader:240 - Cannot read IP mode file for STMicroelectronics.X-CUBE-AZRTOS-G0.1.1.0
2024-04-03 00:50:51,560 [WARN] PackLoader:240 - Cannot read IP mode file for STMicroelectronics.X-CUBE-SAFEA1.1.2.2
2024-04-03 00:50:51,585 [WARN] PackLoader:240 - Cannot read IP mode file for STMicroelectronics.X-CUBE-NFC4.3.0.0
2024-04-03 00:50:51,611 [WARN] PackLoader:240 - Cannot read IP mode file for STMicroelectronics.X-CUBE-BLEMGR.3.0.0
2024-04-03 00:50:51,631 [WARN] PackLoader:240 - Cannot read IP mode file for STMicroelectronics.FP-ATR-SIGFOX1.3.2.0
2024-04-03 00:50:51,673 [WARN] PackLoader:240 - Cannot read IP mode file for STMicroelectronics.X-CUBE-EEPRMA1.5.1.0
2024-04-03 00:50:51,732 [WARN] PackLoader:240 - Cannot read IP mode file for SEGGER.I-CUBE-embOS.1.3.1
2024-04-03 00:50:51,801 [WARN] PackLoader:240 - Cannot read IP mode file for STMicroelectronics.X-CUBE-GNSS1.6.0.0
2024-04-03 00:50:51,841 [WARN] PackLoader:240 - Cannot read IP mode file for STMicroelectronics.X-CUBE-AZRTOS-F4.1.1.0
2024-04-03 00:50:51,861 [WARN] PackLoader:240 - Cannot read IP mode file for wolfSSL.I-CUBE-wolfSSL.5.6.6
2024-04-03 00:50:51,901 [WARN] PackLoader:240 - Cannot read IP mode file for STMicroelectronics.X-CUBE-AZRTOS-L5.2.0.0
2024-04-03 00:50:51,920 [WARN] PackLoader:240 - Cannot read IP mode file for STMicroelectronics.X-CUBE-EEPRMA1.4.2.0
2024-04-03 00:50:51,940 [WARN] PackLoader:240 - Cannot read IP mode file for STMicroelectronics.X-CUBE-NFC6.3.1.0
2024-04-03 00:50:51,961 [WARN] PackLoader:240 - Cannot read IP mode file for ITTIA_DB.I-CUBE-ITTIADB.8.8.0
2024-04-03 00:50:51,978 [WARN] PackLoader:240 - Cannot read IP mode file for STMicroelectronics.X-CUBE-NFC7.1.0.1
2024-04-03 00:50:51,997 [WARN] PackLoader:240 - Cannot read IP mode file for STMicroelectronics.X-CUBE-NFC6.3.0.0
2024-04-03 00:50:52,026 [WARN] PackLoader:240 - Cannot read IP mode file for STMicroelectronics.X-CUBE-AI.8.1.0
2024-04-03 00:50:52,073 [WARN] ConditionMgr:438 - getConditionDescription Invalid condition id : LAN8742 Phy interface Condition cause : null
2024-04-03 00:50:52,076 [WARN] PackLoader:240 - Cannot read IP mode file for STMicroelectronics.X-CUBE-AZRTOS-L4.2.0.0
2024-04-03 00:50:52,078 [WARN] ConditionMgr:1039 - genDependencies : Invalid condition id : LAN8742 Phy interface Condition cause : null
2024-04-03 00:50:52,079 [WARN] ConditionMgr:1039 - genDependencies : Invalid condition id : LAN8742 Phy interface Condition cause : null
2024-04-03 00:50:52,079 [WARN] ConditionMgr:1039 - genDependencies : Invalid condition id : LAN8742 Phy interface Condition cause : null
2024-04-03 00:50:52,101 [WARN] PackLoader:240 - Cannot read IP mode file for STMicroelectronics.X-CUBE-SFXS2LP1.4.0.0
2024-04-03 00:50:52,139 [WARN] ConditionMgr:438 - getConditionDescription Invalid condition id : UX DEVICE CLASS RTOS Condition cause : null
2024-04-03 00:50:52,139 [WARN] ConditionMgr:438 - getConditionDescription Invalid condition id : UX DEVICE CLASS RTOS Condition cause : null
2024-04-03 00:50:52,142 [WARN] PackLoader:240 - Cannot read IP mode file for STMicroelectronics.X-CUBE-AZRTOS-WB.2.0.0
2024-04-03 00:50:52,143 [WARN] ConditionMgr:1039 - genDependencies : Invalid condition id : UX DEVICE CLASS RTOS Condition cause : null
2024-04-03 00:50:52,143 [WARN] ConditionMgr:1039 - genDependencies : Invalid condition id : UX DEVICE CLASS RTOS Condition cause : null
2024-04-03 00:50:52,143 [WARN] ConditionMgr:1039 - genDependencies : Invalid condition id : UX DEVICE CLASS RTOS Condition cause : null
2024-04-03 00:50:52,144 [WARN] ConditionMgr:1039 - genDependencies : Invalid condition id : UX DEVICE CLASS RTOS Condition cause : null
2024-04-03 00:50:52,144 [WARN] ConditionMgr:1039 - genDependencies : Invalid condition id : UX DEVICE CLASS RTOS Condition cause : null
2024-04-03 00:50:52,170 [WARN] PackLoader:240 - Cannot read IP mode file for STMicroelectronics.X-CUBE-SUBG2.5.0.0
2024-04-03 00:50:52,208 [WARN] PackLoader:240 - Cannot read IP mode file for STMicroelectronics.X-CUBE-AZRTOS-G4.2.0.0
2024-04-03 00:50:52,238 [WARN] PackLoader:240 - Cannot read IP mode file for Infineon.AIROC-Wi-Fi-Bluetooth-STM32.1.5.1
2024-04-03 00:50:52,257 [WARN] PackLoader:240 - Cannot read IP mode file for STMicroelectronics.FP-SNS-MOTENVWB1.1.3.1
2024-04-03 00:50:52,272 [WARN] PackLoader:240 - Cannot read IP mode file for STMicroelectronics.X-CUBE-ISPU.2.0.0
2024-04-03 00:50:52,337 [WARN] PackLoader:240 - Cannot read IP mode file for STMicroelectronics.X-CUBE-MEMS1.10.0.0
2024-04-03 00:50:52,562 [WARN] PackLoader:240 - Cannot read IP mode file for STMicroelectronics.X-CUBE-FREERTOS.1.1.0
2024-04-03 00:50:52,595 [WARN] PackLoader:240 - Cannot read IP mode file for portGmbH.I-Cube-SoM-uGOAL.1.1.0
2024-04-03 00:50:52,628 [WARN] PackLoader:240 - Cannot read IP mode file for STMicroelectronics.X-CUBE-ALS.1.0.1
2024-04-03 00:50:52,658 [WARN] PackLoader:240 - Cannot read IP mode file for STMicroelectronics.FP-ATR-ASTRA1.2.0.0
2024-04-03 00:50:52,756 [WARN] PackLoader:240 - Cannot read IP mode file for STMicroelectronics.X-CUBE-TOF1.3.4.0
2024-04-03 00:50:52,816 [WARN] PackLoader:240 - Cannot read IP mode file for STMicroelectronics.X-CUBE-TOF1.3.4.1
2024-04-03 00:50:52,892 [WARN] PackLoader:240 - Cannot read IP mode file for STMicroelectronics.X-CUBE-AZRTOS-H7.3.2.0
2024-04-03 00:50:52,899 [INFO] ThirdParty:978 - Integrity check success = true
2024-04-03 00:50:52,900 [INFO] IntegrityCheckThread:100 - exiting critical section [integrity check]
2024-04-03 00:50:52,900 [INFO] IntegrityCheckThread:103 - End integrity checks thread
2024-04-03 00:50:53,567 [INFO] WebApp:161 - Instantiating new browser for Auth
2024-04-03 00:50:54,448 [ERROR] LogOutputStream:75 - [STDERR_REDIRECT] SLF4J: Failed to load class "org.slf4j.impl.StaticLoggerBinder".
2024-04-03 00:50:54,451 [ERROR] LogOutputStream:75 - [STDERR_REDIRECT] SLF4J: Defaulting to no-operation (NOP) logger implementation
2024-04-03 00:50:54,454 [ERROR] LogOutputStream:75 - [STDERR_REDIRECT] SLF4J: See http://www.slf4j.org/codes.html#StaticLoggerBinder for further details.
2024-04-03 00:50:55,131 [INFO] WebApp:780 - Register for checkConnection events
2024-04-03 00:50:55,132 [INFO] WebApp:414 - Apply proxy settings
2024-04-03 00:50:55,132 [INFO] WebApp:499 - Chromium requires no authentication
2024-04-03 00:50:55,152 [INFO] WebApp:442 - Direct internet connection detected
2024-04-03 00:50:55,654 [INFO] WebApp:192 - Starting web application
2024-04-03 00:50:55,654 [INFO] WebApp:544 - Web application path used C:\ST\STM32CubeIDE_1.14.0\STM32CubeIDE\plugins\com.st.stm32cube.common.mx_6.10.0.202311202037\db\plugins\mcufinder\reactClient1\index.html
2024-04-03 01:01:57,697 [ERROR] LogOutputStream:75 - [STDERR_REDIRECT] 
2024-04-03 15:05:50,909 [INFO] Activator:176 - 


2024-04-03 15:05:50,911 [INFO] Activator:177 - !SESSION log4j initialized
2024-04-03 15:05:57,567 [INFO] LogOutputStream:77 - [STDOUT_REDIRECT] 
2024-04-03 15:06:04,325 [INFO] ApplicationProperties:184 - Using Application install path: C:\ST\STM32CubeIDE_1.14.0\STM32CubeIDE\plugins\com.st.stm32cube.common.mx_6.10.0.202311202037
2024-04-03 15:06:04,349 [INFO] DbMcusXml:78 - Set database path to: C:\ST\STM32CubeIDE_1.14.0\STM32CubeIDE\plugins\com.st.stm32cube.common.mx_6.10.0.202311202037\\db\/mcu/
2024-04-03 15:06:04,349 [INFO] ApiDb:274 - Set plugin database path to: C:\ST\STM32CubeIDE_1.14.0\STM32CubeIDE\plugins\com.st.stm32cube.common.mx_6.10.0.202311202037\\db\/plugins/boardmanager/
2024-04-03 15:06:04,350 [WARN] ApiDb:259 - Overriding images path with different value:  => C:\ST\STM32CubeIDE_1.14.0\STM32CubeIDE\plugins\com.st.stm32cube.common.mx_6.10.0.202311202037\\db\/plugins/mcufinder/images/
2024-04-03 15:06:04,360 [INFO] ApiDb:250 - Set database path to: C:\Users\pyrga\.stmcufinder\plugins\mcufinder//mcu/
2024-04-03 15:06:04,361 [INFO] DbMcusAds:125 - Set database path to: C:\Users\pyrga\.stmcufinder\plugins\mcufinder//mcu/
2024-04-03 15:06:04,364 [INFO] CrossReferenceDbSqlite:203 - Set database path to: C:\Users\pyrga\.stmcufinder\plugins\mcufinder//mcu/cs/
2024-04-03 15:06:04,507 [INFO] RulesReader:64 - Compatibility file has been processed (297 Rules)
2024-04-03 15:06:04,632 [INFO] DbMcusXml:78 - Set database path to: C:\ST\STM32CubeIDE_1.14.0\STM32CubeIDE\plugins\com.st.stm32cube.common.mx_6.10.0.202311202037\\db\/mcu/
2024-04-03 15:06:04,632 [INFO] ApiDb:274 - Set plugin database path to: C:\ST\STM32CubeIDE_1.14.0\STM32CubeIDE\plugins\com.st.stm32cube.common.mx_6.10.0.202311202037\\db\/plugins/boardmanager/
2024-04-03 15:06:04,632 [INFO] ApiDb:261 - Set plugin images path to: C:\ST\STM32CubeIDE_1.14.0\STM32CubeIDE\plugins\com.st.stm32cube.common.mx_6.10.0.202311202037\\db\/plugins/mcufinder/images/
2024-04-03 15:06:04,632 [WARN] DbFile:41 - Overriding database path with different value: C:\Users\pyrga\.stmcufinder\plugins\mcufinder/ => C:\Users\pyrga\.stmcufinder\plugins\mcufinder
2024-04-03 15:06:04,632 [INFO] ApiDb:250 - Set database path to: C:\Users\pyrga\.stmcufinder\plugins\mcufinder//mcu/
2024-04-03 15:06:04,633 [WARN] DbFile:41 - Overriding database path with different value: C:\Users\pyrga\.stmcufinder\plugins\mcufinder/ => C:\Users\pyrga\.stmcufinder\plugins\mcufinder
2024-04-03 15:06:04,633 [INFO] DbMcusAds:125 - Set database path to: C:\Users\pyrga\.stmcufinder\plugins\mcufinder//mcu/
2024-04-03 15:06:04,633 [WARN] DbFile:41 - Overriding database path with different value: C:\Users\pyrga\.stmcufinder\plugins\mcufinder/ => C:\Users\pyrga\.stmcufinder\plugins\mcufinder
2024-04-03 15:06:04,633 [WARN] DbFile:41 - Overriding database path with different value: C:\Users\pyrga\.stmcufinder\plugins\mcufinder/ => C:\Users\pyrga\.stmcufinder\plugins\mcufinder
2024-04-03 15:06:04,633 [INFO] CrossReferenceDbSqlite:203 - Set database path to: C:\Users\pyrga\.stmcufinder\plugins\mcufinder//mcu/cs/
2024-04-03 15:06:04,740 [INFO] MainPanel:264 - HeapMemory: 268435456
2024-04-03 15:06:04,859 [INFO] DbMcusXml:78 - Set database path to: C:\ST\STM32CubeIDE_1.14.0\STM32CubeIDE\plugins\com.st.stm32cube.common.mx_6.10.0.202311202037\\db\/mcu/
2024-04-03 15:06:04,859 [INFO] ApiDb:274 - Set plugin database path to: C:\ST\STM32CubeIDE_1.14.0\STM32CubeIDE\plugins\com.st.stm32cube.common.mx_6.10.0.202311202037\\db\/plugins/boardmanager/
2024-04-03 15:06:04,860 [INFO] ApiDb:261 - Set plugin images path to: C:\ST\STM32CubeIDE_1.14.0\STM32CubeIDE\plugins\com.st.stm32cube.common.mx_6.10.0.202311202037\\db\/plugins/mcufinder/images/
2024-04-03 15:06:04,860 [WARN] DbFile:41 - Overriding database path with different value: C:\Users\pyrga\.stmcufinder\plugins\mcufinder/ => C:\Users\pyrga\.stmcufinder\plugins\mcufinder
2024-04-03 15:06:04,860 [INFO] ApiDb:250 - Set database path to: C:\Users\pyrga\.stmcufinder\plugins\mcufinder//mcu/
2024-04-03 15:06:04,860 [WARN] DbFile:41 - Overriding database path with different value: C:\Users\pyrga\.stmcufinder\plugins\mcufinder/ => C:\Users\pyrga\.stmcufinder\plugins\mcufinder
2024-04-03 15:06:04,860 [INFO] DbMcusAds:125 - Set database path to: C:\Users\pyrga\.stmcufinder\plugins\mcufinder//mcu/
2024-04-03 15:06:04,860 [WARN] DbFile:41 - Overriding database path with different value: C:\Users\pyrga\.stmcufinder\plugins\mcufinder/ => C:\Users\pyrga\.stmcufinder\plugins\mcufinder
2024-04-03 15:06:04,860 [WARN] DbFile:41 - Overriding database path with different value: C:\Users\pyrga\.stmcufinder\plugins\mcufinder/ => C:\Users\pyrga\.stmcufinder\plugins\mcufinder
2024-04-03 15:06:04,860 [INFO] CrossReferenceDbSqlite:203 - Set database path to: C:\Users\pyrga\.stmcufinder\plugins\mcufinder//mcu/cs/
2024-04-03 15:06:04,882 [INFO] ApplicationProperties:184 - Using Application install path: C:\ST\STM32CubeIDE_1.14.0\STM32CubeIDE\plugins\com.st.stm32cube.common.mx_6.10.0.202311202037
2024-04-03 15:06:04,883 [INFO] PluginManage:196 - Search for loadable plugins [exclusion list=, ]
2024-04-03 15:06:04,885 [INFO] PluginManage:310 - Check plugin analytics
2024-04-03 15:06:10,018 [INFO] AnalyticsPlugin:253 - Accepted Software Licenses: 
2024-04-03 15:06:10,018 [INFO] AnalyticsPlugin:255 - Accepted CMSIS Pack Licenses: 
2024-04-03 15:06:10,018 [INFO] AnalyticsPlugin:257 - Accepted Firmware Licenses: 
2024-04-03 15:06:10,023 [INFO] PluginManage:359 - Loaded plugin analytics (category:tool,tabindex:-1)
2024-04-03 15:06:10,023 [INFO] PluginManage:310 - Check plugin cadmodel
2024-04-03 15:06:10,037 [INFO] CADModel:105 - Init CAD model plugin
2024-04-03 15:06:10,038 [INFO] PluginManage:359 - Loaded plugin cadmodel (category:power,tabindex:5)
2024-04-03 15:06:10,038 [INFO] PluginManage:310 - Check plugin clock
2024-04-03 15:06:10,059 [INFO] PluginManage:359 - Loaded plugin clock (category:base,tabindex:2)
2024-04-03 15:06:10,059 [INFO] PluginManage:310 - Check plugin ddr
2024-04-03 15:06:10,063 [INFO] PluginManage:359 - Loaded plugin ddr (category:tool,tabindex:6)
2024-04-03 15:06:10,063 [INFO] PluginManage:310 - Check plugin filemanager
2024-04-03 15:06:10,220 [INFO] PluginManage:359 - Loaded plugin filemanager (category:base,tabindex:10)
2024-04-03 15:06:10,221 [INFO] PluginManage:310 - Check plugin ipmanager
2024-04-03 15:06:10,229 [INFO] PluginManage:359 - Loaded plugin ipmanager (category:base,tabindex:5)
2024-04-03 15:06:10,229 [INFO] PluginManage:310 - Check plugin lpbam
2024-04-03 15:06:10,248 [INFO] PluginManage:359 - Loaded plugin lpbam (category:base,tabindex:0)
2024-04-03 15:06:10,248 [INFO] PluginManage:310 - Check plugin memorymap
2024-04-03 15:06:10,278 [INFO] PluginManage:359 - Loaded plugin memorymap (category:base,tabindex:4)
2024-04-03 15:06:10,278 [INFO] PluginManage:310 - Check plugin pinoutandconfiguration
2024-04-03 15:06:10,302 [INFO] PluginManage:359 - Loaded plugin pinoutandconfiguration (category:base,tabindex:1)
2024-04-03 15:06:10,303 [INFO] PluginManage:310 - Check plugin pinoutconfig
2024-04-03 15:06:10,413 [WARN] SupportedApi:132 - Cannot load RTOS API schema: s4s-elt-must-match.1: The content of 'definitions' must match (annotation?, (simpleType | complexType)?, (unique | key | keyref)*)). A problem was found starting at: attribute.
2024-04-03 15:06:10,571 [INFO] PluginManage:359 - Loaded plugin pinoutconfig (category:base,tabindex:0)
2024-04-03 15:06:10,572 [INFO] PluginManage:310 - Check plugin power
2024-04-03 15:06:10,594 [INFO] PluginManage:359 - Loaded plugin power (category:power,tabindex:4)
2024-04-03 15:06:10,594 [INFO] PluginManage:310 - Check plugin projectmanager
2024-04-03 15:06:10,611 [INFO] PluginManage:359 - Loaded plugin projectmanager (category:projectmanager,tabindex:3)
2024-04-03 15:06:10,611 [INFO] PluginManage:310 - Check plugin thirdparty
2024-04-03 15:06:10,927 [INFO] PluginManage:359 - Loaded plugin thirdparty (category:base,tabindex:-1)
2024-04-03 15:06:10,928 [INFO] PluginManage:310 - Check plugin tools
2024-04-03 15:06:10,928 [WARN] IntegrityCheckThread:84 - waiting for thirdparty lock release [integrity check]
2024-04-03 15:06:10,928 [INFO] IntegrityCheckThread:86 - entering critical section [integrity check]
2024-04-03 15:06:10,929 [INFO] ThirdPartyUpdaterWithRetryManager:70 - Updater plugin not ready yet. [1/15]
2024-04-03 15:06:10,959 [INFO] PluginManage:359 - Loaded plugin tools (category:base,tabindex:7)
2024-04-03 15:06:10,959 [INFO] PluginManage:310 - Check plugin tutovideos
2024-04-03 15:06:11,198 [INFO] PluginManage:359 - Loaded plugin tutovideos (category:base,tabindex:-1)
2024-04-03 15:06:11,199 [INFO] PluginManage:310 - Check plugin updater
2024-04-03 15:06:11,215 [INFO] PluginManage:359 - Loaded plugin updater (category:base,tabindex:12)
2024-04-03 15:06:11,215 [INFO] PluginManage:310 - Check plugin userauth
2024-04-03 15:06:11,224 [INFO] UserAuth:114 - Init User Auth plugin
2024-04-03 15:06:11,225 [INFO] PluginManage:359 - Loaded plugin userauth (category:base,tabindex:14)
2024-04-03 15:06:11,225 [INFO] PluginManage:283 - PluginManage : Loaded plugins [17]
2024-04-03 15:06:11,506 [INFO] PinOutPanel:1499 - setPackage(No Configuration,No Configuration)
2024-04-03 15:06:11,622 [INFO] CADModel:165 - CPN selected for project level
2024-04-03 15:06:11,623 [INFO] CADModel:114 - Register for checkConnection events
2024-04-03 15:06:11,653 [INFO] IPUIPlugin:80 - create IPUIPlugin
2024-04-03 15:06:11,653 [INFO] PluginManager:220 - loadIPPluginJar : add adc
2024-04-03 15:06:11,691 [INFO] IPUIPlugin:80 - create IPUIPlugin
2024-04-03 15:06:11,691 [INFO] PluginManager:220 - loadIPPluginJar : add aes
2024-04-03 15:06:11,732 [INFO] IPUIPlugin:80 - create IPUIPlugin
2024-04-03 15:06:11,732 [INFO] PluginManager:220 - loadIPPluginJar : add can
2024-04-03 15:06:11,754 [INFO] IPUIPlugin:80 - create IPUIPlugin
2024-04-03 15:06:11,754 [INFO] PluginManager:220 - loadIPPluginJar : add comp
2024-04-03 15:06:11,786 [INFO] IPUIPlugin:80 - create IPUIPlugin
2024-04-03 15:06:11,786 [INFO] PluginManager:220 - loadIPPluginJar : add cryp
2024-04-03 15:06:11,816 [INFO] IPUIPlugin:80 - create IPUIPlugin
2024-04-03 15:06:11,816 [INFO] PluginManager:220 - loadIPPluginJar : add dfsdm
2024-04-03 15:06:11,832 [INFO] IPUIPlugin:80 - create IPUIPlugin
2024-04-03 15:06:11,834 [INFO] PluginManager:220 - loadIPPluginJar : add dma
2024-04-03 15:06:11,874 [INFO] IPUIPlugin:80 - create IPUIPlugin
2024-04-03 15:06:11,874 [INFO] PluginManager:220 - loadIPPluginJar : add dma3
2024-04-03 15:06:11,894 [INFO] IPUIPlugin:80 - create IPUIPlugin
2024-04-03 15:06:11,895 [INFO] PluginManager:220 - loadIPPluginJar : add fatfs
2024-04-03 15:06:11,940 [INFO] IPUIPlugin:80 - create IPUIPlugin
2024-04-03 15:06:11,940 [INFO] PluginManager:220 - loadIPPluginJar : add fmc
2024-04-03 15:06:11,956 [INFO] IPUIPlugin:80 - create IPUIPlugin
2024-04-03 15:06:11,957 [INFO] PluginManager:220 - loadIPPluginJar : add freertos
2024-04-03 15:06:11,976 [INFO] IPUIPlugin:80 - create IPUIPlugin
2024-04-03 15:06:11,976 [INFO] PluginManager:220 - loadIPPluginJar : add genericplugin
2024-04-03 15:06:12,062 [INFO] IPUIPlugin:80 - create IPUIPlugin
2024-04-03 15:06:12,063 [INFO] PluginManager:220 - loadIPPluginJar : add gfxmmu
2024-04-03 15:06:12,185 [INFO] IPUIPlugin:80 - create IPUIPlugin
2024-04-03 15:06:12,185 [INFO] PluginManager:220 - loadIPPluginJar : add gic
2024-04-03 15:06:12,199 [INFO] IPUIPlugin:80 - create IPUIPlugin
2024-04-03 15:06:12,199 [INFO] PluginManager:220 - loadIPPluginJar : add gpio
2024-04-03 15:06:12,284 [INFO] IPUIPlugin:80 - create IPUIPlugin
2024-04-03 15:06:12,284 [INFO] PluginManager:220 - loadIPPluginJar : add gtzc
2024-04-03 15:06:12,315 [INFO] IPUIPlugin:80 - create IPUIPlugin
2024-04-03 15:06:12,315 [INFO] PluginManager:220 - loadIPPluginJar : add hash
2024-04-03 15:06:12,365 [INFO] IPUIPlugin:80 - create IPUIPlugin
2024-04-03 15:06:12,365 [INFO] PluginManager:220 - loadIPPluginJar : add i2c
2024-04-03 15:06:12,401 [INFO] IPUIPlugin:80 - create IPUIPlugin
2024-04-03 15:06:12,401 [INFO] PluginManager:220 - loadIPPluginJar : add i2s
2024-04-03 15:06:12,439 [INFO] IPUIPlugin:80 - create IPUIPlugin
2024-04-03 15:06:12,439 [INFO] PluginManager:220 - loadIPPluginJar : add i3c
2024-04-03 15:06:12,534 [INFO] IPUIPlugin:80 - create IPUIPlugin
2024-04-03 15:06:12,534 [INFO] PluginManager:220 - loadIPPluginJar : add ipddr
2024-04-03 15:06:12,622 [INFO] IPUIPlugin:80 - create IPUIPlugin
2024-04-03 15:06:12,623 [INFO] PluginManager:220 - loadIPPluginJar : add linkedlist
2024-04-03 15:06:12,657 [INFO] IPUIPlugin:80 - create IPUIPlugin
2024-04-03 15:06:12,657 [INFO] PluginManager:220 - loadIPPluginJar : add lorawan
2024-04-03 15:06:12,690 [INFO] IPUIPlugin:80 - create IPUIPlugin
2024-04-03 15:06:12,691 [INFO] PluginManager:220 - loadIPPluginJar : add ltdc
2024-04-03 15:06:12,705 [INFO] IPUIPlugin:80 - create IPUIPlugin
2024-04-03 15:06:12,705 [INFO] PluginManager:220 - loadIPPluginJar : add mdma
2024-04-03 15:06:12,718 [INFO] IPUIPlugin:80 - create IPUIPlugin
2024-04-03 15:06:12,719 [INFO] PluginManager:220 - loadIPPluginJar : add nvic
2024-04-03 15:06:12,752 [INFO] IPUIPlugin:80 - create IPUIPlugin
2024-04-03 15:06:12,752 [INFO] PluginManager:220 - loadIPPluginJar : add opamp
2024-04-03 15:06:12,809 [INFO] IPUIPlugin:80 - create IPUIPlugin
2024-04-03 15:06:12,809 [INFO] PluginManager:220 - loadIPPluginJar : add openamp
2024-04-03 15:06:12,849 [INFO] IPUIPlugin:80 - create IPUIPlugin
2024-04-03 15:06:12,849 [INFO] PluginManager:220 - loadIPPluginJar : add pdm2pcm
2024-04-03 15:06:12,864 [INFO] IPUIPlugin:80 - create IPUIPlugin
2024-04-03 15:06:12,866 [INFO] PluginManager:220 - loadIPPluginJar : add plateformsettings
2024-04-03 15:06:12,887 [INFO] IPUIPlugin:80 - create IPUIPlugin
2024-04-03 15:06:12,887 [INFO] PluginManager:220 - loadIPPluginJar : add quadspi
2024-04-03 15:06:12,900 [INFO] IPUIPlugin:80 - create IPUIPlugin
2024-04-03 15:06:12,900 [INFO] PluginManager:220 - loadIPPluginJar : add resmgrutility
2024-04-03 15:06:12,943 [INFO] IPUIPlugin:80 - create IPUIPlugin
2024-04-03 15:06:12,943 [INFO] PluginManager:220 - loadIPPluginJar : add sai
2024-04-03 15:06:12,976 [INFO] IPUIPlugin:80 - create IPUIPlugin
2024-04-03 15:06:12,978 [INFO] PluginManager:220 - loadIPPluginJar : add spi
2024-04-03 15:06:13,041 [INFO] IPUIPlugin:80 - create IPUIPlugin
2024-04-03 15:06:13,041 [INFO] PluginManager:220 - loadIPPluginJar : add stm32_wpan
2024-04-03 15:06:13,061 [INFO] IPUIPlugin:80 - create IPUIPlugin
2024-04-03 15:06:13,062 [INFO] PluginManager:220 - loadIPPluginJar : add tim
2024-04-03 15:06:13,112 [INFO] IPUIPlugin:80 - create IPUIPlugin
2024-04-03 15:06:13,112 [INFO] PluginManager:220 - loadIPPluginJar : add touchsensing
2024-04-03 15:06:13,134 [INFO] IPUIPlugin:80 - create IPUIPlugin
2024-04-03 15:06:13,134 [INFO] PluginManager:220 - loadIPPluginJar : add tracer_emb
2024-04-03 15:06:13,157 [INFO] IPUIPlugin:80 - create IPUIPlugin
2024-04-03 15:06:13,157 [INFO] PluginManager:220 - loadIPPluginJar : add ts
2024-04-03 15:06:13,177 [INFO] IPUIPlugin:80 - create IPUIPlugin
2024-04-03 15:06:13,177 [INFO] PluginManager:220 - loadIPPluginJar : add tsc
2024-04-03 15:06:13,198 [INFO] IPUIPlugin:80 - create IPUIPlugin
2024-04-03 15:06:13,198 [INFO] PluginManager:220 - loadIPPluginJar : add ucpd
2024-04-03 15:06:13,238 [INFO] IPUIPlugin:80 - create IPUIPlugin
2024-04-03 15:06:13,238 [INFO] PluginManager:220 - loadIPPluginJar : add usart
2024-04-03 15:06:13,278 [INFO] IPUIPlugin:80 - create IPUIPlugin
2024-04-03 15:06:13,278 [INFO] PluginManager:220 - loadIPPluginJar : add usbx
2024-04-03 15:06:13,407 [INFO] CADModel:165 - CPN selected for project level
2024-04-03 15:06:13,408 [INFO] CADModel:114 - Register for checkConnection events
2024-04-03 15:06:13,408 [FATAL] Updater:308 - Updater called before beeing initialized
2024-04-03 15:06:13,408 [ERROR] CADModel:125 - Updater not yet initialized, retry later 
2024-04-03 15:06:13,613 [INFO] CADModel:165 - CPN selected for project level
2024-04-03 15:06:13,613 [INFO] CADModel:114 - Register for checkConnection events
2024-04-03 15:06:13,613 [FATAL] Updater:308 - Updater called before beeing initialized
2024-04-03 15:06:13,613 [ERROR] CADModel:125 - Updater not yet initialized, retry later 
2024-04-03 15:06:13,618 [FATAL] Updater:308 - Updater called before beeing initialized
2024-04-03 15:06:13,774 [FATAL] Updater:308 - Updater called before beeing initialized
2024-04-03 15:06:13,785 [INFO] DbMcusAds:53 - JSON generation date=Wed Nov 29 12:52:27 EET 2023 (1701255147349)
2024-04-03 15:06:13,786 [FATAL] Updater:308 - Updater called before beeing initialized
2024-04-03 15:06:13,874 [WARN] DetailPanel:346 - Failed to get advertising image, set to default
2024-04-03 15:06:13,931 [INFO] ThirdPartyUpdaterWithRetryManager:70 - Updater plugin not ready yet. [2/15]
2024-04-03 15:06:13,971 [FATAL] Updater:308 - Updater called before beeing initialized
2024-04-03 15:06:13,974 [FATAL] Updater:308 - Updater called before beeing initialized
2024-04-03 15:06:13,974 [FATAL] Updater:308 - Updater called before beeing initialized
2024-04-03 15:06:13,974 [WARN] DetailPanel:346 - Failed to get advertising image, set to default
2024-04-03 15:06:13,975 [FATAL] Updater:308 - Updater called before beeing initialized
2024-04-03 15:06:14,070 [ERROR] Updater:1120 - MainUpdater not yet initialized. External WinMGr cannot be set.
2024-04-03 15:06:14,082 [INFO] Updater:1056 - Updater Version found : 6.10.0
2024-04-03 15:06:14,130 [INFO] ApplicationProperties:184 - Using Application install path: C:\ST\STM32CubeIDE_1.14.0\STM32CubeIDE\plugins\com.st.stm32cube.common.mx_6.10.0.202311202037
2024-04-03 15:06:15,744 [ERROR] LogOutputStream:75 - [STDERR_REDIRECT] Apr 03, 2024 3:06:15 PM java.util.prefs.WindowsPreferences <init>
2024-04-03 15:06:15,746 [ERROR] LogOutputStream:75 - [STDERR_REDIRECT] WARNING: Could not open/create prefs root node Software\JavaSoft\Prefs at root 0xffffffff80000002. Windows RegCreateKeyEx(...) returned error code 5.
2024-04-03 15:06:15,747 [ERROR] LogOutputStream:75 - [STDERR_REDIRECT] 
2024-04-03 15:06:16,506 [INFO] MainUpdater:2873 - connection check result : 10
2024-04-03 15:06:16,506 [INFO] MainUpdater:290 - Updater Check For Update Now.
2024-04-03 15:06:16,506 [INFO] MicroXplorer:498 - Change Database Version : DB.6.0.100
2024-04-03 15:06:16,520 [INFO] McuFinderGlobals:63 - Set McuFinder mode to 2 (CubeIDE integrated)
2024-04-03 15:06:16,521 [INFO] UserAuth:180 - activating auth plugin
2024-04-03 15:06:16,524 [INFO] UserAuth:404 - Internet connection configuration mode: 1
2024-04-03 15:06:16,562 [INFO] JxBrowserEngine:152 - Initiate JxBrowser Engine with user profile folder
2024-04-03 15:06:16,708 [INFO] CheckServerUpdateThread:120 - End of CheckServer Thread
2024-04-03 15:06:17,086 [WARN] PackLoader:240 - Cannot read IP mode file for STMicroelectronics.X-CUBE-SMBUS.2.1.0
2024-04-03 15:06:17,101 [WARN] PackLoader:240 - Cannot read IP mode file for STMicroelectronics.X-CUBE-TOUCHGFX.4.23.0
2024-04-03 15:06:17,111 [WARN] PackLoader:240 - Cannot read IP mode file for STMicroelectronics.X-CUBE-TOUCHGFX.4.23.2
2024-04-03 15:06:17,162 [WARN] PackLoader:240 - Cannot read IP mode file for STMicroelectronics.X-CUBE-AZRTOS-F7.1.1.0
2024-04-03 15:06:17,182 [WARN] PackLoader:240 - Cannot read IP mode file for STMicroelectronics.FP-SNS-MOTENV1.4.3.2
2024-04-03 15:06:17,196 [WARN] PackLoader:240 - Cannot read IP mode file for STMicroelectronics.FP-SNS-FLIGHT1.5.0.2
2024-04-03 15:06:17,218 [WARN] PackLoader:240 - Cannot read IP mode file for STMicroelectronics.X-CUBE-DISPLAY.3.0.0
2024-04-03 15:06:17,240 [WARN] PackLoader:240 - Cannot read IP mode file for STMicroelectronics.X-CUBE-BLE1.7.0.0
2024-04-03 15:06:17,253 [WARN] PackLoader:240 - Cannot read IP mode file for emotas.I-CUBE-CANOPEN.1.3.0
2024-04-03 15:06:17,276 [WARN] PackLoader:240 - Cannot read IP mode file for STMicroelectronics.X-CUBE-BLEMGR.3.1.0
2024-04-03 15:06:17,292 [WARN] PackLoader:240 - Cannot read IP mode file for STMicroelectronics.FP-SNS-SMARTAG2.1.2.0
2024-04-03 15:06:17,313 [INFO] LogOutputStream:77 - [STDOUT_REDIRECT] 1 : Invalid condition id : UX_CORESTACK_Condition cause : null
2024-04-03 15:06:17,314 [INFO] LogOutputStream:77 - [STDOUT_REDIRECT] 1 : Invalid condition id : UX_CORESTACK_Condition cause : null
2024-04-03 15:06:17,315 [INFO] LogOutputStream:77 - [STDOUT_REDIRECT] 1 : Invalid condition id : UX_CORESTACK_Condition cause : null
2024-04-03 15:06:17,316 [INFO] LogOutputStream:77 - [STDOUT_REDIRECT] 1 : Invalid condition id : UX_CORESTACK_Condition cause : null
2024-04-03 15:06:17,318 [INFO] LogOutputStream:77 - [STDOUT_REDIRECT] 1 : Invalid condition id : UX_CORESTACK_Condition cause : null
2024-04-03 15:06:17,321 [WARN] PackLoader:240 - Cannot read IP mode file for STMicroelectronics.X-CUBE-AZRTOS-WL.2.0.0
2024-04-03 15:06:17,334 [WARN] PackLoader:240 - Cannot read IP mode file for STMicroelectronics.FP-SNS-MOTENV1.5.0.0
2024-04-03 15:06:17,351 [WARN] PackLoader:240 - Cannot read IP mode file for WES.I-CUBE-Cesium.1.3.0
2024-04-03 15:06:17,364 [WARN] PackLoader:240 - Cannot read IP mode file for STMicroelectronics.X-CUBE-BLE2.3.3.0
2024-04-03 15:06:17,378 [WARN] PackLoader:240 - Cannot read IP mode file for STMicroelectronics.X-CUBE-ALGOBUILD.1.3.0
2024-04-03 15:06:17,405 [WARN] PackLoader:240 - Cannot read IP mode file for STMicroelectronics.X-CUBE-AZRTOS-G0.1.1.0
2024-04-03 15:06:17,420 [WARN] PackLoader:240 - Cannot read IP mode file for STMicroelectronics.X-CUBE-SAFEA1.1.2.2
2024-04-03 15:06:17,433 [WARN] PackLoader:240 - Cannot read IP mode file for STMicroelectronics.X-CUBE-NFC4.3.0.0
2024-04-03 15:06:17,449 [WARN] PackLoader:240 - Cannot read IP mode file for STMicroelectronics.X-CUBE-BLEMGR.3.0.0
2024-04-03 15:06:17,462 [WARN] PackLoader:240 - Cannot read IP mode file for STMicroelectronics.FP-ATR-SIGFOX1.3.2.0
2024-04-03 15:06:17,475 [WARN] PackLoader:240 - Cannot read IP mode file for STMicroelectronics.X-CUBE-EEPRMA1.5.1.0
2024-04-03 15:06:17,510 [WARN] PackLoader:240 - Cannot read IP mode file for SEGGER.I-CUBE-embOS.1.3.1
2024-04-03 15:06:17,567 [WARN] PackLoader:240 - Cannot read IP mode file for STMicroelectronics.X-CUBE-GNSS1.6.0.0
2024-04-03 15:06:17,620 [WARN] PackLoader:240 - Cannot read IP mode file for STMicroelectronics.X-CUBE-AZRTOS-F4.1.1.0
2024-04-03 15:06:17,638 [WARN] PackLoader:240 - Cannot read IP mode file for wolfSSL.I-CUBE-wolfSSL.5.6.6
2024-04-03 15:06:17,674 [WARN] PackLoader:240 - Cannot read IP mode file for STMicroelectronics.X-CUBE-AZRTOS-L5.2.0.0
2024-04-03 15:06:17,688 [WARN] PackLoader:240 - Cannot read IP mode file for STMicroelectronics.X-CUBE-EEPRMA1.4.2.0
2024-04-03 15:06:17,705 [WARN] PackLoader:240 - Cannot read IP mode file for STMicroelectronics.X-CUBE-NFC6.3.1.0
2024-04-03 15:06:17,721 [WARN] PackLoader:240 - Cannot read IP mode file for ITTIA_DB.I-CUBE-ITTIADB.8.8.0
2024-04-03 15:06:17,735 [WARN] PackLoader:240 - Cannot read IP mode file for STMicroelectronics.X-CUBE-NFC7.1.0.1
2024-04-03 15:06:17,749 [WARN] PackLoader:240 - Cannot read IP mode file for STMicroelectronics.X-CUBE-NFC6.3.0.0
2024-04-03 15:06:17,763 [WARN] PackLoader:240 - Cannot read IP mode file for STMicroelectronics.X-CUBE-AI.8.1.0
2024-04-03 15:06:17,787 [WARN] ConditionMgr:438 - getConditionDescription Invalid condition id : LAN8742 Phy interface Condition cause : null
2024-04-03 15:06:17,788 [WARN] PackLoader:240 - Cannot read IP mode file for STMicroelectronics.X-CUBE-AZRTOS-L4.2.0.0
2024-04-03 15:06:17,789 [WARN] ConditionMgr:1039 - genDependencies : Invalid condition id : LAN8742 Phy interface Condition cause : null
2024-04-03 15:06:17,789 [WARN] ConditionMgr:1039 - genDependencies : Invalid condition id : LAN8742 Phy interface Condition cause : null
2024-04-03 15:06:17,790 [WARN] ConditionMgr:1039 - genDependencies : Invalid condition id : LAN8742 Phy interface Condition cause : null
2024-04-03 15:06:17,803 [WARN] PackLoader:240 - Cannot read IP mode file for STMicroelectronics.X-CUBE-SFXS2LP1.4.0.0
2024-04-03 15:06:17,828 [WARN] ConditionMgr:438 - getConditionDescription Invalid condition id : UX DEVICE CLASS RTOS Condition cause : null
2024-04-03 15:06:17,828 [WARN] ConditionMgr:438 - getConditionDescription Invalid condition id : UX DEVICE CLASS RTOS Condition cause : null
2024-04-03 15:06:17,831 [WARN] PackLoader:240 - Cannot read IP mode file for STMicroelectronics.X-CUBE-AZRTOS-WB.2.0.0
2024-04-03 15:06:17,831 [WARN] ConditionMgr:1039 - genDependencies : Invalid condition id : UX DEVICE CLASS RTOS Condition cause : null
2024-04-03 15:06:17,832 [WARN] ConditionMgr:1039 - genDependencies : Invalid condition id : UX DEVICE CLASS RTOS Condition cause : null
2024-04-03 15:06:17,832 [WARN] ConditionMgr:1039 - genDependencies : Invalid condition id : UX DEVICE CLASS RTOS Condition cause : null
2024-04-03 15:06:17,833 [WARN] ConditionMgr:1039 - genDependencies : Invalid condition id : UX DEVICE CLASS RTOS Condition cause : null
2024-04-03 15:06:17,833 [WARN] ConditionMgr:1039 - genDependencies : Invalid condition id : UX DEVICE CLASS RTOS Condition cause : null
2024-04-03 15:06:17,852 [WARN] PackLoader:240 - Cannot read IP mode file for STMicroelectronics.X-CUBE-SUBG2.5.0.0
2024-04-03 15:06:17,879 [WARN] PackLoader:240 - Cannot read IP mode file for STMicroelectronics.X-CUBE-AZRTOS-G4.2.0.0
2024-04-03 15:06:17,902 [WARN] PackLoader:240 - Cannot read IP mode file for Infineon.AIROC-Wi-Fi-Bluetooth-STM32.1.5.1
2024-04-03 15:06:17,916 [WARN] PackLoader:240 - Cannot read IP mode file for STMicroelectronics.FP-SNS-MOTENVWB1.1.3.1
2024-04-03 15:06:17,928 [WARN] PackLoader:240 - Cannot read IP mode file for STMicroelectronics.X-CUBE-ISPU.2.0.0
2024-04-03 15:06:17,976 [WARN] PackLoader:240 - Cannot read IP mode file for STMicroelectronics.X-CUBE-MEMS1.10.0.0
2024-04-03 15:06:18,068 [WARN] PackLoader:240 - Cannot read IP mode file for STMicroelectronics.X-CUBE-FREERTOS.1.1.0
2024-04-03 15:06:18,082 [WARN] PackLoader:240 - Cannot read IP mode file for portGmbH.I-Cube-SoM-uGOAL.1.1.0
2024-04-03 15:06:18,093 [WARN] PackLoader:240 - Cannot read IP mode file for STMicroelectronics.X-CUBE-ALS.1.0.1
2024-04-03 15:06:18,104 [WARN] PackLoader:240 - Cannot read IP mode file for STMicroelectronics.FP-ATR-ASTRA1.2.0.0
2024-04-03 15:06:18,122 [WARN] PackLoader:240 - Cannot read IP mode file for STMicroelectronics.X-CUBE-TOF1.3.4.0
2024-04-03 15:06:18,154 [WARN] PackLoader:240 - Cannot read IP mode file for STMicroelectronics.X-CUBE-TOF1.3.4.1
2024-04-03 15:06:18,209 [WARN] PackLoader:240 - Cannot read IP mode file for STMicroelectronics.X-CUBE-AZRTOS-H7.3.2.0
2024-04-03 15:06:18,213 [INFO] ThirdParty:978 - Integrity check success = true
2024-04-03 15:06:18,213 [INFO] IntegrityCheckThread:100 - exiting critical section [integrity check]
2024-04-03 15:06:18,213 [INFO] IntegrityCheckThread:103 - End integrity checks thread
2024-04-03 15:06:19,387 [INFO] WebApp:161 - Instantiating new browser for Auth
2024-04-03 15:06:20,102 [INFO] WebApp:780 - Register for checkConnection events
2024-04-03 15:06:20,102 [INFO] WebApp:414 - Apply proxy settings
2024-04-03 15:06:20,102 [INFO] WebApp:499 - Chromium requires no authentication
2024-04-03 15:06:20,114 [INFO] WebApp:442 - Direct internet connection detected
2024-04-03 15:06:20,331 [INFO] WebApp:192 - Starting web application
2024-04-03 15:06:20,331 [INFO] WebApp:544 - Web application path used C:\ST\STM32CubeIDE_1.14.0\STM32CubeIDE\plugins\com.st.stm32cube.common.mx_6.10.0.202311202037\db\plugins\mcufinder\reactClient1\index.html
2024-04-03 15:06:24,014 [ERROR] LogOutputStream:75 - [STDERR_REDIRECT] SLF4J: Failed to load class "org.slf4j.impl.StaticLoggerBinder".
2024-04-03 15:06:24,015 [ERROR] LogOutputStream:75 - [STDERR_REDIRECT] SLF4J: Defaulting to no-operation (NOP) logger implementation
2024-04-03 15:06:24,016 [ERROR] LogOutputStream:75 - [STDERR_REDIRECT] SLF4J: See http://www.slf4j.org/codes.html#StaticLoggerBinder for further details.
